[ 2017-09-05T09:35:12+08:00 ] 140.207.54.76 /Home/Wx/index/token/cosmos?signature=6e28c6e565aa80900638b5e2c6e3804bd4fd9ca7&timestamp=1504575312&nonce=1395063479&openid=oCHmqjibDfytztgR5UM3HGShm_vQ
INFO: [ app_init ] --START--
INFO: Run Behavior\BuildLiteBehavior [ RunTime:0.000000s ]
INFO: [ app_init ] --END-- [ RunTime:0.000000s ]
INFO: [ app_begin ] --START--
INFO: Run Behavior\ReadHtmlCacheBehavior [ RunTime:0.000000s ]
INFO: [ app_begin ] --END-- [ RunTime:0.000000s ]
NOTIC: [2] Missing argument 1 for Home\Controller\WxController::__construct(), called in E:\UPUPW\UPUPW_AP5.5_64\vhosts\wx.shikexu.com\ThinkPHP\Common\functions.php on line 710 and defined E:\UPUPW\UPUPW_AP5.5_64\vhosts\wx.shikexu.com\Application\Home\Controller\WxController.class.php 第 37 行.
SQL: SHOW COLUMNS FROM `wfx_shop_set` [ RunTime:0.0000s ]
SQL: SELECT * FROM `wfx_shop_set` LIMIT 1   [ RunTime:0.0000s ]
SQL: SHOW COLUMNS FROM `wfx_set` [ RunTime:0.0000s ]
SQL: SELECT * FROM `wfx_set` LIMIT 1   [ RunTime:0.0000s ]
SQL: SHOW COLUMNS FROM `wfx_vip` [ RunTime:0.0000s ]
SQL: SHOW COLUMNS FROM `wfx_vip_message` [ RunTime:0.0000s ]
SQL: SHOW COLUMNS FROM `wfx_vip_log_sub` [ RunTime:0.0000s ]
SQL: SHOW COLUMNS FROM `wfx_employee` [ RunTime:0.0000s ]
SQL: SHOW COLUMNS FROM `wfx_vip_set` [ RunTime:0.0156s ]
SQL: SELECT * FROM `wfx_vip_set` LIMIT 1   [ RunTime:0.0000s ]
INFO: [ app_end ] --START--
INFO: Run Behavior\ShowPageTraceBehavior [ RunTime:0.000000s ]
INFO: [ app_end ] --END-- [ RunTime:0.000000s ]

[ 2017-09-05T09:37:36+08:00 ] 140.207.54.75 /Home/Wx/index/token/cosmos?signature=fab003fd96f95423481708caa761673f7e4873a3&timestamp=1504575455&nonce=1896520232&openid=oCHmqjibDfytztgR5UM3HGShm_vQ
INFO: [ app_init ] --START--
INFO: Run Behavior\BuildLiteBehavior [ RunTime:0.000000s ]
INFO: [ app_init ] --END-- [ RunTime:0.000000s ]
INFO: [ app_begin ] --START--
INFO: Run Behavior\ReadHtmlCacheBehavior [ RunTime:0.000000s ]
INFO: [ app_begin ] --END-- [ RunTime:0.000000s ]
NOTIC: [2] Missing argument 1 for Home\Controller\WxController::__construct(), called in E:\UPUPW\UPUPW_AP5.5_64\vhosts\wx.shikexu.com\ThinkPHP\Common\functions.php on line 710 and defined E:\UPUPW\UPUPW_AP5.5_64\vhosts\wx.shikexu.com\Application\Home\Controller\WxController.class.php 第 37 行.
SQL: SHOW COLUMNS FROM `wfx_shop_set` [ RunTime:0.0000s ]
SQL: SELECT * FROM `wfx_shop_set` LIMIT 1   [ RunTime:0.0000s ]
SQL: SHOW COLUMNS FROM `wfx_set` [ RunTime:0.0000s ]
SQL: SELECT * FROM `wfx_set` LIMIT 1   [ RunTime:0.0000s ]
SQL: SHOW COLUMNS FROM `wfx_vip` [ RunTime:0.0000s ]
SQL: SHOW COLUMNS FROM `wfx_vip_message` [ RunTime:0.0000s ]
SQL: SHOW COLUMNS FROM `wfx_vip_log_sub` [ RunTime:0.0000s ]
SQL: SHOW COLUMNS FROM `wfx_employee` [ RunTime:0.0156s ]
SQL: SHOW COLUMNS FROM `wfx_vip_set` [ RunTime:0.0000s ]
SQL: SELECT * FROM `wfx_vip_set` LIMIT 1   [ RunTime:0.0000s ]
SQL: SELECT * FROM `wfx_vip` WHERE `openid` = 'oCHmqjibDfytztgR5UM3HGShm_vQ' LIMIT 1   [ RunTime:0.0000s ]
SQL: UPDATE `wfx_vip` SET `subscribe`='1',`openid`='oCHmqjibDfytztgR5UM3HGShm_vQ',`nickname`='　　　　　　　　',`sex`='1',`language`='zh_CN',`city`='',`province`='沙迦',`country`='阿拉伯联合酋长国',`headimgurl`='http://wx.qlogo.cn/mmopen/fhRsBY3FKADO0WumicdRCPYaxk4bYmjNfmcGqjHomgux0EwkTXjO7GPYN00g9rCibhUKTS5M6cW0qcHUSPeSQd2ibhLAtNBJwibk/0',`subscribe_time`='1503127828',`remark`='',`cctime`='1504575456' WHERE `id` = 1152 [ RunTime:0.0156s ]
NOTIC: [8] Use of undefined constant ture - assumed 'ture' E:\UPUPW\UPUPW_AP5.5_64\vhosts\wx.shikexu.com\Application\Home\Controller\WxController.class.php 第 812 行.
SQL: SHOW COLUMNS FROM `wfx_wx_keyword` [ RunTime:0.0000s ]
SQL: SELECT * FROM `wfx_wx_keyword` WHERE `keyword` = '帮卖车' LIMIT 1   [ RunTime:0.0000s ]
INFO: [ app_end ] --START--
INFO: Run Behavior\ShowPageTraceBehavior [ RunTime:0.015625s ]
INFO: [ app_end ] --END-- [ RunTime:0.015625s ]

[ 2017-09-05T09:38:10+08:00 ] 140.207.54.75 /Home/Wx/index/token/cosmos?signature=cecdd0a0c7a2ac10a413d74e3c07c1e88872562c&timestamp=1504575489&nonce=196146590&openid=oCHmqjibDfytztgR5UM3HGShm_vQ
INFO: [ app_init ] --START--
INFO: Run Behavior\BuildLiteBehavior [ RunTime:0.000000s ]
INFO: [ app_init ] --END-- [ RunTime:0.000000s ]
INFO: [ app_begin ] --START--
INFO: Run Behavior\ReadHtmlCacheBehavior [ RunTime:0.000000s ]
INFO: [ app_begin ] --END-- [ RunTime:0.000000s ]
NOTIC: [2] Missing argument 1 for Home\Controller\WxController::__construct(), called in E:\UPUPW\UPUPW_AP5.5_64\vhosts\wx.shikexu.com\ThinkPHP\Common\functions.php on line 710 and defined E:\UPUPW\UPUPW_AP5.5_64\vhosts\wx.shikexu.com\Application\Home\Controller\WxController.class.php 第 37 行.
SQL: SHOW COLUMNS FROM `wfx_shop_set` [ RunTime:0.0000s ]
SQL: SELECT * FROM `wfx_shop_set` LIMIT 1   [ RunTime:0.0000s ]
SQL: SHOW COLUMNS FROM `wfx_set` [ RunTime:0.0000s ]
SQL: SELECT * FROM `wfx_set` LIMIT 1   [ RunTime:0.0000s ]
SQL: SHOW COLUMNS FROM `wfx_vip` [ RunTime:0.0000s ]
SQL: SHOW COLUMNS FROM `wfx_vip_message` [ RunTime:0.0000s ]
SQL: SHOW COLUMNS FROM `wfx_vip_log_sub` [ RunTime:0.0000s ]
SQL: SHOW COLUMNS FROM `wfx_employee` [ RunTime:0.0156s ]
SQL: SHOW COLUMNS FROM `wfx_vip_set` [ RunTime:0.0000s ]
SQL: SELECT * FROM `wfx_vip_set` LIMIT 1   [ RunTime:0.0000s ]
SQL: SELECT * FROM `wfx_vip` WHERE `openid` = 'oCHmqjibDfytztgR5UM3HGShm_vQ' LIMIT 1   [ RunTime:0.0000s ]
SQL: UPDATE `wfx_vip` SET `pid`='0',`plv`='1',`path`='0',`mobile`=NULL,`password`=NULL,`name`=NULL,`email`=NULL,`money`='0.00',`score`='103',`exp`='26',`cur_exp`='26',`levelid`='1',`openid`='oCHmqjibDfytztgR5UM3HGShm_vQ',`nickname`='　　　　　　　　',`sex`='1',`city`='',`province`='沙迦',`country`='阿拉伯联合酋长国',`language`='zh_CN',`headimgurl`='http://wx.qlogo.cn/mmopen/fhRsBY3FKADO0WumicdRCPYaxk4bYmjNfmcGqjHomgux0EwkTXjO7GPYN00g9rCibhUKTS5M6cW0qcHUSPeSQd2ibhLAtNBJwibk/0',`subscribe`='1',`subscribe_time`='1503127828',`remark`='',`status`='1',`ctime`='1503883984',`cctime`='1504575489',`sign`='0',`signtime`='1504575440',`isfx`='1',`isfxgd`='0',`total_buy`='0',`total_yj`='0',`total_xxyj`='0',`total_xxlink`='0',`total_xxsub`='0',`total_xxunsub`='0',`total_xxbuy`='0',`txname`=NULL,`txmobile`=NULL,`txyh`=NULL,`txfh`=NULL,`txszd`=NULL,`txcard`=NULL,`employee`='0',`ticket`=NULL,`continue_sign`='0' WHERE `id` = 1152 [ RunTime:0.0156s ]
NOTIC: [8] Use of undefined constant ture - assumed 'ture' E:\UPUPW\UPUPW_AP5.5_64\vhosts\wx.shikexu.com\Application\Home\Controller\WxController.class.php 第 812 行.
SQL: SELECT * FROM `wfx_vip` WHERE `openid` = 'oCHmqjibDfytztgR5UM3HGShm_vQ' LIMIT 1   [ RunTime:0.0000s ]
SQL: SHOW COLUMNS FROM `wfx_employee` [ RunTime:0.0156s ]
SQL: SELECT * FROM `wfx_employee` WHERE `vipid` = 1152 LIMIT 1   [ RunTime:0.0000s ]

[ 2017-09-05T09:42:41+08:00 ] 140.207.54.75 /Home/Wx/index/token/cosmos?signature=80e6a36850fb1bb4fdf9e2e5f68d98533a49da0b&timestamp=1504575760&nonce=716657871&openid=oCHmqjibDfytztgR5UM3HGShm_vQ
INFO: [ app_init ] --START--
INFO: Run Behavior\BuildLiteBehavior [ RunTime:0.000000s ]
INFO: [ app_init ] --END-- [ RunTime:0.000000s ]
INFO: [ app_begin ] --START--
INFO: Run Behavior\ReadHtmlCacheBehavior [ RunTime:0.000000s ]
INFO: [ app_begin ] --END-- [ RunTime:0.000000s ]
NOTIC: [2] Missing argument 1 for Home\Controller\WxController::__construct(), called in E:\UPUPW\UPUPW_AP5.5_64\vhosts\wx.shikexu.com\ThinkPHP\Common\functions.php on line 710 and defined E:\UPUPW\UPUPW_AP5.5_64\vhosts\wx.shikexu.com\Application\Home\Controller\WxController.class.php 第 37 行.
SQL: SHOW COLUMNS FROM `wfx_shop_set` [ RunTime:0.0000s ]
SQL: SELECT * FROM `wfx_shop_set` LIMIT 1   [ RunTime:0.0000s ]
SQL: SHOW COLUMNS FROM `wfx_set` [ RunTime:0.0000s ]
SQL: SELECT * FROM `wfx_set` LIMIT 1   [ RunTime:0.0000s ]
SQL: SHOW COLUMNS FROM `wfx_vip` [ RunTime:0.0000s ]
SQL: SHOW COLUMNS FROM `wfx_vip_message` [ RunTime:0.0000s ]
SQL: SHOW COLUMNS FROM `wfx_vip_log_sub` [ RunTime:0.0000s ]
SQL: SHOW COLUMNS FROM `wfx_employee` [ RunTime:0.0000s ]
SQL: SHOW COLUMNS FROM `wfx_vip_set` [ RunTime:0.0000s ]
SQL: SELECT * FROM `wfx_vip_set` LIMIT 1   [ RunTime:0.0000s ]
SQL: SELECT * FROM `wfx_vip` WHERE `openid` = 'oCHmqjibDfytztgR5UM3HGShm_vQ' LIMIT 1   [ RunTime:0.0000s ]
SQL: UPDATE `wfx_vip` SET `pid`='0',`plv`='1',`path`='0',`mobile`=NULL,`password`=NULL,`name`=NULL,`email`=NULL,`money`='0.00',`score`='103',`exp`='26',`cur_exp`='26',`levelid`='1',`openid`='oCHmqjibDfytztgR5UM3HGShm_vQ',`nickname`='　　　　　　　　',`sex`='1',`city`='',`province`='沙迦',`country`='阿拉伯联合酋长国',`language`='zh_CN',`headimgurl`='http://wx.qlogo.cn/mmopen/fhRsBY3FKADO0WumicdRCPYaxk4bYmjNfmcGqjHomgux0EwkTXjO7GPYN00g9rCibhUKTS5M6cW0qcHUSPeSQd2ibhLAtNBJwibk/0',`subscribe`='1',`subscribe_time`='1503127828',`remark`='',`status`='1',`ctime`='1503883984',`cctime`='1504575760',`sign`='0',`signtime`='1504575440',`isfx`='1',`isfxgd`='0',`total_buy`='0',`total_yj`='0',`total_xxyj`='0',`total_xxlink`='0',`total_xxsub`='0',`total_xxunsub`='0',`total_xxbuy`='0',`txname`=NULL,`txmobile`=NULL,`txyh`=NULL,`txfh`=NULL,`txszd`=NULL,`txcard`=NULL,`employee`='0',`ticket`=NULL,`continue_sign`='0' WHERE `id` = 1152 [ RunTime:0.0156s ]
NOTIC: [8] Use of undefined constant ture - assumed 'ture' E:\UPUPW\UPUPW_AP5.5_64\vhosts\wx.shikexu.com\Application\Home\Controller\WxController.class.php 第 812 行.
SQL: SELECT * FROM `wfx_vip` WHERE `openid` = 'oCHmqjibDfytztgR5UM3HGShm_vQ' LIMIT 1   [ RunTime:0.0000s ]
SQL: SHOW COLUMNS FROM `wfx_employee` [ RunTime:0.0000s ]
SQL: SELECT * FROM `wfx_employee` WHERE `vipid` = 1152 LIMIT 1   [ RunTime:0.0000s ]
SQL: SHOW COLUMNS FROM `wfx_autoset` [ RunTime:0.0000s ]
SQL: SELECT * FROM `wfx_autoset` LIMIT 1   [ RunTime:0.0000s ]
NOTIC: [8192] curl_setopt(): The usage of the @filename API for file uploading is deprecated. Please use the CURLFile class instead E:\UPUPW\UPUPW_AP5.5_64\vhosts\wx.shikexu.com\ThinkPHP\Library\Util\Wx\Wechat.class.php 第 1155 行.
SQL: SHOW COLUMNS FROM `wfx_wx_keyword` [ RunTime:0.0000s ]
SQL: SELECT * FROM `wfx_wx_keyword` WHERE `keyword` = '员工二维码' LIMIT 1   [ RunTime:0.0000s ]
INFO: [ app_end ] --START--
INFO: Run Behavior\ShowPageTraceBehavior [ RunTime:0.000000s ]
INFO: [ app_end ] --END-- [ RunTime:0.000000s ]

[ 2017-09-05T09:47:18+08:00 ] 140.207.54.79 /Home/Wx/index/token/cosmos?signature=06abde0f99f178192b15dde07681c898716bf8c4&timestamp=1504576038&nonce=1643492643&openid=oCHmqjl-TjOphbcr4l6Ia-UJNDpE
INFO: [ app_init ] --START--
INFO: Run Behavior\BuildLiteBehavior [ RunTime:0.000000s ]
INFO: [ app_init ] --END-- [ RunTime:0.000000s ]
INFO: [ app_begin ] --START--
INFO: Run Behavior\ReadHtmlCacheBehavior [ RunTime:0.000000s ]
INFO: [ app_begin ] --END-- [ RunTime:0.000000s ]
NOTIC: [2] Missing argument 1 for Home\Controller\WxController::__construct(), called in E:\UPUPW\UPUPW_AP5.5_64\vhosts\wx.shikexu.com\ThinkPHP\Common\functions.php on line 710 and defined E:\UPUPW\UPUPW_AP5.5_64\vhosts\wx.shikexu.com\Application\Home\Controller\WxController.class.php 第 37 行.
SQL: SHOW COLUMNS FROM `wfx_shop_set` [ RunTime:0.0000s ]
SQL: SELECT * FROM `wfx_shop_set` LIMIT 1   [ RunTime:0.0000s ]
SQL: SHOW COLUMNS FROM `wfx_set` [ RunTime:0.0000s ]
SQL: SELECT * FROM `wfx_set` LIMIT 1   [ RunTime:0.0000s ]
SQL: SHOW COLUMNS FROM `wfx_vip` [ RunTime:0.0000s ]
SQL: SHOW COLUMNS FROM `wfx_vip_message` [ RunTime:0.0000s ]
SQL: SHOW COLUMNS FROM `wfx_vip_log_sub` [ RunTime:0.0000s ]
SQL: SHOW COLUMNS FROM `wfx_employee` [ RunTime:0.0000s ]
SQL: SHOW COLUMNS FROM `wfx_vip_set` [ RunTime:0.0000s ]
SQL: SELECT * FROM `wfx_vip_set` LIMIT 1   [ RunTime:0.0000s ]
INFO: [ app_end ] --START--
INFO: Run Behavior\ShowPageTraceBehavior [ RunTime:0.000000s ]
INFO: [ app_end ] --END-- [ RunTime:0.000000s ]

[ 2017-09-05T09:47:41+08:00 ] 140.207.54.75 /Home/Wx/index/token/cosmos?signature=6c5cec3b63bbc750d05096a004d8181120aca575&timestamp=1504576061&nonce=90048219&openid=oCHmqjibDfytztgR5UM3HGShm_vQ
INFO: [ app_init ] --START--
INFO: Run Behavior\BuildLiteBehavior [ RunTime:0.000000s ]
INFO: [ app_init ] --END-- [ RunTime:0.000000s ]
INFO: [ app_begin ] --START--
INFO: Run Behavior\ReadHtmlCacheBehavior [ RunTime:0.000000s ]
INFO: [ app_begin ] --END-- [ RunTime:0.000000s ]
NOTIC: [2] Missing argument 1 for Home\Controller\WxController::__construct(), called in E:\UPUPW\UPUPW_AP5.5_64\vhosts\wx.shikexu.com\ThinkPHP\Common\functions.php on line 710 and defined E:\UPUPW\UPUPW_AP5.5_64\vhosts\wx.shikexu.com\Application\Home\Controller\WxController.class.php 第 37 行.
SQL: SHOW COLUMNS FROM `wfx_shop_set` [ RunTime:0.0000s ]
SQL: SELECT * FROM `wfx_shop_set` LIMIT 1   [ RunTime:0.0000s ]
SQL: SHOW COLUMNS FROM `wfx_set` [ RunTime:0.0000s ]
SQL: SELECT * FROM `wfx_set` LIMIT 1   [ RunTime:0.0000s ]
SQL: SHOW COLUMNS FROM `wfx_vip` [ RunTime:0.0000s ]
SQL: SHOW COLUMNS FROM `wfx_vip_message` [ RunTime:0.0000s ]
SQL: SHOW COLUMNS FROM `wfx_vip_log_sub` [ RunTime:0.0000s ]
SQL: SHOW COLUMNS FROM `wfx_employee` [ RunTime:0.0000s ]
SQL: SHOW COLUMNS FROM `wfx_vip_set` [ RunTime:0.0156s ]
SQL: SELECT * FROM `wfx_vip_set` LIMIT 1   [ RunTime:0.0000s ]
INFO: [ app_end ] --START--
INFO: Run Behavior\ShowPageTraceBehavior [ RunTime:0.000000s ]
INFO: [ app_end ] --END-- [ RunTime:0.000000s ]

[ 2017-09-05T09:49:14+08:00 ] 14.17.44.217 /Home/Wxpay/pay/oid/20170905094914-222
INFO: [ app_init ] --START--
INFO: Run Behavior\BuildLiteBehavior [ RunTime:0.000000s ]
INFO: [ app_init ] --END-- [ RunTime:0.015625s ]
INFO: [ app_begin ] --START--
INFO: Run Behavior\ReadHtmlCacheBehavior [ RunTime:0.000000s ]
INFO: [ app_begin ] --END-- [ RunTime:0.000000s ]
SQL: SHOW COLUMNS FROM `wfx_set` [ RunTime:0.0000s ]
SQL: SELECT * FROM `wfx_set` LIMIT 1   [ RunTime:0.0000s ]
SQL: SHOW COLUMNS FROM `wfx_shop_set` [ RunTime:0.0000s ]
SQL: SELECT * FROM `wfx_shop_set` LIMIT 1   [ RunTime:0.0000s ]
SQL: SHOW COLUMNS FROM `wfx_shop_order` [ RunTime:0.0000s ]
SQL: SELECT * FROM `wfx_shop_order` WHERE `oid` = '20170905094914-222' LIMIT 1   [ RunTime:0.0000s ]
NOTIC: [8] Use of undefined constant CURLOP_TIMEOUT - assumed 'CURLOP_TIMEOUT' E:\UPUPW\UPUPW_AP5.5_64\vhosts\wx.shikexu.com\ThinkPHP\Library\Util\Wx\Wxpaysdk.class.php 第 234 行.
NOTIC: [2] curl_setopt() expects parameter 2 to be long, string given E:\UPUPW\UPUPW_AP5.5_64\vhosts\wx.shikexu.com\ThinkPHP\Library\Util\Wx\Wxpaysdk.class.php 第 234 行.
NOTIC: [2] curl_close(): 4 is not a valid cURL handle resource E:\UPUPW\UPUPW_AP5.5_64\vhosts\wx.shikexu.com\ThinkPHP\Library\Util\Wx\Wxpaysdk.class.php 第 253 行.
INFO: [ app_end ] --START--
INFO: Run Behavior\ShowPageTraceBehavior [ RunTime:0.000000s ]
INFO: [ app_end ] --END-- [ RunTime:0.000000s ]

[ 2017-09-05T09:49:21+08:00 ] 101.226.103.60 /Home/Wxpay/nd/
INFO: [ app_init ] --START--
INFO: Run Behavior\BuildLiteBehavior [ RunTime:0.000000s ]
INFO: [ app_init ] --END-- [ RunTime:0.000000s ]
INFO: [ app_begin ] --START--
INFO: Run Behavior\ReadHtmlCacheBehavior [ RunTime:0.000000s ]
INFO: [ app_begin ] --END-- [ RunTime:0.000000s ]
SQL: SHOW COLUMNS FROM `wfx_set` [ RunTime:0.0000s ]
SQL: SELECT * FROM `wfx_set` LIMIT 1   [ RunTime:0.0000s ]
SQL: SHOW COLUMNS FROM `wfx_shop_set` [ RunTime:0.0000s ]
SQL: SELECT * FROM `wfx_shop_set` LIMIT 1   [ RunTime:0.0000s ]
NOTIC: [2] Missing argument 1 for Util\Wx\Wxpayndsdk::__construct(), called in E:\UPUPW\UPUPW_AP5.5_64\vhosts\wx.shikexu.com\Application\Home\Controller\WxpayController.class.php on line 232 and defined E:\UPUPW\UPUPW_AP5.5_64\vhosts\wx.shikexu.com\ThinkPHP\Library\Util\Wx\Wxpayndsdk.class.php 第 16 行.
SQL: SHOW COLUMNS FROM `wfx_set` [ RunTime:0.0000s ]
SQL: SELECT * FROM `wfx_set` LIMIT 1   [ RunTime:0.0000s ]
NOTIC: [2] Missing argument 2 for Home\Controller\WxpayController::endpay(), called in E:\UPUPW\UPUPW_AP5.5_64\vhosts\wx.shikexu.com\Application\Home\Controller\WxpayController.class.php on line 267 and defined E:\UPUPW\UPUPW_AP5.5_64\vhosts\wx.shikexu.com\Application\Home\Controller\WxpayController.class.php 第 291 行.
SQL: SHOW COLUMNS FROM `wfx_shop_order` [ RunTime:0.0156s ]
SQL: SELECT * FROM `wfx_shop_order` WHERE `oid` = '20170905094914-222' LIMIT 1   [ RunTime:0.0000s ]
SQL: UPDATE `wfx_shop_order` SET `sid`='0',`oid`='20170905094914-222',`djqid`='0',`totalprice`='0.01',`totalnum`='1',`payprice`='0.01',`paytype`='wxpay',`paytime`='1504576160',`aliaccount`=NULL,`yf`='0',`ispay`='1',`vipid`='1152',`vipopenid`='oCHmqjibDfytztgR5UM3HGShm_vQ',`vipname`='测试',`vipmobile`='18888888888',`vipaddress`='测试',`vipxqname`=NULL,`vipxqid`=NULL,`msg`='',`kfmsg`=NULL,`ctime`='1504576154',`ntime`=NULL,`dtime`=NULL,`etime`=NULL,`changetime`=NULL,`changemsg`=NULL,`changeadmin`=NULL,`closetime`=NULL,`closemsg`=NULL,`closeadmin`=NULL,`tuihuoprice`=NULL,`tuihuosqtime`='0',`tuihuotime`=NULL,`tuihuokd`=NULL,`tuihuokdnum`=NULL,`tuihuomsg`=NULL,`tuihuoadmin`=NULL,`status`='2',`fahuokd`=NULL,`fahuokdnum`=NULL,`items`='a:1:{i:0;a:12:{s:2:\"id\";s:3:\"479\";s:3:\"sid\";s:1:\"0\";s:5:\"vipid\";s:4:\"1152\";s:7:\"goodsid\";s:2:\"30\";s:3:\"sku\";s:12:\"30-1139-1243\";s:3:\"num\";s:1:\"1\";s:5:\"skuid\";s:3:\"199\";s:4:\"name\";s:12:\"718Boxster S\";s:7:\"skuattr\";s:13:\"后驱,银色\";s:5:\"price\";s:4:\"0.01\";s:5:\"total\";d:0.01;s:3:\"pic\";s:40:\"/Upload/img/2017-08-28/59a374dd5c83f.jpg\";}}' WHERE `id` = 222 [ RunTime:0.0000s ]
SQL: SHOW COLUMNS FROM `wfx_shop_goods` [ RunTime:0.0000s ]
SQL: SHOW COLUMNS FROM `wfx_shop_goods_sku` [ RunTime:0.0156s ]
SQL: SHOW COLUMNS FROM `wfx_shop_syslog_sells` [ RunTime:0.0000s ]
SQL: UPDATE `wfx_shop_goods` SET `num`=num-1 WHERE ( id=30 ) [ RunTime:0.0000s ]
SQL: UPDATE `wfx_shop_goods` SET `sells`=sells+1 WHERE ( id=30 ) [ RunTime:0.0000s ]
SQL: UPDATE `wfx_shop_goods` SET `dissells`=dissells+1 WHERE ( id=30 ) [ RunTime:0.0000s ]
SQL: UPDATE `wfx_shop_goods_sku` SET `num`=num-1 WHERE ( id=199 ) [ RunTime:0.0000s ]
SQL: UPDATE `wfx_shop_goods_sku` SET `sells`=sells+1 WHERE ( id=199 ) [ RunTime:0.0000s ]
SQL: INSERT INTO `wfx_shop_syslog_sells` (`oid`,`vipid`,`vipopenid`,`vipname`,`ctime`,`num`,`goodsid`,`goodsname`,`skuid`,`skuattr`,`price`,`total`) VALUES ('222','1152','oCHmqjibDfytztgR5UM3HGShm_vQ','测试','1504576160','1','30','718Boxster S','199','后驱,银色','0.01','0.01') [ RunTime:0.0000s ]
SQL: SHOW COLUMNS FROM `wfx_shop_order_log` [ RunTime:0.0000s ]
SQL: SHOW COLUMNS FROM `wfx_shop_order_syslog` [ RunTime:0.0156s ]
SQL: INSERT INTO `wfx_shop_order_log` (`oid`,`msg`,`ctime`) VALUES ('222','微信付款成功','1504576160') [ RunTime:0.0000s ]
SQL: SELECT * FROM `wfx_shop_order` WHERE `oid` = '20170905094914-222' LIMIT 1   [ RunTime:0.0000s ]
SQL: INSERT INTO `wfx_shop_order_syslog` (`oid`,`msg`,`ctime`,`type`,`paytype`) VALUES ('222','微信付款成功','1504576160','2','wxpay') [ RunTime:0.0000s ]
SQL: SHOW COLUMNS FROM `wfx_vip` [ RunTime:0.0000s ]
SQL: SELECT * FROM `wfx_vip` WHERE ( id=1152 ) LIMIT 1   [ RunTime:0.0000s ]
SQL: UPDATE `wfx_vip` SET `isfx`='1' WHERE ( id=1152 ) [ RunTime:0.0000s ]
SQL: SHOW COLUMNS FROM `wfx_vip_message` [ RunTime:0.0000s ]
SQL: INSERT INTO `wfx_vip_message` (`pids`,`title`,`content`,`ctime`) VALUES ('1152','您成功升级为百利达车行的分销商！','欢迎成为百利达车行的分销商，开启一个新的旅程！','1504576160') [ RunTime:0.0000s ]
SQL: SHOW COLUMNS FROM `wfx_wx_template` [ RunTime:0.0156s ]
SQL: SELECT * FROM `wfx_wx_template` WHERE `templateidshort` = 'OPENTM203264949' LIMIT 1   [ RunTime:0.0000s ]
SQL: SHOW COLUMNS FROM `wfx_vip` [ RunTime:0.0000s ]
SQL: SELECT * FROM `wfx_vip` WHERE ( id=1152 ) LIMIT 1   [ RunTime:0.0000s ]
SQL: SHOW COLUMNS FROM `wfx_fx_dslog` [ RunTime:0.0156s ]
SQL: SELECT * FROM `wfx_shop_set` LIMIT 1   [ RunTime:0.0000s ]
SQL: SELECT * FROM `wfx_wx_template` WHERE `templateidshort` = 'OPENTM200444326' LIMIT 1   [ RunTime:0.0000s ]
INFO: [ app_end ] --START--
INFO: Run Behavior\ShowPageTraceBehavior [ RunTime:0.000000s ]
INFO: [ app_end ] --END-- [ RunTime:0.000000s ]

[ 2017-09-05T09:53:55+08:00 ] 140.207.54.75 /Home/Wx/index/token/cosmos?signature=b510f11fa4a43e521028b6186b84f4dd570a3830&timestamp=1504576435&nonce=164361897&openid=oCHmqjq-LMr_sj3cVjTXzcJaDOBA
INFO: [ app_init ] --START--
INFO: Run Behavior\BuildLiteBehavior [ RunTime:0.000000s ]
INFO: [ app_init ] --END-- [ RunTime:0.000000s ]
INFO: [ app_begin ] --START--
INFO: Run Behavior\ReadHtmlCacheBehavior [ RunTime:0.000000s ]
INFO: [ app_begin ] --END-- [ RunTime:0.000000s ]
NOTIC: [2] Missing argument 1 for Home\Controller\WxController::__construct(), called in E:\UPUPW\UPUPW_AP5.5_64\vhosts\wx.shikexu.com\ThinkPHP\Common\functions.php on line 710 and defined E:\UPUPW\UPUPW_AP5.5_64\vhosts\wx.shikexu.com\Application\Home\Controller\WxController.class.php 第 37 行.
SQL: SHOW COLUMNS FROM `wfx_shop_set` [ RunTime:0.0000s ]
SQL: SELECT * FROM `wfx_shop_set` LIMIT 1   [ RunTime:0.0000s ]
SQL: SHOW COLUMNS FROM `wfx_set` [ RunTime:0.0000s ]
SQL: SELECT * FROM `wfx_set` LIMIT 1   [ RunTime:0.0000s ]
SQL: SHOW COLUMNS FROM `wfx_vip` [ RunTime:0.0000s ]
SQL: SHOW COLUMNS FROM `wfx_vip_message` [ RunTime:0.0000s ]
SQL: SHOW COLUMNS FROM `wfx_vip_log_sub` [ RunTime:0.0000s ]
SQL: SHOW COLUMNS FROM `wfx_employee` [ RunTime:0.0000s ]
SQL: SHOW COLUMNS FROM `wfx_vip_set` [ RunTime:0.0000s ]
SQL: SELECT * FROM `wfx_vip_set` LIMIT 1   [ RunTime:0.0000s ]
INFO: [ app_end ] --START--
INFO: Run Behavior\ShowPageTraceBehavior [ RunTime:0.000000s ]
INFO: [ app_end ] --END-- [ RunTime:0.000000s ]

[ 2017-09-05T09:55:01+08:00 ] 183.61.51.190 /Home/Wxpay/pay/oid/20170905095500-223
INFO: [ app_init ] --START--
INFO: Run Behavior\BuildLiteBehavior [ RunTime:0.000000s ]
INFO: [ app_init ] --END-- [ RunTime:0.000000s ]
INFO: [ app_begin ] --START--
INFO: Run Behavior\ReadHtmlCacheBehavior [ RunTime:0.000000s ]
INFO: [ app_begin ] --END-- [ RunTime:0.000000s ]
SQL: SHOW COLUMNS FROM `wfx_set` [ RunTime:0.0000s ]
SQL: SELECT * FROM `wfx_set` LIMIT 1   [ RunTime:0.0000s ]
SQL: SHOW COLUMNS FROM `wfx_shop_set` [ RunTime:0.0000s ]
SQL: SELECT * FROM `wfx_shop_set` LIMIT 1   [ RunTime:0.0000s ]
SQL: SHOW COLUMNS FROM `wfx_shop_order` [ RunTime:0.0000s ]
SQL: SELECT * FROM `wfx_shop_order` WHERE `oid` = '20170905095500-223' LIMIT 1   [ RunTime:0.0000s ]
NOTIC: [8] Use of undefined constant CURLOP_TIMEOUT - assumed 'CURLOP_TIMEOUT' E:\UPUPW\UPUPW_AP5.5_64\vhosts\wx.shikexu.com\ThinkPHP\Library\Util\Wx\Wxpaysdk.class.php 第 234 行.
NOTIC: [2] curl_setopt() expects parameter 2 to be long, string given E:\UPUPW\UPUPW_AP5.5_64\vhosts\wx.shikexu.com\ThinkPHP\Library\Util\Wx\Wxpaysdk.class.php 第 234 行.
NOTIC: [2] curl_close(): 2 is not a valid cURL handle resource E:\UPUPW\UPUPW_AP5.5_64\vhosts\wx.shikexu.com\ThinkPHP\Library\Util\Wx\Wxpaysdk.class.php 第 253 行.
INFO: [ app_end ] --START--
INFO: Run Behavior\ShowPageTraceBehavior [ RunTime:0.000000s ]
INFO: [ app_end ] --END-- [ RunTime:0.000000s ]

[ 2017-09-05T09:55:07+08:00 ] 101.226.103.71 /Home/Wxpay/nd/
INFO: [ app_init ] --START--
INFO: Run Behavior\BuildLiteBehavior [ RunTime:0.000000s ]
INFO: [ app_init ] --END-- [ RunTime:0.000000s ]
INFO: [ app_begin ] --START--
INFO: Run Behavior\ReadHtmlCacheBehavior [ RunTime:0.000000s ]
INFO: [ app_begin ] --END-- [ RunTime:0.000000s ]
SQL: SHOW COLUMNS FROM `wfx_set` [ RunTime:0.0000s ]
SQL: SELECT * FROM `wfx_set` LIMIT 1   [ RunTime:0.0000s ]
SQL: SHOW COLUMNS FROM `wfx_shop_set` [ RunTime:0.0000s ]
SQL: SELECT * FROM `wfx_shop_set` LIMIT 1   [ RunTime:0.0000s ]
NOTIC: [2] Missing argument 1 for Util\Wx\Wxpayndsdk::__construct(), called in E:\UPUPW\UPUPW_AP5.5_64\vhosts\wx.shikexu.com\Application\Home\Controller\WxpayController.class.php on line 232 and defined E:\UPUPW\UPUPW_AP5.5_64\vhosts\wx.shikexu.com\ThinkPHP\Library\Util\Wx\Wxpayndsdk.class.php 第 16 行.
SQL: SHOW COLUMNS FROM `wfx_set` [ RunTime:0.0000s ]
SQL: SELECT * FROM `wfx_set` LIMIT 1   [ RunTime:0.0000s ]
NOTIC: [2] Missing argument 2 for Home\Controller\WxpayController::endpay(), called in E:\UPUPW\UPUPW_AP5.5_64\vhosts\wx.shikexu.com\Application\Home\Controller\WxpayController.class.php on line 267 and defined E:\UPUPW\UPUPW_AP5.5_64\vhosts\wx.shikexu.com\Application\Home\Controller\WxpayController.class.php 第 291 行.
SQL: SHOW COLUMNS FROM `wfx_shop_order` [ RunTime:0.0000s ]
SQL: SELECT * FROM `wfx_shop_order` WHERE `oid` = '20170905095500-223' LIMIT 1   [ RunTime:0.0000s ]
SQL: UPDATE `wfx_shop_order` SET `sid`='0',`oid`='20170905095500-223',`djqid`='0',`totalprice`='0.01',`totalnum`='1',`payprice`='0.01',`paytype`='wxpay',`paytime`='1504576507',`aliaccount`=NULL,`yf`='0',`ispay`='1',`vipid`='1152',`vipopenid`='oCHmqjibDfytztgR5UM3HGShm_vQ',`vipname`='测试',`vipmobile`='18888888888',`vipaddress`='测试',`vipxqname`=NULL,`vipxqid`=NULL,`msg`='',`kfmsg`=NULL,`ctime`='1504576500',`ntime`=NULL,`dtime`=NULL,`etime`=NULL,`changetime`=NULL,`changemsg`=NULL,`changeadmin`=NULL,`closetime`=NULL,`closemsg`=NULL,`closeadmin`=NULL,`tuihuoprice`=NULL,`tuihuosqtime`='0',`tuihuotime`=NULL,`tuihuokd`=NULL,`tuihuokdnum`=NULL,`tuihuomsg`=NULL,`tuihuoadmin`=NULL,`status`='2',`fahuokd`=NULL,`fahuokdnum`=NULL,`items`='a:1:{i:0;a:12:{s:2:\"id\";s:3:\"480\";s:3:\"sid\";s:1:\"0\";s:5:\"vipid\";s:4:\"1152\";s:7:\"goodsid\";s:2:\"30\";s:3:\"sku\";s:12:\"30-1139-1242\";s:3:\"num\";s:1:\"1\";s:5:\"skuid\";s:3:\"198\";s:4:\"name\";s:12:\"718Boxster S\";s:7:\"skuattr\";s:13:\"后驱,黑色\";s:5:\"price\";s:4:\"0.01\";s:5:\"total\";d:0.01;s:3:\"pic\";s:40:\"/Upload/img/2017-08-28/59a374dd5c83f.jpg\";}}' WHERE `id` = 223 [ RunTime:0.0000s ]
SQL: SHOW COLUMNS FROM `wfx_shop_goods` [ RunTime:0.0000s ]
SQL: SHOW COLUMNS FROM `wfx_shop_goods_sku` [ RunTime:0.0000s ]
SQL: SHOW COLUMNS FROM `wfx_shop_syslog_sells` [ RunTime:0.0000s ]
SQL: UPDATE `wfx_shop_goods` SET `num`=num-1 WHERE ( id=30 ) [ RunTime:0.0000s ]
SQL: UPDATE `wfx_shop_goods` SET `sells`=sells+1 WHERE ( id=30 ) [ RunTime:0.0000s ]
SQL: UPDATE `wfx_shop_goods` SET `dissells`=dissells+1 WHERE ( id=30 ) [ RunTime:0.0000s ]
SQL: UPDATE `wfx_shop_goods_sku` SET `num`=num-1 WHERE ( id=198 ) [ RunTime:0.0156s ]
SQL: UPDATE `wfx_shop_goods_sku` SET `sells`=sells+1 WHERE ( id=198 ) [ RunTime:0.0000s ]
SQL: INSERT INTO `wfx_shop_syslog_sells` (`oid`,`vipid`,`vipopenid`,`vipname`,`ctime`,`num`,`goodsid`,`goodsname`,`skuid`,`skuattr`,`price`,`total`) VALUES ('223','1152','oCHmqjibDfytztgR5UM3HGShm_vQ','测试','1504576507','1','30','718Boxster S','198','后驱,黑色','0.01','0.01') [ RunTime:0.0000s ]
SQL: SHOW COLUMNS FROM `wfx_shop_order_log` [ RunTime:0.0000s ]
SQL: SHOW COLUMNS FROM `wfx_shop_order_syslog` [ RunTime:0.0000s ]
SQL: INSERT INTO `wfx_shop_order_log` (`oid`,`msg`,`ctime`) VALUES ('223','微信付款成功','1504576507') [ RunTime:0.0000s ]
SQL: SELECT * FROM `wfx_shop_order` WHERE `oid` = '20170905095500-223' LIMIT 1   [ RunTime:0.0000s ]
SQL: INSERT INTO `wfx_shop_order_syslog` (`oid`,`msg`,`ctime`,`type`,`paytype`) VALUES ('223','微信付款成功','1504576507','2','wxpay') [ RunTime:0.0156s ]
SQL: SHOW COLUMNS FROM `wfx_vip` [ RunTime:0.0000s ]
SQL: SELECT * FROM `wfx_vip` WHERE ( id=1152 ) LIMIT 1   [ RunTime:0.0000s ]
SQL: UPDATE `wfx_vip` SET `isfx`='1' WHERE ( id=1152 ) [ RunTime:0.0000s ]
SQL: SHOW COLUMNS FROM `wfx_vip_message` [ RunTime:0.0000s ]
SQL: INSERT INTO `wfx_vip_message` (`pids`,`title`,`content`,`ctime`) VALUES ('1152','您成功升级为百利达车行的分销商！','欢迎成为百利达车行的分销商，开启一个新的旅程！','1504576507') [ RunTime:0.0000s ]
SQL: SHOW COLUMNS FROM `wfx_wx_template` [ RunTime:0.0000s ]
SQL: SELECT * FROM `wfx_wx_template` WHERE `templateidshort` = 'OPENTM203264949' LIMIT 1   [ RunTime:0.0000s ]
SQL: SHOW COLUMNS FROM `wfx_vip` [ RunTime:0.0156s ]
SQL: SELECT * FROM `wfx_vip` WHERE ( id=1152 ) LIMIT 1   [ RunTime:0.0000s ]
SQL: SHOW COLUMNS FROM `wfx_fx_dslog` [ RunTime:0.0000s ]
SQL: SELECT * FROM `wfx_shop_set` LIMIT 1   [ RunTime:0.0000s ]
SQL: SELECT * FROM `wfx_vip` WHERE ( id=1137 ) LIMIT 1   [ RunTime:0.0000s ]
SQL: SELECT * FROM `wfx_shop_order` WHERE `id` IN ('223')  [ RunTime:0.0000s ]
SQL: SELECT * FROM `wfx_shop_goods`  [ RunTime:0.0000s ]
NOTIC: [8] Undefined variable: fx2 E:\UPUPW\UPUPW_AP5.5_64\vhosts\wx.shikexu.com\Application\Home\Controller\WxpayController.class.php 第 500 行.
SQL: INSERT INTO `wfx_fx_dslog` (`oid`,`fxprice`,`ctime`,`fxyj`,`from`,`fromname`,`to`,`toname`,`status`) VALUES ('223','0.01','1504576507','0.0005','1152','　　　　　　　　','1137',' Jack','1') [ RunTime:0.0000s ]
SQL: SELECT `id` FROM `wfx_vip` WHERE ( isfxgd=1 )  [ RunTime:0.0000s ]
SQL: SELECT * FROM `wfx_wx_template` WHERE `templateidshort` = 'OPENTM200444326' LIMIT 1   [ RunTime:0.0000s ]
INFO: [ app_end ] --START--
INFO: Run Behavior\ShowPageTraceBehavior [ RunTime:0.000000s ]
INFO: [ app_end ] --END-- [ RunTime:0.000000s ]

[ 2017-09-05T09:56:45+08:00 ] 140.207.54.75 /Home/Wx/index/token/cosmos?signature=a91bb9f05d84866d0f271263dabbc0323580c316&timestamp=1504576605&nonce=1231090829&openid=oCHmqjibDfytztgR5UM3HGShm_vQ
INFO: [ app_init ] --START--
INFO: Run Behavior\BuildLiteBehavior [ RunTime:0.000000s ]
INFO: [ app_init ] --END-- [ RunTime:0.000000s ]
INFO: [ app_begin ] --START--
INFO: Run Behavior\ReadHtmlCacheBehavior [ RunTime:0.000000s ]
INFO: [ app_begin ] --END-- [ RunTime:0.000000s ]
NOTIC: [2] Missing argument 1 for Home\Controller\WxController::__construct(), called in E:\UPUPW\UPUPW_AP5.5_64\vhosts\wx.shikexu.com\ThinkPHP\Common\functions.php on line 710 and defined E:\UPUPW\UPUPW_AP5.5_64\vhosts\wx.shikexu.com\Application\Home\Controller\WxController.class.php 第 37 行.
SQL: SHOW COLUMNS FROM `wfx_shop_set` [ RunTime:0.0000s ]
SQL: SELECT * FROM `wfx_shop_set` LIMIT 1   [ RunTime:0.0000s ]
SQL: SHOW COLUMNS FROM `wfx_set` [ RunTime:0.0000s ]
SQL: SELECT * FROM `wfx_set` LIMIT 1   [ RunTime:0.0000s ]
SQL: SHOW COLUMNS FROM `wfx_vip` [ RunTime:0.0000s ]
SQL: SHOW COLUMNS FROM `wfx_vip_message` [ RunTime:0.0000s ]
SQL: SHOW COLUMNS FROM `wfx_vip_log_sub` [ RunTime:0.0000s ]
SQL: SHOW COLUMNS FROM `wfx_employee` [ RunTime:0.0156s ]
SQL: SHOW COLUMNS FROM `wfx_vip_set` [ RunTime:0.0000s ]
SQL: SELECT * FROM `wfx_vip_set` LIMIT 1   [ RunTime:0.0000s ]
INFO: [ app_end ] --START--
INFO: Run Behavior\ShowPageTraceBehavior [ RunTime:0.000000s ]
INFO: [ app_end ] --END-- [ RunTime:0.000000s ]

[ 2017-09-05T09:56:49+08:00 ] 140.207.54.76 /Home/Wx/index/token/cosmos?signature=b7e71bf3c61faef114c92421dd5602c54bf3b007&timestamp=1504576608&nonce=369108213&openid=oCHmqjibDfytztgR5UM3HGShm_vQ
INFO: [ app_init ] --START--
INFO: Run Behavior\BuildLiteBehavior [ RunTime:0.000000s ]
INFO: [ app_init ] --END-- [ RunTime:0.000000s ]
INFO: [ app_begin ] --START--
INFO: Run Behavior\ReadHtmlCacheBehavior [ RunTime:0.000000s ]
INFO: [ app_begin ] --END-- [ RunTime:0.000000s ]
NOTIC: [2] Missing argument 1 for Home\Controller\WxController::__construct(), called in E:\UPUPW\UPUPW_AP5.5_64\vhosts\wx.shikexu.com\ThinkPHP\Common\functions.php on line 710 and defined E:\UPUPW\UPUPW_AP5.5_64\vhosts\wx.shikexu.com\Application\Home\Controller\WxController.class.php 第 37 行.
SQL: SHOW COLUMNS FROM `wfx_shop_set` [ RunTime:0.0000s ]
SQL: SELECT * FROM `wfx_shop_set` LIMIT 1   [ RunTime:0.0000s ]
SQL: SHOW COLUMNS FROM `wfx_set` [ RunTime:0.0000s ]
SQL: SELECT * FROM `wfx_set` LIMIT 1   [ RunTime:0.0000s ]
SQL: SHOW COLUMNS FROM `wfx_vip` [ RunTime:0.0000s ]
SQL: SHOW COLUMNS FROM `wfx_vip_message` [ RunTime:0.0000s ]
SQL: SHOW COLUMNS FROM `wfx_vip_log_sub` [ RunTime:0.0000s ]
SQL: SHOW COLUMNS FROM `wfx_employee` [ RunTime:0.0000s ]
SQL: SHOW COLUMNS FROM `wfx_vip_set` [ RunTime:0.0000s ]
SQL: SELECT * FROM `wfx_vip_set` LIMIT 1   [ RunTime:0.0000s ]
INFO: [ app_end ] --START--
INFO: Run Behavior\ShowPageTraceBehavior [ RunTime:0.000000s ]
INFO: [ app_end ] --END-- [ RunTime:0.000000s ]

[ 2017-09-05T10:09:23+08:00 ] 140.207.54.75 /Home/Wx/index/token/cosmos?signature=f0e989ec11648a9326ba7f7c127ba48a6f0aa836&timestamp=1504577363&nonce=513428911&openid=oCHmqjibDfytztgR5UM3HGShm_vQ
INFO: [ app_init ] --START--
INFO: Run Behavior\BuildLiteBehavior [ RunTime:0.000000s ]
INFO: [ app_init ] --END-- [ RunTime:0.000000s ]
INFO: [ app_begin ] --START--
INFO: Run Behavior\ReadHtmlCacheBehavior [ RunTime:0.000000s ]
INFO: [ app_begin ] --END-- [ RunTime:0.000000s ]
NOTIC: [2] Missing argument 1 for Home\Controller\WxController::__construct(), called in E:\UPUPW\UPUPW_AP5.5_64\vhosts\wx.shikexu.com\ThinkPHP\Common\functions.php on line 710 and defined E:\UPUPW\UPUPW_AP5.5_64\vhosts\wx.shikexu.com\Application\Home\Controller\WxController.class.php 第 37 行.
SQL: SHOW COLUMNS FROM `wfx_shop_set` [ RunTime:0.0000s ]
SQL: SELECT * FROM `wfx_shop_set` LIMIT 1   [ RunTime:0.0000s ]
SQL: SHOW COLUMNS FROM `wfx_set` [ RunTime:0.0156s ]
SQL: SELECT * FROM `wfx_set` LIMIT 1   [ RunTime:0.0000s ]
SQL: SHOW COLUMNS FROM `wfx_vip` [ RunTime:0.0000s ]
SQL: SHOW COLUMNS FROM `wfx_vip_message` [ RunTime:0.0000s ]
SQL: SHOW COLUMNS FROM `wfx_vip_log_sub` [ RunTime:0.0000s ]
SQL: SHOW COLUMNS FROM `wfx_employee` [ RunTime:0.0000s ]
SQL: SHOW COLUMNS FROM `wfx_vip_set` [ RunTime:0.0000s ]
SQL: SELECT * FROM `wfx_vip_set` LIMIT 1   [ RunTime:0.0000s ]
INFO: [ app_end ] --START--
INFO: Run Behavior\ShowPageTraceBehavior [ RunTime:0.015625s ]
INFO: [ app_end ] --END-- [ RunTime:0.015625s ]

[ 2017-09-05T10:17:48+08:00 ] 183.25.124.61 /Home/Wx/index/token/cosmos
INFO: [ app_init ] --START--
INFO: Run Behavior\BuildLiteBehavior [ RunTime:0.000000s ]
INFO: [ app_init ] --END-- [ RunTime:0.000000s ]
INFO: [ app_begin ] --START--
INFO: Run Behavior\ReadHtmlCacheBehavior [ RunTime:0.000000s ]
INFO: [ app_begin ] --END-- [ RunTime:0.000000s ]
NOTIC: [2] Missing argument 1 for Home\Controller\WxController::__construct(), called in E:\UPUPW\UPUPW_AP5.5_64\vhosts\wx.shikexu.com\ThinkPHP\Common\functions.php on line 710 and defined E:\UPUPW\UPUPW_AP5.5_64\vhosts\wx.shikexu.com\Application\Home\Controller\WxController.class.php 第 37 行.
SQL: SHOW COLUMNS FROM `wfx_shop_set` [ RunTime:0.0000s ]
SQL: SELECT * FROM `wfx_shop_set` LIMIT 1   [ RunTime:0.0000s ]
SQL: SHOW COLUMNS FROM `wfx_set` [ RunTime:0.0000s ]
SQL: SELECT * FROM `wfx_set` LIMIT 1   [ RunTime:0.0000s ]
SQL: SHOW COLUMNS FROM `wfx_vip` [ RunTime:0.0000s ]
SQL: SHOW COLUMNS FROM `wfx_vip_message` [ RunTime:0.0000s ]
SQL: SHOW COLUMNS FROM `wfx_vip_log_sub` [ RunTime:0.0000s ]
SQL: SHOW COLUMNS FROM `wfx_employee` [ RunTime:0.0000s ]
SQL: SHOW COLUMNS FROM `wfx_vip_set` [ RunTime:0.0000s ]
SQL: SELECT * FROM `wfx_vip_set` LIMIT 1   [ RunTime:0.0000s ]

