[ 2017-09-07T00:17:21+08:00 ] 140.207.54.75 /Home/Wx/index/token/cosmos?signature=c1fc1d1e66d7dfbb8fa27c2ccf5ac1269985d0b3&timestamp=1504714641&nonce=1095960356&openid=oCHmqjnczntmkHREydNi9K3xZ8II
INFO: [ app_init ] --START--
INFO: Run Behavior\BuildLiteBehavior [ RunTime:0.000000s ]
INFO: [ app_init ] --END-- [ RunTime:0.000000s ]
INFO: [ app_begin ] --START--
INFO: Run Behavior\ReadHtmlCacheBehavior [ RunTime:0.000000s ]
INFO: [ app_begin ] --END-- [ RunTime:0.000000s ]
NOTIC: [2] Missing argument 1 for Home\Controller\WxController::__construct(), called in E:\UPUPW\UPUPW_AP5.5_64\vhosts\wx.shikexu.com\ThinkPHP\Common\functions.php on line 710 and defined E:\UPUPW\UPUPW_AP5.5_64\vhosts\wx.shikexu.com\Application\Home\Controller\WxController.class.php 第 37 行.
SQL: SHOW COLUMNS FROM `wfx_shop_set` [ RunTime:0.0000s ]
SQL: SELECT * FROM `wfx_shop_set` LIMIT 1   [ RunTime:0.0000s ]
SQL: SHOW COLUMNS FROM `wfx_set` [ RunTime:0.0000s ]
SQL: SELECT * FROM `wfx_set` LIMIT 1   [ RunTime:0.0000s ]
SQL: SHOW COLUMNS FROM `wfx_vip` [ RunTime:0.0000s ]
SQL: SHOW COLUMNS FROM `wfx_vip_message` [ RunTime:0.0000s ]
SQL: SHOW COLUMNS FROM `wfx_vip_log_sub` [ RunTime:0.0000s ]
SQL: SHOW COLUMNS FROM `wfx_employee` [ RunTime:0.0000s ]
SQL: SHOW COLUMNS FROM `wfx_vip_set` [ RunTime:0.0000s ]
SQL: SELECT * FROM `wfx_vip_set` LIMIT 1   [ RunTime:0.0000s ]
INFO: [ app_end ] --START--
INFO: Run Behavior\ShowPageTraceBehavior [ RunTime:0.015625s ]
INFO: [ app_end ] --END-- [ RunTime:0.015625s ]

[ 2017-09-07T09:59:12+08:00 ] 140.207.54.79 /Home/Wx/index/token/cosmos?signature=6b4fdf6f4d182a6f91a12da403540db9d28c1762&timestamp=1504749552&nonce=1740987105&openid=oCHmqjkFsAC6zBGotZS2EYxL6fBo
INFO: [ app_init ] --START--
INFO: Run Behavior\BuildLiteBehavior [ RunTime:0.000000s ]
INFO: [ app_init ] --END-- [ RunTime:0.000000s ]
INFO: [ app_begin ] --START--
INFO: Run Behavior\ReadHtmlCacheBehavior [ RunTime:0.000000s ]
INFO: [ app_begin ] --END-- [ RunTime:0.000000s ]
NOTIC: [2] Missing argument 1 for Home\Controller\WxController::__construct(), called in E:\UPUPW\UPUPW_AP5.5_64\vhosts\wx.shikexu.com\ThinkPHP\Common\functions.php on line 710 and defined E:\UPUPW\UPUPW_AP5.5_64\vhosts\wx.shikexu.com\Application\Home\Controller\WxController.class.php 第 37 行.
SQL: SHOW COLUMNS FROM `wfx_shop_set` [ RunTime:0.0000s ]
SQL: SELECT * FROM `wfx_shop_set` LIMIT 1   [ RunTime:0.0000s ]
SQL: SHOW COLUMNS FROM `wfx_set` [ RunTime:0.0000s ]
SQL: SELECT * FROM `wfx_set` LIMIT 1   [ RunTime:0.0000s ]
SQL: SHOW COLUMNS FROM `wfx_vip` [ RunTime:0.0000s ]
SQL: SHOW COLUMNS FROM `wfx_vip_message` [ RunTime:0.0000s ]
SQL: SHOW COLUMNS FROM `wfx_vip_log_sub` [ RunTime:0.0000s ]
SQL: SHOW COLUMNS FROM `wfx_employee` [ RunTime:0.0000s ]
SQL: SHOW COLUMNS FROM `wfx_vip_set` [ RunTime:0.0156s ]
SQL: SELECT * FROM `wfx_vip_set` LIMIT 1   [ RunTime:0.0000s ]
INFO: [ app_end ] --START--
INFO: Run Behavior\ShowPageTraceBehavior [ RunTime:0.000000s ]
INFO: [ app_end ] --END-- [ RunTime:0.000000s ]

[ 2017-09-07T11:29:54+08:00 ] 140.207.54.79 /Home/Wx/index/token/cosmos?signature=ace156edcd8ce073a37410427bec4740d592729b&timestamp=1504754994&nonce=1093770793&openid=oCHmqjmwIsN0v-WFPjKzDAC_QvZU
INFO: [ app_init ] --START--
INFO: Run Behavior\BuildLiteBehavior [ RunTime:0.000000s ]
INFO: [ app_init ] --END-- [ RunTime:0.015625s ]
INFO: [ app_begin ] --START--
INFO: Run Behavior\ReadHtmlCacheBehavior [ RunTime:0.000000s ]
INFO: [ app_begin ] --END-- [ RunTime:0.000000s ]
NOTIC: [2] Missing argument 1 for Home\Controller\WxController::__construct(), called in E:\UPUPW\UPUPW_AP5.5_64\vhosts\wx.shikexu.com\ThinkPHP\Common\functions.php on line 710 and defined E:\UPUPW\UPUPW_AP5.5_64\vhosts\wx.shikexu.com\Application\Home\Controller\WxController.class.php 第 37 行.
SQL: SHOW COLUMNS FROM `wfx_shop_set` [ RunTime:0.0000s ]
SQL: SELECT * FROM `wfx_shop_set` LIMIT 1   [ RunTime:0.0000s ]
SQL: SHOW COLUMNS FROM `wfx_set` [ RunTime:0.0156s ]
SQL: SELECT * FROM `wfx_set` LIMIT 1   [ RunTime:0.0000s ]
SQL: SHOW COLUMNS FROM `wfx_vip` [ RunTime:0.0000s ]
SQL: SHOW COLUMNS FROM `wfx_vip_message` [ RunTime:0.0000s ]
SQL: SHOW COLUMNS FROM `wfx_vip_log_sub` [ RunTime:0.0000s ]
SQL: SHOW COLUMNS FROM `wfx_employee` [ RunTime:0.0000s ]
SQL: SHOW COLUMNS FROM `wfx_vip_set` [ RunTime:0.0000s ]
SQL: SELECT * FROM `wfx_vip_set` LIMIT 1   [ RunTime:0.0000s ]
SQL: SELECT * FROM `wfx_vip` WHERE `openid` = 'oCHmqjmwIsN0v-WFPjKzDAC_QvZU' LIMIT 1   [ RunTime:0.0156s ]
SQL: UPDATE `wfx_vip` SET `subscribe`='0' WHERE `openid` = 'oCHmqjmwIsN0v-WFPjKzDAC_QvZU' [ RunTime:0.0000s ]
NOTIC: [8] Undefined index: ppid E:\UPUPW\UPUPW_AP5.5_64\vhosts\wx.shikexu.com\Application\Home\Controller\WxController.class.php 第 615 行.
SQL: INSERT INTO `wfx_vip_log_sub` (`ppid`,`from`,`fromname`,`to`,`toname`,`issub`,`ctime`) VALUES ('0','1162','孟德军13728422608','0','百利达车行','0','1504754994') [ RunTime:0.0000s ]
INFO: [ app_end ] --START--
INFO: Run Behavior\ShowPageTraceBehavior [ RunTime:0.000000s ]
INFO: [ app_end ] --END-- [ RunTime:0.000000s ]

[ 2017-09-07T11:55:31+08:00 ] 183.25.124.14 /Home/Wxpay/pay/oid/20170907115531-228
INFO: [ app_init ] --START--
INFO: Run Behavior\BuildLiteBehavior [ RunTime:0.000000s ]
INFO: [ app_init ] --END-- [ RunTime:0.000000s ]
INFO: [ app_begin ] --START--
INFO: Run Behavior\ReadHtmlCacheBehavior [ RunTime:0.000000s ]
INFO: [ app_begin ] --END-- [ RunTime:0.000000s ]
SQL: SHOW COLUMNS FROM `wfx_set` [ RunTime:0.0000s ]
SQL: SELECT * FROM `wfx_set` LIMIT 1   [ RunTime:0.0000s ]
SQL: SHOW COLUMNS FROM `wfx_shop_set` [ RunTime:0.0000s ]
SQL: SELECT * FROM `wfx_shop_set` LIMIT 1   [ RunTime:0.0000s ]
SQL: SHOW COLUMNS FROM `wfx_shop_order` [ RunTime:0.0000s ]
SQL: SELECT * FROM `wfx_shop_order` WHERE `oid` = '20170907115531-228' LIMIT 1   [ RunTime:0.0000s ]
NOTIC: [8] Use of undefined constant CURLOP_TIMEOUT - assumed 'CURLOP_TIMEOUT' E:\UPUPW\UPUPW_AP5.5_64\vhosts\wx.shikexu.com\ThinkPHP\Library\Util\Wx\Wxpaysdk.class.php 第 234 行.
NOTIC: [2] curl_setopt() expects parameter 2 to be long, string given E:\UPUPW\UPUPW_AP5.5_64\vhosts\wx.shikexu.com\ThinkPHP\Library\Util\Wx\Wxpaysdk.class.php 第 234 行.
NOTIC: [2] curl_close(): 2 is not a valid cURL handle resource E:\UPUPW\UPUPW_AP5.5_64\vhosts\wx.shikexu.com\ThinkPHP\Library\Util\Wx\Wxpaysdk.class.php 第 253 行.
INFO: [ app_end ] --START--
INFO: Run Behavior\ShowPageTraceBehavior [ RunTime:0.015625s ]
INFO: [ app_end ] --END-- [ RunTime:0.015625s ]

[ 2017-09-07T16:02:42+08:00 ] 140.207.54.76 /Home/Wx/index/token/cosmos?signature=a0de3ba6ab0a479e22d5e6314332ad4567bf3e09&timestamp=1504771362&nonce=695777658&openid=oCHmqjgPOaVNw8KAT9S2DHkq9HNo
INFO: [ app_init ] --START--
INFO: Run Behavior\BuildLiteBehavior [ RunTime:0.000000s ]
INFO: [ app_init ] --END-- [ RunTime:0.000000s ]
INFO: [ app_begin ] --START--
INFO: Run Behavior\ReadHtmlCacheBehavior [ RunTime:0.000000s ]
INFO: [ app_begin ] --END-- [ RunTime:0.000000s ]
NOTIC: [2] Missing argument 1 for Home\Controller\WxController::__construct(), called in E:\UPUPW\UPUPW_AP5.5_64\vhosts\wx.shikexu.com\ThinkPHP\Common\functions.php on line 710 and defined E:\UPUPW\UPUPW_AP5.5_64\vhosts\wx.shikexu.com\Application\Home\Controller\WxController.class.php 第 37 行.
SQL: SHOW COLUMNS FROM `wfx_shop_set` [ RunTime:0.0000s ]
SQL: SELECT * FROM `wfx_shop_set` LIMIT 1   [ RunTime:0.0000s ]
SQL: SHOW COLUMNS FROM `wfx_set` [ RunTime:0.0000s ]
SQL: SELECT * FROM `wfx_set` LIMIT 1   [ RunTime:0.0000s ]
SQL: SHOW COLUMNS FROM `wfx_vip` [ RunTime:0.0000s ]
SQL: SHOW COLUMNS FROM `wfx_vip_message` [ RunTime:0.0000s ]
SQL: SHOW COLUMNS FROM `wfx_vip_log_sub` [ RunTime:0.0000s ]
SQL: SHOW COLUMNS FROM `wfx_employee` [ RunTime:0.0000s ]
SQL: SHOW COLUMNS FROM `wfx_vip_set` [ RunTime:0.0000s ]
SQL: SELECT * FROM `wfx_vip_set` LIMIT 1   [ RunTime:0.0000s ]
INFO: [ app_end ] --START--
INFO: Run Behavior\ShowPageTraceBehavior [ RunTime:0.000000s ]
INFO: [ app_end ] --END-- [ RunTime:0.000000s ]

[ 2017-09-07T16:16:39+08:00 ] 140.207.54.75 /Home/Wx/index/token/cosmos?signature=7028725d5f6dee9cc9846f80c3d533267e737787&timestamp=1504772198&nonce=1269299320&openid=oCHmqjtbx-hUPzfYt2nSonyPfCCc
INFO: [ app_init ] --START--
INFO: Run Behavior\BuildLiteBehavior [ RunTime:0.000000s ]
INFO: [ app_init ] --END-- [ RunTime:0.000000s ]
INFO: [ app_begin ] --START--
INFO: Run Behavior\ReadHtmlCacheBehavior [ RunTime:0.015625s ]
INFO: [ app_begin ] --END-- [ RunTime:0.015625s ]
NOTIC: [2] Missing argument 1 for Home\Controller\WxController::__construct(), called in E:\UPUPW\UPUPW_AP5.5_64\vhosts\wx.shikexu.com\ThinkPHP\Common\functions.php on line 710 and defined E:\UPUPW\UPUPW_AP5.5_64\vhosts\wx.shikexu.com\Application\Home\Controller\WxController.class.php 第 37 行.
SQL: SHOW COLUMNS FROM `wfx_shop_set` [ RunTime:0.0000s ]
SQL: SELECT * FROM `wfx_shop_set` LIMIT 1   [ RunTime:0.0000s ]
SQL: SHOW COLUMNS FROM `wfx_set` [ RunTime:0.0000s ]
SQL: SELECT * FROM `wfx_set` LIMIT 1   [ RunTime:0.0000s ]
SQL: SHOW COLUMNS FROM `wfx_vip` [ RunTime:0.0000s ]
SQL: SHOW COLUMNS FROM `wfx_vip_message` [ RunTime:0.0156s ]
SQL: SHOW COLUMNS FROM `wfx_vip_log_sub` [ RunTime:0.0000s ]
SQL: SHOW COLUMNS FROM `wfx_employee` [ RunTime:0.0000s ]
SQL: SHOW COLUMNS FROM `wfx_vip_set` [ RunTime:0.0000s ]
SQL: SELECT * FROM `wfx_vip_set` LIMIT 1   [ RunTime:0.0000s ]
SQL: SELECT * FROM `wfx_vip` WHERE `openid` = 'oCHmqjtbx-hUPzfYt2nSonyPfCCc' LIMIT 1   [ RunTime:0.0000s ]
SQL: UPDATE `wfx_vip` SET `subscribe`='1',`openid`='oCHmqjtbx-hUPzfYt2nSonyPfCCc',`nickname`='百利达二手车（罗一君）',`sex`='1',`language`='zh_CN',`city`='惠州',`province`='广东',`country`='中国',`headimgurl`='http://wx.qlogo.cn/mmopen/ic3ibEjvYaKJzZDLuKRQmAL0IqcaP4ql1iciaXpHFYGnGTLsxP9PJmbTI8t0d3vy7bYRhfOUR1ESriceuGNAicY4sib9w/0',`subscribe_time`='1497516270',`remark`='',`cctime`='1504772199' WHERE `id` = 1142 [ RunTime:0.0000s ]
NOTIC: [8] Use of undefined constant ture - assumed 'ture' E:\UPUPW\UPUPW_AP5.5_64\vhosts\wx.shikexu.com\Application\Home\Controller\WxController.class.php 第 812 行.
SQL: SHOW COLUMNS FROM `wfx_wx_keyword` [ RunTime:0.0000s ]
SQL: SELECT * FROM `wfx_wx_keyword` WHERE `keyword` = '/:share' LIMIT 1   [ RunTime:0.0000s ]
INFO: [ app_end ] --START--
INFO: Run Behavior\ShowPageTraceBehavior [ RunTime:0.000000s ]
INFO: [ app_end ] --END-- [ RunTime:0.000000s ]

[ 2017-09-07T17:23:21+08:00 ] 140.207.54.79 /Home/Wx/index/token/cosmos?signature=9d923b16d659deb324dfbea08a9f2af74115bac6&timestamp=1504776201&nonce=1301435043&openid=oCHmqjkag0mtXCtvLnyX7vvqKTIs
INFO: [ app_init ] --START--
INFO: Run Behavior\BuildLiteBehavior [ RunTime:0.000000s ]
INFO: [ app_init ] --END-- [ RunTime:0.000000s ]
INFO: [ app_begin ] --START--
INFO: Run Behavior\ReadHtmlCacheBehavior [ RunTime:0.000000s ]
INFO: [ app_begin ] --END-- [ RunTime:0.000000s ]
NOTIC: [2] Missing argument 1 for Home\Controller\WxController::__construct(), called in E:\UPUPW\UPUPW_AP5.5_64\vhosts\wx.shikexu.com\ThinkPHP\Common\functions.php on line 710 and defined E:\UPUPW\UPUPW_AP5.5_64\vhosts\wx.shikexu.com\Application\Home\Controller\WxController.class.php 第 37 行.
SQL: SHOW COLUMNS FROM `wfx_shop_set` [ RunTime:0.0000s ]
SQL: SELECT * FROM `wfx_shop_set` LIMIT 1   [ RunTime:0.0000s ]
SQL: SHOW COLUMNS FROM `wfx_set` [ RunTime:0.0000s ]
SQL: SELECT * FROM `wfx_set` LIMIT 1   [ RunTime:0.0000s ]
SQL: SHOW COLUMNS FROM `wfx_vip` [ RunTime:0.0000s ]
SQL: SHOW COLUMNS FROM `wfx_vip_message` [ RunTime:0.0000s ]
SQL: SHOW COLUMNS FROM `wfx_vip_log_sub` [ RunTime:0.0000s ]
SQL: SHOW COLUMNS FROM `wfx_employee` [ RunTime:0.0000s ]
SQL: SHOW COLUMNS FROM `wfx_vip_set` [ RunTime:0.0000s ]
SQL: SELECT * FROM `wfx_vip_set` LIMIT 1   [ RunTime:0.0000s ]
INFO: [ app_end ] --START--
INFO: Run Behavior\ShowPageTraceBehavior [ RunTime:0.000000s ]
INFO: [ app_end ] --END-- [ RunTime:0.000000s ]

[ 2017-09-07T17:23:30+08:00 ] 140.207.54.79 /Home/Wx/index/token/cosmos?signature=adce1a8a71e6e4d7df76245534bf231201e4eed5&timestamp=1504776210&nonce=646658153&openid=oCHmqjjxZUp-MRqoh_E5qfve5prY
INFO: [ app_init ] --START--
INFO: Run Behavior\BuildLiteBehavior [ RunTime:0.000000s ]
INFO: [ app_init ] --END-- [ RunTime:0.000000s ]
INFO: [ app_begin ] --START--
INFO: Run Behavior\ReadHtmlCacheBehavior [ RunTime:0.000000s ]
INFO: [ app_begin ] --END-- [ RunTime:0.000000s ]
NOTIC: [2] Missing argument 1 for Home\Controller\WxController::__construct(), called in E:\UPUPW\UPUPW_AP5.5_64\vhosts\wx.shikexu.com\ThinkPHP\Common\functions.php on line 710 and defined E:\UPUPW\UPUPW_AP5.5_64\vhosts\wx.shikexu.com\Application\Home\Controller\WxController.class.php 第 37 行.
SQL: SHOW COLUMNS FROM `wfx_shop_set` [ RunTime:0.0000s ]
SQL: SELECT * FROM `wfx_shop_set` LIMIT 1   [ RunTime:0.0000s ]
SQL: SHOW COLUMNS FROM `wfx_set` [ RunTime:0.0000s ]
SQL: SELECT * FROM `wfx_set` LIMIT 1   [ RunTime:0.0000s ]
SQL: SHOW COLUMNS FROM `wfx_vip` [ RunTime:0.0000s ]
SQL: SHOW COLUMNS FROM `wfx_vip_message` [ RunTime:0.0000s ]
SQL: SHOW COLUMNS FROM `wfx_vip_log_sub` [ RunTime:0.0000s ]
SQL: SHOW COLUMNS FROM `wfx_employee` [ RunTime:0.0000s ]
SQL: SHOW COLUMNS FROM `wfx_vip_set` [ RunTime:0.0156s ]
SQL: SELECT * FROM `wfx_vip_set` LIMIT 1   [ RunTime:0.0000s ]
SQL: SELECT * FROM `wfx_vip` WHERE `openid` = 'oCHmqjjxZUp-MRqoh_E5qfve5prY' LIMIT 1   [ RunTime:0.0000s ]
INFO: [ app_end ] --START--
INFO: Run Behavior\ShowPageTraceBehavior [ RunTime:0.000000s ]
INFO: [ app_end ] --END-- [ RunTime:0.000000s ]

[ 2017-09-07T17:24:42+08:00 ] 140.207.54.75 /Home/Wx/index/token/cosmos?signature=4ee2ceb6d45a3d0fcd268dbb449ebc09e75c14aa&timestamp=1504776282&nonce=1895536109&openid=oCHmqjppNynumm57gOAXEcV8R4KM
INFO: [ app_init ] --START--
INFO: Run Behavior\BuildLiteBehavior [ RunTime:0.000000s ]
INFO: [ app_init ] --END-- [ RunTime:0.000000s ]
INFO: [ app_begin ] --START--
INFO: Run Behavior\ReadHtmlCacheBehavior [ RunTime:0.000000s ]
INFO: [ app_begin ] --END-- [ RunTime:0.000000s ]
NOTIC: [2] Missing argument 1 for Home\Controller\WxController::__construct(), called in E:\UPUPW\UPUPW_AP5.5_64\vhosts\wx.shikexu.com\ThinkPHP\Common\functions.php on line 710 and defined E:\UPUPW\UPUPW_AP5.5_64\vhosts\wx.shikexu.com\Application\Home\Controller\WxController.class.php 第 37 行.
SQL: SHOW COLUMNS FROM `wfx_shop_set` [ RunTime:0.0000s ]
SQL: SELECT * FROM `wfx_shop_set` LIMIT 1   [ RunTime:0.0000s ]
SQL: SHOW COLUMNS FROM `wfx_set` [ RunTime:0.0000s ]
SQL: SELECT * FROM `wfx_set` LIMIT 1   [ RunTime:0.0000s ]
SQL: SHOW COLUMNS FROM `wfx_vip` [ RunTime:0.0156s ]
SQL: SHOW COLUMNS FROM `wfx_vip_message` [ RunTime:0.0000s ]
SQL: SHOW COLUMNS FROM `wfx_vip_log_sub` [ RunTime:0.0000s ]
SQL: SHOW COLUMNS FROM `wfx_employee` [ RunTime:0.0000s ]
SQL: SHOW COLUMNS FROM `wfx_vip_set` [ RunTime:0.0000s ]
SQL: SELECT * FROM `wfx_vip_set` LIMIT 1   [ RunTime:0.0000s ]
SQL: SELECT * FROM `wfx_vip` WHERE `openid` = 'oCHmqjppNynumm57gOAXEcV8R4KM' LIMIT 1   [ RunTime:0.0000s ]
INFO: [ app_end ] --START--
INFO: Run Behavior\ShowPageTraceBehavior [ RunTime:0.000000s ]
INFO: [ app_end ] --END-- [ RunTime:0.000000s ]

[ 2017-09-07T17:25:04+08:00 ] 140.207.54.75 /Home/Wx/index/token/cosmos?signature=ff04296a1bc1d866d65d85a758b5709c18175a49&timestamp=1504776304&nonce=1095232610&openid=oCHmqjm9FfWGgm_QuQltZi0NfMfg
INFO: [ app_init ] --START--
INFO: Run Behavior\BuildLiteBehavior [ RunTime:0.000000s ]
INFO: [ app_init ] --END-- [ RunTime:0.000000s ]
INFO: [ app_begin ] --START--
INFO: Run Behavior\ReadHtmlCacheBehavior [ RunTime:0.000000s ]
INFO: [ app_begin ] --END-- [ RunTime:0.000000s ]
NOTIC: [2] Missing argument 1 for Home\Controller\WxController::__construct(), called in E:\UPUPW\UPUPW_AP5.5_64\vhosts\wx.shikexu.com\ThinkPHP\Common\functions.php on line 710 and defined E:\UPUPW\UPUPW_AP5.5_64\vhosts\wx.shikexu.com\Application\Home\Controller\WxController.class.php 第 37 行.
SQL: SHOW COLUMNS FROM `wfx_shop_set` [ RunTime:0.0000s ]
SQL: SELECT * FROM `wfx_shop_set` LIMIT 1   [ RunTime:0.0000s ]
SQL: SHOW COLUMNS FROM `wfx_set` [ RunTime:0.0000s ]
SQL: SELECT * FROM `wfx_set` LIMIT 1   [ RunTime:0.0000s ]
SQL: SHOW COLUMNS FROM `wfx_vip` [ RunTime:0.0000s ]
SQL: SHOW COLUMNS FROM `wfx_vip_message` [ RunTime:0.0000s ]
SQL: SHOW COLUMNS FROM `wfx_vip_log_sub` [ RunTime:0.0000s ]
SQL: SHOW COLUMNS FROM `wfx_employee` [ RunTime:0.0000s ]
SQL: SHOW COLUMNS FROM `wfx_vip_set` [ RunTime:0.0156s ]
SQL: SELECT * FROM `wfx_vip_set` LIMIT 1   [ RunTime:0.0000s ]
SQL: SELECT * FROM `wfx_vip` WHERE `openid` = 'oCHmqjm9FfWGgm_QuQltZi0NfMfg' LIMIT 1   [ RunTime:0.0000s ]
INFO: [ app_end ] --START--
INFO: Run Behavior\ShowPageTraceBehavior [ RunTime:0.000000s ]
INFO: [ app_end ] --END-- [ RunTime:0.000000s ]

[ 2017-09-07T17:26:23+08:00 ] 140.207.54.75 /Home/Wx/index/token/cosmos?signature=18f84277000820b72d518e6bdcc9354e3629039e&timestamp=1504776383&nonce=771370763&openid=oCHmqjncJC7ZbP-NGrVbAy-4s3fs
INFO: [ app_init ] --START--
INFO: Run Behavior\BuildLiteBehavior [ RunTime:0.000000s ]
INFO: [ app_init ] --END-- [ RunTime:0.000000s ]
INFO: [ app_begin ] --START--
INFO: Run Behavior\ReadHtmlCacheBehavior [ RunTime:0.000000s ]
INFO: [ app_begin ] --END-- [ RunTime:0.000000s ]
NOTIC: [2] Missing argument 1 for Home\Controller\WxController::__construct(), called in E:\UPUPW\UPUPW_AP5.5_64\vhosts\wx.shikexu.com\ThinkPHP\Common\functions.php on line 710 and defined E:\UPUPW\UPUPW_AP5.5_64\vhosts\wx.shikexu.com\Application\Home\Controller\WxController.class.php 第 37 行.
SQL: SHOW COLUMNS FROM `wfx_shop_set` [ RunTime:0.0000s ]
SQL: SELECT * FROM `wfx_shop_set` LIMIT 1   [ RunTime:0.0000s ]
SQL: SHOW COLUMNS FROM `wfx_set` [ RunTime:0.0000s ]
SQL: SELECT * FROM `wfx_set` LIMIT 1   [ RunTime:0.0000s ]
SQL: SHOW COLUMNS FROM `wfx_vip` [ RunTime:0.0000s ]
SQL: SHOW COLUMNS FROM `wfx_vip_message` [ RunTime:0.0000s ]
SQL: SHOW COLUMNS FROM `wfx_vip_log_sub` [ RunTime:0.0000s ]
SQL: SHOW COLUMNS FROM `wfx_employee` [ RunTime:0.0000s ]
SQL: SHOW COLUMNS FROM `wfx_vip_set` [ RunTime:0.0156s ]
SQL: SELECT * FROM `wfx_vip_set` LIMIT 1   [ RunTime:0.0000s ]
INFO: [ app_end ] --START--
INFO: Run Behavior\ShowPageTraceBehavior [ RunTime:0.000000s ]
INFO: [ app_end ] --END-- [ RunTime:0.000000s ]

[ 2017-09-07T17:26:35+08:00 ] 140.207.54.79 /Home/Wx/index/token/cosmos?signature=99184ad6f74cf40e2b55c9f0ed659bb004375923&timestamp=1504776395&nonce=10864210&openid=oCHmqji69KuOK1zApHwfIpsZMeo8
INFO: [ app_init ] --START--
INFO: Run Behavior\BuildLiteBehavior [ RunTime:0.000000s ]
INFO: [ app_init ] --END-- [ RunTime:0.000000s ]
INFO: [ app_begin ] --START--
INFO: Run Behavior\ReadHtmlCacheBehavior [ RunTime:0.000000s ]
INFO: [ app_begin ] --END-- [ RunTime:0.000000s ]
NOTIC: [2] Missing argument 1 for Home\Controller\WxController::__construct(), called in E:\UPUPW\UPUPW_AP5.5_64\vhosts\wx.shikexu.com\ThinkPHP\Common\functions.php on line 710 and defined E:\UPUPW\UPUPW_AP5.5_64\vhosts\wx.shikexu.com\Application\Home\Controller\WxController.class.php 第 37 行.
SQL: SHOW COLUMNS FROM `wfx_shop_set` [ RunTime:0.0000s ]
SQL: SELECT * FROM `wfx_shop_set` LIMIT 1   [ RunTime:0.0000s ]
SQL: SHOW COLUMNS FROM `wfx_set` [ RunTime:0.0000s ]
SQL: SELECT * FROM `wfx_set` LIMIT 1   [ RunTime:0.0000s ]
SQL: SHOW COLUMNS FROM `wfx_vip` [ RunTime:0.0000s ]
SQL: SHOW COLUMNS FROM `wfx_vip_message` [ RunTime:0.0000s ]
SQL: SHOW COLUMNS FROM `wfx_vip_log_sub` [ RunTime:0.0156s ]
SQL: SHOW COLUMNS FROM `wfx_employee` [ RunTime:0.0000s ]
SQL: SHOW COLUMNS FROM `wfx_vip_set` [ RunTime:0.0000s ]
SQL: SELECT * FROM `wfx_vip_set` LIMIT 1   [ RunTime:0.0000s ]
INFO: [ app_end ] --START--
INFO: Run Behavior\ShowPageTraceBehavior [ RunTime:0.000000s ]
INFO: [ app_end ] --END-- [ RunTime:0.000000s ]

[ 2017-09-07T17:26:45+08:00 ] 140.207.54.75 /Home/Wx/index/token/cosmos?signature=8ed9780090b1333efaa2583ff19f9f02728e8269&timestamp=1504776405&nonce=230975635&openid=oCHmqjncJC7ZbP-NGrVbAy-4s3fs
INFO: [ app_init ] --START--
INFO: Run Behavior\BuildLiteBehavior [ RunTime:0.000000s ]
INFO: [ app_init ] --END-- [ RunTime:0.000000s ]
INFO: [ app_begin ] --START--
INFO: Run Behavior\ReadHtmlCacheBehavior [ RunTime:0.000000s ]
INFO: [ app_begin ] --END-- [ RunTime:0.000000s ]
NOTIC: [2] Missing argument 1 for Home\Controller\WxController::__construct(), called in E:\UPUPW\UPUPW_AP5.5_64\vhosts\wx.shikexu.com\ThinkPHP\Common\functions.php on line 710 and defined E:\UPUPW\UPUPW_AP5.5_64\vhosts\wx.shikexu.com\Application\Home\Controller\WxController.class.php 第 37 行.
SQL: SHOW COLUMNS FROM `wfx_shop_set` [ RunTime:0.0000s ]
SQL: SELECT * FROM `wfx_shop_set` LIMIT 1   [ RunTime:0.0000s ]
SQL: SHOW COLUMNS FROM `wfx_set` [ RunTime:0.0000s ]
SQL: SELECT * FROM `wfx_set` LIMIT 1   [ RunTime:0.0000s ]
SQL: SHOW COLUMNS FROM `wfx_vip` [ RunTime:0.0000s ]
SQL: SHOW COLUMNS FROM `wfx_vip_message` [ RunTime:0.0000s ]
SQL: SHOW COLUMNS FROM `wfx_vip_log_sub` [ RunTime:0.0000s ]
SQL: SHOW COLUMNS FROM `wfx_employee` [ RunTime:0.0000s ]
SQL: SHOW COLUMNS FROM `wfx_vip_set` [ RunTime:0.0000s ]
SQL: SELECT * FROM `wfx_vip_set` LIMIT 1   [ RunTime:0.0000s ]
INFO: [ app_end ] --START--
INFO: Run Behavior\ShowPageTraceBehavior [ RunTime:0.000000s ]
INFO: [ app_end ] --END-- [ RunTime:0.000000s ]

[ 2017-09-07T17:26:49+08:00 ] 140.207.54.79 /Home/Wx/index/token/cosmos?signature=98ba6994b62f769c53a899ecb1ecfd92437a54ef&timestamp=1504776408&nonce=2144908698&openid=oCHmqjsbvBPqOdbijxLiBo77hCGs
INFO: [ app_init ] --START--
INFO: Run Behavior\BuildLiteBehavior [ RunTime:0.000000s ]
INFO: [ app_init ] --END-- [ RunTime:0.000000s ]
INFO: [ app_begin ] --START--
INFO: Run Behavior\ReadHtmlCacheBehavior [ RunTime:0.000000s ]
INFO: [ app_begin ] --END-- [ RunTime:0.000000s ]
NOTIC: [2] Missing argument 1 for Home\Controller\WxController::__construct(), called in E:\UPUPW\UPUPW_AP5.5_64\vhosts\wx.shikexu.com\ThinkPHP\Common\functions.php on line 710 and defined E:\UPUPW\UPUPW_AP5.5_64\vhosts\wx.shikexu.com\Application\Home\Controller\WxController.class.php 第 37 行.
SQL: SHOW COLUMNS FROM `wfx_shop_set` [ RunTime:0.0000s ]
SQL: SELECT * FROM `wfx_shop_set` LIMIT 1   [ RunTime:0.0000s ]
SQL: SHOW COLUMNS FROM `wfx_set` [ RunTime:0.0000s ]
SQL: SELECT * FROM `wfx_set` LIMIT 1   [ RunTime:0.0000s ]
SQL: SHOW COLUMNS FROM `wfx_vip` [ RunTime:0.0000s ]
SQL: SHOW COLUMNS FROM `wfx_vip_message` [ RunTime:0.0000s ]
SQL: SHOW COLUMNS FROM `wfx_vip_log_sub` [ RunTime:0.0000s ]
SQL: SHOW COLUMNS FROM `wfx_employee` [ RunTime:0.0000s ]
SQL: SHOW COLUMNS FROM `wfx_vip_set` [ RunTime:0.0156s ]
SQL: SELECT * FROM `wfx_vip_set` LIMIT 1   [ RunTime:0.0000s ]
INFO: [ app_end ] --START--
INFO: Run Behavior\ShowPageTraceBehavior [ RunTime:0.000000s ]
INFO: [ app_end ] --END-- [ RunTime:0.000000s ]

[ 2017-09-07T17:27:26+08:00 ] 140.207.54.79 /Home/Wx/index/token/cosmos?signature=0fc4604101c4045454c99a8641110628678db498&timestamp=1504776446&nonce=329694797&openid=oCHmqjiRTuUj5Nd2SocmCkbPzSYo
INFO: [ app_init ] --START--
INFO: Run Behavior\BuildLiteBehavior [ RunTime:0.000000s ]
INFO: [ app_init ] --END-- [ RunTime:0.000000s ]
INFO: [ app_begin ] --START--
INFO: Run Behavior\ReadHtmlCacheBehavior [ RunTime:0.000000s ]
INFO: [ app_begin ] --END-- [ RunTime:0.000000s ]
NOTIC: [2] Missing argument 1 for Home\Controller\WxController::__construct(), called in E:\UPUPW\UPUPW_AP5.5_64\vhosts\wx.shikexu.com\ThinkPHP\Common\functions.php on line 710 and defined E:\UPUPW\UPUPW_AP5.5_64\vhosts\wx.shikexu.com\Application\Home\Controller\WxController.class.php 第 37 行.
SQL: SHOW COLUMNS FROM `wfx_shop_set` [ RunTime:0.0000s ]
SQL: SELECT * FROM `wfx_shop_set` LIMIT 1   [ RunTime:0.0000s ]
SQL: SHOW COLUMNS FROM `wfx_set` [ RunTime:0.0000s ]
SQL: SELECT * FROM `wfx_set` LIMIT 1   [ RunTime:0.0000s ]
SQL: SHOW COLUMNS FROM `wfx_vip` [ RunTime:0.0000s ]
SQL: SHOW COLUMNS FROM `wfx_vip_message` [ RunTime:0.0000s ]
SQL: SHOW COLUMNS FROM `wfx_vip_log_sub` [ RunTime:0.0000s ]
SQL: SHOW COLUMNS FROM `wfx_employee` [ RunTime:0.0000s ]
SQL: SHOW COLUMNS FROM `wfx_vip_set` [ RunTime:0.0000s ]
SQL: SELECT * FROM `wfx_vip_set` LIMIT 1   [ RunTime:0.0000s ]
INFO: [ app_end ] --START--
INFO: Run Behavior\ShowPageTraceBehavior [ RunTime:0.000000s ]
INFO: [ app_end ] --END-- [ RunTime:0.000000s ]

[ 2017-09-07T17:30:22+08:00 ] 140.207.54.80 /Home/Wx/index/token/cosmos?signature=4787621a55410b27dfdcabe96842fdc74c27df59&timestamp=1504776622&nonce=13544351&openid=oCHmqjl-TjOphbcr4l6Ia-UJNDpE
INFO: [ app_init ] --START--
INFO: Run Behavior\BuildLiteBehavior [ RunTime:0.000000s ]
INFO: [ app_init ] --END-- [ RunTime:0.000000s ]
INFO: [ app_begin ] --START--
INFO: Run Behavior\ReadHtmlCacheBehavior [ RunTime:0.000000s ]
INFO: [ app_begin ] --END-- [ RunTime:0.000000s ]
NOTIC: [2] Missing argument 1 for Home\Controller\WxController::__construct(), called in E:\UPUPW\UPUPW_AP5.5_64\vhosts\wx.shikexu.com\ThinkPHP\Common\functions.php on line 710 and defined E:\UPUPW\UPUPW_AP5.5_64\vhosts\wx.shikexu.com\Application\Home\Controller\WxController.class.php 第 37 行.
SQL: SHOW COLUMNS FROM `wfx_shop_set` [ RunTime:0.0156s ]
SQL: SELECT * FROM `wfx_shop_set` LIMIT 1   [ RunTime:0.0000s ]
SQL: SHOW COLUMNS FROM `wfx_set` [ RunTime:0.0000s ]
SQL: SELECT * FROM `wfx_set` LIMIT 1   [ RunTime:0.0000s ]
SQL: SHOW COLUMNS FROM `wfx_vip` [ RunTime:0.0000s ]
SQL: SHOW COLUMNS FROM `wfx_vip_message` [ RunTime:0.0000s ]
SQL: SHOW COLUMNS FROM `wfx_vip_log_sub` [ RunTime:0.0000s ]
SQL: SHOW COLUMNS FROM `wfx_employee` [ RunTime:0.0000s ]
SQL: SHOW COLUMNS FROM `wfx_vip_set` [ RunTime:0.0156s ]
SQL: SELECT * FROM `wfx_vip_set` LIMIT 1   [ RunTime:0.0000s ]
INFO: [ app_end ] --START--
INFO: Run Behavior\ShowPageTraceBehavior [ RunTime:0.000000s ]
INFO: [ app_end ] --END-- [ RunTime:0.000000s ]

[ 2017-09-07T17:32:23+08:00 ] 140.207.54.76 /Home/Wx/index/token/cosmos?signature=84664bed325195740721346c5e340b0f08a30da4&timestamp=1504776742&nonce=766639923&openid=oCHmqjlh066nwcG3UzVnjoX6wi60
INFO: [ app_init ] --START--
INFO: Run Behavior\BuildLiteBehavior [ RunTime:0.000000s ]
INFO: [ app_init ] --END-- [ RunTime:0.000000s ]
INFO: [ app_begin ] --START--
INFO: Run Behavior\ReadHtmlCacheBehavior [ RunTime:0.015625s ]
INFO: [ app_begin ] --END-- [ RunTime:0.015625s ]
NOTIC: [2] Missing argument 1 for Home\Controller\WxController::__construct(), called in E:\UPUPW\UPUPW_AP5.5_64\vhosts\wx.shikexu.com\ThinkPHP\Common\functions.php on line 710 and defined E:\UPUPW\UPUPW_AP5.5_64\vhosts\wx.shikexu.com\Application\Home\Controller\WxController.class.php 第 37 行.
SQL: SHOW COLUMNS FROM `wfx_shop_set` [ RunTime:0.0000s ]
SQL: SELECT * FROM `wfx_shop_set` LIMIT 1   [ RunTime:0.0000s ]
SQL: SHOW COLUMNS FROM `wfx_set` [ RunTime:0.0000s ]
SQL: SELECT * FROM `wfx_set` LIMIT 1   [ RunTime:0.0000s ]
SQL: SHOW COLUMNS FROM `wfx_vip` [ RunTime:0.0156s ]
SQL: SHOW COLUMNS FROM `wfx_vip_message` [ RunTime:0.0000s ]
SQL: SHOW COLUMNS FROM `wfx_vip_log_sub` [ RunTime:0.0000s ]
SQL: SHOW COLUMNS FROM `wfx_employee` [ RunTime:0.0000s ]
SQL: SHOW COLUMNS FROM `wfx_vip_set` [ RunTime:0.0000s ]
SQL: SELECT * FROM `wfx_vip_set` LIMIT 1   [ RunTime:0.0000s ]
INFO: [ app_end ] --START--
INFO: Run Behavior\ShowPageTraceBehavior [ RunTime:0.000000s ]
INFO: [ app_end ] --END-- [ RunTime:0.000000s ]

[ 2017-09-07T17:33:39+08:00 ] 140.207.54.80 /Home/Wx/index/token/cosmos?signature=454d9111a67caad2be3e63396b3407c002301522&timestamp=1504776819&nonce=1270119271&openid=oCHmqjlJUOgTkDDapcMZI60h_SAs
INFO: [ app_init ] --START--
INFO: Run Behavior\BuildLiteBehavior [ RunTime:0.000000s ]
INFO: [ app_init ] --END-- [ RunTime:0.000000s ]
INFO: [ app_begin ] --START--
INFO: Run Behavior\ReadHtmlCacheBehavior [ RunTime:0.000000s ]
INFO: [ app_begin ] --END-- [ RunTime:0.000000s ]
NOTIC: [2] Missing argument 1 for Home\Controller\WxController::__construct(), called in E:\UPUPW\UPUPW_AP5.5_64\vhosts\wx.shikexu.com\ThinkPHP\Common\functions.php on line 710 and defined E:\UPUPW\UPUPW_AP5.5_64\vhosts\wx.shikexu.com\Application\Home\Controller\WxController.class.php 第 37 行.
SQL: SHOW COLUMNS FROM `wfx_shop_set` [ RunTime:0.0156s ]
SQL: SELECT * FROM `wfx_shop_set` LIMIT 1   [ RunTime:0.0000s ]
SQL: SHOW COLUMNS FROM `wfx_set` [ RunTime:0.0000s ]
SQL: SELECT * FROM `wfx_set` LIMIT 1   [ RunTime:0.0000s ]
SQL: SHOW COLUMNS FROM `wfx_vip` [ RunTime:0.0000s ]
SQL: SHOW COLUMNS FROM `wfx_vip_message` [ RunTime:0.0000s ]
SQL: SHOW COLUMNS FROM `wfx_vip_log_sub` [ RunTime:0.0000s ]
SQL: SHOW COLUMNS FROM `wfx_employee` [ RunTime:0.0000s ]
SQL: SHOW COLUMNS FROM `wfx_vip_set` [ RunTime:0.0000s ]
SQL: SELECT * FROM `wfx_vip_set` LIMIT 1   [ RunTime:0.0000s ]
INFO: [ app_end ] --START--
INFO: Run Behavior\ShowPageTraceBehavior [ RunTime:0.000000s ]
INFO: [ app_end ] --END-- [ RunTime:0.000000s ]

[ 2017-09-07T17:39:20+08:00 ] 140.207.54.80 /Home/Wx/index/token/cosmos?signature=5d14fc2afb30c94fa9bce1d893e9b4c54d997422&timestamp=1504777160&nonce=1582689166&openid=oCHmqjo6VTPJn_9oSpUjip8_rFAk
INFO: [ app_init ] --START--
INFO: Run Behavior\BuildLiteBehavior [ RunTime:0.000000s ]
INFO: [ app_init ] --END-- [ RunTime:0.000000s ]
INFO: [ app_begin ] --START--
INFO: Run Behavior\ReadHtmlCacheBehavior [ RunTime:0.015625s ]
INFO: [ app_begin ] --END-- [ RunTime:0.015625s ]
NOTIC: [2] Missing argument 1 for Home\Controller\WxController::__construct(), called in E:\UPUPW\UPUPW_AP5.5_64\vhosts\wx.shikexu.com\ThinkPHP\Common\functions.php on line 710 and defined E:\UPUPW\UPUPW_AP5.5_64\vhosts\wx.shikexu.com\Application\Home\Controller\WxController.class.php 第 37 行.
SQL: SHOW COLUMNS FROM `wfx_shop_set` [ RunTime:0.0000s ]
SQL: SELECT * FROM `wfx_shop_set` LIMIT 1   [ RunTime:0.0000s ]
SQL: SHOW COLUMNS FROM `wfx_set` [ RunTime:0.0000s ]
SQL: SELECT * FROM `wfx_set` LIMIT 1   [ RunTime:0.0000s ]
SQL: SHOW COLUMNS FROM `wfx_vip` [ RunTime:0.0156s ]
SQL: SHOW COLUMNS FROM `wfx_vip_message` [ RunTime:0.0000s ]
SQL: SHOW COLUMNS FROM `wfx_vip_log_sub` [ RunTime:0.0000s ]
SQL: SHOW COLUMNS FROM `wfx_employee` [ RunTime:0.0000s ]
SQL: SHOW COLUMNS FROM `wfx_vip_set` [ RunTime:0.0000s ]
SQL: SELECT * FROM `wfx_vip_set` LIMIT 1   [ RunTime:0.0000s ]
INFO: [ app_end ] --START--
INFO: Run Behavior\ShowPageTraceBehavior [ RunTime:0.000000s ]
INFO: [ app_end ] --END-- [ RunTime:0.000000s ]

[ 2017-09-07T17:39:34+08:00 ] 140.207.54.80 /Home/Wx/index/token/cosmos?signature=bb3d969cbcab82bdfeeed4b821f9e96ab732c5ec&timestamp=1504777174&nonce=211801228&openid=oCHmqjiSRAprpwf2a0ji0UFTU6pk
INFO: [ app_init ] --START--
INFO: Run Behavior\BuildLiteBehavior [ RunTime:0.000000s ]
INFO: [ app_init ] --END-- [ RunTime:0.000000s ]
INFO: [ app_begin ] --START--
INFO: Run Behavior\ReadHtmlCacheBehavior [ RunTime:0.000000s ]
INFO: [ app_begin ] --END-- [ RunTime:0.000000s ]
NOTIC: [2] Missing argument 1 for Home\Controller\WxController::__construct(), called in E:\UPUPW\UPUPW_AP5.5_64\vhosts\wx.shikexu.com\ThinkPHP\Common\functions.php on line 710 and defined E:\UPUPW\UPUPW_AP5.5_64\vhosts\wx.shikexu.com\Application\Home\Controller\WxController.class.php 第 37 行.
SQL: SHOW COLUMNS FROM `wfx_shop_set` [ RunTime:0.0000s ]
SQL: SELECT * FROM `wfx_shop_set` LIMIT 1   [ RunTime:0.0000s ]
SQL: SHOW COLUMNS FROM `wfx_set` [ RunTime:0.0000s ]
SQL: SELECT * FROM `wfx_set` LIMIT 1   [ RunTime:0.0000s ]
SQL: SHOW COLUMNS FROM `wfx_vip` [ RunTime:0.0000s ]
SQL: SHOW COLUMNS FROM `wfx_vip_message` [ RunTime:0.0156s ]
SQL: SHOW COLUMNS FROM `wfx_vip_log_sub` [ RunTime:0.0000s ]
SQL: SHOW COLUMNS FROM `wfx_employee` [ RunTime:0.0000s ]
SQL: SHOW COLUMNS FROM `wfx_vip_set` [ RunTime:0.0000s ]
SQL: SELECT * FROM `wfx_vip_set` LIMIT 1   [ RunTime:0.0000s ]
INFO: [ app_end ] --START--
INFO: Run Behavior\ShowPageTraceBehavior [ RunTime:0.000000s ]
INFO: [ app_end ] --END-- [ RunTime:0.000000s ]

[ 2017-09-07T17:44:50+08:00 ] 140.207.54.75 /Home/Wx/index/token/cosmos?signature=14cedbe48f91294f56043f2038f6a205c495d40f&timestamp=1504777490&nonce=2049204676&openid=oCHmqjtpKrN5fFUOGwXg78vdDgpY
INFO: [ app_init ] --START--
INFO: Run Behavior\BuildLiteBehavior [ RunTime:0.000000s ]
INFO: [ app_init ] --END-- [ RunTime:0.000000s ]
INFO: [ app_begin ] --START--
INFO: Run Behavior\ReadHtmlCacheBehavior [ RunTime:0.000000s ]
INFO: [ app_begin ] --END-- [ RunTime:0.000000s ]
NOTIC: [2] Missing argument 1 for Home\Controller\WxController::__construct(), called in E:\UPUPW\UPUPW_AP5.5_64\vhosts\wx.shikexu.com\ThinkPHP\Common\functions.php on line 710 and defined E:\UPUPW\UPUPW_AP5.5_64\vhosts\wx.shikexu.com\Application\Home\Controller\WxController.class.php 第 37 行.
SQL: SHOW COLUMNS FROM `wfx_shop_set` [ RunTime:0.0000s ]
SQL: SELECT * FROM `wfx_shop_set` LIMIT 1   [ RunTime:0.0000s ]
SQL: SHOW COLUMNS FROM `wfx_set` [ RunTime:0.0000s ]
SQL: SELECT * FROM `wfx_set` LIMIT 1   [ RunTime:0.0000s ]
SQL: SHOW COLUMNS FROM `wfx_vip` [ RunTime:0.0000s ]
SQL: SHOW COLUMNS FROM `wfx_vip_message` [ RunTime:0.0000s ]
SQL: SHOW COLUMNS FROM `wfx_vip_log_sub` [ RunTime:0.0000s ]
SQL: SHOW COLUMNS FROM `wfx_employee` [ RunTime:0.0000s ]
SQL: SHOW COLUMNS FROM `wfx_vip_set` [ RunTime:0.0000s ]
SQL: SELECT * FROM `wfx_vip_set` LIMIT 1   [ RunTime:0.0000s ]
INFO: [ app_end ] --START--
INFO: Run Behavior\ShowPageTraceBehavior [ RunTime:0.000000s ]
INFO: [ app_end ] --END-- [ RunTime:0.000000s ]

[ 2017-09-07T17:45:12+08:00 ] 140.207.54.75 /Home/Wx/index/token/cosmos?signature=2cbe81a8c3bb9face70785d737cbe6191b54489c&timestamp=1504777512&nonce=1927233740&openid=oCHmqjtpKrN5fFUOGwXg78vdDgpY
INFO: [ app_init ] --START--
INFO: Run Behavior\BuildLiteBehavior [ RunTime:0.000000s ]
INFO: [ app_init ] --END-- [ RunTime:0.000000s ]
INFO: [ app_begin ] --START--
INFO: Run Behavior\ReadHtmlCacheBehavior [ RunTime:0.000000s ]
INFO: [ app_begin ] --END-- [ RunTime:0.000000s ]
NOTIC: [2] Missing argument 1 for Home\Controller\WxController::__construct(), called in E:\UPUPW\UPUPW_AP5.5_64\vhosts\wx.shikexu.com\ThinkPHP\Common\functions.php on line 710 and defined E:\UPUPW\UPUPW_AP5.5_64\vhosts\wx.shikexu.com\Application\Home\Controller\WxController.class.php 第 37 行.
SQL: SHOW COLUMNS FROM `wfx_shop_set` [ RunTime:0.0000s ]
SQL: SELECT * FROM `wfx_shop_set` LIMIT 1   [ RunTime:0.0000s ]
SQL: SHOW COLUMNS FROM `wfx_set` [ RunTime:0.0000s ]
SQL: SELECT * FROM `wfx_set` LIMIT 1   [ RunTime:0.0000s ]
SQL: SHOW COLUMNS FROM `wfx_vip` [ RunTime:0.0000s ]
SQL: SHOW COLUMNS FROM `wfx_vip_message` [ RunTime:0.0000s ]
SQL: SHOW COLUMNS FROM `wfx_vip_log_sub` [ RunTime:0.0000s ]
SQL: SHOW COLUMNS FROM `wfx_employee` [ RunTime:0.0000s ]
SQL: SHOW COLUMNS FROM `wfx_vip_set` [ RunTime:0.0156s ]
SQL: SELECT * FROM `wfx_vip_set` LIMIT 1   [ RunTime:0.0000s ]
INFO: [ app_end ] --START--
INFO: Run Behavior\ShowPageTraceBehavior [ RunTime:0.000000s ]
INFO: [ app_end ] --END-- [ RunTime:0.000000s ]

[ 2017-09-07T17:45:36+08:00 ] 140.207.54.75 /Home/Wx/index/token/cosmos?signature=9c9b1f8f8f77879c8ba1fd2576456bb4dafa0efb&timestamp=1504777536&nonce=482208900&openid=oCHmqjtpKrN5fFUOGwXg78vdDgpY
INFO: [ app_init ] --START--
INFO: Run Behavior\BuildLiteBehavior [ RunTime:0.000000s ]
INFO: [ app_init ] --END-- [ RunTime:0.000000s ]
INFO: [ app_begin ] --START--
INFO: Run Behavior\ReadHtmlCacheBehavior [ RunTime:0.000000s ]
INFO: [ app_begin ] --END-- [ RunTime:0.000000s ]
NOTIC: [2] Missing argument 1 for Home\Controller\WxController::__construct(), called in E:\UPUPW\UPUPW_AP5.5_64\vhosts\wx.shikexu.com\ThinkPHP\Common\functions.php on line 710 and defined E:\UPUPW\UPUPW_AP5.5_64\vhosts\wx.shikexu.com\Application\Home\Controller\WxController.class.php 第 37 行.
SQL: SHOW COLUMNS FROM `wfx_shop_set` [ RunTime:0.0000s ]
SQL: SELECT * FROM `wfx_shop_set` LIMIT 1   [ RunTime:0.0000s ]
SQL: SHOW COLUMNS FROM `wfx_set` [ RunTime:0.0000s ]
SQL: SELECT * FROM `wfx_set` LIMIT 1   [ RunTime:0.0000s ]
SQL: SHOW COLUMNS FROM `wfx_vip` [ RunTime:0.0000s ]
SQL: SHOW COLUMNS FROM `wfx_vip_message` [ RunTime:0.0000s ]
SQL: SHOW COLUMNS FROM `wfx_vip_log_sub` [ RunTime:0.0000s ]
SQL: SHOW COLUMNS FROM `wfx_employee` [ RunTime:0.0000s ]
SQL: SHOW COLUMNS FROM `wfx_vip_set` [ RunTime:0.0000s ]
SQL: SELECT * FROM `wfx_vip_set` LIMIT 1   [ RunTime:0.0000s ]
INFO: [ app_end ] --START--
INFO: Run Behavior\ShowPageTraceBehavior [ RunTime:0.000000s ]
INFO: [ app_end ] --END-- [ RunTime:0.000000s ]

[ 2017-09-07T17:48:59+08:00 ] 140.207.54.75 /Home/Wx/index/token/cosmos?signature=6589bafb47e210b5610b1c78768b47a456899a17&timestamp=1504777739&nonce=1824601709&openid=oCHmqjjGNWLyR5CuVB2vk9Vt1mbM
INFO: [ app_init ] --START--
INFO: Run Behavior\BuildLiteBehavior [ RunTime:0.000000s ]
INFO: [ app_init ] --END-- [ RunTime:0.000000s ]
INFO: [ app_begin ] --START--
INFO: Run Behavior\ReadHtmlCacheBehavior [ RunTime:0.000000s ]
INFO: [ app_begin ] --END-- [ RunTime:0.000000s ]
NOTIC: [2] Missing argument 1 for Home\Controller\WxController::__construct(), called in E:\UPUPW\UPUPW_AP5.5_64\vhosts\wx.shikexu.com\ThinkPHP\Common\functions.php on line 710 and defined E:\UPUPW\UPUPW_AP5.5_64\vhosts\wx.shikexu.com\Application\Home\Controller\WxController.class.php 第 37 行.
SQL: SHOW COLUMNS FROM `wfx_shop_set` [ RunTime:0.0000s ]
SQL: SELECT * FROM `wfx_shop_set` LIMIT 1   [ RunTime:0.0000s ]
SQL: SHOW COLUMNS FROM `wfx_set` [ RunTime:0.0000s ]
SQL: SELECT * FROM `wfx_set` LIMIT 1   [ RunTime:0.0156s ]
SQL: SHOW COLUMNS FROM `wfx_vip` [ RunTime:0.0000s ]
SQL: SHOW COLUMNS FROM `wfx_vip_message` [ RunTime:0.0000s ]
SQL: SHOW COLUMNS FROM `wfx_vip_log_sub` [ RunTime:0.0000s ]
SQL: SHOW COLUMNS FROM `wfx_employee` [ RunTime:0.0000s ]
SQL: SHOW COLUMNS FROM `wfx_vip_set` [ RunTime:0.0000s ]
SQL: SELECT * FROM `wfx_vip_set` LIMIT 1   [ RunTime:0.0000s ]
INFO: [ app_end ] --START--
INFO: Run Behavior\ShowPageTraceBehavior [ RunTime:0.000000s ]
INFO: [ app_end ] --END-- [ RunTime:0.000000s ]

[ 2017-09-07T17:49:37+08:00 ] 140.207.54.75 /Home/Wx/index/token/cosmos?signature=867d0310efa3a99ff633b13db867826e1653a933&timestamp=1504777777&nonce=309509486&openid=oCHmqjjGNWLyR5CuVB2vk9Vt1mbM
INFO: [ app_init ] --START--
INFO: Run Behavior\BuildLiteBehavior [ RunTime:0.000000s ]
INFO: [ app_init ] --END-- [ RunTime:0.000000s ]
INFO: [ app_begin ] --START--
INFO: Run Behavior\ReadHtmlCacheBehavior [ RunTime:0.000000s ]
INFO: [ app_begin ] --END-- [ RunTime:0.000000s ]
NOTIC: [2] Missing argument 1 for Home\Controller\WxController::__construct(), called in E:\UPUPW\UPUPW_AP5.5_64\vhosts\wx.shikexu.com\ThinkPHP\Common\functions.php on line 710 and defined E:\UPUPW\UPUPW_AP5.5_64\vhosts\wx.shikexu.com\Application\Home\Controller\WxController.class.php 第 37 行.
SQL: SHOW COLUMNS FROM `wfx_shop_set` [ RunTime:0.0000s ]
SQL: SELECT * FROM `wfx_shop_set` LIMIT 1   [ RunTime:0.0000s ]
SQL: SHOW COLUMNS FROM `wfx_set` [ RunTime:0.0000s ]
SQL: SELECT * FROM `wfx_set` LIMIT 1   [ RunTime:0.0000s ]
SQL: SHOW COLUMNS FROM `wfx_vip` [ RunTime:0.0000s ]
SQL: SHOW COLUMNS FROM `wfx_vip_message` [ RunTime:0.0000s ]
SQL: SHOW COLUMNS FROM `wfx_vip_log_sub` [ RunTime:0.0000s ]
SQL: SHOW COLUMNS FROM `wfx_employee` [ RunTime:0.0156s ]
SQL: SHOW COLUMNS FROM `wfx_vip_set` [ RunTime:0.0000s ]
SQL: SELECT * FROM `wfx_vip_set` LIMIT 1   [ RunTime:0.0000s ]
INFO: [ app_end ] --START--
INFO: Run Behavior\ShowPageTraceBehavior [ RunTime:0.000000s ]
INFO: [ app_end ] --END-- [ RunTime:0.000000s ]

[ 2017-09-07T17:58:30+08:00 ] 140.207.54.80 /Home/Wx/index/token/cosmos?signature=d3dd70965c5fc1bf237a0cdda3c94a8f22204bfd&timestamp=1504778310&nonce=300243050&openid=oCHmqjsq-xB-RggEzR0ISvJ00fcw
INFO: [ app_init ] --START--
INFO: Run Behavior\BuildLiteBehavior [ RunTime:0.000000s ]
INFO: [ app_init ] --END-- [ RunTime:0.000000s ]
INFO: [ app_begin ] --START--
INFO: Run Behavior\ReadHtmlCacheBehavior [ RunTime:0.000000s ]
INFO: [ app_begin ] --END-- [ RunTime:0.000000s ]
NOTIC: [2] Missing argument 1 for Home\Controller\WxController::__construct(), called in E:\UPUPW\UPUPW_AP5.5_64\vhosts\wx.shikexu.com\ThinkPHP\Common\functions.php on line 710 and defined E:\UPUPW\UPUPW_AP5.5_64\vhosts\wx.shikexu.com\Application\Home\Controller\WxController.class.php 第 37 行.
SQL: SHOW COLUMNS FROM `wfx_shop_set` [ RunTime:0.0000s ]
SQL: SELECT * FROM `wfx_shop_set` LIMIT 1   [ RunTime:0.0000s ]
SQL: SHOW COLUMNS FROM `wfx_set` [ RunTime:0.0000s ]
SQL: SELECT * FROM `wfx_set` LIMIT 1   [ RunTime:0.0000s ]
SQL: SHOW COLUMNS FROM `wfx_vip` [ RunTime:0.0156s ]
SQL: SHOW COLUMNS FROM `wfx_vip_message` [ RunTime:0.0000s ]
SQL: SHOW COLUMNS FROM `wfx_vip_log_sub` [ RunTime:0.0000s ]
SQL: SHOW COLUMNS FROM `wfx_employee` [ RunTime:0.0000s ]
SQL: SHOW COLUMNS FROM `wfx_vip_set` [ RunTime:0.0000s ]
SQL: SELECT * FROM `wfx_vip_set` LIMIT 1   [ RunTime:0.0000s ]
SQL: SELECT * FROM `wfx_vip` WHERE `openid` = 'oCHmqjsq-xB-RggEzR0ISvJ00fcw' LIMIT 1   [ RunTime:0.0000s ]
INFO: [ app_end ] --START--
INFO: Run Behavior\ShowPageTraceBehavior [ RunTime:0.015625s ]
INFO: [ app_end ] --END-- [ RunTime:0.015625s ]

[ 2017-09-07T18:02:05+08:00 ] 140.207.54.80 /Home/Wx/index/token/cosmos?signature=a803d04e546ddc8c461c2004d3f2698dafc34b79&timestamp=1504778525&nonce=103342566&openid=oCHmqjmgOwN71h7BU0BW4qCJz0_I
INFO: [ app_init ] --START--
INFO: Run Behavior\BuildLiteBehavior [ RunTime:0.000000s ]
INFO: [ app_init ] --END-- [ RunTime:0.000000s ]
INFO: [ app_begin ] --START--
INFO: Run Behavior\ReadHtmlCacheBehavior [ RunTime:0.000000s ]
INFO: [ app_begin ] --END-- [ RunTime:0.000000s ]
NOTIC: [2] Missing argument 1 for Home\Controller\WxController::__construct(), called in E:\UPUPW\UPUPW_AP5.5_64\vhosts\wx.shikexu.com\ThinkPHP\Common\functions.php on line 710 and defined E:\UPUPW\UPUPW_AP5.5_64\vhosts\wx.shikexu.com\Application\Home\Controller\WxController.class.php 第 37 行.
SQL: SHOW COLUMNS FROM `wfx_shop_set` [ RunTime:0.0000s ]
SQL: SELECT * FROM `wfx_shop_set` LIMIT 1   [ RunTime:0.0000s ]
SQL: SHOW COLUMNS FROM `wfx_set` [ RunTime:0.0000s ]
SQL: SELECT * FROM `wfx_set` LIMIT 1   [ RunTime:0.0000s ]
SQL: SHOW COLUMNS FROM `wfx_vip` [ RunTime:0.0000s ]
SQL: SHOW COLUMNS FROM `wfx_vip_message` [ RunTime:0.0000s ]
SQL: SHOW COLUMNS FROM `wfx_vip_log_sub` [ RunTime:0.0000s ]
SQL: SHOW COLUMNS FROM `wfx_employee` [ RunTime:0.0000s ]
SQL: SHOW COLUMNS FROM `wfx_vip_set` [ RunTime:0.0156s ]
SQL: SELECT * FROM `wfx_vip_set` LIMIT 1   [ RunTime:0.0000s ]
SQL: SELECT * FROM `wfx_vip` WHERE `openid` = 'oCHmqjmgOwN71h7BU0BW4qCJz0_I' LIMIT 1   [ RunTime:0.0000s ]
INFO: [ app_end ] --START--
INFO: Run Behavior\ShowPageTraceBehavior [ RunTime:0.000000s ]
INFO: [ app_end ] --END-- [ RunTime:0.000000s ]

[ 2017-09-07T18:15:55+08:00 ] 140.207.54.76 /Home/Wx/index/token/cosmos?signature=e099c07fe81bb59299484707fc823b4819d13d3c&timestamp=1504779355&nonce=662333192&openid=oCHmqjofiucBq6weexAoSImQNZiQ
INFO: [ app_init ] --START--
INFO: Run Behavior\BuildLiteBehavior [ RunTime:0.000000s ]
INFO: [ app_init ] --END-- [ RunTime:0.000000s ]
INFO: [ app_begin ] --START--
INFO: Run Behavior\ReadHtmlCacheBehavior [ RunTime:0.000000s ]
INFO: [ app_begin ] --END-- [ RunTime:0.000000s ]
NOTIC: [2] Missing argument 1 for Home\Controller\WxController::__construct(), called in E:\UPUPW\UPUPW_AP5.5_64\vhosts\wx.shikexu.com\ThinkPHP\Common\functions.php on line 710 and defined E:\UPUPW\UPUPW_AP5.5_64\vhosts\wx.shikexu.com\Application\Home\Controller\WxController.class.php 第 37 行.
SQL: SHOW COLUMNS FROM `wfx_shop_set` [ RunTime:0.0156s ]
SQL: SELECT * FROM `wfx_shop_set` LIMIT 1   [ RunTime:0.0000s ]
SQL: SHOW COLUMNS FROM `wfx_set` [ RunTime:0.0000s ]
SQL: SELECT * FROM `wfx_set` LIMIT 1   [ RunTime:0.0000s ]
SQL: SHOW COLUMNS FROM `wfx_vip` [ RunTime:0.0000s ]
SQL: SHOW COLUMNS FROM `wfx_vip_message` [ RunTime:0.0000s ]
SQL: SHOW COLUMNS FROM `wfx_vip_log_sub` [ RunTime:0.0000s ]
SQL: SHOW COLUMNS FROM `wfx_employee` [ RunTime:0.0000s ]
SQL: SHOW COLUMNS FROM `wfx_vip_set` [ RunTime:0.0156s ]
SQL: SELECT * FROM `wfx_vip_set` LIMIT 1   [ RunTime:0.0000s ]
INFO: [ app_end ] --START--
INFO: Run Behavior\ShowPageTraceBehavior [ RunTime:0.000000s ]
INFO: [ app_end ] --END-- [ RunTime:0.000000s ]

[ 2017-09-07T18:17:29+08:00 ] 140.207.54.75 /Home/Wx/index/token/cosmos?signature=855345379b1169bc0da3c2a02709bbe616d2e8d8&timestamp=1504779449&nonce=1319284691&openid=oCHmqjofiucBq6weexAoSImQNZiQ
INFO: [ app_init ] --START--
INFO: Run Behavior\BuildLiteBehavior [ RunTime:0.000000s ]
INFO: [ app_init ] --END-- [ RunTime:0.000000s ]
INFO: [ app_begin ] --START--
INFO: Run Behavior\ReadHtmlCacheBehavior [ RunTime:0.000000s ]
INFO: [ app_begin ] --END-- [ RunTime:0.000000s ]
NOTIC: [2] Missing argument 1 for Home\Controller\WxController::__construct(), called in E:\UPUPW\UPUPW_AP5.5_64\vhosts\wx.shikexu.com\ThinkPHP\Common\functions.php on line 710 and defined E:\UPUPW\UPUPW_AP5.5_64\vhosts\wx.shikexu.com\Application\Home\Controller\WxController.class.php 第 37 行.
SQL: SHOW COLUMNS FROM `wfx_shop_set` [ RunTime:0.0000s ]
SQL: SELECT * FROM `wfx_shop_set` LIMIT 1   [ RunTime:0.0000s ]
SQL: SHOW COLUMNS FROM `wfx_set` [ RunTime:0.0000s ]
SQL: SELECT * FROM `wfx_set` LIMIT 1   [ RunTime:0.0000s ]
SQL: SHOW COLUMNS FROM `wfx_vip` [ RunTime:0.0000s ]
SQL: SHOW COLUMNS FROM `wfx_vip_message` [ RunTime:0.0000s ]
SQL: SHOW COLUMNS FROM `wfx_vip_log_sub` [ RunTime:0.0000s ]
SQL: SHOW COLUMNS FROM `wfx_employee` [ RunTime:0.0000s ]
SQL: SHOW COLUMNS FROM `wfx_vip_set` [ RunTime:0.0000s ]
SQL: SELECT * FROM `wfx_vip_set` LIMIT 1   [ RunTime:0.0000s ]
INFO: [ app_end ] --START--
INFO: Run Behavior\ShowPageTraceBehavior [ RunTime:0.000000s ]
INFO: [ app_end ] --END-- [ RunTime:0.000000s ]

[ 2017-09-07T18:25:12+08:00 ] 140.207.54.75 /Home/Wx/index/token/cosmos?signature=e8f2c33ee91e0bc83ce7702bdf92ba08a80667c1&timestamp=1504779912&nonce=1261199104&openid=oCHmqjofiucBq6weexAoSImQNZiQ
INFO: [ app_init ] --START--
INFO: Run Behavior\BuildLiteBehavior [ RunTime:0.000000s ]
INFO: [ app_init ] --END-- [ RunTime:0.000000s ]
INFO: [ app_begin ] --START--
INFO: Run Behavior\ReadHtmlCacheBehavior [ RunTime:0.000000s ]
INFO: [ app_begin ] --END-- [ RunTime:0.000000s ]
NOTIC: [2] Missing argument 1 for Home\Controller\WxController::__construct(), called in E:\UPUPW\UPUPW_AP5.5_64\vhosts\wx.shikexu.com\ThinkPHP\Common\functions.php on line 710 and defined E:\UPUPW\UPUPW_AP5.5_64\vhosts\wx.shikexu.com\Application\Home\Controller\WxController.class.php 第 37 行.
SQL: SHOW COLUMNS FROM `wfx_shop_set` [ RunTime:0.0000s ]
SQL: SELECT * FROM `wfx_shop_set` LIMIT 1   [ RunTime:0.0000s ]
SQL: SHOW COLUMNS FROM `wfx_set` [ RunTime:0.0000s ]
SQL: SELECT * FROM `wfx_set` LIMIT 1   [ RunTime:0.0000s ]
SQL: SHOW COLUMNS FROM `wfx_vip` [ RunTime:0.0000s ]
SQL: SHOW COLUMNS FROM `wfx_vip_message` [ RunTime:0.0000s ]
SQL: SHOW COLUMNS FROM `wfx_vip_log_sub` [ RunTime:0.0000s ]
SQL: SHOW COLUMNS FROM `wfx_employee` [ RunTime:0.0000s ]
SQL: SHOW COLUMNS FROM `wfx_vip_set` [ RunTime:0.0156s ]
SQL: SELECT * FROM `wfx_vip_set` LIMIT 1   [ RunTime:0.0000s ]
INFO: [ app_end ] --START--
INFO: Run Behavior\ShowPageTraceBehavior [ RunTime:0.000000s ]
INFO: [ app_end ] --END-- [ RunTime:0.000000s ]

[ 2017-09-07T18:27:32+08:00 ] 140.207.54.75 /Home/Wx/index/token/cosmos?signature=438043f8cdcf6e1437ac16b3d1b6ab5695de624e&timestamp=1504780052&nonce=227699960&openid=oCHmqjo5bZlQ69pAEYQocKFv5Tjo
INFO: [ app_init ] --START--
INFO: Run Behavior\BuildLiteBehavior [ RunTime:0.000000s ]
INFO: [ app_init ] --END-- [ RunTime:0.000000s ]
INFO: [ app_begin ] --START--
INFO: Run Behavior\ReadHtmlCacheBehavior [ RunTime:0.000000s ]
INFO: [ app_begin ] --END-- [ RunTime:0.015625s ]
NOTIC: [2] Missing argument 1 for Home\Controller\WxController::__construct(), called in E:\UPUPW\UPUPW_AP5.5_64\vhosts\wx.shikexu.com\ThinkPHP\Common\functions.php on line 710 and defined E:\UPUPW\UPUPW_AP5.5_64\vhosts\wx.shikexu.com\Application\Home\Controller\WxController.class.php 第 37 行.
SQL: SHOW COLUMNS FROM `wfx_shop_set` [ RunTime:0.0000s ]
SQL: SELECT * FROM `wfx_shop_set` LIMIT 1   [ RunTime:0.0000s ]
SQL: SHOW COLUMNS FROM `wfx_set` [ RunTime:0.0000s ]
SQL: SELECT * FROM `wfx_set` LIMIT 1   [ RunTime:0.0000s ]
SQL: SHOW COLUMNS FROM `wfx_vip` [ RunTime:0.0000s ]
SQL: SHOW COLUMNS FROM `wfx_vip_message` [ RunTime:0.0000s ]
SQL: SHOW COLUMNS FROM `wfx_vip_log_sub` [ RunTime:0.0000s ]
SQL: SHOW COLUMNS FROM `wfx_employee` [ RunTime:0.0156s ]
SQL: SHOW COLUMNS FROM `wfx_vip_set` [ RunTime:0.0000s ]
SQL: SELECT * FROM `wfx_vip_set` LIMIT 1   [ RunTime:0.0000s ]
SQL: SELECT * FROM `wfx_vip` WHERE `openid` = 'oCHmqjo5bZlQ69pAEYQocKFv5Tjo' LIMIT 1   [ RunTime:0.0000s ]
INFO: [ app_end ] --START--
INFO: Run Behavior\ShowPageTraceBehavior [ RunTime:0.000000s ]
INFO: [ app_end ] --END-- [ RunTime:0.000000s ]

[ 2017-09-07T19:41:42+08:00 ] 140.207.54.79 /Home/Wx/index/token/cosmos?signature=e19ae9a7d7d4d60888f93b514917b1354576ca7f&timestamp=1504784502&nonce=11823267&openid=oCHmqjo6VTPJn_9oSpUjip8_rFAk
INFO: [ app_init ] --START--
INFO: Run Behavior\BuildLiteBehavior [ RunTime:0.000000s ]
INFO: [ app_init ] --END-- [ RunTime:0.000000s ]
INFO: [ app_begin ] --START--
INFO: Run Behavior\ReadHtmlCacheBehavior [ RunTime:0.000000s ]
INFO: [ app_begin ] --END-- [ RunTime:0.000000s ]
NOTIC: [2] Missing argument 1 for Home\Controller\WxController::__construct(), called in E:\UPUPW\UPUPW_AP5.5_64\vhosts\wx.shikexu.com\ThinkPHP\Common\functions.php on line 710 and defined E:\UPUPW\UPUPW_AP5.5_64\vhosts\wx.shikexu.com\Application\Home\Controller\WxController.class.php 第 37 行.
SQL: SHOW COLUMNS FROM `wfx_shop_set` [ RunTime:0.0000s ]
SQL: SELECT * FROM `wfx_shop_set` LIMIT 1   [ RunTime:0.0000s ]
SQL: SHOW COLUMNS FROM `wfx_set` [ RunTime:0.0000s ]
SQL: SELECT * FROM `wfx_set` LIMIT 1   [ RunTime:0.0000s ]
SQL: SHOW COLUMNS FROM `wfx_vip` [ RunTime:0.0000s ]
SQL: SHOW COLUMNS FROM `wfx_vip_message` [ RunTime:0.0000s ]
SQL: SHOW COLUMNS FROM `wfx_vip_log_sub` [ RunTime:0.0000s ]
SQL: SHOW COLUMNS FROM `wfx_employee` [ RunTime:0.0000s ]
SQL: SHOW COLUMNS FROM `wfx_vip_set` [ RunTime:0.0156s ]
SQL: SELECT * FROM `wfx_vip_set` LIMIT 1   [ RunTime:0.0000s ]
INFO: [ app_end ] --START--
INFO: Run Behavior\ShowPageTraceBehavior [ RunTime:0.000000s ]
INFO: [ app_end ] --END-- [ RunTime:0.000000s ]

[ 2017-09-07T20:36:45+08:00 ] 140.207.54.80 /Home/Wx/index/token/cosmos?signature=b169bec850e1336861b0a21db77d6240ddedc51e&timestamp=1504787805&nonce=1295492984&openid=oCHmqjiRTuUj5Nd2SocmCkbPzSYo
INFO: [ app_init ] --START--
INFO: Run Behavior\BuildLiteBehavior [ RunTime:0.000000s ]
INFO: [ app_init ] --END-- [ RunTime:0.000000s ]
INFO: [ app_begin ] --START--
INFO: Run Behavior\ReadHtmlCacheBehavior [ RunTime:0.000000s ]
INFO: [ app_begin ] --END-- [ RunTime:0.000000s ]
NOTIC: [2] Missing argument 1 for Home\Controller\WxController::__construct(), called in E:\UPUPW\UPUPW_AP5.5_64\vhosts\wx.shikexu.com\ThinkPHP\Common\functions.php on line 710 and defined E:\UPUPW\UPUPW_AP5.5_64\vhosts\wx.shikexu.com\Application\Home\Controller\WxController.class.php 第 37 行.
SQL: SHOW COLUMNS FROM `wfx_shop_set` [ RunTime:0.0000s ]
SQL: SELECT * FROM `wfx_shop_set` LIMIT 1   [ RunTime:0.0000s ]
SQL: SHOW COLUMNS FROM `wfx_set` [ RunTime:0.0000s ]
SQL: SELECT * FROM `wfx_set` LIMIT 1   [ RunTime:0.0000s ]
SQL: SHOW COLUMNS FROM `wfx_vip` [ RunTime:0.0000s ]
SQL: SHOW COLUMNS FROM `wfx_vip_message` [ RunTime:0.0000s ]
SQL: SHOW COLUMNS FROM `wfx_vip_log_sub` [ RunTime:0.0000s ]
SQL: SHOW COLUMNS FROM `wfx_employee` [ RunTime:0.0000s ]
SQL: SHOW COLUMNS FROM `wfx_vip_set` [ RunTime:0.0156s ]
SQL: SELECT * FROM `wfx_vip_set` LIMIT 1   [ RunTime:0.0000s ]
INFO: [ app_end ] --START--
INFO: Run Behavior\ShowPageTraceBehavior [ RunTime:0.000000s ]
INFO: [ app_end ] --END-- [ RunTime:0.000000s ]

[ 2017-09-07T20:51:43+08:00 ] 140.207.54.75 /Home/Wx/index/token/cosmos?signature=752c1c42decc3f43b7638eff691034c320f798b5&timestamp=1504788703&nonce=1302974785&openid=oCHmqjvA3F8UpYdi07rFkncqsM-A
INFO: [ app_init ] --START--
INFO: Run Behavior\BuildLiteBehavior [ RunTime:0.000000s ]
INFO: [ app_init ] --END-- [ RunTime:0.000000s ]
INFO: [ app_begin ] --START--
INFO: Run Behavior\ReadHtmlCacheBehavior [ RunTime:0.000000s ]
INFO: [ app_begin ] --END-- [ RunTime:0.000000s ]
NOTIC: [2] Missing argument 1 for Home\Controller\WxController::__construct(), called in E:\UPUPW\UPUPW_AP5.5_64\vhosts\wx.shikexu.com\ThinkPHP\Common\functions.php on line 710 and defined E:\UPUPW\UPUPW_AP5.5_64\vhosts\wx.shikexu.com\Application\Home\Controller\WxController.class.php 第 37 行.
SQL: SHOW COLUMNS FROM `wfx_shop_set` [ RunTime:0.0000s ]
SQL: SELECT * FROM `wfx_shop_set` LIMIT 1   [ RunTime:0.0000s ]
SQL: SHOW COLUMNS FROM `wfx_set` [ RunTime:0.0000s ]
SQL: SELECT * FROM `wfx_set` LIMIT 1   [ RunTime:0.0000s ]
SQL: SHOW COLUMNS FROM `wfx_vip` [ RunTime:0.0000s ]
SQL: SHOW COLUMNS FROM `wfx_vip_message` [ RunTime:0.0000s ]
SQL: SHOW COLUMNS FROM `wfx_vip_log_sub` [ RunTime:0.0000s ]
SQL: SHOW COLUMNS FROM `wfx_employee` [ RunTime:0.0000s ]
SQL: SHOW COLUMNS FROM `wfx_vip_set` [ RunTime:0.0000s ]
SQL: SELECT * FROM `wfx_vip_set` LIMIT 1   [ RunTime:0.0000s ]
INFO: [ app_end ] --START--
INFO: Run Behavior\ShowPageTraceBehavior [ RunTime:0.000000s ]
INFO: [ app_end ] --END-- [ RunTime:0.000000s ]

[ 2017-09-07T20:54:49+08:00 ] 140.207.54.76 /Home/Wx/index/token/cosmos?signature=1a985966af73da4c02e9148f5ce1f04ecc7cb51c&timestamp=1504788889&nonce=1189383002&openid=oCHmqjvA3F8UpYdi07rFkncqsM-A
INFO: [ app_init ] --START--
INFO: Run Behavior\BuildLiteBehavior [ RunTime:0.000000s ]
INFO: [ app_init ] --END-- [ RunTime:0.000000s ]
INFO: [ app_begin ] --START--
INFO: Run Behavior\ReadHtmlCacheBehavior [ RunTime:0.000000s ]
INFO: [ app_begin ] --END-- [ RunTime:0.000000s ]
NOTIC: [2] Missing argument 1 for Home\Controller\WxController::__construct(), called in E:\UPUPW\UPUPW_AP5.5_64\vhosts\wx.shikexu.com\ThinkPHP\Common\functions.php on line 710 and defined E:\UPUPW\UPUPW_AP5.5_64\vhosts\wx.shikexu.com\Application\Home\Controller\WxController.class.php 第 37 行.
SQL: SHOW COLUMNS FROM `wfx_shop_set` [ RunTime:0.0000s ]
SQL: SELECT * FROM `wfx_shop_set` LIMIT 1   [ RunTime:0.0000s ]
SQL: SHOW COLUMNS FROM `wfx_set` [ RunTime:0.0000s ]
SQL: SELECT * FROM `wfx_set` LIMIT 1   [ RunTime:0.0000s ]
SQL: SHOW COLUMNS FROM `wfx_vip` [ RunTime:0.0000s ]
SQL: SHOW COLUMNS FROM `wfx_vip_message` [ RunTime:0.0000s ]
SQL: SHOW COLUMNS FROM `wfx_vip_log_sub` [ RunTime:0.0156s ]
SQL: SHOW COLUMNS FROM `wfx_employee` [ RunTime:0.0000s ]
SQL: SHOW COLUMNS FROM `wfx_vip_set` [ RunTime:0.0000s ]
SQL: SELECT * FROM `wfx_vip_set` LIMIT 1   [ RunTime:0.0000s ]
INFO: [ app_end ] --START--
INFO: Run Behavior\ShowPageTraceBehavior [ RunTime:0.000000s ]
INFO: [ app_end ] --END-- [ RunTime:0.000000s ]

[ 2017-09-07T20:55:01+08:00 ] 140.207.54.76 /Home/Wx/index/token/cosmos?signature=21bb0ee6ef5a90ffa9e22ad445f4e23a9284d065&timestamp=1504788901&nonce=1605016780&openid=oCHmqjvA3F8UpYdi07rFkncqsM-A
INFO: [ app_init ] --START--
INFO: Run Behavior\BuildLiteBehavior [ RunTime:0.000000s ]
INFO: [ app_init ] --END-- [ RunTime:0.000000s ]
INFO: [ app_begin ] --START--
INFO: Run Behavior\ReadHtmlCacheBehavior [ RunTime:0.000000s ]
INFO: [ app_begin ] --END-- [ RunTime:0.000000s ]
NOTIC: [2] Missing argument 1 for Home\Controller\WxController::__construct(), called in E:\UPUPW\UPUPW_AP5.5_64\vhosts\wx.shikexu.com\ThinkPHP\Common\functions.php on line 710 and defined E:\UPUPW\UPUPW_AP5.5_64\vhosts\wx.shikexu.com\Application\Home\Controller\WxController.class.php 第 37 行.
SQL: SHOW COLUMNS FROM `wfx_shop_set` [ RunTime:0.0000s ]
SQL: SELECT * FROM `wfx_shop_set` LIMIT 1   [ RunTime:0.0000s ]
SQL: SHOW COLUMNS FROM `wfx_set` [ RunTime:0.0000s ]
SQL: SELECT * FROM `wfx_set` LIMIT 1   [ RunTime:0.0000s ]
SQL: SHOW COLUMNS FROM `wfx_vip` [ RunTime:0.0000s ]
SQL: SHOW COLUMNS FROM `wfx_vip_message` [ RunTime:0.0000s ]
SQL: SHOW COLUMNS FROM `wfx_vip_log_sub` [ RunTime:0.0000s ]
SQL: SHOW COLUMNS FROM `wfx_employee` [ RunTime:0.0000s ]
SQL: SHOW COLUMNS FROM `wfx_vip_set` [ RunTime:0.0156s ]
SQL: SELECT * FROM `wfx_vip_set` LIMIT 1   [ RunTime:0.0000s ]
INFO: [ app_end ] --START--
INFO: Run Behavior\ShowPageTraceBehavior [ RunTime:0.000000s ]
INFO: [ app_end ] --END-- [ RunTime:0.000000s ]

[ 2017-09-07T21:53:25+08:00 ] 140.207.54.75 /Home/Wx/index/token/cosmos?signature=97a4b11a097782242bbd0c63e4d50e772db203a4&timestamp=1504792405&nonce=1687425432&openid=oCHmqjmjsIbYY654hLKl2kw0dXYU
INFO: [ app_init ] --START--
INFO: Run Behavior\BuildLiteBehavior [ RunTime:0.000000s ]
INFO: [ app_init ] --END-- [ RunTime:0.000000s ]
INFO: [ app_begin ] --START--
INFO: Run Behavior\ReadHtmlCacheBehavior [ RunTime:0.000000s ]
INFO: [ app_begin ] --END-- [ RunTime:0.000000s ]
NOTIC: [2] Missing argument 1 for Home\Controller\WxController::__construct(), called in E:\UPUPW\UPUPW_AP5.5_64\vhosts\wx.shikexu.com\ThinkPHP\Common\functions.php on line 710 and defined E:\UPUPW\UPUPW_AP5.5_64\vhosts\wx.shikexu.com\Application\Home\Controller\WxController.class.php 第 37 行.
SQL: SHOW COLUMNS FROM `wfx_shop_set` [ RunTime:0.0000s ]
SQL: SELECT * FROM `wfx_shop_set` LIMIT 1   [ RunTime:0.0000s ]
SQL: SHOW COLUMNS FROM `wfx_set` [ RunTime:0.0000s ]
SQL: SELECT * FROM `wfx_set` LIMIT 1   [ RunTime:0.0000s ]
SQL: SHOW COLUMNS FROM `wfx_vip` [ RunTime:0.0000s ]
SQL: SHOW COLUMNS FROM `wfx_vip_message` [ RunTime:0.0000s ]
SQL: SHOW COLUMNS FROM `wfx_vip_log_sub` [ RunTime:0.0000s ]
SQL: SHOW COLUMNS FROM `wfx_employee` [ RunTime:0.0000s ]
SQL: SHOW COLUMNS FROM `wfx_vip_set` [ RunTime:0.0000s ]
SQL: SELECT * FROM `wfx_vip_set` LIMIT 1   [ RunTime:0.0000s ]
INFO: [ app_end ] --START--
INFO: Run Behavior\ShowPageTraceBehavior [ RunTime:0.000000s ]
INFO: [ app_end ] --END-- [ RunTime:0.000000s ]

[ 2017-09-07T22:42:08+08:00 ] 140.207.54.76 /Home/Wx/index/token/cosmos?signature=460a72b36535040a1ba29596262a36a0965939ce&timestamp=1504795328&nonce=598797826&openid=oCHmqjjYA0snYNJ6giEh63RlwAbg
INFO: [ app_init ] --START--
INFO: Run Behavior\BuildLiteBehavior [ RunTime:0.000000s ]
INFO: [ app_init ] --END-- [ RunTime:0.000000s ]
INFO: [ app_begin ] --START--
INFO: Run Behavior\ReadHtmlCacheBehavior [ RunTime:0.000000s ]
INFO: [ app_begin ] --END-- [ RunTime:0.000000s ]
NOTIC: [2] Missing argument 1 for Home\Controller\WxController::__construct(), called in E:\UPUPW\UPUPW_AP5.5_64\vhosts\wx.shikexu.com\ThinkPHP\Common\functions.php on line 710 and defined E:\UPUPW\UPUPW_AP5.5_64\vhosts\wx.shikexu.com\Application\Home\Controller\WxController.class.php 第 37 行.
SQL: SHOW COLUMNS FROM `wfx_shop_set` [ RunTime:0.0000s ]
SQL: SELECT * FROM `wfx_shop_set` LIMIT 1   [ RunTime:0.0000s ]
SQL: SHOW COLUMNS FROM `wfx_set` [ RunTime:0.0000s ]
SQL: SELECT * FROM `wfx_set` LIMIT 1   [ RunTime:0.0000s ]
SQL: SHOW COLUMNS FROM `wfx_vip` [ RunTime:0.0000s ]
SQL: SHOW COLUMNS FROM `wfx_vip_message` [ RunTime:0.0000s ]
SQL: SHOW COLUMNS FROM `wfx_vip_log_sub` [ RunTime:0.0000s ]
SQL: SHOW COLUMNS FROM `wfx_employee` [ RunTime:0.0000s ]
SQL: SHOW COLUMNS FROM `wfx_vip_set` [ RunTime:0.0000s ]
SQL: SELECT * FROM `wfx_vip_set` LIMIT 1   [ RunTime:0.0000s ]
INFO: [ app_end ] --START--
INFO: Run Behavior\ShowPageTraceBehavior [ RunTime:0.000000s ]
INFO: [ app_end ] --END-- [ RunTime:0.000000s ]

[ 2017-09-07T23:13:31+08:00 ] 140.207.54.75 /Home/Wx/index/token/cosmos?signature=e5ef6ff8844b8809ab2a18723d7b2cfdf8d5c950&timestamp=1504797211&nonce=1444674171&openid=oCHmqjmjsIbYY654hLKl2kw0dXYU
INFO: [ app_init ] --START--
INFO: Run Behavior\BuildLiteBehavior [ RunTime:0.000000s ]
INFO: [ app_init ] --END-- [ RunTime:0.000000s ]
INFO: [ app_begin ] --START--
INFO: Run Behavior\ReadHtmlCacheBehavior [ RunTime:0.000000s ]
INFO: [ app_begin ] --END-- [ RunTime:0.000000s ]
NOTIC: [2] Missing argument 1 for Home\Controller\WxController::__construct(), called in E:\UPUPW\UPUPW_AP5.5_64\vhosts\wx.shikexu.com\ThinkPHP\Common\functions.php on line 710 and defined E:\UPUPW\UPUPW_AP5.5_64\vhosts\wx.shikexu.com\Application\Home\Controller\WxController.class.php 第 37 行.
SQL: SHOW COLUMNS FROM `wfx_shop_set` [ RunTime:0.0000s ]
SQL: SELECT * FROM `wfx_shop_set` LIMIT 1   [ RunTime:0.0000s ]
SQL: SHOW COLUMNS FROM `wfx_set` [ RunTime:0.0000s ]
SQL: SELECT * FROM `wfx_set` LIMIT 1   [ RunTime:0.0000s ]
SQL: SHOW COLUMNS FROM `wfx_vip` [ RunTime:0.0000s ]
SQL: SHOW COLUMNS FROM `wfx_vip_message` [ RunTime:0.0156s ]
SQL: SHOW COLUMNS FROM `wfx_vip_log_sub` [ RunTime:0.0000s ]
SQL: SHOW COLUMNS FROM `wfx_employee` [ RunTime:0.0000s ]
SQL: SHOW COLUMNS FROM `wfx_vip_set` [ RunTime:0.0000s ]
SQL: SELECT * FROM `wfx_vip_set` LIMIT 1   [ RunTime:0.0000s ]
INFO: [ app_end ] --START--
INFO: Run Behavior\ShowPageTraceBehavior [ RunTime:0.000000s ]
INFO: [ app_end ] --END-- [ RunTime:0.000000s ]

