[ 2017-09-08T00:12:08+08:00 ] 140.207.54.76 /Home/Wx/index/token/cosmos?signature=3e7e44208497fcfe911d86c5c7bfdaf9709b740a&timestamp=1504800728&nonce=1510296173&openid=oCHmqjtqLoYLlaA2UdpeGVZD_KhU
INFO: [ app_init ] --START--
INFO: Run Behavior\BuildLiteBehavior [ RunTime:0.000000s ]
INFO: [ app_init ] --END-- [ RunTime:0.000000s ]
INFO: [ app_begin ] --START--
INFO: Run Behavior\ReadHtmlCacheBehavior [ RunTime:0.000000s ]
INFO: [ app_begin ] --END-- [ RunTime:0.000000s ]
NOTIC: [2] Missing argument 1 for Home\Controller\WxController::__construct(), called in E:\UPUPW\UPUPW_AP5.5_64\vhosts\wx.shikexu.com\ThinkPHP\Common\functions.php on line 710 and defined E:\UPUPW\UPUPW_AP5.5_64\vhosts\wx.shikexu.com\Application\Home\Controller\WxController.class.php 第 37 行.
SQL: SHOW COLUMNS FROM `wfx_shop_set` [ RunTime:0.0000s ]
SQL: SELECT * FROM `wfx_shop_set` LIMIT 1   [ RunTime:0.0000s ]
SQL: SHOW COLUMNS FROM `wfx_set` [ RunTime:0.0000s ]
SQL: SELECT * FROM `wfx_set` LIMIT 1   [ RunTime:0.0000s ]
SQL: SHOW COLUMNS FROM `wfx_vip` [ RunTime:0.0000s ]
SQL: SHOW COLUMNS FROM `wfx_vip_message` [ RunTime:0.0000s ]
SQL: SHOW COLUMNS FROM `wfx_vip_log_sub` [ RunTime:0.0000s ]
SQL: SHOW COLUMNS FROM `wfx_employee` [ RunTime:0.0000s ]
SQL: SHOW COLUMNS FROM `wfx_vip_set` [ RunTime:0.0156s ]
SQL: SELECT * FROM `wfx_vip_set` LIMIT 1   [ RunTime:0.0000s ]
SQL: SELECT * FROM `wfx_vip` WHERE `openid` = 'oCHmqjtqLoYLlaA2UdpeGVZD_KhU' LIMIT 1   [ RunTime:0.0000s ]
INFO: [ app_end ] --START--
INFO: Run Behavior\ShowPageTraceBehavior [ RunTime:0.000000s ]
INFO: [ app_end ] --END-- [ RunTime:0.000000s ]

[ 2017-09-08T02:30:00+08:00 ] 140.207.54.75 /Home/Wx/index/token/cosmos?signature=d4e6fa109db0d757e9b1565c67a08aa151e6dd0f&timestamp=1504809000&nonce=1184924168&openid=oCHmqjjYA0snYNJ6giEh63RlwAbg
INFO: [ app_init ] --START--
INFO: Run Behavior\BuildLiteBehavior [ RunTime:0.000000s ]
INFO: [ app_init ] --END-- [ RunTime:0.000000s ]
INFO: [ app_begin ] --START--
INFO: Run Behavior\ReadHtmlCacheBehavior [ RunTime:0.000000s ]
INFO: [ app_begin ] --END-- [ RunTime:0.000000s ]
NOTIC: [2] Missing argument 1 for Home\Controller\WxController::__construct(), called in E:\UPUPW\UPUPW_AP5.5_64\vhosts\wx.shikexu.com\ThinkPHP\Common\functions.php on line 710 and defined E:\UPUPW\UPUPW_AP5.5_64\vhosts\wx.shikexu.com\Application\Home\Controller\WxController.class.php 第 37 行.
SQL: SHOW COLUMNS FROM `wfx_shop_set` [ RunTime:0.0000s ]
SQL: SELECT * FROM `wfx_shop_set` LIMIT 1   [ RunTime:0.0000s ]
SQL: SHOW COLUMNS FROM `wfx_set` [ RunTime:0.0000s ]
SQL: SELECT * FROM `wfx_set` LIMIT 1   [ RunTime:0.0000s ]
SQL: SHOW COLUMNS FROM `wfx_vip` [ RunTime:0.0000s ]
SQL: SHOW COLUMNS FROM `wfx_vip_message` [ RunTime:0.0156s ]
SQL: SHOW COLUMNS FROM `wfx_vip_log_sub` [ RunTime:0.0000s ]
SQL: SHOW COLUMNS FROM `wfx_employee` [ RunTime:0.0000s ]
SQL: SHOW COLUMNS FROM `wfx_vip_set` [ RunTime:0.0000s ]
SQL: SELECT * FROM `wfx_vip_set` LIMIT 1   [ RunTime:0.0000s ]
INFO: [ app_end ] --START--
INFO: Run Behavior\ShowPageTraceBehavior [ RunTime:0.000000s ]
INFO: [ app_end ] --END-- [ RunTime:0.000000s ]

[ 2017-09-08T09:44:17+08:00 ] 140.207.54.75 /Home/Wx/index/token/cosmos?signature=d9d72ca3e0eb4f78addce7df8b798b6319eaf1bc&timestamp=1504835057&nonce=1979126973&openid=oCHmqjjt5Cy0B4iwGHQ9FNrq629g
INFO: [ app_init ] --START--
INFO: Run Behavior\BuildLiteBehavior [ RunTime:0.000000s ]
INFO: [ app_init ] --END-- [ RunTime:0.000000s ]
INFO: [ app_begin ] --START--
INFO: Run Behavior\ReadHtmlCacheBehavior [ RunTime:0.000000s ]
INFO: [ app_begin ] --END-- [ RunTime:0.000000s ]
NOTIC: [2] Missing argument 1 for Home\Controller\WxController::__construct(), called in E:\UPUPW\UPUPW_AP5.5_64\vhosts\wx.shikexu.com\ThinkPHP\Common\functions.php on line 710 and defined E:\UPUPW\UPUPW_AP5.5_64\vhosts\wx.shikexu.com\Application\Home\Controller\WxController.class.php 第 37 行.
SQL: SHOW COLUMNS FROM `wfx_shop_set` [ RunTime:0.0000s ]
SQL: SELECT * FROM `wfx_shop_set` LIMIT 1   [ RunTime:0.0000s ]
SQL: SHOW COLUMNS FROM `wfx_set` [ RunTime:0.0000s ]
SQL: SELECT * FROM `wfx_set` LIMIT 1   [ RunTime:0.0000s ]
SQL: SHOW COLUMNS FROM `wfx_vip` [ RunTime:0.0000s ]
SQL: SHOW COLUMNS FROM `wfx_vip_message` [ RunTime:0.0000s ]
SQL: SHOW COLUMNS FROM `wfx_vip_log_sub` [ RunTime:0.0000s ]
SQL: SHOW COLUMNS FROM `wfx_employee` [ RunTime:0.0156s ]
SQL: SHOW COLUMNS FROM `wfx_vip_set` [ RunTime:0.0000s ]
SQL: SELECT * FROM `wfx_vip_set` LIMIT 1   [ RunTime:0.0000s ]
INFO: [ app_end ] --START--
INFO: Run Behavior\ShowPageTraceBehavior [ RunTime:0.000000s ]
INFO: [ app_end ] --END-- [ RunTime:0.000000s ]

[ 2017-09-08T10:42:23+08:00 ] 140.207.54.76 /Home/Wx/index/token/cosmos?signature=e46d31c163f705b64939357ec615358c16e8ea6f&timestamp=1504838542&nonce=1848539760&openid=oCHmqjm5EgIrzAkztP9-uYDnEqSs
INFO: [ app_init ] --START--
INFO: Run Behavior\BuildLiteBehavior [ RunTime:0.000000s ]
INFO: [ app_init ] --END-- [ RunTime:0.000000s ]
INFO: [ app_begin ] --START--
INFO: Run Behavior\ReadHtmlCacheBehavior [ RunTime:0.000000s ]
INFO: [ app_begin ] --END-- [ RunTime:0.000000s ]
NOTIC: [2] Missing argument 1 for Home\Controller\WxController::__construct(), called in E:\UPUPW\UPUPW_AP5.5_64\vhosts\wx.shikexu.com\ThinkPHP\Common\functions.php on line 710 and defined E:\UPUPW\UPUPW_AP5.5_64\vhosts\wx.shikexu.com\Application\Home\Controller\WxController.class.php 第 37 行.
SQL: SHOW COLUMNS FROM `wfx_shop_set` [ RunTime:0.0000s ]
SQL: SELECT * FROM `wfx_shop_set` LIMIT 1   [ RunTime:0.0000s ]
SQL: SHOW COLUMNS FROM `wfx_set` [ RunTime:0.0000s ]
SQL: SELECT * FROM `wfx_set` LIMIT 1   [ RunTime:0.0000s ]
SQL: SHOW COLUMNS FROM `wfx_vip` [ RunTime:0.0000s ]
SQL: SHOW COLUMNS FROM `wfx_vip_message` [ RunTime:0.0000s ]
SQL: SHOW COLUMNS FROM `wfx_vip_log_sub` [ RunTime:0.0000s ]
SQL: SHOW COLUMNS FROM `wfx_employee` [ RunTime:0.0000s ]
SQL: SHOW COLUMNS FROM `wfx_vip_set` [ RunTime:0.0156s ]
SQL: SELECT * FROM `wfx_vip_set` LIMIT 1   [ RunTime:0.0000s ]
SQL: SELECT * FROM `wfx_vip` WHERE `openid` = 'oCHmqjm5EgIrzAkztP9-uYDnEqSs' LIMIT 1   [ RunTime:0.0000s ]
SQL: SELECT * FROM `wfx_vip_set` LIMIT 1   [ RunTime:0.0000s ]
NOTIC: [8] Undefined index: id E:\UPUPW\UPUPW_AP5.5_64\vhosts\wx.shikexu.com\Application\Home\Controller\WxController.class.php 第 435 行.
SQL: SELECT * FROM `wfx_employee` WHERE `weight` > 0  [ RunTime:0.0000s ]
SQL: SELECT SUM(weight) AS tp_sum FROM `wfx_employee` WHERE `weight` > 0 LIMIT 1   [ RunTime:0.0000s ]
SQL: INSERT INTO `wfx_vip` (`subscribe`,`openid`,`nickname`,`sex`,`language`,`city`,`province`,`country`,`headimgurl`,`subscribe_time`,`remark`,`score`,`exp`,`cur_exp`,`levelid`,`cctime`,`ctime`,`pid`,`path`,`plv`,`employee`) VALUES ('1','oCHmqjm5EgIrzAkztP9-uYDnEqSs','ホホ゛','1','zh_CN','广州','广东','中国','http://wx.qlogo.cn/mmopen/fhRsBY3FKAAeUR3g7nlSPJP03vFQyfUqohxWXXib78prfffTKaN9x5BdraYn8XcLjrv7LU6GjZVlQ7v2LtM7CzrflcIcHfzdz/0','1504838542','','100','20','20','1','1504838543','1504838543','0','0','1','0') [ RunTime:0.0000s ]
SQL: SHOW COLUMNS FROM `wfx_vip_log` [ RunTime:0.0000s ]
SQL: INSERT INTO `wfx_vip_log` (`ip`,`vipid`,`ctime`,`openid`,`nickname`,`event`,`score`,`exp`,`type`) VALUES ('wechat','1179','1504838543','oCHmqjm5EgIrzAkztP9-uYDnEqSs','ホホ゛','会员注册','100','20','4') [ RunTime:0.0000s ]
SQL: INSERT INTO `wfx_vip_log_sub` (`ppid`,`from`,`fromname`,`to`,`toname`,`issub`,`ctime`) VALUES ('0','1179','ホホ゛','0','百利达车行','1','1504838543') [ RunTime:0.0156s ]
SQL: SELECT * FROM `wfx_vip` WHERE `id` = 0 LIMIT 1   [ RunTime:0.0000s ]
SQL: SHOW COLUMNS FROM `wfx_upload_img` [ RunTime:0.0000s ]
NOTIC: [8192] Function split() is deprecated E:\UPUPW\UPUPW_AP5.5_64\vhosts\wx.shikexu.com\Application\Home\Controller\WxController.class.php 第 956 行.
SQL: SELECT * FROM `wfx_upload_img` WHERE `id` = 167 LIMIT 1   [ RunTime:0.0000s ]
INFO: [ app_end ] --START--
INFO: Run Behavior\ShowPageTraceBehavior [ RunTime:0.000000s ]
INFO: [ app_end ] --END-- [ RunTime:0.000000s ]

[ 2017-09-08T10:42:33+08:00 ] 140.207.54.75 /Home/Wx/index/token/cosmos?signature=35f5e4d49ff539f073f7830cff28e9c5a997de60&timestamp=1504838553&nonce=730403548&openid=oCHmqjm5EgIrzAkztP9-uYDnEqSs
INFO: [ app_init ] --START--
INFO: Run Behavior\BuildLiteBehavior [ RunTime:0.000000s ]
INFO: [ app_init ] --END-- [ RunTime:0.000000s ]
INFO: [ app_begin ] --START--
INFO: Run Behavior\ReadHtmlCacheBehavior [ RunTime:0.000000s ]
INFO: [ app_begin ] --END-- [ RunTime:0.000000s ]
NOTIC: [2] Missing argument 1 for Home\Controller\WxController::__construct(), called in E:\UPUPW\UPUPW_AP5.5_64\vhosts\wx.shikexu.com\ThinkPHP\Common\functions.php on line 710 and defined E:\UPUPW\UPUPW_AP5.5_64\vhosts\wx.shikexu.com\Application\Home\Controller\WxController.class.php 第 37 行.
SQL: SHOW COLUMNS FROM `wfx_shop_set` [ RunTime:0.0000s ]
SQL: SELECT * FROM `wfx_shop_set` LIMIT 1   [ RunTime:0.0000s ]
SQL: SHOW COLUMNS FROM `wfx_set` [ RunTime:0.0000s ]
SQL: SELECT * FROM `wfx_set` LIMIT 1   [ RunTime:0.0000s ]
SQL: SHOW COLUMNS FROM `wfx_vip` [ RunTime:0.0000s ]
SQL: SHOW COLUMNS FROM `wfx_vip_message` [ RunTime:0.0000s ]
SQL: SHOW COLUMNS FROM `wfx_vip_log_sub` [ RunTime:0.0000s ]
SQL: SHOW COLUMNS FROM `wfx_employee` [ RunTime:0.0000s ]
SQL: SHOW COLUMNS FROM `wfx_vip_set` [ RunTime:0.0000s ]
SQL: SELECT * FROM `wfx_vip_set` LIMIT 1   [ RunTime:0.0000s ]
INFO: [ app_end ] --START--
INFO: Run Behavior\ShowPageTraceBehavior [ RunTime:0.000000s ]
INFO: [ app_end ] --END-- [ RunTime:0.000000s ]

[ 2017-09-08T10:42:39+08:00 ] 117.185.27.115 /Home/Wx/index/token/cosmos
INFO: [ app_init ] --START--
INFO: Run Behavior\BuildLiteBehavior [ RunTime:0.000000s ]
INFO: [ app_init ] --END-- [ RunTime:0.000000s ]
INFO: [ app_begin ] --START--
INFO: Run Behavior\ReadHtmlCacheBehavior [ RunTime:0.000000s ]
INFO: [ app_begin ] --END-- [ RunTime:0.000000s ]
NOTIC: [2] Missing argument 1 for Home\Controller\WxController::__construct(), called in E:\UPUPW\UPUPW_AP5.5_64\vhosts\wx.shikexu.com\ThinkPHP\Common\functions.php on line 710 and defined E:\UPUPW\UPUPW_AP5.5_64\vhosts\wx.shikexu.com\Application\Home\Controller\WxController.class.php 第 37 行.
SQL: SHOW COLUMNS FROM `wfx_shop_set` [ RunTime:0.0000s ]
SQL: SELECT * FROM `wfx_shop_set` LIMIT 1   [ RunTime:0.0000s ]
SQL: SHOW COLUMNS FROM `wfx_set` [ RunTime:0.0000s ]
SQL: SELECT * FROM `wfx_set` LIMIT 1   [ RunTime:0.0000s ]
SQL: SHOW COLUMNS FROM `wfx_vip` [ RunTime:0.0000s ]
SQL: SHOW COLUMNS FROM `wfx_vip_message` [ RunTime:0.0000s ]
SQL: SHOW COLUMNS FROM `wfx_vip_log_sub` [ RunTime:0.0000s ]
SQL: SHOW COLUMNS FROM `wfx_employee` [ RunTime:0.0000s ]
SQL: SHOW COLUMNS FROM `wfx_vip_set` [ RunTime:0.0156s ]
SQL: SELECT * FROM `wfx_vip_set` LIMIT 1   [ RunTime:0.0000s ]

[ 2017-09-08T11:05:48+08:00 ] 140.207.54.75 /Home/Wx/index/token/cosmos?signature=e05896c2473d8bc44853cc017f700dc9e4336cf2&timestamp=1504839948&nonce=1033743597&openid=oCHmqjm5EgIrzAkztP9-uYDnEqSs
INFO: [ app_init ] --START--
INFO: Run Behavior\BuildLiteBehavior [ RunTime:0.000000s ]
INFO: [ app_init ] --END-- [ RunTime:0.000000s ]
INFO: [ app_begin ] --START--
INFO: Run Behavior\ReadHtmlCacheBehavior [ RunTime:0.000000s ]
INFO: [ app_begin ] --END-- [ RunTime:0.000000s ]
NOTIC: [2] Missing argument 1 for Home\Controller\WxController::__construct(), called in E:\UPUPW\UPUPW_AP5.5_64\vhosts\wx.shikexu.com\ThinkPHP\Common\functions.php on line 710 and defined E:\UPUPW\UPUPW_AP5.5_64\vhosts\wx.shikexu.com\Application\Home\Controller\WxController.class.php 第 37 行.
SQL: SHOW COLUMNS FROM `wfx_shop_set` [ RunTime:0.0000s ]
SQL: SELECT * FROM `wfx_shop_set` LIMIT 1   [ RunTime:0.0000s ]
SQL: SHOW COLUMNS FROM `wfx_set` [ RunTime:0.0000s ]
SQL: SELECT * FROM `wfx_set` LIMIT 1   [ RunTime:0.0000s ]
SQL: SHOW COLUMNS FROM `wfx_vip` [ RunTime:0.0000s ]
SQL: SHOW COLUMNS FROM `wfx_vip_message` [ RunTime:0.0000s ]
SQL: SHOW COLUMNS FROM `wfx_vip_log_sub` [ RunTime:0.0000s ]
SQL: SHOW COLUMNS FROM `wfx_employee` [ RunTime:0.0000s ]
SQL: SHOW COLUMNS FROM `wfx_vip_set` [ RunTime:0.0000s ]
SQL: SELECT * FROM `wfx_vip_set` LIMIT 1   [ RunTime:0.0000s ]
SQL: SELECT * FROM `wfx_vip` WHERE `openid` = 'oCHmqjm5EgIrzAkztP9-uYDnEqSs' LIMIT 1   [ RunTime:0.0000s ]
SQL: UPDATE `wfx_vip` SET `subscribe`='0' WHERE `openid` = 'oCHmqjm5EgIrzAkztP9-uYDnEqSs' [ RunTime:0.0000s ]
NOTIC: [8] Undefined index: ppid E:\UPUPW\UPUPW_AP5.5_64\vhosts\wx.shikexu.com\Application\Home\Controller\WxController.class.php 第 615 行.
SQL: INSERT INTO `wfx_vip_log_sub` (`ppid`,`from`,`fromname`,`to`,`toname`,`issub`,`ctime`) VALUES ('0','1179','ホホ゛','0','百利达车行','0','1504839948') [ RunTime:0.0000s ]
INFO: [ app_end ] --START--
INFO: Run Behavior\ShowPageTraceBehavior [ RunTime:0.000000s ]
INFO: [ app_end ] --END-- [ RunTime:0.000000s ]

[ 2017-09-08T11:28:33+08:00 ] 140.207.54.76 /Home/Wx/index/token/cosmos?signature=b0fefe202fb8317d030055bc666eb73b7d533a6b&timestamp=1504841313&nonce=69548960&openid=oCHmqjtbx-hUPzfYt2nSonyPfCCc
INFO: [ app_init ] --START--
INFO: Run Behavior\BuildLiteBehavior [ RunTime:0.000000s ]
INFO: [ app_init ] --END-- [ RunTime:0.000000s ]
INFO: [ app_begin ] --START--
INFO: Run Behavior\ReadHtmlCacheBehavior [ RunTime:0.000000s ]
INFO: [ app_begin ] --END-- [ RunTime:0.000000s ]
NOTIC: [2] Missing argument 1 for Home\Controller\WxController::__construct(), called in E:\UPUPW\UPUPW_AP5.5_64\vhosts\wx.shikexu.com\ThinkPHP\Common\functions.php on line 710 and defined E:\UPUPW\UPUPW_AP5.5_64\vhosts\wx.shikexu.com\Application\Home\Controller\WxController.class.php 第 37 行.
SQL: SHOW COLUMNS FROM `wfx_shop_set` [ RunTime:0.0000s ]
SQL: SELECT * FROM `wfx_shop_set` LIMIT 1   [ RunTime:0.0000s ]
SQL: SHOW COLUMNS FROM `wfx_set` [ RunTime:0.0000s ]
SQL: SELECT * FROM `wfx_set` LIMIT 1   [ RunTime:0.0000s ]
SQL: SHOW COLUMNS FROM `wfx_vip` [ RunTime:0.0000s ]
SQL: SHOW COLUMNS FROM `wfx_vip_message` [ RunTime:0.0000s ]
SQL: SHOW COLUMNS FROM `wfx_vip_log_sub` [ RunTime:0.0000s ]
SQL: SHOW COLUMNS FROM `wfx_employee` [ RunTime:0.0000s ]
SQL: SHOW COLUMNS FROM `wfx_vip_set` [ RunTime:0.0000s ]
SQL: SELECT * FROM `wfx_vip_set` LIMIT 1   [ RunTime:0.0000s ]
INFO: [ app_end ] --START--
INFO: Run Behavior\ShowPageTraceBehavior [ RunTime:0.000000s ]
INFO: [ app_end ] --END-- [ RunTime:0.000000s ]

[ 2017-09-08T12:01:36+08:00 ] 140.207.54.76 /Home/Wx/index/token/cosmos?signature=31fd03f877168b3e4696c8405128b5f9f33838c8&timestamp=1504843296&nonce=1315728136&openid=oCHmqjgPOaVNw8KAT9S2DHkq9HNo
INFO: [ app_init ] --START--
INFO: Run Behavior\BuildLiteBehavior [ RunTime:0.000000s ]
INFO: [ app_init ] --END-- [ RunTime:0.000000s ]
INFO: [ app_begin ] --START--
INFO: Run Behavior\ReadHtmlCacheBehavior [ RunTime:0.000000s ]
INFO: [ app_begin ] --END-- [ RunTime:0.000000s ]
NOTIC: [2] Missing argument 1 for Home\Controller\WxController::__construct(), called in E:\UPUPW\UPUPW_AP5.5_64\vhosts\wx.shikexu.com\ThinkPHP\Common\functions.php on line 710 and defined E:\UPUPW\UPUPW_AP5.5_64\vhosts\wx.shikexu.com\Application\Home\Controller\WxController.class.php 第 37 行.
SQL: SHOW COLUMNS FROM `wfx_shop_set` [ RunTime:0.0000s ]
SQL: SELECT * FROM `wfx_shop_set` LIMIT 1   [ RunTime:0.0000s ]
SQL: SHOW COLUMNS FROM `wfx_set` [ RunTime:0.0000s ]
SQL: SELECT * FROM `wfx_set` LIMIT 1   [ RunTime:0.0000s ]
SQL: SHOW COLUMNS FROM `wfx_vip` [ RunTime:0.0000s ]
SQL: SHOW COLUMNS FROM `wfx_vip_message` [ RunTime:0.0000s ]
SQL: SHOW COLUMNS FROM `wfx_vip_log_sub` [ RunTime:0.0000s ]
SQL: SHOW COLUMNS FROM `wfx_employee` [ RunTime:0.0000s ]
SQL: SHOW COLUMNS FROM `wfx_vip_set` [ RunTime:0.0156s ]
SQL: SELECT * FROM `wfx_vip_set` LIMIT 1   [ RunTime:0.0000s ]
INFO: [ app_end ] --START--
INFO: Run Behavior\ShowPageTraceBehavior [ RunTime:0.000000s ]
INFO: [ app_end ] --END-- [ RunTime:0.000000s ]

[ 2017-09-08T12:30:19+08:00 ] 140.207.54.75 /Home/Wx/index/token/cosmos?signature=4503cdc655262421486f78ca9a41047cbdfcc56f&timestamp=1504845019&nonce=739421223&openid=oCHmqjsorHUo9ISZ4cy2LebEtGMY
INFO: [ app_init ] --START--
INFO: Run Behavior\BuildLiteBehavior [ RunTime:0.000000s ]
INFO: [ app_init ] --END-- [ RunTime:0.000000s ]
INFO: [ app_begin ] --START--
INFO: Run Behavior\ReadHtmlCacheBehavior [ RunTime:0.000000s ]
INFO: [ app_begin ] --END-- [ RunTime:0.000000s ]
NOTIC: [2] Missing argument 1 for Home\Controller\WxController::__construct(), called in E:\UPUPW\UPUPW_AP5.5_64\vhosts\wx.shikexu.com\ThinkPHP\Common\functions.php on line 710 and defined E:\UPUPW\UPUPW_AP5.5_64\vhosts\wx.shikexu.com\Application\Home\Controller\WxController.class.php 第 37 行.
SQL: SHOW COLUMNS FROM `wfx_shop_set` [ RunTime:0.0000s ]
SQL: SELECT * FROM `wfx_shop_set` LIMIT 1   [ RunTime:0.0000s ]
SQL: SHOW COLUMNS FROM `wfx_set` [ RunTime:0.0000s ]
SQL: SELECT * FROM `wfx_set` LIMIT 1   [ RunTime:0.0000s ]
SQL: SHOW COLUMNS FROM `wfx_vip` [ RunTime:0.0000s ]
SQL: SHOW COLUMNS FROM `wfx_vip_message` [ RunTime:0.0000s ]
SQL: SHOW COLUMNS FROM `wfx_vip_log_sub` [ RunTime:0.0156s ]
SQL: SHOW COLUMNS FROM `wfx_employee` [ RunTime:0.0000s ]
SQL: SHOW COLUMNS FROM `wfx_vip_set` [ RunTime:0.0000s ]
SQL: SELECT * FROM `wfx_vip_set` LIMIT 1   [ RunTime:0.0000s ]
SQL: SELECT * FROM `wfx_vip` WHERE `openid` = 'oCHmqjsorHUo9ISZ4cy2LebEtGMY' LIMIT 1   [ RunTime:0.0000s ]
SQL: SELECT * FROM `wfx_vip_set` LIMIT 1   [ RunTime:0.0000s ]
NOTIC: [8] Undefined index: id E:\UPUPW\UPUPW_AP5.5_64\vhosts\wx.shikexu.com\Application\Home\Controller\WxController.class.php 第 435 行.
SQL: SELECT * FROM `wfx_employee` WHERE `weight` > 0  [ RunTime:0.0000s ]
SQL: SELECT SUM(weight) AS tp_sum FROM `wfx_employee` WHERE `weight` > 0 LIMIT 1   [ RunTime:0.0000s ]
SQL: INSERT INTO `wfx_vip` (`subscribe`,`openid`,`nickname`,`sex`,`language`,`city`,`province`,`country`,`headimgurl`,`subscribe_time`,`remark`,`score`,`exp`,`cur_exp`,`levelid`,`cctime`,`ctime`,`pid`,`path`,`plv`,`employee`) VALUES ('1','oCHmqjsorHUo9ISZ4cy2LebEtGMY','www.隔壁小張.com','1','zh_CN','惠州','广东','中国','http://wx.qlogo.cn/mmopen/4GYpLGUKB2d8jRr0yTibSTxich9vKuQlGwwCnne0pVDJ99Rx4o5D2hdz7J8fuXqL9N6Q62lD4amVEiaJVH0T2PTMLf8hFOxjUxU/0','1504845019','','100','20','20','1','1504845019','1504845019','0','0','1','0') [ RunTime:0.0000s ]
SQL: SHOW COLUMNS FROM `wfx_vip_log` [ RunTime:0.0000s ]
SQL: INSERT INTO `wfx_vip_log` (`ip`,`vipid`,`ctime`,`openid`,`nickname`,`event`,`score`,`exp`,`type`) VALUES ('wechat','1181','1504845019','oCHmqjsorHUo9ISZ4cy2LebEtGMY','www.隔壁小張.com','会员注册','100','20','4') [ RunTime:0.0000s ]
SQL: INSERT INTO `wfx_vip_log_sub` (`ppid`,`from`,`fromname`,`to`,`toname`,`issub`,`ctime`) VALUES ('0','1181','www.隔壁小張.com','0','百利达车行','1','1504845019') [ RunTime:0.0000s ]
SQL: SELECT * FROM `wfx_vip` WHERE `id` = 0 LIMIT 1   [ RunTime:0.0000s ]
SQL: SHOW COLUMNS FROM `wfx_upload_img` [ RunTime:0.0000s ]
NOTIC: [8192] Function split() is deprecated E:\UPUPW\UPUPW_AP5.5_64\vhosts\wx.shikexu.com\Application\Home\Controller\WxController.class.php 第 956 行.
SQL: SELECT * FROM `wfx_upload_img` WHERE `id` = 167 LIMIT 1   [ RunTime:0.0000s ]
INFO: [ app_end ] --START--
INFO: Run Behavior\ShowPageTraceBehavior [ RunTime:0.015625s ]
INFO: [ app_end ] --END-- [ RunTime:0.015625s ]

[ 2017-09-08T12:30:26+08:00 ] 140.207.54.76 /Home/Wx/index/token/cosmos?signature=95926ea0e010d1c91faefe902c97f4b7280a6764&timestamp=1504845026&nonce=749255736&openid=oCHmqjsorHUo9ISZ4cy2LebEtGMY
INFO: [ app_init ] --START--
INFO: Run Behavior\BuildLiteBehavior [ RunTime:0.000000s ]
INFO: [ app_init ] --END-- [ RunTime:0.000000s ]
INFO: [ app_begin ] --START--
INFO: Run Behavior\ReadHtmlCacheBehavior [ RunTime:0.000000s ]
INFO: [ app_begin ] --END-- [ RunTime:0.000000s ]
NOTIC: [2] Missing argument 1 for Home\Controller\WxController::__construct(), called in E:\UPUPW\UPUPW_AP5.5_64\vhosts\wx.shikexu.com\ThinkPHP\Common\functions.php on line 710 and defined E:\UPUPW\UPUPW_AP5.5_64\vhosts\wx.shikexu.com\Application\Home\Controller\WxController.class.php 第 37 行.
SQL: SHOW COLUMNS FROM `wfx_shop_set` [ RunTime:0.0000s ]
SQL: SELECT * FROM `wfx_shop_set` LIMIT 1   [ RunTime:0.0000s ]
SQL: SHOW COLUMNS FROM `wfx_set` [ RunTime:0.0000s ]
SQL: SELECT * FROM `wfx_set` LIMIT 1   [ RunTime:0.0000s ]
SQL: SHOW COLUMNS FROM `wfx_vip` [ RunTime:0.0000s ]
SQL: SHOW COLUMNS FROM `wfx_vip_message` [ RunTime:0.0000s ]
SQL: SHOW COLUMNS FROM `wfx_vip_log_sub` [ RunTime:0.0000s ]
SQL: SHOW COLUMNS FROM `wfx_employee` [ RunTime:0.0000s ]
SQL: SHOW COLUMNS FROM `wfx_vip_set` [ RunTime:0.0000s ]
SQL: SELECT * FROM `wfx_vip_set` LIMIT 1   [ RunTime:0.0000s ]
INFO: [ app_end ] --START--
INFO: Run Behavior\ShowPageTraceBehavior [ RunTime:0.000000s ]
INFO: [ app_end ] --END-- [ RunTime:0.000000s ]

[ 2017-09-08T12:31:08+08:00 ] 140.207.54.75 /Home/Wx/index/token/cosmos?signature=b0166b34273993f356555453cd7464b73bcc32ea&timestamp=1504845068&nonce=373615546&openid=oCHmqjsorHUo9ISZ4cy2LebEtGMY
INFO: [ app_init ] --START--
INFO: Run Behavior\BuildLiteBehavior [ RunTime:0.000000s ]
INFO: [ app_init ] --END-- [ RunTime:0.015625s ]
INFO: [ app_begin ] --START--
INFO: Run Behavior\ReadHtmlCacheBehavior [ RunTime:0.000000s ]
INFO: [ app_begin ] --END-- [ RunTime:0.000000s ]
NOTIC: [2] Missing argument 1 for Home\Controller\WxController::__construct(), called in E:\UPUPW\UPUPW_AP5.5_64\vhosts\wx.shikexu.com\ThinkPHP\Common\functions.php on line 710 and defined E:\UPUPW\UPUPW_AP5.5_64\vhosts\wx.shikexu.com\Application\Home\Controller\WxController.class.php 第 37 行.
SQL: SHOW COLUMNS FROM `wfx_shop_set` [ RunTime:0.0000s ]
SQL: SELECT * FROM `wfx_shop_set` LIMIT 1   [ RunTime:0.0000s ]
SQL: SHOW COLUMNS FROM `wfx_set` [ RunTime:0.0156s ]
SQL: SELECT * FROM `wfx_set` LIMIT 1   [ RunTime:0.0000s ]
SQL: SHOW COLUMNS FROM `wfx_vip` [ RunTime:0.0000s ]
SQL: SHOW COLUMNS FROM `wfx_vip_message` [ RunTime:0.0000s ]
SQL: SHOW COLUMNS FROM `wfx_vip_log_sub` [ RunTime:0.0000s ]
SQL: SHOW COLUMNS FROM `wfx_employee` [ RunTime:0.0000s ]
SQL: SHOW COLUMNS FROM `wfx_vip_set` [ RunTime:0.0000s ]
SQL: SELECT * FROM `wfx_vip_set` LIMIT 1   [ RunTime:0.0000s ]
SQL: SELECT * FROM `wfx_vip` WHERE `openid` = 'oCHmqjsorHUo9ISZ4cy2LebEtGMY' LIMIT 1   [ RunTime:0.0156s ]
SQL: UPDATE `wfx_vip` SET `pid`='0',`plv`='1',`path`='0',`mobile`=NULL,`password`=NULL,`name`=NULL,`email`=NULL,`money`='0.00',`score`='100',`exp`='20',`cur_exp`='20',`levelid`='1',`openid`='oCHmqjsorHUo9ISZ4cy2LebEtGMY',`nickname`='www.隔壁小張.com',`sex`='1',`city`='惠州',`province`='广东',`country`='中国',`language`='zh_CN',`headimgurl`='http://wx.qlogo.cn/mmopen/4GYpLGUKB2d8jRr0yTibSTxich9vKuQlGwwCnne0pVDJ99Rx4o5D2hdz7J8fuXqL9N6Q62lD4amVEiaJVH0T2PTMLf8hFOxjUxU/0',`subscribe`='1',`subscribe_time`='1504845019',`remark`='',`status`='1',`ctime`='1504845019',`cctime`='1504845068',`sign`='0',`signtime`=NULL,`isfx`='0',`isfxgd`='0',`total_buy`='0',`total_yj`='0',`total_xxyj`='0',`total_xxlink`='0',`total_xxsub`='0',`total_xxunsub`='0',`total_xxbuy`='0',`txname`=NULL,`txmobile`=NULL,`txyh`=NULL,`txfh`=NULL,`txszd`=NULL,`txcard`=NULL,`employee`='0',`ticket`=NULL,`continue_sign`='0' WHERE `id` = 1181 [ RunTime:0.0000s ]
NOTIC: [8] Use of undefined constant ture - assumed 'ture' E:\UPUPW\UPUPW_AP5.5_64\vhosts\wx.shikexu.com\Application\Home\Controller\WxController.class.php 第 812 行.
SQL: SHOW COLUMNS FROM `wfx_wx_keyword` [ RunTime:0.0000s ]
SQL: SELECT * FROM `wfx_wx_keyword` WHERE `keyword` = '起亚赛拉图' LIMIT 1   [ RunTime:0.0000s ]
INFO: [ app_end ] --START--
INFO: Run Behavior\ShowPageTraceBehavior [ RunTime:0.000000s ]
INFO: [ app_end ] --END-- [ RunTime:0.000000s ]

[ 2017-09-08T16:44:11+08:00 ] 140.207.54.75 /Home/Wx/index/token/cosmos?signature=7681692dcbf621d7f10fe1954b6a6440265ca481&timestamp=1504860251&nonce=2074960284&openid=oCHmqjmdnIXp6LCkazaG4EjyJXgM
INFO: [ app_init ] --START--
INFO: Run Behavior\BuildLiteBehavior [ RunTime:0.000000s ]
INFO: [ app_init ] --END-- [ RunTime:0.000000s ]
INFO: [ app_begin ] --START--
INFO: Run Behavior\ReadHtmlCacheBehavior [ RunTime:0.000000s ]
INFO: [ app_begin ] --END-- [ RunTime:0.000000s ]
NOTIC: [2] Missing argument 1 for Home\Controller\WxController::__construct(), called in E:\UPUPW\UPUPW_AP5.5_64\vhosts\wx.shikexu.com\ThinkPHP\Common\functions.php on line 710 and defined E:\UPUPW\UPUPW_AP5.5_64\vhosts\wx.shikexu.com\Application\Home\Controller\WxController.class.php 第 37 行.
SQL: SHOW COLUMNS FROM `wfx_shop_set` [ RunTime:0.0000s ]
SQL: SELECT * FROM `wfx_shop_set` LIMIT 1   [ RunTime:0.0000s ]
SQL: SHOW COLUMNS FROM `wfx_set` [ RunTime:0.0000s ]
SQL: SELECT * FROM `wfx_set` LIMIT 1   [ RunTime:0.0000s ]
SQL: SHOW COLUMNS FROM `wfx_vip` [ RunTime:0.0000s ]
SQL: SHOW COLUMNS FROM `wfx_vip_message` [ RunTime:0.0000s ]
SQL: SHOW COLUMNS FROM `wfx_vip_log_sub` [ RunTime:0.0000s ]
SQL: SHOW COLUMNS FROM `wfx_employee` [ RunTime:0.0000s ]
SQL: SHOW COLUMNS FROM `wfx_vip_set` [ RunTime:0.0000s ]
SQL: SELECT * FROM `wfx_vip_set` LIMIT 1   [ RunTime:0.0000s ]
SQL: SELECT * FROM `wfx_vip` WHERE `openid` = 'oCHmqjmdnIXp6LCkazaG4EjyJXgM' LIMIT 1   [ RunTime:0.0000s ]
SQL: SELECT * FROM `wfx_vip_set` LIMIT 1   [ RunTime:0.0000s ]
NOTIC: [8] Undefined index: id E:\UPUPW\UPUPW_AP5.5_64\vhosts\wx.shikexu.com\Application\Home\Controller\WxController.class.php 第 435 行.
SQL: SELECT * FROM `wfx_employee` WHERE `weight` > 0  [ RunTime:0.0000s ]
SQL: SELECT SUM(weight) AS tp_sum FROM `wfx_employee` WHERE `weight` > 0 LIMIT 1   [ RunTime:0.0000s ]
SQL: INSERT INTO `wfx_vip` (`subscribe`,`openid`,`nickname`,`sex`,`language`,`city`,`province`,`country`,`headimgurl`,`subscribe_time`,`remark`,`score`,`exp`,`cur_exp`,`levelid`,`cctime`,`ctime`,`pid`,`path`,`plv`,`employee`) VALUES ('1','oCHmqjmdnIXp6LCkazaG4EjyJXgM','博美汽车美容（维护）护理中心阿恆','1','zh_CN','惠州','广东','中国','http://wx.qlogo.cn/mmopen/ajNVdqHZLLC4qcCXuQ967SZehC2bNdnoIyabpzs7suYoicUbWdMkiaPSVLTCic36jmggf4g8QSiaocgIHQYSBedz6dBGTcPias6aeMwsrKZTLnIs/0','1504860251','','100','20','20','1','1504860251','1504860251','0','0','1','0') [ RunTime:0.0000s ]
SQL: SHOW COLUMNS FROM `wfx_vip_log` [ RunTime:0.0000s ]
SQL: INSERT INTO `wfx_vip_log` (`ip`,`vipid`,`ctime`,`openid`,`nickname`,`event`,`score`,`exp`,`type`) VALUES ('wechat','1182','1504860251','oCHmqjmdnIXp6LCkazaG4EjyJXgM','博美汽车美容（维护）护理中心阿恆','会员注册','100','20','4') [ RunTime:0.0000s ]
SQL: INSERT INTO `wfx_vip_log_sub` (`ppid`,`from`,`fromname`,`to`,`toname`,`issub`,`ctime`) VALUES ('0','1182','博美汽车美容（维护）护理中心阿恆','0','百利达车行','1','1504860251') [ RunTime:0.0000s ]
SQL: SELECT * FROM `wfx_vip` WHERE `id` = 0 LIMIT 1   [ RunTime:0.0000s ]
SQL: SHOW COLUMNS FROM `wfx_upload_img` [ RunTime:0.0000s ]
NOTIC: [8192] Function split() is deprecated E:\UPUPW\UPUPW_AP5.5_64\vhosts\wx.shikexu.com\Application\Home\Controller\WxController.class.php 第 956 行.
SQL: SELECT * FROM `wfx_upload_img` WHERE `id` = 167 LIMIT 1   [ RunTime:0.0000s ]
INFO: [ app_end ] --START--
INFO: Run Behavior\ShowPageTraceBehavior [ RunTime:0.000000s ]
INFO: [ app_end ] --END-- [ RunTime:0.000000s ]

