[ 2017-08-26T09:17:38+08:00 ] 140.207.54.75 /Home/Wx/index/token/cosmos?signature=43243286d1b6d00c7dc3c4f1337e7070a9164197&echostr=11096090017653059003&timestamp=1503710258&nonce=884149960
INFO: [ app_init ] --START--
INFO: Run Behavior\BuildLiteBehavior [ RunTime:0.000000s ]
INFO: [ app_init ] --END-- [ RunTime:0.000000s ]
INFO: [ app_begin ] --START--
INFO: Run Behavior\ReadHtmlCacheBehavior [ RunTime:0.000000s ]
INFO: [ app_begin ] --END-- [ RunTime:0.000000s ]
NOTIC: [2] Missing argument 1 for Home\Controller\WxController::__construct(), called in E:\UPUPW\UPUPW_AP5.5_64\vhosts\wx.shikexu.com\ThinkPHP\Common\functions.php on line 681 and defined E:\UPUPW\UPUPW_AP5.5_64\vhosts\wx.shikexu.com\Application\Home\Controller\WxController.class.php 第 37 行.
SQL: SHOW COLUMNS FROM `wfx_shop_set` [ RunTime:0.0000s ]
SQL: SELECT * FROM `wfx_shop_set` LIMIT 1   [ RunTime:0.0000s ]
SQL: SHOW COLUMNS FROM `wfx_set` [ RunTime:0.0000s ]
SQL: SELECT * FROM `wfx_set` LIMIT 1   [ RunTime:0.0000s ]
SQL: SHOW COLUMNS FROM `wfx_vip` [ RunTime:0.0000s ]
SQL: SHOW COLUMNS FROM `wfx_vip_message` [ RunTime:0.0000s ]
SQL: SHOW COLUMNS FROM `wfx_vip_log_sub` [ RunTime:0.0000s ]
SQL: SHOW COLUMNS FROM `wfx_employee` [ RunTime:0.0000s ]
SQL: SHOW COLUMNS FROM `wfx_vip_set` [ RunTime:0.0000s ]
SQL: SELECT * FROM `wfx_vip_set` LIMIT 1   [ RunTime:0.0000s ]

[ 2017-08-26T09:17:48+08:00 ] 117.185.27.113 /Home/Wx/index/token/cosmos
INFO: [ app_init ] --START--
INFO: Run Behavior\BuildLiteBehavior [ RunTime:0.000000s ]
INFO: [ app_init ] --END-- [ RunTime:0.000000s ]
INFO: [ app_begin ] --START--
INFO: Run Behavior\ReadHtmlCacheBehavior [ RunTime:0.000000s ]
INFO: [ app_begin ] --END-- [ RunTime:0.000000s ]
NOTIC: [2] Missing argument 1 for Home\Controller\WxController::__construct(), called in E:\UPUPW\UPUPW_AP5.5_64\vhosts\wx.shikexu.com\ThinkPHP\Common\functions.php on line 681 and defined E:\UPUPW\UPUPW_AP5.5_64\vhosts\wx.shikexu.com\Application\Home\Controller\WxController.class.php 第 37 行.
SQL: SHOW COLUMNS FROM `wfx_shop_set` [ RunTime:0.0000s ]
SQL: SELECT * FROM `wfx_shop_set` LIMIT 1   [ RunTime:0.0000s ]
SQL: SHOW COLUMNS FROM `wfx_set` [ RunTime:0.0000s ]
SQL: SELECT * FROM `wfx_set` LIMIT 1   [ RunTime:0.0000s ]
SQL: SHOW COLUMNS FROM `wfx_vip` [ RunTime:0.0000s ]
SQL: SHOW COLUMNS FROM `wfx_vip_message` [ RunTime:0.0000s ]
SQL: SHOW COLUMNS FROM `wfx_vip_log_sub` [ RunTime:0.0000s ]
SQL: SHOW COLUMNS FROM `wfx_employee` [ RunTime:0.0000s ]
SQL: SHOW COLUMNS FROM `wfx_vip_set` [ RunTime:0.0000s ]
SQL: SELECT * FROM `wfx_vip_set` LIMIT 1   [ RunTime:0.0000s ]

[ 2017-08-26T09:46:49+08:00 ] 140.207.54.76 /Home/Wx/index/token/cosmos?signature=89ba08cddee1e4f84ceca6fc0dfae46626d38fdc&timestamp=1503712009&nonce=1735089659&openid=oCHmqjq-LMr_sj3cVjTXzcJaDOBA
INFO: [ app_init ] --START--
INFO: Run Behavior\BuildLiteBehavior [ RunTime:0.000000s ]
INFO: [ app_init ] --END-- [ RunTime:0.000000s ]
INFO: [ app_begin ] --START--
INFO: Run Behavior\ReadHtmlCacheBehavior [ RunTime:0.000000s ]
INFO: [ app_begin ] --END-- [ RunTime:0.000000s ]
NOTIC: [2] Missing argument 1 for Home\Controller\WxController::__construct(), called in E:\UPUPW\UPUPW_AP5.5_64\vhosts\wx.shikexu.com\ThinkPHP\Common\functions.php on line 681 and defined E:\UPUPW\UPUPW_AP5.5_64\vhosts\wx.shikexu.com\Application\Home\Controller\WxController.class.php 第 37 行.
SQL: SHOW COLUMNS FROM `wfx_shop_set` [ RunTime:0.0000s ]
SQL: SELECT * FROM `wfx_shop_set` LIMIT 1   [ RunTime:0.0000s ]
SQL: SHOW COLUMNS FROM `wfx_set` [ RunTime:0.0000s ]
SQL: SELECT * FROM `wfx_set` LIMIT 1   [ RunTime:0.0000s ]
SQL: SHOW COLUMNS FROM `wfx_vip` [ RunTime:0.0000s ]
SQL: SHOW COLUMNS FROM `wfx_vip_message` [ RunTime:0.0000s ]
SQL: SHOW COLUMNS FROM `wfx_vip_log_sub` [ RunTime:0.0000s ]
SQL: SHOW COLUMNS FROM `wfx_employee` [ RunTime:0.0156s ]
SQL: SHOW COLUMNS FROM `wfx_vip_set` [ RunTime:0.0000s ]
SQL: SELECT * FROM `wfx_vip_set` LIMIT 1   [ RunTime:0.0000s ]
SQL: SELECT * FROM `wfx_vip` WHERE `openid` = 'oCHmqjq-LMr_sj3cVjTXzcJaDOBA' LIMIT 1   [ RunTime:0.0000s ]
NOTIC: [8] Use of undefined constant ture - assumed 'ture' E:\UPUPW\UPUPW_AP5.5_64\vhosts\wx.shikexu.com\Application\Home\Controller\WxController.class.php 第 812 行.
SQL: SHOW COLUMNS FROM `wfx_wx_keyword` [ RunTime:0.0000s ]
SQL: SELECT * FROM `wfx_wx_keyword` WHERE `keyword` = '234' LIMIT 1   [ RunTime:0.0000s ]
SQL: SHOW COLUMNS FROM `wfx_upload_img` [ RunTime:0.0000s ]
SQL: SELECT * FROM `wfx_upload_img` WHERE `id` = 165 LIMIT 1   [ RunTime:0.0000s ]
INFO: [ app_end ] --START--
INFO: Run Behavior\ShowPageTraceBehavior [ RunTime:0.000000s ]
INFO: [ app_end ] --END-- [ RunTime:0.000000s ]

[ 2017-08-26T09:47:07+08:00 ] 140.207.54.75 /Home/Wx/index/token/cosmos?signature=6f8a9706c5dc23a59f7f4c91e974e64eb392fb55&timestamp=1503712027&nonce=325708697&openid=oCHmqjq-LMr_sj3cVjTXzcJaDOBA
INFO: [ app_init ] --START--
INFO: Run Behavior\BuildLiteBehavior [ RunTime:0.000000s ]
INFO: [ app_init ] --END-- [ RunTime:0.000000s ]
INFO: [ app_begin ] --START--
INFO: Run Behavior\ReadHtmlCacheBehavior [ RunTime:0.000000s ]
INFO: [ app_begin ] --END-- [ RunTime:0.000000s ]
NOTIC: [2] Missing argument 1 for Home\Controller\WxController::__construct(), called in E:\UPUPW\UPUPW_AP5.5_64\vhosts\wx.shikexu.com\ThinkPHP\Common\functions.php on line 681 and defined E:\UPUPW\UPUPW_AP5.5_64\vhosts\wx.shikexu.com\Application\Home\Controller\WxController.class.php 第 37 行.
SQL: SHOW COLUMNS FROM `wfx_shop_set` [ RunTime:0.0000s ]
SQL: SELECT * FROM `wfx_shop_set` LIMIT 1   [ RunTime:0.0000s ]
SQL: SHOW COLUMNS FROM `wfx_set` [ RunTime:0.0000s ]
SQL: SELECT * FROM `wfx_set` LIMIT 1   [ RunTime:0.0000s ]
SQL: SHOW COLUMNS FROM `wfx_vip` [ RunTime:0.0000s ]
SQL: SHOW COLUMNS FROM `wfx_vip_message` [ RunTime:0.0000s ]
SQL: SHOW COLUMNS FROM `wfx_vip_log_sub` [ RunTime:0.0000s ]
SQL: SHOW COLUMNS FROM `wfx_employee` [ RunTime:0.0000s ]
SQL: SHOW COLUMNS FROM `wfx_vip_set` [ RunTime:0.0156s ]
SQL: SELECT * FROM `wfx_vip_set` LIMIT 1   [ RunTime:0.0000s ]
INFO: [ app_end ] --START--
INFO: Run Behavior\ShowPageTraceBehavior [ RunTime:0.000000s ]
INFO: [ app_end ] --END-- [ RunTime:0.000000s ]

[ 2017-08-26T09:47:30+08:00 ] 140.207.54.76 /Home/Wx/index/token/cosmos?signature=9e79f41ac3dc3ba35efef7ae4063f977572f6112&timestamp=1503712050&nonce=1969754613&openid=oCHmqjq-LMr_sj3cVjTXzcJaDOBA
INFO: [ app_init ] --START--
INFO: Run Behavior\BuildLiteBehavior [ RunTime:0.000000s ]
INFO: [ app_init ] --END-- [ RunTime:0.000000s ]
INFO: [ app_begin ] --START--
INFO: Run Behavior\ReadHtmlCacheBehavior [ RunTime:0.000000s ]
INFO: [ app_begin ] --END-- [ RunTime:0.000000s ]
NOTIC: [2] Missing argument 1 for Home\Controller\WxController::__construct(), called in E:\UPUPW\UPUPW_AP5.5_64\vhosts\wx.shikexu.com\ThinkPHP\Common\functions.php on line 681 and defined E:\UPUPW\UPUPW_AP5.5_64\vhosts\wx.shikexu.com\Application\Home\Controller\WxController.class.php 第 37 行.
SQL: SHOW COLUMNS FROM `wfx_shop_set` [ RunTime:0.0000s ]
SQL: SELECT * FROM `wfx_shop_set` LIMIT 1   [ RunTime:0.0000s ]
SQL: SHOW COLUMNS FROM `wfx_set` [ RunTime:0.0000s ]
SQL: SELECT * FROM `wfx_set` LIMIT 1   [ RunTime:0.0000s ]
SQL: SHOW COLUMNS FROM `wfx_vip` [ RunTime:0.0000s ]
SQL: SHOW COLUMNS FROM `wfx_vip_message` [ RunTime:0.0000s ]
SQL: SHOW COLUMNS FROM `wfx_vip_log_sub` [ RunTime:0.0000s ]
SQL: SHOW COLUMNS FROM `wfx_employee` [ RunTime:0.0000s ]
SQL: SHOW COLUMNS FROM `wfx_vip_set` [ RunTime:0.0156s ]
SQL: SELECT * FROM `wfx_vip_set` LIMIT 1   [ RunTime:0.0000s ]
INFO: [ app_end ] --START--
INFO: Run Behavior\ShowPageTraceBehavior [ RunTime:0.000000s ]
INFO: [ app_end ] --END-- [ RunTime:0.000000s ]

[ 2017-08-26T09:50:28+08:00 ] 140.207.54.75 /Home/Wx/index/token/cosmos?signature=1a969b067d9fe8848d22c516fd834c624c3a2b84&timestamp=1503712228&nonce=2143407760&openid=oCHmqjq-LMr_sj3cVjTXzcJaDOBA
INFO: [ app_init ] --START--
INFO: Run Behavior\BuildLiteBehavior [ RunTime:0.000000s ]
INFO: [ app_init ] --END-- [ RunTime:0.000000s ]
INFO: [ app_begin ] --START--
INFO: Run Behavior\ReadHtmlCacheBehavior [ RunTime:0.000000s ]
INFO: [ app_begin ] --END-- [ RunTime:0.000000s ]
NOTIC: [2] Missing argument 1 for Home\Controller\WxController::__construct(), called in E:\UPUPW\UPUPW_AP5.5_64\vhosts\wx.shikexu.com\ThinkPHP\Common\functions.php on line 681 and defined E:\UPUPW\UPUPW_AP5.5_64\vhosts\wx.shikexu.com\Application\Home\Controller\WxController.class.php 第 37 行.
SQL: SHOW COLUMNS FROM `wfx_shop_set` [ RunTime:0.0000s ]
SQL: SELECT * FROM `wfx_shop_set` LIMIT 1   [ RunTime:0.0000s ]
SQL: SHOW COLUMNS FROM `wfx_set` [ RunTime:0.0000s ]
SQL: SELECT * FROM `wfx_set` LIMIT 1   [ RunTime:0.0000s ]
SQL: SHOW COLUMNS FROM `wfx_vip` [ RunTime:0.0000s ]
SQL: SHOW COLUMNS FROM `wfx_vip_message` [ RunTime:0.0000s ]
SQL: SHOW COLUMNS FROM `wfx_vip_log_sub` [ RunTime:0.0156s ]
SQL: SHOW COLUMNS FROM `wfx_employee` [ RunTime:0.0000s ]
SQL: SHOW COLUMNS FROM `wfx_vip_set` [ RunTime:0.0000s ]
SQL: SELECT * FROM `wfx_vip_set` LIMIT 1   [ RunTime:0.0000s ]
SQL: SELECT * FROM `wfx_vip` WHERE `openid` = 'oCHmqjq-LMr_sj3cVjTXzcJaDOBA' LIMIT 1   [ RunTime:0.0000s ]
INFO: [ app_end ] --START--
INFO: Run Behavior\ShowPageTraceBehavior [ RunTime:0.000000s ]
INFO: [ app_end ] --END-- [ RunTime:0.000000s ]

[ 2017-08-26T09:51:17+08:00 ] 140.207.54.76 /Home/Wx/index/token/cosmos?signature=3396225fc13f29870c18fca2984f7afb83d7a23d&timestamp=1503712276&nonce=1077547216&openid=oCHmqjq-LMr_sj3cVjTXzcJaDOBA
INFO: [ app_init ] --START--
INFO: Run Behavior\BuildLiteBehavior [ RunTime:0.000000s ]
INFO: [ app_init ] --END-- [ RunTime:0.000000s ]
INFO: [ app_begin ] --START--
INFO: Run Behavior\ReadHtmlCacheBehavior [ RunTime:0.000000s ]
INFO: [ app_begin ] --END-- [ RunTime:0.000000s ]
NOTIC: [2] Missing argument 1 for Home\Controller\WxController::__construct(), called in E:\UPUPW\UPUPW_AP5.5_64\vhosts\wx.shikexu.com\ThinkPHP\Common\functions.php on line 681 and defined E:\UPUPW\UPUPW_AP5.5_64\vhosts\wx.shikexu.com\Application\Home\Controller\WxController.class.php 第 37 行.
SQL: SHOW COLUMNS FROM `wfx_shop_set` [ RunTime:0.0000s ]
SQL: SELECT * FROM `wfx_shop_set` LIMIT 1   [ RunTime:0.0000s ]
SQL: SHOW COLUMNS FROM `wfx_set` [ RunTime:0.0000s ]
SQL: SELECT * FROM `wfx_set` LIMIT 1   [ RunTime:0.0000s ]
SQL: SHOW COLUMNS FROM `wfx_vip` [ RunTime:0.0000s ]
SQL: SHOW COLUMNS FROM `wfx_vip_message` [ RunTime:0.0000s ]
SQL: SHOW COLUMNS FROM `wfx_vip_log_sub` [ RunTime:0.0000s ]
SQL: SHOW COLUMNS FROM `wfx_employee` [ RunTime:0.0000s ]
SQL: SHOW COLUMNS FROM `wfx_vip_set` [ RunTime:0.0156s ]
SQL: SELECT * FROM `wfx_vip_set` LIMIT 1   [ RunTime:0.0000s ]
SQL: SELECT * FROM `wfx_vip` WHERE `openid` = 'oCHmqjq-LMr_sj3cVjTXzcJaDOBA' LIMIT 1   [ RunTime:0.0000s ]
SQL: SELECT * FROM `wfx_vip_set` LIMIT 1   [ RunTime:0.0000s ]
NOTIC: [8] Undefined index: id E:\UPUPW\UPUPW_AP5.5_64\vhosts\wx.shikexu.com\Application\Home\Controller\WxController.class.php 第 435 行.
SQL: SELECT * FROM `wfx_employee` WHERE `weight` > 0  [ RunTime:0.0000s ]
SQL: SELECT SUM(weight) AS tp_sum FROM `wfx_employee` WHERE `weight` > 0 LIMIT 1   [ RunTime:0.0000s ]
SQL: INSERT INTO `wfx_vip` (`subscribe`,`openid`,`nickname`,`sex`,`language`,`city`,`province`,`country`,`headimgurl`,`subscribe_time`,`remark`,`score`,`exp`,`cur_exp`,`levelid`,`cctime`,`ctime`,`pid`,`path`,`plv`,`employee`) VALUES ('1','oCHmqjq-LMr_sj3cVjTXzcJaDOBA',' Jack','1','zh_CN','惠州','广东','中国','http://wx.qlogo.cn/mmopen/fhRsBY3FKADO0WumicdRCPY321IGsFA8Iv1zp06CkulDI95hUymI5I2HV6EzibzF7IDOqly1zNypt6Kiaq555eEeEScO9F559YK/0','1503712276','','100','20','20','1','1503712277','1503712277','0','0','1','0') [ RunTime:0.0000s ]
SQL: SHOW COLUMNS FROM `wfx_vip_log` [ RunTime:0.0156s ]
SQL: INSERT INTO `wfx_vip_log` (`ip`,`vipid`,`ctime`,`openid`,`nickname`,`event`,`score`,`exp`,`type`) VALUES ('wechat','1137','1503712277','oCHmqjq-LMr_sj3cVjTXzcJaDOBA',' Jack','会员注册','100','20','4') [ RunTime:0.0000s ]
SQL: INSERT INTO `wfx_vip_log_sub` (`ppid`,`from`,`fromname`,`to`,`toname`,`issub`,`ctime`) VALUES ('0','1137',' Jack','0','WeMall','1','1503712277') [ RunTime:0.0000s ]
SQL: SELECT * FROM `wfx_vip` WHERE `id` = 0 LIMIT 1   [ RunTime:0.0000s ]
SQL: SHOW COLUMNS FROM `wfx_upload_img` [ RunTime:0.0000s ]
NOTIC: [8192] Function split() is deprecated E:\UPUPW\UPUPW_AP5.5_64\vhosts\wx.shikexu.com\Application\Home\Controller\WxController.class.php 第 956 行.
SQL: SELECT * FROM `wfx_upload_img` WHERE `id` = 167 LIMIT 1   [ RunTime:0.0000s ]
INFO: [ app_end ] --START--
INFO: Run Behavior\ShowPageTraceBehavior [ RunTime:0.000000s ]
INFO: [ app_end ] --END-- [ RunTime:0.000000s ]

[ 2017-08-26T09:51:23+08:00 ] 140.207.54.75 /Home/Wx/index/token/cosmos?signature=1a5363a113b97bf9d633d4177e780cac8cdf18c3&timestamp=1503712283&nonce=1471969293&openid=oCHmqjq-LMr_sj3cVjTXzcJaDOBA
INFO: [ app_init ] --START--
INFO: Run Behavior\BuildLiteBehavior [ RunTime:0.000000s ]
INFO: [ app_init ] --END-- [ RunTime:0.000000s ]
INFO: [ app_begin ] --START--
INFO: Run Behavior\ReadHtmlCacheBehavior [ RunTime:0.000000s ]
INFO: [ app_begin ] --END-- [ RunTime:0.000000s ]
NOTIC: [2] Missing argument 1 for Home\Controller\WxController::__construct(), called in E:\UPUPW\UPUPW_AP5.5_64\vhosts\wx.shikexu.com\ThinkPHP\Common\functions.php on line 681 and defined E:\UPUPW\UPUPW_AP5.5_64\vhosts\wx.shikexu.com\Application\Home\Controller\WxController.class.php 第 37 行.
SQL: SHOW COLUMNS FROM `wfx_shop_set` [ RunTime:0.0000s ]
SQL: SELECT * FROM `wfx_shop_set` LIMIT 1   [ RunTime:0.0000s ]
SQL: SHOW COLUMNS FROM `wfx_set` [ RunTime:0.0000s ]
SQL: SELECT * FROM `wfx_set` LIMIT 1   [ RunTime:0.0000s ]
SQL: SHOW COLUMNS FROM `wfx_vip` [ RunTime:0.0000s ]
SQL: SHOW COLUMNS FROM `wfx_vip_message` [ RunTime:0.0000s ]
SQL: SHOW COLUMNS FROM `wfx_vip_log_sub` [ RunTime:0.0000s ]
SQL: SHOW COLUMNS FROM `wfx_employee` [ RunTime:0.0000s ]
SQL: SHOW COLUMNS FROM `wfx_vip_set` [ RunTime:0.0156s ]
SQL: SELECT * FROM `wfx_vip_set` LIMIT 1   [ RunTime:0.0000s ]
INFO: [ app_end ] --START--
INFO: Run Behavior\ShowPageTraceBehavior [ RunTime:0.000000s ]
INFO: [ app_end ] --END-- [ RunTime:0.000000s ]

[ 2017-08-26T09:58:49+08:00 ] 140.207.54.79 /Home/Wx/index/token/cosmos?signature=4fa1d0ff59fbc3502d08c88624d8e129f1405f4c&timestamp=1503712729&nonce=1918240148&openid=oCHmqjuI6YYX3gyZbY8piFGm33UY
INFO: [ app_init ] --START--
INFO: Run Behavior\BuildLiteBehavior [ RunTime:0.000000s ]
INFO: [ app_init ] --END-- [ RunTime:0.000000s ]
INFO: [ app_begin ] --START--
INFO: Run Behavior\ReadHtmlCacheBehavior [ RunTime:0.000000s ]
INFO: [ app_begin ] --END-- [ RunTime:0.000000s ]
NOTIC: [2] Missing argument 1 for Home\Controller\WxController::__construct(), called in E:\UPUPW\UPUPW_AP5.5_64\vhosts\wx.shikexu.com\ThinkPHP\Common\functions.php on line 681 and defined E:\UPUPW\UPUPW_AP5.5_64\vhosts\wx.shikexu.com\Application\Home\Controller\WxController.class.php 第 37 行.
SQL: SHOW COLUMNS FROM `wfx_shop_set` [ RunTime:0.0000s ]
SQL: SELECT * FROM `wfx_shop_set` LIMIT 1   [ RunTime:0.0000s ]
SQL: SHOW COLUMNS FROM `wfx_set` [ RunTime:0.0000s ]
SQL: SELECT * FROM `wfx_set` LIMIT 1   [ RunTime:0.0000s ]
SQL: SHOW COLUMNS FROM `wfx_vip` [ RunTime:0.0000s ]
SQL: SHOW COLUMNS FROM `wfx_vip_message` [ RunTime:0.0000s ]
SQL: SHOW COLUMNS FROM `wfx_vip_log_sub` [ RunTime:0.0000s ]
SQL: SHOW COLUMNS FROM `wfx_employee` [ RunTime:0.0000s ]
SQL: SHOW COLUMNS FROM `wfx_vip_set` [ RunTime:0.0156s ]
SQL: SELECT * FROM `wfx_vip_set` LIMIT 1   [ RunTime:0.0000s ]
INFO: [ app_end ] --START--
INFO: Run Behavior\ShowPageTraceBehavior [ RunTime:0.000000s ]
INFO: [ app_end ] --END-- [ RunTime:0.000000s ]

[ 2017-08-26T10:00:30+08:00 ] 140.207.54.76 /Home/Wx/index/token/cosmos?signature=9b1c371ec8f5f6bca694b78a343cc7a7821d8af0&timestamp=1503712830&nonce=1872998946&openid=oCHmqjq-LMr_sj3cVjTXzcJaDOBA
INFO: [ app_init ] --START--
INFO: Run Behavior\BuildLiteBehavior [ RunTime:0.000000s ]
INFO: [ app_init ] --END-- [ RunTime:0.000000s ]
INFO: [ app_begin ] --START--
INFO: Run Behavior\ReadHtmlCacheBehavior [ RunTime:0.000000s ]
INFO: [ app_begin ] --END-- [ RunTime:0.000000s ]
NOTIC: [2] Missing argument 1 for Home\Controller\WxController::__construct(), called in E:\UPUPW\UPUPW_AP5.5_64\vhosts\wx.shikexu.com\ThinkPHP\Common\functions.php on line 681 and defined E:\UPUPW\UPUPW_AP5.5_64\vhosts\wx.shikexu.com\Application\Home\Controller\WxController.class.php 第 37 行.
SQL: SHOW COLUMNS FROM `wfx_shop_set` [ RunTime:0.0000s ]
SQL: SELECT * FROM `wfx_shop_set` LIMIT 1   [ RunTime:0.0000s ]
SQL: SHOW COLUMNS FROM `wfx_set` [ RunTime:0.0000s ]
SQL: SELECT * FROM `wfx_set` LIMIT 1   [ RunTime:0.0000s ]
SQL: SHOW COLUMNS FROM `wfx_vip` [ RunTime:0.0000s ]
SQL: SHOW COLUMNS FROM `wfx_vip_message` [ RunTime:0.0000s ]
SQL: SHOW COLUMNS FROM `wfx_vip_log_sub` [ RunTime:0.0000s ]
SQL: SHOW COLUMNS FROM `wfx_employee` [ RunTime:0.0000s ]
SQL: SHOW COLUMNS FROM `wfx_vip_set` [ RunTime:0.0156s ]
SQL: SELECT * FROM `wfx_vip_set` LIMIT 1   [ RunTime:0.0000s ]
INFO: [ app_end ] --START--
INFO: Run Behavior\ShowPageTraceBehavior [ RunTime:0.000000s ]
INFO: [ app_end ] --END-- [ RunTime:0.000000s ]

[ 2017-08-26T10:01:37+08:00 ] 140.207.54.76 /Home/Wx/index/token/cosmos?signature=3f81f6023737c5b6f9faa660d9d153fc13679869&timestamp=1503712897&nonce=133117145&openid=oCHmqjtbx-hUPzfYt2nSonyPfCCc
INFO: [ app_init ] --START--
INFO: Run Behavior\BuildLiteBehavior [ RunTime:0.000000s ]
INFO: [ app_init ] --END-- [ RunTime:0.000000s ]
INFO: [ app_begin ] --START--
INFO: Run Behavior\ReadHtmlCacheBehavior [ RunTime:0.000000s ]
INFO: [ app_begin ] --END-- [ RunTime:0.000000s ]
NOTIC: [2] Missing argument 1 for Home\Controller\WxController::__construct(), called in E:\UPUPW\UPUPW_AP5.5_64\vhosts\wx.shikexu.com\ThinkPHP\Common\functions.php on line 681 and defined E:\UPUPW\UPUPW_AP5.5_64\vhosts\wx.shikexu.com\Application\Home\Controller\WxController.class.php 第 37 行.
SQL: SHOW COLUMNS FROM `wfx_shop_set` [ RunTime:0.0000s ]
SQL: SELECT * FROM `wfx_shop_set` LIMIT 1   [ RunTime:0.0000s ]
SQL: SHOW COLUMNS FROM `wfx_set` [ RunTime:0.0000s ]
SQL: SELECT * FROM `wfx_set` LIMIT 1   [ RunTime:0.0000s ]
SQL: SHOW COLUMNS FROM `wfx_vip` [ RunTime:0.0000s ]
SQL: SHOW COLUMNS FROM `wfx_vip_message` [ RunTime:0.0000s ]
SQL: SHOW COLUMNS FROM `wfx_vip_log_sub` [ RunTime:0.0000s ]
SQL: SHOW COLUMNS FROM `wfx_employee` [ RunTime:0.0000s ]
SQL: SHOW COLUMNS FROM `wfx_vip_set` [ RunTime:0.0000s ]
SQL: SELECT * FROM `wfx_vip_set` LIMIT 1   [ RunTime:0.0000s ]
INFO: [ app_end ] --START--
INFO: Run Behavior\ShowPageTraceBehavior [ RunTime:0.000000s ]
INFO: [ app_end ] --END-- [ RunTime:0.000000s ]

[ 2017-08-26T10:10:04+08:00 ] 140.207.54.75 /Home/Wx/index/token/cosmos?signature=d15eb55d8acb0ad1eefc6032c54b3bb62f7e7ca2&timestamp=1503713404&nonce=2057347189&openid=oCHmqjq-LMr_sj3cVjTXzcJaDOBA
INFO: [ app_init ] --START--
INFO: Run Behavior\BuildLiteBehavior [ RunTime:0.000000s ]
INFO: [ app_init ] --END-- [ RunTime:0.000000s ]
INFO: [ app_begin ] --START--
INFO: Run Behavior\ReadHtmlCacheBehavior [ RunTime:0.000000s ]
INFO: [ app_begin ] --END-- [ RunTime:0.000000s ]
NOTIC: [2] Missing argument 1 for Home\Controller\WxController::__construct(), called in E:\UPUPW\UPUPW_AP5.5_64\vhosts\wx.shikexu.com\ThinkPHP\Common\functions.php on line 681 and defined E:\UPUPW\UPUPW_AP5.5_64\vhosts\wx.shikexu.com\Application\Home\Controller\WxController.class.php 第 37 行.
SQL: SHOW COLUMNS FROM `wfx_shop_set` [ RunTime:0.0156s ]
SQL: SELECT * FROM `wfx_shop_set` LIMIT 1   [ RunTime:0.0000s ]
SQL: SHOW COLUMNS FROM `wfx_set` [ RunTime:0.0000s ]
SQL: SELECT * FROM `wfx_set` LIMIT 1   [ RunTime:0.0000s ]
SQL: SHOW COLUMNS FROM `wfx_vip` [ RunTime:0.0000s ]
SQL: SHOW COLUMNS FROM `wfx_vip_message` [ RunTime:0.0000s ]
SQL: SHOW COLUMNS FROM `wfx_vip_log_sub` [ RunTime:0.0000s ]
SQL: SHOW COLUMNS FROM `wfx_employee` [ RunTime:0.0000s ]
SQL: SHOW COLUMNS FROM `wfx_vip_set` [ RunTime:0.0156s ]
SQL: SELECT * FROM `wfx_vip_set` LIMIT 1   [ RunTime:0.0000s ]
INFO: [ app_end ] --START--
INFO: Run Behavior\ShowPageTraceBehavior [ RunTime:0.000000s ]
INFO: [ app_end ] --END-- [ RunTime:0.000000s ]

[ 2017-08-26T10:13:20+08:00 ] 140.207.54.75 /Home/Wx/index/token/cosmos?signature=d5fcfe4736b0e580cb2458059fc289cc4ae4bd58&timestamp=1503713600&nonce=1779120435&openid=oCHmqjq-LMr_sj3cVjTXzcJaDOBA
INFO: [ app_init ] --START--
INFO: Run Behavior\BuildLiteBehavior [ RunTime:0.000000s ]
INFO: [ app_init ] --END-- [ RunTime:0.000000s ]
INFO: [ app_begin ] --START--
INFO: Run Behavior\ReadHtmlCacheBehavior [ RunTime:0.000000s ]
INFO: [ app_begin ] --END-- [ RunTime:0.000000s ]
NOTIC: [2] Missing argument 1 for Home\Controller\WxController::__construct(), called in E:\UPUPW\UPUPW_AP5.5_64\vhosts\wx.shikexu.com\ThinkPHP\Common\functions.php on line 681 and defined E:\UPUPW\UPUPW_AP5.5_64\vhosts\wx.shikexu.com\Application\Home\Controller\WxController.class.php 第 37 行.
SQL: SHOW COLUMNS FROM `wfx_shop_set` [ RunTime:0.0000s ]
SQL: SELECT * FROM `wfx_shop_set` LIMIT 1   [ RunTime:0.0000s ]
SQL: SHOW COLUMNS FROM `wfx_set` [ RunTime:0.0000s ]
SQL: SELECT * FROM `wfx_set` LIMIT 1   [ RunTime:0.0000s ]
SQL: SHOW COLUMNS FROM `wfx_vip` [ RunTime:0.0000s ]
SQL: SHOW COLUMNS FROM `wfx_vip_message` [ RunTime:0.0000s ]
SQL: SHOW COLUMNS FROM `wfx_vip_log_sub` [ RunTime:0.0000s ]
SQL: SHOW COLUMNS FROM `wfx_employee` [ RunTime:0.0156s ]
SQL: SHOW COLUMNS FROM `wfx_vip_set` [ RunTime:0.0000s ]
SQL: SELECT * FROM `wfx_vip_set` LIMIT 1   [ RunTime:0.0000s ]
INFO: [ app_end ] --START--
INFO: Run Behavior\ShowPageTraceBehavior [ RunTime:0.000000s ]
INFO: [ app_end ] --END-- [ RunTime:0.000000s ]

[ 2017-08-26T10:28:01+08:00 ] 140.207.54.76 /Home/Wx/index/token/cosmos?signature=4646981df36e57ee0590c0f56f1e9d16931c21c5&timestamp=1503714481&nonce=979891303&openid=oCHmqjq-LMr_sj3cVjTXzcJaDOBA
INFO: [ app_init ] --START--
INFO: Run Behavior\BuildLiteBehavior [ RunTime:0.000000s ]
INFO: [ app_init ] --END-- [ RunTime:0.000000s ]
INFO: [ app_begin ] --START--
INFO: Run Behavior\ReadHtmlCacheBehavior [ RunTime:0.000000s ]
INFO: [ app_begin ] --END-- [ RunTime:0.000000s ]
NOTIC: [2] Missing argument 1 for Home\Controller\WxController::__construct(), called in E:\UPUPW\UPUPW_AP5.5_64\vhosts\wx.shikexu.com\ThinkPHP\Common\functions.php on line 681 and defined E:\UPUPW\UPUPW_AP5.5_64\vhosts\wx.shikexu.com\Application\Home\Controller\WxController.class.php 第 37 行.
SQL: SHOW COLUMNS FROM `wfx_shop_set` [ RunTime:0.0000s ]
SQL: SELECT * FROM `wfx_shop_set` LIMIT 1   [ RunTime:0.0000s ]
SQL: SHOW COLUMNS FROM `wfx_set` [ RunTime:0.0000s ]
SQL: SELECT * FROM `wfx_set` LIMIT 1   [ RunTime:0.0000s ]
SQL: SHOW COLUMNS FROM `wfx_vip` [ RunTime:0.0000s ]
SQL: SHOW COLUMNS FROM `wfx_vip_message` [ RunTime:0.0000s ]
SQL: SHOW COLUMNS FROM `wfx_vip_log_sub` [ RunTime:0.0000s ]
SQL: SHOW COLUMNS FROM `wfx_employee` [ RunTime:0.0156s ]
SQL: SHOW COLUMNS FROM `wfx_vip_set` [ RunTime:0.0000s ]
SQL: SELECT * FROM `wfx_vip_set` LIMIT 1   [ RunTime:0.0000s ]
INFO: [ app_end ] --START--
INFO: Run Behavior\ShowPageTraceBehavior [ RunTime:0.000000s ]
INFO: [ app_end ] --END-- [ RunTime:0.000000s ]

[ 2017-08-26T10:29:20+08:00 ] 140.207.54.75 /Home/Wx/index/token/cosmos?signature=44fa4bc65562828ad289b4b4c90a32fb181c12d2&timestamp=1503714560&nonce=1214173791&openid=oCHmqjq-LMr_sj3cVjTXzcJaDOBA
INFO: [ app_init ] --START--
INFO: Run Behavior\BuildLiteBehavior [ RunTime:0.000000s ]
INFO: [ app_init ] --END-- [ RunTime:0.000000s ]
INFO: [ app_begin ] --START--
INFO: Run Behavior\ReadHtmlCacheBehavior [ RunTime:0.000000s ]
INFO: [ app_begin ] --END-- [ RunTime:0.000000s ]
NOTIC: [2] Missing argument 1 for Home\Controller\WxController::__construct(), called in E:\UPUPW\UPUPW_AP5.5_64\vhosts\wx.shikexu.com\ThinkPHP\Common\functions.php on line 681 and defined E:\UPUPW\UPUPW_AP5.5_64\vhosts\wx.shikexu.com\Application\Home\Controller\WxController.class.php 第 37 行.
SQL: SHOW COLUMNS FROM `wfx_shop_set` [ RunTime:0.0000s ]
SQL: SELECT * FROM `wfx_shop_set` LIMIT 1   [ RunTime:0.0000s ]
SQL: SHOW COLUMNS FROM `wfx_set` [ RunTime:0.0000s ]
SQL: SELECT * FROM `wfx_set` LIMIT 1   [ RunTime:0.0000s ]
SQL: SHOW COLUMNS FROM `wfx_vip` [ RunTime:0.0000s ]
SQL: SHOW COLUMNS FROM `wfx_vip_message` [ RunTime:0.0000s ]
SQL: SHOW COLUMNS FROM `wfx_vip_log_sub` [ RunTime:0.0000s ]
SQL: SHOW COLUMNS FROM `wfx_employee` [ RunTime:0.0156s ]
SQL: SHOW COLUMNS FROM `wfx_vip_set` [ RunTime:0.0000s ]
SQL: SELECT * FROM `wfx_vip_set` LIMIT 1   [ RunTime:0.0000s ]
INFO: [ app_end ] --START--
INFO: Run Behavior\ShowPageTraceBehavior [ RunTime:0.000000s ]
INFO: [ app_end ] --END-- [ RunTime:0.000000s ]

[ 2017-08-26T10:30:09+08:00 ] 14.17.37.123 /Home/Wxpay/pay/oid/20170826103009-218
INFO: [ app_init ] --START--
INFO: Run Behavior\BuildLiteBehavior [ RunTime:0.000000s ]
INFO: [ app_init ] --END-- [ RunTime:0.000000s ]
INFO: [ app_begin ] --START--
INFO: Run Behavior\ReadHtmlCacheBehavior [ RunTime:0.000000s ]
INFO: [ app_begin ] --END-- [ RunTime:0.000000s ]
SQL: SHOW COLUMNS FROM `wfx_set` [ RunTime:0.0000s ]
SQL: SELECT * FROM `wfx_set` LIMIT 1   [ RunTime:0.0000s ]
SQL: SHOW COLUMNS FROM `wfx_shop_set` [ RunTime:0.0000s ]
SQL: SELECT * FROM `wfx_shop_set` LIMIT 1   [ RunTime:0.0000s ]
SQL: SHOW COLUMNS FROM `wfx_shop_order` [ RunTime:0.0000s ]
SQL: SELECT * FROM `wfx_shop_order` WHERE `oid` = '20170826103009-218' LIMIT 1   [ RunTime:0.0156s ]
NOTIC: [8] Use of undefined constant CURLOP_TIMEOUT - assumed 'CURLOP_TIMEOUT' E:\UPUPW\UPUPW_AP5.5_64\vhosts\wx.shikexu.com\ThinkPHP\Library\Util\Wx\Wxpaysdk.class.php 第 234 行.
NOTIC: [2] curl_setopt() expects parameter 2 to be long, string given E:\UPUPW\UPUPW_AP5.5_64\vhosts\wx.shikexu.com\ThinkPHP\Library\Util\Wx\Wxpaysdk.class.php 第 234 行.
NOTIC: [2] curl_close(): 4 is not a valid cURL handle resource E:\UPUPW\UPUPW_AP5.5_64\vhosts\wx.shikexu.com\ThinkPHP\Library\Util\Wx\Wxpaysdk.class.php 第 253 行.
INFO: [ app_end ] --START--
INFO: Run Behavior\ShowPageTraceBehavior [ RunTime:0.000000s ]
INFO: [ app_end ] --END-- [ RunTime:0.000000s ]

[ 2017-08-26T10:30:37+08:00 ] 14.17.44.215 /Home/Wxpay/pay/oid/20170826103037-219
INFO: [ app_init ] --START--
INFO: Run Behavior\BuildLiteBehavior [ RunTime:0.000000s ]
INFO: [ app_init ] --END-- [ RunTime:0.000000s ]
INFO: [ app_begin ] --START--
INFO: Run Behavior\ReadHtmlCacheBehavior [ RunTime:0.000000s ]
INFO: [ app_begin ] --END-- [ RunTime:0.000000s ]
SQL: SHOW COLUMNS FROM `wfx_set` [ RunTime:0.0156s ]
SQL: SELECT * FROM `wfx_set` LIMIT 1   [ RunTime:0.0000s ]
SQL: SHOW COLUMNS FROM `wfx_shop_set` [ RunTime:0.0000s ]
SQL: SELECT * FROM `wfx_shop_set` LIMIT 1   [ RunTime:0.0000s ]
SQL: SHOW COLUMNS FROM `wfx_shop_order` [ RunTime:0.0000s ]
SQL: SELECT * FROM `wfx_shop_order` WHERE `oid` = '20170826103037-219' LIMIT 1   [ RunTime:0.0000s ]
NOTIC: [8] Use of undefined constant CURLOP_TIMEOUT - assumed 'CURLOP_TIMEOUT' E:\UPUPW\UPUPW_AP5.5_64\vhosts\wx.shikexu.com\ThinkPHP\Library\Util\Wx\Wxpaysdk.class.php 第 234 行.
NOTIC: [2] curl_setopt() expects parameter 2 to be long, string given E:\UPUPW\UPUPW_AP5.5_64\vhosts\wx.shikexu.com\ThinkPHP\Library\Util\Wx\Wxpaysdk.class.php 第 234 行.
NOTIC: [2] curl_close(): 2 is not a valid cURL handle resource E:\UPUPW\UPUPW_AP5.5_64\vhosts\wx.shikexu.com\ThinkPHP\Library\Util\Wx\Wxpaysdk.class.php 第 253 行.
INFO: [ app_end ] --START--
INFO: Run Behavior\ShowPageTraceBehavior [ RunTime:0.000000s ]
INFO: [ app_end ] --END-- [ RunTime:0.000000s ]

[ 2017-08-26T10:30:45+08:00 ] 101.226.103.70 /Home/Wxpay/nd/
INFO: [ app_init ] --START--
INFO: Run Behavior\BuildLiteBehavior [ RunTime:0.000000s ]
INFO: [ app_init ] --END-- [ RunTime:0.000000s ]
INFO: [ app_begin ] --START--
INFO: Run Behavior\ReadHtmlCacheBehavior [ RunTime:0.000000s ]
INFO: [ app_begin ] --END-- [ RunTime:0.000000s ]
SQL: SHOW COLUMNS FROM `wfx_set` [ RunTime:0.0000s ]
SQL: SELECT * FROM `wfx_set` LIMIT 1   [ RunTime:0.0000s ]
SQL: SHOW COLUMNS FROM `wfx_shop_set` [ RunTime:0.0000s ]
SQL: SELECT * FROM `wfx_shop_set` LIMIT 1   [ RunTime:0.0000s ]
NOTIC: [2] Missing argument 1 for Util\Wx\Wxpayndsdk::__construct(), called in E:\UPUPW\UPUPW_AP5.5_64\vhosts\wx.shikexu.com\Application\Home\Controller\WxpayController.class.php on line 232 and defined E:\UPUPW\UPUPW_AP5.5_64\vhosts\wx.shikexu.com\ThinkPHP\Library\Util\Wx\Wxpayndsdk.class.php 第 16 行.
SQL: SHOW COLUMNS FROM `wfx_set` [ RunTime:0.0000s ]
SQL: SELECT * FROM `wfx_set` LIMIT 1   [ RunTime:0.0000s ]
NOTIC: [2] Missing argument 2 for Home\Controller\WxpayController::endpay(), called in E:\UPUPW\UPUPW_AP5.5_64\vhosts\wx.shikexu.com\Application\Home\Controller\WxpayController.class.php on line 267 and defined E:\UPUPW\UPUPW_AP5.5_64\vhosts\wx.shikexu.com\Application\Home\Controller\WxpayController.class.php 第 291 行.
SQL: SHOW COLUMNS FROM `wfx_shop_order` [ RunTime:0.0000s ]
SQL: SELECT * FROM `wfx_shop_order` WHERE `oid` = '20170826103037-219' LIMIT 1   [ RunTime:0.0000s ]
SQL: UPDATE `wfx_shop_order` SET `sid`='0',`oid`='20170826103037-219',`djqid`='0',`totalprice`='0.01',`totalnum`='1',`payprice`='0.01',`paytype`='wxpay',`paytime`='1503714645',`aliaccount`=NULL,`yf`='0',`ispay`='1',`vipid`='1137',`vipopenid`='oCHmqjq-LMr_sj3cVjTXzcJaDOBA',`vipname`='jack',`vipmobile`='18825466506',`vipaddress`='惠州市',`vipxqname`=NULL,`vipxqid`=NULL,`msg`='',`kfmsg`=NULL,`ctime`='1503714637',`ntime`=NULL,`dtime`=NULL,`etime`=NULL,`changetime`=NULL,`changemsg`=NULL,`changeadmin`=NULL,`closetime`=NULL,`closemsg`=NULL,`closeadmin`=NULL,`tuihuoprice`=NULL,`tuihuosqtime`='0',`tuihuotime`=NULL,`tuihuokd`=NULL,`tuihuokdnum`=NULL,`tuihuomsg`=NULL,`tuihuoadmin`=NULL,`status`='2',`fahuokd`=NULL,`fahuokdnum`=NULL,`items`='a:1:{i:0;a:12:{s:2:\"id\";s:3:\"473\";s:3:\"sid\";s:1:\"0\";s:5:\"vipid\";s:4:\"1137\";s:7:\"goodsid\";s:2:\"17\";s:3:\"sku\";s:0:\"\";s:3:\"num\";s:1:\"1\";s:5:\"skuid\";i:0;s:4:\"name\";s:18:\"沁颜光感面膜\";s:7:\"skuattr\";N;s:5:\"price\";s:4:\"0.01\";s:5:\"total\";d:0.01;s:3:\"pic\";s:40:\"/Upload/img/2015-06-20/558445021b2f3.jpg\";}}' WHERE `id` = 219 [ RunTime:0.0000s ]
SQL: SHOW COLUMNS FROM `wfx_shop_goods` [ RunTime:0.0156s ]
SQL: SHOW COLUMNS FROM `wfx_shop_goods_sku` [ RunTime:0.0000s ]
SQL: SHOW COLUMNS FROM `wfx_shop_syslog_sells` [ RunTime:0.0000s ]
SQL: UPDATE `wfx_shop_goods` SET `num`=num-1 WHERE ( id=17 ) [ RunTime:0.0000s ]
SQL: UPDATE `wfx_shop_goods` SET `sells`=sells+1 WHERE ( id=17 ) [ RunTime:0.0000s ]
SQL: UPDATE `wfx_shop_goods` SET `dissells`=dissells+1 WHERE ( id=17 ) [ RunTime:0.0000s ]
SQL: INSERT INTO `wfx_shop_syslog_sells` (`oid`,`vipid`,`vipopenid`,`vipname`,`ctime`,`num`,`goodsid`,`goodsname`,`skuid`,`skuattr`,`price`,`total`) VALUES ('219','1137','oCHmqjq-LMr_sj3cVjTXzcJaDOBA','jack','1503714645','1','17','沁颜光感面膜','0','0','0.01','0.01') [ RunTime:0.0000s ]
SQL: SHOW COLUMNS FROM `wfx_shop_order_log` [ RunTime:0.0156s ]
SQL: SHOW COLUMNS FROM `wfx_shop_order_syslog` [ RunTime:0.0000s ]
SQL: INSERT INTO `wfx_shop_order_log` (`oid`,`msg`,`ctime`) VALUES ('219','微信付款成功','1503714645') [ RunTime:0.0000s ]
SQL: SELECT * FROM `wfx_shop_order` WHERE `oid` = '20170826103037-219' LIMIT 1   [ RunTime:0.0000s ]
SQL: INSERT INTO `wfx_shop_order_syslog` (`oid`,`msg`,`ctime`,`type`,`paytype`) VALUES ('219','微信付款成功','1503714645','2','wxpay') [ RunTime:0.0000s ]
SQL: SHOW COLUMNS FROM `wfx_vip` [ RunTime:0.0000s ]
SQL: SELECT * FROM `wfx_vip` WHERE ( id=1137 ) LIMIT 1   [ RunTime:0.0000s ]
SQL: SHOW COLUMNS FROM `wfx_vip` [ RunTime:0.0000s ]
SQL: SELECT * FROM `wfx_vip` WHERE ( id=1137 ) LIMIT 1   [ RunTime:0.0000s ]
SQL: SHOW COLUMNS FROM `wfx_fx_dslog` [ RunTime:0.0156s ]
SQL: SELECT * FROM `wfx_shop_set` LIMIT 1   [ RunTime:0.0000s ]
SQL: SHOW COLUMNS FROM `wfx_wx_template` [ RunTime:0.0000s ]
SQL: SELECT * FROM `wfx_wx_template` WHERE `templateidshort` = 'OPENTM200444326' LIMIT 1   [ RunTime:0.0000s ]
INFO: [ app_end ] --START--
INFO: Run Behavior\ShowPageTraceBehavior [ RunTime:0.000000s ]
INFO: [ app_end ] --END-- [ RunTime:0.000000s ]

[ 2017-08-26T10:31:02+08:00 ] 117.185.27.113 /Home/Wxpay/pay/oid/20170826103037-219
INFO: [ app_init ] --START--
INFO: Run Behavior\BuildLiteBehavior [ RunTime:0.000000s ]
INFO: [ app_init ] --END-- [ RunTime:0.000000s ]
INFO: [ app_begin ] --START--
INFO: Run Behavior\ReadHtmlCacheBehavior [ RunTime:0.000000s ]
INFO: [ app_begin ] --END-- [ RunTime:0.000000s ]
SQL: SHOW COLUMNS FROM `wfx_set` [ RunTime:0.0000s ]
SQL: SELECT * FROM `wfx_set` LIMIT 1   [ RunTime:0.0000s ]
SQL: SHOW COLUMNS FROM `wfx_shop_set` [ RunTime:0.0000s ]
SQL: SELECT * FROM `wfx_shop_set` LIMIT 1   [ RunTime:0.0000s ]
NOTIC: [8] Undefined index: wxpayopenid E:\UPUPW\UPUPW_AP5.5_64\vhosts\wx.shikexu.com\Application\Home\Controller\WxpayController.class.php 第 66 行.
INFO: [ view_parse ] --START--
INFO: [ template_filter ] --START--
INFO: Run Behavior\ContentReplaceBehavior [ RunTime:0.000000s ]
INFO: [ template_filter ] --END-- [ RunTime:0.000000s ]
INFO: Run Behavior\ParseTemplateBehavior [ RunTime:0.000000s ]
INFO: [ view_parse ] --END-- [ RunTime:0.000000s ]
INFO: [ view_filter ] --START--
INFO: Run Behavior\WriteHtmlCacheBehavior [ RunTime:0.015625s ]
INFO: [ view_filter ] --END-- [ RunTime:0.015625s ]

[ 2017-08-26T13:25:38+08:00 ] 140.207.54.79 /Home/Wx/index/token/cosmos?signature=501436be666d9da938224fcc5a44937482266c78&timestamp=1503725138&nonce=224796372&openid=oCHmqjkFsAC6zBGotZS2EYxL6fBo
INFO: [ app_init ] --START--
INFO: Run Behavior\BuildLiteBehavior [ RunTime:0.000000s ]
INFO: [ app_init ] --END-- [ RunTime:0.000000s ]
INFO: [ app_begin ] --START--
INFO: Run Behavior\ReadHtmlCacheBehavior [ RunTime:0.000000s ]
INFO: [ app_begin ] --END-- [ RunTime:0.000000s ]
NOTIC: [2] Missing argument 1 for Home\Controller\WxController::__construct(), called in E:\UPUPW\UPUPW_AP5.5_64\vhosts\wx.shikexu.com\ThinkPHP\Common\functions.php on line 710 and defined E:\UPUPW\UPUPW_AP5.5_64\vhosts\wx.shikexu.com\Application\Home\Controller\WxController.class.php 第 37 行.
SQL: SHOW COLUMNS FROM `wfx_shop_set` [ RunTime:0.0000s ]
SQL: SELECT * FROM `wfx_shop_set` LIMIT 1   [ RunTime:0.0000s ]
SQL: SHOW COLUMNS FROM `wfx_set` [ RunTime:0.0000s ]
SQL: SELECT * FROM `wfx_set` LIMIT 1   [ RunTime:0.0000s ]
SQL: SHOW COLUMNS FROM `wfx_vip` [ RunTime:0.0000s ]
SQL: SHOW COLUMNS FROM `wfx_vip_message` [ RunTime:0.0000s ]
SQL: SHOW COLUMNS FROM `wfx_vip_log_sub` [ RunTime:0.0000s ]
SQL: SHOW COLUMNS FROM `wfx_employee` [ RunTime:0.0000s ]
SQL: SHOW COLUMNS FROM `wfx_vip_set` [ RunTime:0.0000s ]
SQL: SELECT * FROM `wfx_vip_set` LIMIT 1   [ RunTime:0.0000s ]
INFO: [ app_end ] --START--
INFO: Run Behavior\ShowPageTraceBehavior [ RunTime:0.000000s ]
INFO: [ app_end ] --END-- [ RunTime:0.000000s ]

[ 2017-08-26T13:25:46+08:00 ] 140.207.54.80 /Home/Wx/index/token/cosmos?signature=fd4cd6c69d7ba75a6505e838146c111ab9938bf6&timestamp=1503725146&nonce=1607975222&openid=oCHmqjkFsAC6zBGotZS2EYxL6fBo
INFO: [ app_init ] --START--
INFO: Run Behavior\BuildLiteBehavior [ RunTime:0.000000s ]
INFO: [ app_init ] --END-- [ RunTime:0.000000s ]
INFO: [ app_begin ] --START--
INFO: Run Behavior\ReadHtmlCacheBehavior [ RunTime:0.000000s ]
INFO: [ app_begin ] --END-- [ RunTime:0.000000s ]
NOTIC: [2] Missing argument 1 for Home\Controller\WxController::__construct(), called in E:\UPUPW\UPUPW_AP5.5_64\vhosts\wx.shikexu.com\ThinkPHP\Common\functions.php on line 710 and defined E:\UPUPW\UPUPW_AP5.5_64\vhosts\wx.shikexu.com\Application\Home\Controller\WxController.class.php 第 37 行.
SQL: SHOW COLUMNS FROM `wfx_shop_set` [ RunTime:0.0000s ]
SQL: SELECT * FROM `wfx_shop_set` LIMIT 1   [ RunTime:0.0000s ]
SQL: SHOW COLUMNS FROM `wfx_set` [ RunTime:0.0000s ]
SQL: SELECT * FROM `wfx_set` LIMIT 1   [ RunTime:0.0000s ]
SQL: SHOW COLUMNS FROM `wfx_vip` [ RunTime:0.0000s ]
SQL: SHOW COLUMNS FROM `wfx_vip_message` [ RunTime:0.0000s ]
SQL: SHOW COLUMNS FROM `wfx_vip_log_sub` [ RunTime:0.0000s ]
SQL: SHOW COLUMNS FROM `wfx_employee` [ RunTime:0.0156s ]
SQL: SHOW COLUMNS FROM `wfx_vip_set` [ RunTime:0.0000s ]
SQL: SELECT * FROM `wfx_vip_set` LIMIT 1   [ RunTime:0.0000s ]
INFO: [ app_end ] --START--
INFO: Run Behavior\ShowPageTraceBehavior [ RunTime:0.000000s ]
INFO: [ app_end ] --END-- [ RunTime:0.000000s ]

[ 2017-08-26T14:39:06+08:00 ] 140.207.54.80 /Home/Wx/index/token/cosmos?signature=68c35827c47b18b4d2729b1762fd1a9913bc60fc&timestamp=1503729546&nonce=1897935727&openid=oCHmqjoAQAOFi01nxiIUaugECTSw
INFO: [ app_init ] --START--
INFO: Run Behavior\BuildLiteBehavior [ RunTime:0.000000s ]
INFO: [ app_init ] --END-- [ RunTime:0.000000s ]
INFO: [ app_begin ] --START--
INFO: Run Behavior\ReadHtmlCacheBehavior [ RunTime:0.000000s ]
INFO: [ app_begin ] --END-- [ RunTime:0.000000s ]
NOTIC: [2] Missing argument 1 for Home\Controller\WxController::__construct(), called in E:\UPUPW\UPUPW_AP5.5_64\vhosts\wx.shikexu.com\ThinkPHP\Common\functions.php on line 710 and defined E:\UPUPW\UPUPW_AP5.5_64\vhosts\wx.shikexu.com\Application\Home\Controller\WxController.class.php 第 37 行.
SQL: SHOW COLUMNS FROM `wfx_shop_set` [ RunTime:0.0156s ]
SQL: SELECT * FROM `wfx_shop_set` LIMIT 1   [ RunTime:0.0000s ]
SQL: SHOW COLUMNS FROM `wfx_set` [ RunTime:0.0000s ]
SQL: SELECT * FROM `wfx_set` LIMIT 1   [ RunTime:0.0000s ]
SQL: SHOW COLUMNS FROM `wfx_vip` [ RunTime:0.0000s ]
SQL: SHOW COLUMNS FROM `wfx_vip_message` [ RunTime:0.0000s ]
SQL: SHOW COLUMNS FROM `wfx_vip_log_sub` [ RunTime:0.0000s ]
SQL: SHOW COLUMNS FROM `wfx_employee` [ RunTime:0.0000s ]
SQL: SHOW COLUMNS FROM `wfx_vip_set` [ RunTime:0.0156s ]
SQL: SELECT * FROM `wfx_vip_set` LIMIT 1   [ RunTime:0.0000s ]
SQL: SELECT * FROM `wfx_vip` WHERE `openid` = 'oCHmqjoAQAOFi01nxiIUaugECTSw' LIMIT 1   [ RunTime:0.0000s ]
SQL: SELECT * FROM `wfx_vip_set` LIMIT 1   [ RunTime:0.0000s ]
NOTIC: [8] Undefined index: id E:\UPUPW\UPUPW_AP5.5_64\vhosts\wx.shikexu.com\Application\Home\Controller\WxController.class.php 第 435 行.
SQL: SELECT * FROM `wfx_employee` WHERE `weight` > 0  [ RunTime:0.0000s ]
SQL: SELECT SUM(weight) AS tp_sum FROM `wfx_employee` WHERE `weight` > 0 LIMIT 1   [ RunTime:0.0000s ]
SQL: INSERT INTO `wfx_vip` (`subscribe`,`openid`,`nickname`,`sex`,`language`,`city`,`province`,`country`,`headimgurl`,`subscribe_time`,`remark`,`score`,`exp`,`cur_exp`,`levelid`,`cctime`,`ctime`,`pid`,`path`,`plv`,`employee`) VALUES ('1','oCHmqjoAQAOFi01nxiIUaugECTSw','心多大，路多宽。','1','zh_CN','莱芜','山东','中国','http://wx.qlogo.cn/mmopen/5iaYeMXEN1LHMX54piceILUnpyTvGRaeRKtWNLraNuicxZjB9PLwNnUIABBAiaYXNoREyhuP3Hjw1ArCUiazPgUWK4YDQQdpB8jiao/0','1503729546','','100','20','20','1','1503729546','1503729546','0','0','1','0') [ RunTime:0.0000s ]
SQL: SHOW COLUMNS FROM `wfx_vip_log` [ RunTime:0.0000s ]
SQL: INSERT INTO `wfx_vip_log` (`ip`,`vipid`,`ctime`,`openid`,`nickname`,`event`,`score`,`exp`,`type`) VALUES ('wechat','1141','1503729546','oCHmqjoAQAOFi01nxiIUaugECTSw','心多大，路多宽。','会员注册','100','20','4') [ RunTime:0.0000s ]
SQL: INSERT INTO `wfx_vip_log_sub` (`ppid`,`from`,`fromname`,`to`,`toname`,`issub`,`ctime`) VALUES ('0','1141','心多大，路多宽。','0','百利达车行','1','1503729546') [ RunTime:0.0000s ]
SQL: SELECT * FROM `wfx_vip` WHERE `id` = 0 LIMIT 1   [ RunTime:0.0000s ]
SQL: SHOW COLUMNS FROM `wfx_upload_img` [ RunTime:0.0000s ]
NOTIC: [8192] Function split() is deprecated E:\UPUPW\UPUPW_AP5.5_64\vhosts\wx.shikexu.com\Application\Home\Controller\WxController.class.php 第 956 行.
SQL: SELECT * FROM `wfx_upload_img` WHERE `id` = 167 LIMIT 1   [ RunTime:0.0000s ]
INFO: [ app_end ] --START--
INFO: Run Behavior\ShowPageTraceBehavior [ RunTime:0.015625s ]
INFO: [ app_end ] --END-- [ RunTime:0.015625s ]

[ 2017-08-26T14:44:29+08:00 ] 140.207.54.75 /Home/Wx/index/token/cosmos?signature=b61549c7d696289a7def955747ddffa1ef652bbc&timestamp=1503729869&nonce=1175881467&openid=oCHmqjq-LMr_sj3cVjTXzcJaDOBA
INFO: [ app_init ] --START--
INFO: Run Behavior\BuildLiteBehavior [ RunTime:0.000000s ]
INFO: [ app_init ] --END-- [ RunTime:0.000000s ]
INFO: [ app_begin ] --START--
INFO: Run Behavior\ReadHtmlCacheBehavior [ RunTime:0.000000s ]
INFO: [ app_begin ] --END-- [ RunTime:0.000000s ]
NOTIC: [2] Missing argument 1 for Home\Controller\WxController::__construct(), called in E:\UPUPW\UPUPW_AP5.5_64\vhosts\wx.shikexu.com\ThinkPHP\Common\functions.php on line 710 and defined E:\UPUPW\UPUPW_AP5.5_64\vhosts\wx.shikexu.com\Application\Home\Controller\WxController.class.php 第 37 行.
SQL: SHOW COLUMNS FROM `wfx_shop_set` [ RunTime:0.0000s ]
SQL: SELECT * FROM `wfx_shop_set` LIMIT 1   [ RunTime:0.0000s ]
SQL: SHOW COLUMNS FROM `wfx_set` [ RunTime:0.0000s ]
SQL: SELECT * FROM `wfx_set` LIMIT 1   [ RunTime:0.0000s ]
SQL: SHOW COLUMNS FROM `wfx_vip` [ RunTime:0.0000s ]
SQL: SHOW COLUMNS FROM `wfx_vip_message` [ RunTime:0.0000s ]
SQL: SHOW COLUMNS FROM `wfx_vip_log_sub` [ RunTime:0.0000s ]
SQL: SHOW COLUMNS FROM `wfx_employee` [ RunTime:0.0156s ]
SQL: SHOW COLUMNS FROM `wfx_vip_set` [ RunTime:0.0000s ]
SQL: SELECT * FROM `wfx_vip_set` LIMIT 1   [ RunTime:0.0000s ]
INFO: [ app_end ] --START--
INFO: Run Behavior\ShowPageTraceBehavior [ RunTime:0.000000s ]
INFO: [ app_end ] --END-- [ RunTime:0.000000s ]

[ 2017-08-26T14:49:05+08:00 ] 140.207.54.75 /Home/Wx/index/token/cosmos?signature=3359bebd7239c2e58d2a72568fb65eddfa8d7e98&timestamp=1503730145&nonce=221550986&openid=oCHmqjq-LMr_sj3cVjTXzcJaDOBA
INFO: [ app_init ] --START--
INFO: Run Behavior\BuildLiteBehavior [ RunTime:0.000000s ]
INFO: [ app_init ] --END-- [ RunTime:0.000000s ]
INFO: [ app_begin ] --START--
INFO: Run Behavior\ReadHtmlCacheBehavior [ RunTime:0.000000s ]
INFO: [ app_begin ] --END-- [ RunTime:0.000000s ]
NOTIC: [2] Missing argument 1 for Home\Controller\WxController::__construct(), called in E:\UPUPW\UPUPW_AP5.5_64\vhosts\wx.shikexu.com\ThinkPHP\Common\functions.php on line 710 and defined E:\UPUPW\UPUPW_AP5.5_64\vhosts\wx.shikexu.com\Application\Home\Controller\WxController.class.php 第 37 行.
SQL: SHOW COLUMNS FROM `wfx_shop_set` [ RunTime:0.0156s ]
SQL: SELECT * FROM `wfx_shop_set` LIMIT 1   [ RunTime:0.0000s ]
SQL: SHOW COLUMNS FROM `wfx_set` [ RunTime:0.0000s ]
SQL: SELECT * FROM `wfx_set` LIMIT 1   [ RunTime:0.0000s ]
SQL: SHOW COLUMNS FROM `wfx_vip` [ RunTime:0.0000s ]
SQL: SHOW COLUMNS FROM `wfx_vip_message` [ RunTime:0.0000s ]
SQL: SHOW COLUMNS FROM `wfx_vip_log_sub` [ RunTime:0.0000s ]
SQL: SHOW COLUMNS FROM `wfx_employee` [ RunTime:0.0000s ]
SQL: SHOW COLUMNS FROM `wfx_vip_set` [ RunTime:0.0156s ]
SQL: SELECT * FROM `wfx_vip_set` LIMIT 1   [ RunTime:0.0000s ]
INFO: [ app_end ] --START--
INFO: Run Behavior\ShowPageTraceBehavior [ RunTime:0.000000s ]
INFO: [ app_end ] --END-- [ RunTime:0.000000s ]

[ 2017-08-26T14:55:29+08:00 ] 140.207.54.80 /Home/Wx/index/token/cosmos?signature=f152bb53d4f76409ea09cd348b09950bf40870d9&timestamp=1503730529&nonce=1252908892&openid=oCHmqjuI6YYX3gyZbY8piFGm33UY
INFO: [ app_init ] --START--
INFO: Run Behavior\BuildLiteBehavior [ RunTime:0.000000s ]
INFO: [ app_init ] --END-- [ RunTime:0.000000s ]
INFO: [ app_begin ] --START--
INFO: Run Behavior\ReadHtmlCacheBehavior [ RunTime:0.015625s ]
INFO: [ app_begin ] --END-- [ RunTime:0.015625s ]
NOTIC: [2] Missing argument 1 for Home\Controller\WxController::__construct(), called in E:\UPUPW\UPUPW_AP5.5_64\vhosts\wx.shikexu.com\ThinkPHP\Common\functions.php on line 710 and defined E:\UPUPW\UPUPW_AP5.5_64\vhosts\wx.shikexu.com\Application\Home\Controller\WxController.class.php 第 37 行.
SQL: SHOW COLUMNS FROM `wfx_shop_set` [ RunTime:0.0000s ]
SQL: SELECT * FROM `wfx_shop_set` LIMIT 1   [ RunTime:0.0000s ]
SQL: SHOW COLUMNS FROM `wfx_set` [ RunTime:0.0000s ]
SQL: SELECT * FROM `wfx_set` LIMIT 1   [ RunTime:0.0000s ]
SQL: SHOW COLUMNS FROM `wfx_vip` [ RunTime:0.0000s ]
SQL: SHOW COLUMNS FROM `wfx_vip_message` [ RunTime:0.0000s ]
SQL: SHOW COLUMNS FROM `wfx_vip_log_sub` [ RunTime:0.0000s ]
SQL: SHOW COLUMNS FROM `wfx_employee` [ RunTime:0.0000s ]
SQL: SHOW COLUMNS FROM `wfx_vip_set` [ RunTime:0.0000s ]
SQL: SELECT * FROM `wfx_vip_set` LIMIT 1   [ RunTime:0.0000s ]
INFO: [ app_end ] --START--
INFO: Run Behavior\ShowPageTraceBehavior [ RunTime:0.000000s ]
INFO: [ app_end ] --END-- [ RunTime:0.000000s ]

[ 2017-08-26T15:04:42+08:00 ] 140.207.54.80 /Home/Wx/index/token/cosmos?signature=b018d50a9682b22a2dc32efb503063ff26be504f&timestamp=1503731082&nonce=504189551&openid=oCHmqjuI6YYX3gyZbY8piFGm33UY
INFO: [ app_init ] --START--
INFO: Run Behavior\BuildLiteBehavior [ RunTime:0.000000s ]
INFO: [ app_init ] --END-- [ RunTime:0.000000s ]
INFO: [ app_begin ] --START--
INFO: Run Behavior\ReadHtmlCacheBehavior [ RunTime:0.015625s ]
INFO: [ app_begin ] --END-- [ RunTime:0.015625s ]
NOTIC: [2] Missing argument 1 for Home\Controller\WxController::__construct(), called in E:\UPUPW\UPUPW_AP5.5_64\vhosts\wx.shikexu.com\ThinkPHP\Common\functions.php on line 710 and defined E:\UPUPW\UPUPW_AP5.5_64\vhosts\wx.shikexu.com\Application\Home\Controller\WxController.class.php 第 37 行.
SQL: SHOW COLUMNS FROM `wfx_shop_set` [ RunTime:0.0000s ]
SQL: SELECT * FROM `wfx_shop_set` LIMIT 1   [ RunTime:0.0000s ]
SQL: SHOW COLUMNS FROM `wfx_set` [ RunTime:0.0000s ]
SQL: SELECT * FROM `wfx_set` LIMIT 1   [ RunTime:0.0000s ]
SQL: SHOW COLUMNS FROM `wfx_vip` [ RunTime:0.0156s ]
SQL: SHOW COLUMNS FROM `wfx_vip_message` [ RunTime:0.0000s ]
SQL: SHOW COLUMNS FROM `wfx_vip_log_sub` [ RunTime:0.0000s ]
SQL: SHOW COLUMNS FROM `wfx_employee` [ RunTime:0.0000s ]
SQL: SHOW COLUMNS FROM `wfx_vip_set` [ RunTime:0.0000s ]
SQL: SELECT * FROM `wfx_vip_set` LIMIT 1   [ RunTime:0.0000s ]
INFO: [ app_end ] --START--
INFO: Run Behavior\ShowPageTraceBehavior [ RunTime:0.000000s ]
INFO: [ app_end ] --END-- [ RunTime:0.000000s ]

[ 2017-08-26T15:04:44+08:00 ] 140.207.54.79 /Home/Wx/index/token/cosmos?signature=12e56b210d81de73cd0e55b86388c740d90481c5&timestamp=1503731084&nonce=1562102234&openid=oCHmqjuI6YYX3gyZbY8piFGm33UY
INFO: [ app_init ] --START--
INFO: Run Behavior\BuildLiteBehavior [ RunTime:0.000000s ]
INFO: [ app_init ] --END-- [ RunTime:0.000000s ]
INFO: [ app_begin ] --START--
INFO: Run Behavior\ReadHtmlCacheBehavior [ RunTime:0.000000s ]
INFO: [ app_begin ] --END-- [ RunTime:0.000000s ]
NOTIC: [2] Missing argument 1 for Home\Controller\WxController::__construct(), called in E:\UPUPW\UPUPW_AP5.5_64\vhosts\wx.shikexu.com\ThinkPHP\Common\functions.php on line 710 and defined E:\UPUPW\UPUPW_AP5.5_64\vhosts\wx.shikexu.com\Application\Home\Controller\WxController.class.php 第 37 行.
SQL: SHOW COLUMNS FROM `wfx_shop_set` [ RunTime:0.0000s ]
SQL: SELECT * FROM `wfx_shop_set` LIMIT 1   [ RunTime:0.0000s ]
SQL: SHOW COLUMNS FROM `wfx_set` [ RunTime:0.0000s ]
SQL: SELECT * FROM `wfx_set` LIMIT 1   [ RunTime:0.0000s ]
SQL: SHOW COLUMNS FROM `wfx_vip` [ RunTime:0.0000s ]
SQL: SHOW COLUMNS FROM `wfx_vip_message` [ RunTime:0.0000s ]
SQL: SHOW COLUMNS FROM `wfx_vip_log_sub` [ RunTime:0.0000s ]
SQL: SHOW COLUMNS FROM `wfx_employee` [ RunTime:0.0156s ]
SQL: SHOW COLUMNS FROM `wfx_vip_set` [ RunTime:0.0000s ]
SQL: SELECT * FROM `wfx_vip_set` LIMIT 1   [ RunTime:0.0000s ]
INFO: [ app_end ] --START--
INFO: Run Behavior\ShowPageTraceBehavior [ RunTime:0.000000s ]
INFO: [ app_end ] --END-- [ RunTime:0.000000s ]

[ 2017-08-26T15:25:38+08:00 ] 140.207.54.79 /Home/Wx/index/token/cosmos?signature=5fd5dca7739025c75a03248940985f5b6257f13a&timestamp=1503732338&nonce=421337994&openid=oCHmqjuI6YYX3gyZbY8piFGm33UY
INFO: [ app_init ] --START--
INFO: Run Behavior\BuildLiteBehavior [ RunTime:0.000000s ]
INFO: [ app_init ] --END-- [ RunTime:0.000000s ]
INFO: [ app_begin ] --START--
INFO: Run Behavior\ReadHtmlCacheBehavior [ RunTime:0.000000s ]
INFO: [ app_begin ] --END-- [ RunTime:0.000000s ]
NOTIC: [2] Missing argument 1 for Home\Controller\WxController::__construct(), called in E:\UPUPW\UPUPW_AP5.5_64\vhosts\wx.shikexu.com\ThinkPHP\Common\functions.php on line 710 and defined E:\UPUPW\UPUPW_AP5.5_64\vhosts\wx.shikexu.com\Application\Home\Controller\WxController.class.php 第 37 行.
SQL: SHOW COLUMNS FROM `wfx_shop_set` [ RunTime:0.0000s ]
SQL: SELECT * FROM `wfx_shop_set` LIMIT 1   [ RunTime:0.0000s ]
SQL: SHOW COLUMNS FROM `wfx_set` [ RunTime:0.0000s ]
SQL: SELECT * FROM `wfx_set` LIMIT 1   [ RunTime:0.0000s ]
SQL: SHOW COLUMNS FROM `wfx_vip` [ RunTime:0.0000s ]
SQL: SHOW COLUMNS FROM `wfx_vip_message` [ RunTime:0.0000s ]
SQL: SHOW COLUMNS FROM `wfx_vip_log_sub` [ RunTime:0.0000s ]
SQL: SHOW COLUMNS FROM `wfx_employee` [ RunTime:0.0156s ]
SQL: SHOW COLUMNS FROM `wfx_vip_set` [ RunTime:0.0000s ]
SQL: SELECT * FROM `wfx_vip_set` LIMIT 1   [ RunTime:0.0000s ]
INFO: [ app_end ] --START--
INFO: Run Behavior\ShowPageTraceBehavior [ RunTime:0.000000s ]
INFO: [ app_end ] --END-- [ RunTime:0.000000s ]

[ 2017-08-26T15:27:01+08:00 ] 140.207.54.79 /Home/Wx/index/token/cosmos?signature=1a84e8a8f7066eacc6feac62592594f73e05b6e1&timestamp=1503732421&nonce=1495088032&openid=oCHmqjuI6YYX3gyZbY8piFGm33UY
INFO: [ app_init ] --START--
INFO: Run Behavior\BuildLiteBehavior [ RunTime:0.000000s ]
INFO: [ app_init ] --END-- [ RunTime:0.000000s ]
INFO: [ app_begin ] --START--
INFO: Run Behavior\ReadHtmlCacheBehavior [ RunTime:0.000000s ]
INFO: [ app_begin ] --END-- [ RunTime:0.000000s ]
NOTIC: [2] Missing argument 1 for Home\Controller\WxController::__construct(), called in E:\UPUPW\UPUPW_AP5.5_64\vhosts\wx.shikexu.com\ThinkPHP\Common\functions.php on line 710 and defined E:\UPUPW\UPUPW_AP5.5_64\vhosts\wx.shikexu.com\Application\Home\Controller\WxController.class.php 第 37 行.
SQL: SHOW COLUMNS FROM `wfx_shop_set` [ RunTime:0.0000s ]
SQL: SELECT * FROM `wfx_shop_set` LIMIT 1   [ RunTime:0.0000s ]
SQL: SHOW COLUMNS FROM `wfx_set` [ RunTime:0.0000s ]
SQL: SELECT * FROM `wfx_set` LIMIT 1   [ RunTime:0.0000s ]
SQL: SHOW COLUMNS FROM `wfx_vip` [ RunTime:0.0000s ]
SQL: SHOW COLUMNS FROM `wfx_vip_message` [ RunTime:0.0000s ]
SQL: SHOW COLUMNS FROM `wfx_vip_log_sub` [ RunTime:0.0000s ]
SQL: SHOW COLUMNS FROM `wfx_employee` [ RunTime:0.0000s ]
SQL: SHOW COLUMNS FROM `wfx_vip_set` [ RunTime:0.0000s ]
SQL: SELECT * FROM `wfx_vip_set` LIMIT 1   [ RunTime:0.0000s ]
INFO: [ app_end ] --START--
INFO: Run Behavior\ShowPageTraceBehavior [ RunTime:0.000000s ]
INFO: [ app_end ] --END-- [ RunTime:0.000000s ]

[ 2017-08-26T15:28:48+08:00 ] 140.207.54.79 /Home/Wx/index/token/cosmos?signature=4eb07fcf7525ffacd5479f2e79934d0303cff7ff&timestamp=1503732528&nonce=840066134&openid=oCHmqjuI6YYX3gyZbY8piFGm33UY
INFO: [ app_init ] --START--
INFO: Run Behavior\BuildLiteBehavior [ RunTime:0.000000s ]
INFO: [ app_init ] --END-- [ RunTime:0.000000s ]
INFO: [ app_begin ] --START--
INFO: Run Behavior\ReadHtmlCacheBehavior [ RunTime:0.000000s ]
INFO: [ app_begin ] --END-- [ RunTime:0.000000s ]
NOTIC: [2] Missing argument 1 for Home\Controller\WxController::__construct(), called in E:\UPUPW\UPUPW_AP5.5_64\vhosts\wx.shikexu.com\ThinkPHP\Common\functions.php on line 710 and defined E:\UPUPW\UPUPW_AP5.5_64\vhosts\wx.shikexu.com\Application\Home\Controller\WxController.class.php 第 37 行.
SQL: SHOW COLUMNS FROM `wfx_shop_set` [ RunTime:0.0000s ]
SQL: SELECT * FROM `wfx_shop_set` LIMIT 1   [ RunTime:0.0000s ]
SQL: SHOW COLUMNS FROM `wfx_set` [ RunTime:0.0000s ]
SQL: SELECT * FROM `wfx_set` LIMIT 1   [ RunTime:0.0000s ]
SQL: SHOW COLUMNS FROM `wfx_vip` [ RunTime:0.0000s ]
SQL: SHOW COLUMNS FROM `wfx_vip_message` [ RunTime:0.0000s ]
SQL: SHOW COLUMNS FROM `wfx_vip_log_sub` [ RunTime:0.0000s ]
SQL: SHOW COLUMNS FROM `wfx_employee` [ RunTime:0.0000s ]
SQL: SHOW COLUMNS FROM `wfx_vip_set` [ RunTime:0.0156s ]
SQL: SELECT * FROM `wfx_vip_set` LIMIT 1   [ RunTime:0.0000s ]
INFO: [ app_end ] --START--
INFO: Run Behavior\ShowPageTraceBehavior [ RunTime:0.000000s ]
INFO: [ app_end ] --END-- [ RunTime:0.000000s ]

[ 2017-08-26T16:00:24+08:00 ] 140.207.54.80 /Home/Wx/index/token/cosmos?signature=904dba03f3131121f2668851b2339b5b9da86ba1&timestamp=1503734424&nonce=1419266273&openid=oCHmqjuI6YYX3gyZbY8piFGm33UY
INFO: [ app_init ] --START--
INFO: Run Behavior\BuildLiteBehavior [ RunTime:0.000000s ]
INFO: [ app_init ] --END-- [ RunTime:0.000000s ]
INFO: [ app_begin ] --START--
INFO: Run Behavior\ReadHtmlCacheBehavior [ RunTime:0.000000s ]
INFO: [ app_begin ] --END-- [ RunTime:0.000000s ]
NOTIC: [2] Missing argument 1 for Home\Controller\WxController::__construct(), called in E:\UPUPW\UPUPW_AP5.5_64\vhosts\wx.shikexu.com\ThinkPHP\Common\functions.php on line 710 and defined E:\UPUPW\UPUPW_AP5.5_64\vhosts\wx.shikexu.com\Application\Home\Controller\WxController.class.php 第 37 行.
SQL: SHOW COLUMNS FROM `wfx_shop_set` [ RunTime:0.0000s ]
SQL: SELECT * FROM `wfx_shop_set` LIMIT 1   [ RunTime:0.0000s ]
SQL: SHOW COLUMNS FROM `wfx_set` [ RunTime:0.0000s ]
SQL: SELECT * FROM `wfx_set` LIMIT 1   [ RunTime:0.0000s ]
SQL: SHOW COLUMNS FROM `wfx_vip` [ RunTime:0.0156s ]
SQL: SHOW COLUMNS FROM `wfx_vip_message` [ RunTime:0.0000s ]
SQL: SHOW COLUMNS FROM `wfx_vip_log_sub` [ RunTime:0.0000s ]
SQL: SHOW COLUMNS FROM `wfx_employee` [ RunTime:0.0000s ]
SQL: SHOW COLUMNS FROM `wfx_vip_set` [ RunTime:0.0000s ]
SQL: SELECT * FROM `wfx_vip_set` LIMIT 1   [ RunTime:0.0000s ]
INFO: [ app_end ] --START--
INFO: Run Behavior\ShowPageTraceBehavior [ RunTime:0.000000s ]
INFO: [ app_end ] --END-- [ RunTime:0.000000s ]

[ 2017-08-26T16:02:36+08:00 ] 140.207.54.75 /Home/Wx/index/token/cosmos?signature=b7816e513620d59be26252f427a6bfbb1f894859&timestamp=1503734556&nonce=908054498&openid=oCHmqjtbx-hUPzfYt2nSonyPfCCc
INFO: [ app_init ] --START--
INFO: Run Behavior\BuildLiteBehavior [ RunTime:0.000000s ]
INFO: [ app_init ] --END-- [ RunTime:0.000000s ]
INFO: [ app_begin ] --START--
INFO: Run Behavior\ReadHtmlCacheBehavior [ RunTime:0.000000s ]
INFO: [ app_begin ] --END-- [ RunTime:0.000000s ]
NOTIC: [2] Missing argument 1 for Home\Controller\WxController::__construct(), called in E:\UPUPW\UPUPW_AP5.5_64\vhosts\wx.shikexu.com\ThinkPHP\Common\functions.php on line 710 and defined E:\UPUPW\UPUPW_AP5.5_64\vhosts\wx.shikexu.com\Application\Home\Controller\WxController.class.php 第 37 行.
SQL: SHOW COLUMNS FROM `wfx_shop_set` [ RunTime:0.0000s ]
SQL: SELECT * FROM `wfx_shop_set` LIMIT 1   [ RunTime:0.0000s ]
SQL: SHOW COLUMNS FROM `wfx_set` [ RunTime:0.0000s ]
SQL: SELECT * FROM `wfx_set` LIMIT 1   [ RunTime:0.0000s ]
SQL: SHOW COLUMNS FROM `wfx_vip` [ RunTime:0.0000s ]
SQL: SHOW COLUMNS FROM `wfx_vip_message` [ RunTime:0.0000s ]
SQL: SHOW COLUMNS FROM `wfx_vip_log_sub` [ RunTime:0.0000s ]
SQL: SHOW COLUMNS FROM `wfx_employee` [ RunTime:0.0000s ]
SQL: SHOW COLUMNS FROM `wfx_vip_set` [ RunTime:0.0156s ]
SQL: SELECT * FROM `wfx_vip_set` LIMIT 1   [ RunTime:0.0000s ]
INFO: [ app_end ] --START--
INFO: Run Behavior\ShowPageTraceBehavior [ RunTime:0.000000s ]
INFO: [ app_end ] --END-- [ RunTime:0.000000s ]

[ 2017-08-26T16:20:00+08:00 ] 140.207.54.79 /Home/Wx/index/token/cosmos?signature=f03255b2dc365121d6fa0093678f96d4e8eb6c7f&timestamp=1503735600&nonce=1531625071&openid=oCHmqjuI6YYX3gyZbY8piFGm33UY
INFO: [ app_init ] --START--
INFO: Run Behavior\BuildLiteBehavior [ RunTime:0.000000s ]
INFO: [ app_init ] --END-- [ RunTime:0.000000s ]
INFO: [ app_begin ] --START--
INFO: Run Behavior\ReadHtmlCacheBehavior [ RunTime:0.000000s ]
INFO: [ app_begin ] --END-- [ RunTime:0.000000s ]
NOTIC: [2] Missing argument 1 for Home\Controller\WxController::__construct(), called in E:\UPUPW\UPUPW_AP5.5_64\vhosts\wx.shikexu.com\ThinkPHP\Common\functions.php on line 710 and defined E:\UPUPW\UPUPW_AP5.5_64\vhosts\wx.shikexu.com\Application\Home\Controller\WxController.class.php 第 37 行.
SQL: SHOW COLUMNS FROM `wfx_shop_set` [ RunTime:0.0000s ]
SQL: SELECT * FROM `wfx_shop_set` LIMIT 1   [ RunTime:0.0000s ]
SQL: SHOW COLUMNS FROM `wfx_set` [ RunTime:0.0000s ]
SQL: SELECT * FROM `wfx_set` LIMIT 1   [ RunTime:0.0000s ]
SQL: SHOW COLUMNS FROM `wfx_vip` [ RunTime:0.0000s ]
SQL: SHOW COLUMNS FROM `wfx_vip_message` [ RunTime:0.0156s ]
SQL: SHOW COLUMNS FROM `wfx_vip_log_sub` [ RunTime:0.0000s ]
SQL: SHOW COLUMNS FROM `wfx_employee` [ RunTime:0.0000s ]
SQL: SHOW COLUMNS FROM `wfx_vip_set` [ RunTime:0.0000s ]
SQL: SELECT * FROM `wfx_vip_set` LIMIT 1   [ RunTime:0.0000s ]
INFO: [ app_end ] --START--
INFO: Run Behavior\ShowPageTraceBehavior [ RunTime:0.000000s ]
INFO: [ app_end ] --END-- [ RunTime:0.000000s ]

[ 2017-08-26T16:51:37+08:00 ] 140.207.54.79 /Home/Wx/index/token/cosmos?signature=38339b6b204c16aa10631ba17c5346e87636985a&timestamp=1503737497&nonce=1044724196&openid=oCHmqjuI6YYX3gyZbY8piFGm33UY
INFO: [ app_init ] --START--
INFO: Run Behavior\BuildLiteBehavior [ RunTime:0.000000s ]
INFO: [ app_init ] --END-- [ RunTime:0.000000s ]
INFO: [ app_begin ] --START--
INFO: Run Behavior\ReadHtmlCacheBehavior [ RunTime:0.000000s ]
INFO: [ app_begin ] --END-- [ RunTime:0.000000s ]
NOTIC: [2] Missing argument 1 for Home\Controller\WxController::__construct(), called in E:\UPUPW\UPUPW_AP5.5_64\vhosts\wx.shikexu.com\ThinkPHP\Common\functions.php on line 710 and defined E:\UPUPW\UPUPW_AP5.5_64\vhosts\wx.shikexu.com\Application\Home\Controller\WxController.class.php 第 37 行.
SQL: SHOW COLUMNS FROM `wfx_shop_set` [ RunTime:0.0000s ]
SQL: SELECT * FROM `wfx_shop_set` LIMIT 1   [ RunTime:0.0000s ]
SQL: SHOW COLUMNS FROM `wfx_set` [ RunTime:0.0000s ]
SQL: SELECT * FROM `wfx_set` LIMIT 1   [ RunTime:0.0000s ]
SQL: SHOW COLUMNS FROM `wfx_vip` [ RunTime:0.0000s ]
SQL: SHOW COLUMNS FROM `wfx_vip_message` [ RunTime:0.0000s ]
SQL: SHOW COLUMNS FROM `wfx_vip_log_sub` [ RunTime:0.0000s ]
SQL: SHOW COLUMNS FROM `wfx_employee` [ RunTime:0.0156s ]
SQL: SHOW COLUMNS FROM `wfx_vip_set` [ RunTime:0.0000s ]
SQL: SELECT * FROM `wfx_vip_set` LIMIT 1   [ RunTime:0.0000s ]
INFO: [ app_end ] --START--
INFO: Run Behavior\ShowPageTraceBehavior [ RunTime:0.000000s ]
INFO: [ app_end ] --END-- [ RunTime:0.000000s ]

[ 2017-08-26T16:57:45+08:00 ] 140.207.54.80 /Home/Wx/index/token/cosmos?signature=d63706cf0a9aee83e08d35614325e4f79066eab9&timestamp=1503737865&nonce=1885217394&openid=oCHmqjuI6YYX3gyZbY8piFGm33UY
INFO: [ app_init ] --START--
INFO: Run Behavior\BuildLiteBehavior [ RunTime:0.000000s ]
INFO: [ app_init ] --END-- [ RunTime:0.000000s ]
INFO: [ app_begin ] --START--
INFO: Run Behavior\ReadHtmlCacheBehavior [ RunTime:0.000000s ]
INFO: [ app_begin ] --END-- [ RunTime:0.000000s ]
NOTIC: [2] Missing argument 1 for Home\Controller\WxController::__construct(), called in E:\UPUPW\UPUPW_AP5.5_64\vhosts\wx.shikexu.com\ThinkPHP\Common\functions.php on line 710 and defined E:\UPUPW\UPUPW_AP5.5_64\vhosts\wx.shikexu.com\Application\Home\Controller\WxController.class.php 第 37 行.
SQL: SHOW COLUMNS FROM `wfx_shop_set` [ RunTime:0.0000s ]
SQL: SELECT * FROM `wfx_shop_set` LIMIT 1   [ RunTime:0.0156s ]
SQL: SHOW COLUMNS FROM `wfx_set` [ RunTime:0.0000s ]
SQL: SELECT * FROM `wfx_set` LIMIT 1   [ RunTime:0.0000s ]
SQL: SHOW COLUMNS FROM `wfx_vip` [ RunTime:0.0000s ]
SQL: SHOW COLUMNS FROM `wfx_vip_message` [ RunTime:0.0000s ]
SQL: SHOW COLUMNS FROM `wfx_vip_log_sub` [ RunTime:0.0000s ]
SQL: SHOW COLUMNS FROM `wfx_employee` [ RunTime:0.0000s ]
SQL: SHOW COLUMNS FROM `wfx_vip_set` [ RunTime:0.0000s ]
SQL: SELECT * FROM `wfx_vip_set` LIMIT 1   [ RunTime:0.0000s ]
INFO: [ app_end ] --START--
INFO: Run Behavior\ShowPageTraceBehavior [ RunTime:0.015625s ]
INFO: [ app_end ] --END-- [ RunTime:0.015625s ]

[ 2017-08-26T17:05:31+08:00 ] 140.207.54.80 /Home/Wx/index/token/cosmos?signature=713f65b5637cbfb14734d70e95a4a15905f1d3bb&timestamp=1503738331&nonce=1235214281&openid=oCHmqjuI6YYX3gyZbY8piFGm33UY
INFO: [ app_init ] --START--
INFO: Run Behavior\BuildLiteBehavior [ RunTime:0.000000s ]
INFO: [ app_init ] --END-- [ RunTime:0.000000s ]
INFO: [ app_begin ] --START--
INFO: Run Behavior\ReadHtmlCacheBehavior [ RunTime:0.000000s ]
INFO: [ app_begin ] --END-- [ RunTime:0.000000s ]
NOTIC: [2] Missing argument 1 for Home\Controller\WxController::__construct(), called in E:\UPUPW\UPUPW_AP5.5_64\vhosts\wx.shikexu.com\ThinkPHP\Common\functions.php on line 710 and defined E:\UPUPW\UPUPW_AP5.5_64\vhosts\wx.shikexu.com\Application\Home\Controller\WxController.class.php 第 37 行.
SQL: SHOW COLUMNS FROM `wfx_shop_set` [ RunTime:0.0000s ]
SQL: SELECT * FROM `wfx_shop_set` LIMIT 1   [ RunTime:0.0000s ]
SQL: SHOW COLUMNS FROM `wfx_set` [ RunTime:0.0000s ]
SQL: SELECT * FROM `wfx_set` LIMIT 1   [ RunTime:0.0000s ]
SQL: SHOW COLUMNS FROM `wfx_vip` [ RunTime:0.0000s ]
SQL: SHOW COLUMNS FROM `wfx_vip_message` [ RunTime:0.0000s ]
SQL: SHOW COLUMNS FROM `wfx_vip_log_sub` [ RunTime:0.0156s ]
SQL: SHOW COLUMNS FROM `wfx_employee` [ RunTime:0.0000s ]
SQL: SHOW COLUMNS FROM `wfx_vip_set` [ RunTime:0.0000s ]
SQL: SELECT * FROM `wfx_vip_set` LIMIT 1   [ RunTime:0.0000s ]
INFO: [ app_end ] --START--
INFO: Run Behavior\ShowPageTraceBehavior [ RunTime:0.000000s ]
INFO: [ app_end ] --END-- [ RunTime:0.000000s ]

[ 2017-08-26T17:44:34+08:00 ] 140.207.54.75 /Home/Wx/index/token/cosmos?signature=8f2628525377dbe492273793fa1a67f9d0122192&timestamp=1503740674&nonce=494435763&openid=oCHmqjkouyqRC8tsdWBBcZ1jtPoM
INFO: [ app_init ] --START--
INFO: Run Behavior\BuildLiteBehavior [ RunTime:0.000000s ]
INFO: [ app_init ] --END-- [ RunTime:0.000000s ]
INFO: [ app_begin ] --START--
INFO: Run Behavior\ReadHtmlCacheBehavior [ RunTime:0.000000s ]
INFO: [ app_begin ] --END-- [ RunTime:0.000000s ]
NOTIC: [2] Missing argument 1 for Home\Controller\WxController::__construct(), called in E:\UPUPW\UPUPW_AP5.5_64\vhosts\wx.shikexu.com\ThinkPHP\Common\functions.php on line 710 and defined E:\UPUPW\UPUPW_AP5.5_64\vhosts\wx.shikexu.com\Application\Home\Controller\WxController.class.php 第 37 行.
SQL: SHOW COLUMNS FROM `wfx_shop_set` [ RunTime:0.0000s ]
SQL: SELECT * FROM `wfx_shop_set` LIMIT 1   [ RunTime:0.0000s ]
SQL: SHOW COLUMNS FROM `wfx_set` [ RunTime:0.0000s ]
SQL: SELECT * FROM `wfx_set` LIMIT 1   [ RunTime:0.0000s ]
SQL: SHOW COLUMNS FROM `wfx_vip` [ RunTime:0.0000s ]
SQL: SHOW COLUMNS FROM `wfx_vip_message` [ RunTime:0.0000s ]
SQL: SHOW COLUMNS FROM `wfx_vip_log_sub` [ RunTime:0.0000s ]
SQL: SHOW COLUMNS FROM `wfx_employee` [ RunTime:0.0000s ]
SQL: SHOW COLUMNS FROM `wfx_vip_set` [ RunTime:0.0156s ]
SQL: SELECT * FROM `wfx_vip_set` LIMIT 1   [ RunTime:0.0000s ]
INFO: [ app_end ] --START--
INFO: Run Behavior\ShowPageTraceBehavior [ RunTime:0.000000s ]
INFO: [ app_end ] --END-- [ RunTime:0.000000s ]

[ 2017-08-26T17:45:35+08:00 ] 140.207.54.75 /Home/Wx/index/token/cosmos?signature=0059239d565210c096cbf1021be1389447f548ba&timestamp=1503740735&nonce=1762109615&openid=oCHmqjkouyqRC8tsdWBBcZ1jtPoM
INFO: [ app_init ] --START--
INFO: Run Behavior\BuildLiteBehavior [ RunTime:0.000000s ]
INFO: [ app_init ] --END-- [ RunTime:0.000000s ]
INFO: [ app_begin ] --START--
INFO: Run Behavior\ReadHtmlCacheBehavior [ RunTime:0.000000s ]
INFO: [ app_begin ] --END-- [ RunTime:0.000000s ]
NOTIC: [2] Missing argument 1 for Home\Controller\WxController::__construct(), called in E:\UPUPW\UPUPW_AP5.5_64\vhosts\wx.shikexu.com\ThinkPHP\Common\functions.php on line 710 and defined E:\UPUPW\UPUPW_AP5.5_64\vhosts\wx.shikexu.com\Application\Home\Controller\WxController.class.php 第 37 行.
SQL: SHOW COLUMNS FROM `wfx_shop_set` [ RunTime:0.0000s ]
SQL: SELECT * FROM `wfx_shop_set` LIMIT 1   [ RunTime:0.0000s ]
SQL: SHOW COLUMNS FROM `wfx_set` [ RunTime:0.0000s ]
SQL: SELECT * FROM `wfx_set` LIMIT 1   [ RunTime:0.0000s ]
SQL: SHOW COLUMNS FROM `wfx_vip` [ RunTime:0.0000s ]
SQL: SHOW COLUMNS FROM `wfx_vip_message` [ RunTime:0.0000s ]
SQL: SHOW COLUMNS FROM `wfx_vip_log_sub` [ RunTime:0.0000s ]
SQL: SHOW COLUMNS FROM `wfx_employee` [ RunTime:0.0000s ]
SQL: SHOW COLUMNS FROM `wfx_vip_set` [ RunTime:0.0156s ]
SQL: SELECT * FROM `wfx_vip_set` LIMIT 1   [ RunTime:0.0000s ]
INFO: [ app_end ] --START--
INFO: Run Behavior\ShowPageTraceBehavior [ RunTime:0.000000s ]
INFO: [ app_end ] --END-- [ RunTime:0.000000s ]

[ 2017-08-26T17:45:42+08:00 ] 140.207.54.76 /Home/Wx/index/token/cosmos?signature=e0de212a698d4288b9e6e4526e8f50023589fccf&timestamp=1503740742&nonce=839948323&openid=oCHmqjkouyqRC8tsdWBBcZ1jtPoM
INFO: [ app_init ] --START--
INFO: Run Behavior\BuildLiteBehavior [ RunTime:0.000000s ]
INFO: [ app_init ] --END-- [ RunTime:0.000000s ]
INFO: [ app_begin ] --START--
INFO: Run Behavior\ReadHtmlCacheBehavior [ RunTime:0.000000s ]
INFO: [ app_begin ] --END-- [ RunTime:0.000000s ]
NOTIC: [2] Missing argument 1 for Home\Controller\WxController::__construct(), called in E:\UPUPW\UPUPW_AP5.5_64\vhosts\wx.shikexu.com\ThinkPHP\Common\functions.php on line 710 and defined E:\UPUPW\UPUPW_AP5.5_64\vhosts\wx.shikexu.com\Application\Home\Controller\WxController.class.php 第 37 行.
SQL: SHOW COLUMNS FROM `wfx_shop_set` [ RunTime:0.0000s ]
SQL: SELECT * FROM `wfx_shop_set` LIMIT 1   [ RunTime:0.0000s ]
SQL: SHOW COLUMNS FROM `wfx_set` [ RunTime:0.0000s ]
SQL: SELECT * FROM `wfx_set` LIMIT 1   [ RunTime:0.0000s ]
SQL: SHOW COLUMNS FROM `wfx_vip` [ RunTime:0.0000s ]
SQL: SHOW COLUMNS FROM `wfx_vip_message` [ RunTime:0.0156s ]
SQL: SHOW COLUMNS FROM `wfx_vip_log_sub` [ RunTime:0.0000s ]
SQL: SHOW COLUMNS FROM `wfx_employee` [ RunTime:0.0000s ]
SQL: SHOW COLUMNS FROM `wfx_vip_set` [ RunTime:0.0000s ]
SQL: SELECT * FROM `wfx_vip_set` LIMIT 1   [ RunTime:0.0000s ]
INFO: [ app_end ] --START--
INFO: Run Behavior\ShowPageTraceBehavior [ RunTime:0.000000s ]
INFO: [ app_end ] --END-- [ RunTime:0.000000s ]

[ 2017-08-26T17:46:14+08:00 ] 140.207.54.76 /Home/Wx/index/token/cosmos?signature=f04b5a8ce047bf246c0a4d3946d4debceea3a318&timestamp=1503740774&nonce=1742713866&openid=oCHmqjkouyqRC8tsdWBBcZ1jtPoM
INFO: [ app_init ] --START--
INFO: Run Behavior\BuildLiteBehavior [ RunTime:0.000000s ]
INFO: [ app_init ] --END-- [ RunTime:0.000000s ]
INFO: [ app_begin ] --START--
INFO: Run Behavior\ReadHtmlCacheBehavior [ RunTime:0.000000s ]
INFO: [ app_begin ] --END-- [ RunTime:0.000000s ]
NOTIC: [2] Missing argument 1 for Home\Controller\WxController::__construct(), called in E:\UPUPW\UPUPW_AP5.5_64\vhosts\wx.shikexu.com\ThinkPHP\Common\functions.php on line 710 and defined E:\UPUPW\UPUPW_AP5.5_64\vhosts\wx.shikexu.com\Application\Home\Controller\WxController.class.php 第 37 行.
SQL: SHOW COLUMNS FROM `wfx_shop_set` [ RunTime:0.0000s ]
SQL: SELECT * FROM `wfx_shop_set` LIMIT 1   [ RunTime:0.0000s ]
SQL: SHOW COLUMNS FROM `wfx_set` [ RunTime:0.0000s ]
SQL: SELECT * FROM `wfx_set` LIMIT 1   [ RunTime:0.0000s ]
SQL: SHOW COLUMNS FROM `wfx_vip` [ RunTime:0.0000s ]
SQL: SHOW COLUMNS FROM `wfx_vip_message` [ RunTime:0.0000s ]
SQL: SHOW COLUMNS FROM `wfx_vip_log_sub` [ RunTime:0.0000s ]
SQL: SHOW COLUMNS FROM `wfx_employee` [ RunTime:0.0000s ]
SQL: SHOW COLUMNS FROM `wfx_vip_set` [ RunTime:0.0000s ]
SQL: SELECT * FROM `wfx_vip_set` LIMIT 1   [ RunTime:0.0000s ]
INFO: [ app_end ] --START--
INFO: Run Behavior\ShowPageTraceBehavior [ RunTime:0.000000s ]
INFO: [ app_end ] --END-- [ RunTime:0.000000s ]

[ 2017-08-26T17:46:37+08:00 ] 140.207.54.76 /Home/Wx/index/token/cosmos?signature=3cd318e2187a66fd2e65e3e649ac14823a3ba61b&timestamp=1503740797&nonce=1259258006&openid=oCHmqjkouyqRC8tsdWBBcZ1jtPoM
INFO: [ app_init ] --START--
INFO: Run Behavior\BuildLiteBehavior [ RunTime:0.000000s ]
INFO: [ app_init ] --END-- [ RunTime:0.000000s ]
INFO: [ app_begin ] --START--
INFO: Run Behavior\ReadHtmlCacheBehavior [ RunTime:0.000000s ]
INFO: [ app_begin ] --END-- [ RunTime:0.000000s ]
NOTIC: [2] Missing argument 1 for Home\Controller\WxController::__construct(), called in E:\UPUPW\UPUPW_AP5.5_64\vhosts\wx.shikexu.com\ThinkPHP\Common\functions.php on line 710 and defined E:\UPUPW\UPUPW_AP5.5_64\vhosts\wx.shikexu.com\Application\Home\Controller\WxController.class.php 第 37 行.
SQL: SHOW COLUMNS FROM `wfx_shop_set` [ RunTime:0.0000s ]
SQL: SELECT * FROM `wfx_shop_set` LIMIT 1   [ RunTime:0.0000s ]
SQL: SHOW COLUMNS FROM `wfx_set` [ RunTime:0.0000s ]
SQL: SELECT * FROM `wfx_set` LIMIT 1   [ RunTime:0.0000s ]
SQL: SHOW COLUMNS FROM `wfx_vip` [ RunTime:0.0156s ]
SQL: SHOW COLUMNS FROM `wfx_vip_message` [ RunTime:0.0000s ]
SQL: SHOW COLUMNS FROM `wfx_vip_log_sub` [ RunTime:0.0000s ]
SQL: SHOW COLUMNS FROM `wfx_employee` [ RunTime:0.0000s ]
SQL: SHOW COLUMNS FROM `wfx_vip_set` [ RunTime:0.0000s ]
SQL: SELECT * FROM `wfx_vip_set` LIMIT 1   [ RunTime:0.0000s ]
INFO: [ app_end ] --START--
INFO: Run Behavior\ShowPageTraceBehavior [ RunTime:0.000000s ]
INFO: [ app_end ] --END-- [ RunTime:0.000000s ]

[ 2017-08-26T17:50:04+08:00 ] 140.207.54.75 /Home/Wx/index/token/cosmos?signature=f7d985bb15d525942882701f7dfcb09fd31671b8&timestamp=1503741004&nonce=67143108&openid=oCHmqjkouyqRC8tsdWBBcZ1jtPoM
INFO: [ app_init ] --START--
INFO: Run Behavior\BuildLiteBehavior [ RunTime:0.000000s ]
INFO: [ app_init ] --END-- [ RunTime:0.000000s ]
INFO: [ app_begin ] --START--
INFO: Run Behavior\ReadHtmlCacheBehavior [ RunTime:0.000000s ]
INFO: [ app_begin ] --END-- [ RunTime:0.000000s ]
NOTIC: [2] Missing argument 1 for Home\Controller\WxController::__construct(), called in E:\UPUPW\UPUPW_AP5.5_64\vhosts\wx.shikexu.com\ThinkPHP\Common\functions.php on line 710 and defined E:\UPUPW\UPUPW_AP5.5_64\vhosts\wx.shikexu.com\Application\Home\Controller\WxController.class.php 第 37 行.
SQL: SHOW COLUMNS FROM `wfx_shop_set` [ RunTime:0.0156s ]
SQL: SELECT * FROM `wfx_shop_set` LIMIT 1   [ RunTime:0.0000s ]
SQL: SHOW COLUMNS FROM `wfx_set` [ RunTime:0.0000s ]
SQL: SELECT * FROM `wfx_set` LIMIT 1   [ RunTime:0.0000s ]
SQL: SHOW COLUMNS FROM `wfx_vip` [ RunTime:0.0000s ]
SQL: SHOW COLUMNS FROM `wfx_vip_message` [ RunTime:0.0000s ]
SQL: SHOW COLUMNS FROM `wfx_vip_log_sub` [ RunTime:0.0000s ]
SQL: SHOW COLUMNS FROM `wfx_employee` [ RunTime:0.0000s ]
SQL: SHOW COLUMNS FROM `wfx_vip_set` [ RunTime:0.0000s ]
SQL: SELECT * FROM `wfx_vip_set` LIMIT 1   [ RunTime:0.0000s ]
INFO: [ app_end ] --START--
INFO: Run Behavior\ShowPageTraceBehavior [ RunTime:0.000000s ]
INFO: [ app_end ] --END-- [ RunTime:0.000000s ]

[ 2017-08-26T18:26:59+08:00 ] 140.207.54.79 /Home/Wx/index/token/cosmos?signature=715fd919836aa4a46ca339ba1ccfc10bed21f27b&timestamp=1503743219&nonce=1350000491&openid=oCHmqjsLVRfhsdzrEnO0d958QtLE
INFO: [ app_init ] --START--
INFO: Run Behavior\BuildLiteBehavior [ RunTime:0.000000s ]
INFO: [ app_init ] --END-- [ RunTime:0.000000s ]
INFO: [ app_begin ] --START--
INFO: Run Behavior\ReadHtmlCacheBehavior [ RunTime:0.000000s ]
INFO: [ app_begin ] --END-- [ RunTime:0.000000s ]
NOTIC: [2] Missing argument 1 for Home\Controller\WxController::__construct(), called in E:\UPUPW\UPUPW_AP5.5_64\vhosts\wx.shikexu.com\ThinkPHP\Common\functions.php on line 710 and defined E:\UPUPW\UPUPW_AP5.5_64\vhosts\wx.shikexu.com\Application\Home\Controller\WxController.class.php 第 37 行.
SQL: SHOW COLUMNS FROM `wfx_shop_set` [ RunTime:0.0000s ]
SQL: SELECT * FROM `wfx_shop_set` LIMIT 1   [ RunTime:0.0000s ]
SQL: SHOW COLUMNS FROM `wfx_set` [ RunTime:0.0000s ]
SQL: SELECT * FROM `wfx_set` LIMIT 1   [ RunTime:0.0156s ]
SQL: SHOW COLUMNS FROM `wfx_vip` [ RunTime:0.0000s ]
SQL: SHOW COLUMNS FROM `wfx_vip_message` [ RunTime:0.0000s ]
SQL: SHOW COLUMNS FROM `wfx_vip_log_sub` [ RunTime:0.0000s ]
SQL: SHOW COLUMNS FROM `wfx_employee` [ RunTime:0.0000s ]
SQL: SHOW COLUMNS FROM `wfx_vip_set` [ RunTime:0.0000s ]
SQL: SELECT * FROM `wfx_vip_set` LIMIT 1   [ RunTime:0.0000s ]
SQL: SELECT * FROM `wfx_vip` WHERE `openid` = 'oCHmqjsLVRfhsdzrEnO0d958QtLE' LIMIT 1   [ RunTime:0.0156s ]
INFO: [ app_end ] --START--
INFO: Run Behavior\ShowPageTraceBehavior [ RunTime:0.000000s ]
INFO: [ app_end ] --END-- [ RunTime:0.000000s ]

[ 2017-08-26T19:09:37+08:00 ] 140.207.54.79 /Home/Wx/index/token/cosmos?signature=0d3db1aa7fe6e6e920b1ad58622b67e72ed93327&timestamp=1503745777&nonce=1771030783&openid=oCHmqjq1jkhV42gl3DRuJGGBULcw
INFO: [ app_init ] --START--
INFO: Run Behavior\BuildLiteBehavior [ RunTime:0.000000s ]
INFO: [ app_init ] --END-- [ RunTime:0.000000s ]
INFO: [ app_begin ] --START--
INFO: Run Behavior\ReadHtmlCacheBehavior [ RunTime:0.000000s ]
INFO: [ app_begin ] --END-- [ RunTime:0.000000s ]
NOTIC: [2] Missing argument 1 for Home\Controller\WxController::__construct(), called in E:\UPUPW\UPUPW_AP5.5_64\vhosts\wx.shikexu.com\ThinkPHP\Common\functions.php on line 710 and defined E:\UPUPW\UPUPW_AP5.5_64\vhosts\wx.shikexu.com\Application\Home\Controller\WxController.class.php 第 37 行.
SQL: SHOW COLUMNS FROM `wfx_shop_set` [ RunTime:0.0000s ]
SQL: SELECT * FROM `wfx_shop_set` LIMIT 1   [ RunTime:0.0156s ]
SQL: SHOW COLUMNS FROM `wfx_set` [ RunTime:0.0000s ]
SQL: SELECT * FROM `wfx_set` LIMIT 1   [ RunTime:0.0000s ]
SQL: SHOW COLUMNS FROM `wfx_vip` [ RunTime:0.0000s ]
SQL: SHOW COLUMNS FROM `wfx_vip_message` [ RunTime:0.0000s ]
SQL: SHOW COLUMNS FROM `wfx_vip_log_sub` [ RunTime:0.0000s ]
SQL: SHOW COLUMNS FROM `wfx_employee` [ RunTime:0.0000s ]
SQL: SHOW COLUMNS FROM `wfx_vip_set` [ RunTime:0.0000s ]
SQL: SELECT * FROM `wfx_vip_set` LIMIT 1   [ RunTime:0.0000s ]
INFO: [ app_end ] --START--
INFO: Run Behavior\ShowPageTraceBehavior [ RunTime:0.015625s ]
INFO: [ app_end ] --END-- [ RunTime:0.015625s ]

[ 2017-08-26T19:10:00+08:00 ] 140.207.54.79 /Home/Wx/index/token/cosmos?signature=ccd7892ced002c3dca8b3473f95eb4407ff08d40&timestamp=1503745800&nonce=1560831706&openid=oCHmqjq1jkhV42gl3DRuJGGBULcw
INFO: [ app_init ] --START--
INFO: Run Behavior\BuildLiteBehavior [ RunTime:0.000000s ]
INFO: [ app_init ] --END-- [ RunTime:0.000000s ]
INFO: [ app_begin ] --START--
INFO: Run Behavior\ReadHtmlCacheBehavior [ RunTime:0.000000s ]
INFO: [ app_begin ] --END-- [ RunTime:0.000000s ]
NOTIC: [2] Missing argument 1 for Home\Controller\WxController::__construct(), called in E:\UPUPW\UPUPW_AP5.5_64\vhosts\wx.shikexu.com\ThinkPHP\Common\functions.php on line 710 and defined E:\UPUPW\UPUPW_AP5.5_64\vhosts\wx.shikexu.com\Application\Home\Controller\WxController.class.php 第 37 行.
SQL: SHOW COLUMNS FROM `wfx_shop_set` [ RunTime:0.0000s ]
SQL: SELECT * FROM `wfx_shop_set` LIMIT 1   [ RunTime:0.0000s ]
SQL: SHOW COLUMNS FROM `wfx_set` [ RunTime:0.0000s ]
SQL: SELECT * FROM `wfx_set` LIMIT 1   [ RunTime:0.0000s ]
SQL: SHOW COLUMNS FROM `wfx_vip` [ RunTime:0.0000s ]
SQL: SHOW COLUMNS FROM `wfx_vip_message` [ RunTime:0.0000s ]
SQL: SHOW COLUMNS FROM `wfx_vip_log_sub` [ RunTime:0.0000s ]
SQL: SHOW COLUMNS FROM `wfx_employee` [ RunTime:0.0000s ]
SQL: SHOW COLUMNS FROM `wfx_vip_set` [ RunTime:0.0000s ]
SQL: SELECT * FROM `wfx_vip_set` LIMIT 1   [ RunTime:0.0000s ]
INFO: [ app_end ] --START--
INFO: Run Behavior\ShowPageTraceBehavior [ RunTime:0.000000s ]
INFO: [ app_end ] --END-- [ RunTime:0.000000s ]

[ 2017-08-26T20:49:10+08:00 ] 140.207.54.76 /Home/Wx/index/token/cosmos?signature=a725a63dcaf13a6825e682975449f0f12f567382&timestamp=1503751750&nonce=927579133&openid=oCHmqjkouyqRC8tsdWBBcZ1jtPoM
INFO: [ app_init ] --START--
INFO: Run Behavior\BuildLiteBehavior [ RunTime:0.000000s ]
INFO: [ app_init ] --END-- [ RunTime:0.000000s ]
INFO: [ app_begin ] --START--
INFO: Run Behavior\ReadHtmlCacheBehavior [ RunTime:0.000000s ]
INFO: [ app_begin ] --END-- [ RunTime:0.000000s ]
NOTIC: [2] Missing argument 1 for Home\Controller\WxController::__construct(), called in E:\UPUPW\UPUPW_AP5.5_64\vhosts\wx.shikexu.com\ThinkPHP\Common\functions.php on line 710 and defined E:\UPUPW\UPUPW_AP5.5_64\vhosts\wx.shikexu.com\Application\Home\Controller\WxController.class.php 第 37 行.
SQL: SHOW COLUMNS FROM `wfx_shop_set` [ RunTime:0.0000s ]
SQL: SELECT * FROM `wfx_shop_set` LIMIT 1   [ RunTime:0.0000s ]
SQL: SHOW COLUMNS FROM `wfx_set` [ RunTime:0.0000s ]
SQL: SELECT * FROM `wfx_set` LIMIT 1   [ RunTime:0.0000s ]
SQL: SHOW COLUMNS FROM `wfx_vip` [ RunTime:0.0156s ]
SQL: SHOW COLUMNS FROM `wfx_vip_message` [ RunTime:0.0000s ]
SQL: SHOW COLUMNS FROM `wfx_vip_log_sub` [ RunTime:0.0000s ]
SQL: SHOW COLUMNS FROM `wfx_employee` [ RunTime:0.0000s ]
SQL: SHOW COLUMNS FROM `wfx_vip_set` [ RunTime:0.0000s ]
SQL: SELECT * FROM `wfx_vip_set` LIMIT 1   [ RunTime:0.0000s ]
INFO: [ app_end ] --START--
INFO: Run Behavior\ShowPageTraceBehavior [ RunTime:0.000000s ]
INFO: [ app_end ] --END-- [ RunTime:0.000000s ]

[ 2017-08-26T20:50:53+08:00 ] 140.207.54.75 /Home/Wx/index/token/cosmos?signature=03d4b7853d7fde883113f35c7d4c7af0f63047ca&timestamp=1503751853&nonce=1589703873&openid=oCHmqjkouyqRC8tsdWBBcZ1jtPoM
INFO: [ app_init ] --START--
INFO: Run Behavior\BuildLiteBehavior [ RunTime:0.000000s ]
INFO: [ app_init ] --END-- [ RunTime:0.000000s ]
INFO: [ app_begin ] --START--
INFO: Run Behavior\ReadHtmlCacheBehavior [ RunTime:0.000000s ]
INFO: [ app_begin ] --END-- [ RunTime:0.000000s ]
NOTIC: [2] Missing argument 1 for Home\Controller\WxController::__construct(), called in E:\UPUPW\UPUPW_AP5.5_64\vhosts\wx.shikexu.com\ThinkPHP\Common\functions.php on line 710 and defined E:\UPUPW\UPUPW_AP5.5_64\vhosts\wx.shikexu.com\Application\Home\Controller\WxController.class.php 第 37 行.
SQL: SHOW COLUMNS FROM `wfx_shop_set` [ RunTime:0.0000s ]
SQL: SELECT * FROM `wfx_shop_set` LIMIT 1   [ RunTime:0.0000s ]
SQL: SHOW COLUMNS FROM `wfx_set` [ RunTime:0.0000s ]
SQL: SELECT * FROM `wfx_set` LIMIT 1   [ RunTime:0.0000s ]
SQL: SHOW COLUMNS FROM `wfx_vip` [ RunTime:0.0000s ]
SQL: SHOW COLUMNS FROM `wfx_vip_message` [ RunTime:0.0000s ]
SQL: SHOW COLUMNS FROM `wfx_vip_log_sub` [ RunTime:0.0000s ]
SQL: SHOW COLUMNS FROM `wfx_employee` [ RunTime:0.0000s ]
SQL: SHOW COLUMNS FROM `wfx_vip_set` [ RunTime:0.0156s ]
SQL: SELECT * FROM `wfx_vip_set` LIMIT 1   [ RunTime:0.0000s ]
INFO: [ app_end ] --START--
INFO: Run Behavior\ShowPageTraceBehavior [ RunTime:0.000000s ]
INFO: [ app_end ] --END-- [ RunTime:0.000000s ]

[ 2017-08-26T22:51:18+08:00 ] 140.207.54.76 /Home/Wx/index/token/cosmos?signature=f2b92c165c7bded1179bcbcb19782fc1968a41a2&timestamp=1503759077&nonce=880692919&openid=oCHmqjglhuWdDwcfJlojv5VozMsI
INFO: [ app_init ] --START--
INFO: Run Behavior\BuildLiteBehavior [ RunTime:0.000000s ]
INFO: [ app_init ] --END-- [ RunTime:0.000000s ]
INFO: [ app_begin ] --START--
INFO: Run Behavior\ReadHtmlCacheBehavior [ RunTime:0.000000s ]
INFO: [ app_begin ] --END-- [ RunTime:0.000000s ]
NOTIC: [2] Missing argument 1 for Home\Controller\WxController::__construct(), called in E:\UPUPW\UPUPW_AP5.5_64\vhosts\wx.shikexu.com\ThinkPHP\Common\functions.php on line 710 and defined E:\UPUPW\UPUPW_AP5.5_64\vhosts\wx.shikexu.com\Application\Home\Controller\WxController.class.php 第 37 行.
SQL: SHOW COLUMNS FROM `wfx_shop_set` [ RunTime:0.0156s ]
SQL: SELECT * FROM `wfx_shop_set` LIMIT 1   [ RunTime:0.0000s ]
SQL: SHOW COLUMNS FROM `wfx_set` [ RunTime:0.0000s ]
SQL: SELECT * FROM `wfx_set` LIMIT 1   [ RunTime:0.0000s ]
SQL: SHOW COLUMNS FROM `wfx_vip` [ RunTime:0.0000s ]
SQL: SHOW COLUMNS FROM `wfx_vip_message` [ RunTime:0.0000s ]
SQL: SHOW COLUMNS FROM `wfx_vip_log_sub` [ RunTime:0.0000s ]
SQL: SHOW COLUMNS FROM `wfx_employee` [ RunTime:0.0000s ]
SQL: SHOW COLUMNS FROM `wfx_vip_set` [ RunTime:0.0000s ]
SQL: SELECT * FROM `wfx_vip_set` LIMIT 1   [ RunTime:0.0000s ]
SQL: SELECT * FROM `wfx_vip` WHERE `openid` = 'oCHmqjglhuWdDwcfJlojv5VozMsI' LIMIT 1   [ RunTime:0.0000s ]
SQL: SELECT * FROM `wfx_vip_set` LIMIT 1   [ RunTime:0.0000s ]
NOTIC: [8] Undefined index: id E:\UPUPW\UPUPW_AP5.5_64\vhosts\wx.shikexu.com\Application\Home\Controller\WxController.class.php 第 435 行.
SQL: SELECT * FROM `wfx_employee` WHERE `weight` > 0  [ RunTime:0.0000s ]
SQL: SELECT SUM(weight) AS tp_sum FROM `wfx_employee` WHERE `weight` > 0 LIMIT 1   [ RunTime:0.0000s ]
SQL: INSERT INTO `wfx_vip` (`subscribe`,`openid`,`nickname`,`sex`,`language`,`city`,`province`,`country`,`headimgurl`,`subscribe_time`,`remark`,`score`,`exp`,`cur_exp`,`levelid`,`cctime`,`ctime`,`pid`,`path`,`plv`,`employee`) VALUES ('1','oCHmqjglhuWdDwcfJlojv5VozMsI','颠覆者','1','zh_CN','成都','四川','中国','http://wx.qlogo.cn/mmopen/ajNVdqHZLLC7RlHOy5DvrugFPlibqwRjNiampPLM39Yg8ECBT630KnRpII0NH4AM23F8ywyRZcCjyPlEXPficBudibplD6OxicEmSywa0xm4cHdE/0','1503759077','','100','20','20','1','1503759078','1503759078','0','0','1','0') [ RunTime:0.0000s ]
SQL: SHOW COLUMNS FROM `wfx_vip_log` [ RunTime:0.0000s ]
SQL: INSERT INTO `wfx_vip_log` (`ip`,`vipid`,`ctime`,`openid`,`nickname`,`event`,`score`,`exp`,`type`) VALUES ('wechat','1148','1503759078','oCHmqjglhuWdDwcfJlojv5VozMsI','颠覆者','会员注册','100','20','4') [ RunTime:0.0000s ]
SQL: INSERT INTO `wfx_vip_log_sub` (`ppid`,`from`,`fromname`,`to`,`toname`,`issub`,`ctime`) VALUES ('0','1148','颠覆者','0','百利达车行','1','1503759078') [ RunTime:0.0000s ]
SQL: SELECT * FROM `wfx_vip` WHERE `id` = 0 LIMIT 1   [ RunTime:0.0000s ]
SQL: SHOW COLUMNS FROM `wfx_upload_img` [ RunTime:0.0000s ]
NOTIC: [8192] Function split() is deprecated E:\UPUPW\UPUPW_AP5.5_64\vhosts\wx.shikexu.com\Application\Home\Controller\WxController.class.php 第 956 行.
SQL: SELECT * FROM `wfx_upload_img` WHERE `id` = 167 LIMIT 1   [ RunTime:0.0000s ]
INFO: [ app_end ] --START--
INFO: Run Behavior\ShowPageTraceBehavior [ RunTime:0.000000s ]
INFO: [ app_end ] --END-- [ RunTime:0.015625s ]

[ 2017-08-26T22:51:24+08:00 ] 140.207.54.75 /Home/Wx/index/token/cosmos?signature=455ef7a6048d39b76251505da5184c9051226a21&timestamp=1503759084&nonce=232628130&openid=oCHmqjglhuWdDwcfJlojv5VozMsI
INFO: [ app_init ] --START--
INFO: Run Behavior\BuildLiteBehavior [ RunTime:0.000000s ]
INFO: [ app_init ] --END-- [ RunTime:0.000000s ]
INFO: [ app_begin ] --START--
INFO: Run Behavior\ReadHtmlCacheBehavior [ RunTime:0.015625s ]
INFO: [ app_begin ] --END-- [ RunTime:0.015625s ]
NOTIC: [2] Missing argument 1 for Home\Controller\WxController::__construct(), called in E:\UPUPW\UPUPW_AP5.5_64\vhosts\wx.shikexu.com\ThinkPHP\Common\functions.php on line 710 and defined E:\UPUPW\UPUPW_AP5.5_64\vhosts\wx.shikexu.com\Application\Home\Controller\WxController.class.php 第 37 行.
SQL: SHOW COLUMNS FROM `wfx_shop_set` [ RunTime:0.0000s ]
SQL: SELECT * FROM `wfx_shop_set` LIMIT 1   [ RunTime:0.0000s ]
SQL: SHOW COLUMNS FROM `wfx_set` [ RunTime:0.0000s ]
SQL: SELECT * FROM `wfx_set` LIMIT 1   [ RunTime:0.0000s ]
SQL: SHOW COLUMNS FROM `wfx_vip` [ RunTime:0.0000s ]
SQL: SHOW COLUMNS FROM `wfx_vip_message` [ RunTime:0.0156s ]
SQL: SHOW COLUMNS FROM `wfx_vip_log_sub` [ RunTime:0.0000s ]
SQL: SHOW COLUMNS FROM `wfx_employee` [ RunTime:0.0000s ]
SQL: SHOW COLUMNS FROM `wfx_vip_set` [ RunTime:0.0000s ]
SQL: SELECT * FROM `wfx_vip_set` LIMIT 1   [ RunTime:0.0000s ]
INFO: [ app_end ] --START--
INFO: Run Behavior\ShowPageTraceBehavior [ RunTime:0.000000s ]
INFO: [ app_end ] --END-- [ RunTime:0.000000s ]

[ 2017-08-26T23:06:47+08:00 ] 140.207.54.76 /Home/Wx/index/token/cosmos?signature=b1d1717b6fccb83a85cb81d117a41cfeb20bdddf&timestamp=1503760007&nonce=85257280&openid=oCHmqjglhuWdDwcfJlojv5VozMsI
INFO: [ app_init ] --START--
INFO: Run Behavior\BuildLiteBehavior [ RunTime:0.000000s ]
INFO: [ app_init ] --END-- [ RunTime:0.000000s ]
INFO: [ app_begin ] --START--
INFO: Run Behavior\ReadHtmlCacheBehavior [ RunTime:0.000000s ]
INFO: [ app_begin ] --END-- [ RunTime:0.000000s ]
NOTIC: [2] Missing argument 1 for Home\Controller\WxController::__construct(), called in E:\UPUPW\UPUPW_AP5.5_64\vhosts\wx.shikexu.com\ThinkPHP\Common\functions.php on line 710 and defined E:\UPUPW\UPUPW_AP5.5_64\vhosts\wx.shikexu.com\Application\Home\Controller\WxController.class.php 第 37 行.
SQL: SHOW COLUMNS FROM `wfx_shop_set` [ RunTime:0.0000s ]
SQL: SELECT * FROM `wfx_shop_set` LIMIT 1   [ RunTime:0.0000s ]
SQL: SHOW COLUMNS FROM `wfx_set` [ RunTime:0.0000s ]
SQL: SELECT * FROM `wfx_set` LIMIT 1   [ RunTime:0.0000s ]
SQL: SHOW COLUMNS FROM `wfx_vip` [ RunTime:0.0000s ]
SQL: SHOW COLUMNS FROM `wfx_vip_message` [ RunTime:0.0000s ]
SQL: SHOW COLUMNS FROM `wfx_vip_log_sub` [ RunTime:0.0000s ]
SQL: SHOW COLUMNS FROM `wfx_employee` [ RunTime:0.0156s ]
SQL: SHOW COLUMNS FROM `wfx_vip_set` [ RunTime:0.0000s ]
SQL: SELECT * FROM `wfx_vip_set` LIMIT 1   [ RunTime:0.0000s ]
SQL: SELECT * FROM `wfx_vip` WHERE `openid` = 'oCHmqjglhuWdDwcfJlojv5VozMsI' LIMIT 1   [ RunTime:0.0000s ]
SQL: UPDATE `wfx_vip` SET `subscribe`='0' WHERE `openid` = 'oCHmqjglhuWdDwcfJlojv5VozMsI' [ RunTime:0.0000s ]
NOTIC: [8] Undefined index: ppid E:\UPUPW\UPUPW_AP5.5_64\vhosts\wx.shikexu.com\Application\Home\Controller\WxController.class.php 第 615 行.
SQL: INSERT INTO `wfx_vip_log_sub` (`ppid`,`from`,`fromname`,`to`,`toname`,`issub`,`ctime`) VALUES ('0','1148','颠覆者','0','百利达车行','0','1503760007') [ RunTime:0.0000s ]
INFO: [ app_end ] --START--
INFO: Run Behavior\ShowPageTraceBehavior [ RunTime:0.015625s ]
INFO: [ app_end ] --END-- [ RunTime:0.015625s ]

[ 2017-08-26T23:35:44+08:00 ] 140.207.54.80 /Home/Wx/index/token/cosmos?signature=6bb9e1ba7666dbee4c97c8c55fe728f21b68d0ac&timestamp=1503761744&nonce=1274526660&openid=oCHmqjl-TjOphbcr4l6Ia-UJNDpE
INFO: [ app_init ] --START--
INFO: Run Behavior\BuildLiteBehavior [ RunTime:0.015625s ]
INFO: [ app_init ] --END-- [ RunTime:0.015625s ]
INFO: [ app_begin ] --START--
INFO: Run Behavior\ReadHtmlCacheBehavior [ RunTime:0.000000s ]
INFO: [ app_begin ] --END-- [ RunTime:0.000000s ]
NOTIC: [2] Missing argument 1 for Home\Controller\WxController::__construct(), called in E:\UPUPW\UPUPW_AP5.5_64\vhosts\wx.shikexu.com\ThinkPHP\Common\functions.php on line 710 and defined E:\UPUPW\UPUPW_AP5.5_64\vhosts\wx.shikexu.com\Application\Home\Controller\WxController.class.php 第 37 行.
SQL: SHOW COLUMNS FROM `wfx_shop_set` [ RunTime:0.0000s ]
SQL: SELECT * FROM `wfx_shop_set` LIMIT 1   [ RunTime:0.0156s ]
SQL: SHOW COLUMNS FROM `wfx_set` [ RunTime:0.0000s ]
SQL: SELECT * FROM `wfx_set` LIMIT 1   [ RunTime:0.0000s ]
SQL: SHOW COLUMNS FROM `wfx_vip` [ RunTime:0.0000s ]
SQL: SHOW COLUMNS FROM `wfx_vip_message` [ RunTime:0.0000s ]
SQL: SHOW COLUMNS FROM `wfx_vip_log_sub` [ RunTime:0.0000s ]
SQL: SHOW COLUMNS FROM `wfx_employee` [ RunTime:0.0000s ]
SQL: SHOW COLUMNS FROM `wfx_vip_set` [ RunTime:0.0156s ]
SQL: SELECT * FROM `wfx_vip_set` LIMIT 1   [ RunTime:0.0000s ]
INFO: [ app_end ] --START--
INFO: Run Behavior\ShowPageTraceBehavior [ RunTime:0.000000s ]
INFO: [ app_end ] --END-- [ RunTime:0.000000s ]

