[ 2017-09-13T11:44:09+08:00 ] 183.25.127.125 /Admin/Vip/vipRebornList
INFO: [ app_init ] --START--
INFO: Run Behavior\BuildLiteBehavior [ RunTime:0.000000s ]
INFO: [ app_init ] --END-- [ RunTime:0.000000s ]
INFO: [ app_begin ] --START--
INFO: Run Behavior\ReadHtmlCacheBehavior [ RunTime:0.000000s ]
INFO: [ app_begin ] --END-- [ RunTime:0.000000s ]
SQL: SHOW COLUMNS FROM `wfx_set` [ RunTime:0.0156s ]
SQL: SELECT * FROM `wfx_set` LIMIT 1   [ RunTime:0.0000s ]
SQL: SHOW COLUMNS FROM `wfx_cms_set` [ RunTime:0.0000s ]
SQL: SELECT * FROM `wfx_cms_set` LIMIT 1   [ RunTime:0.0000s ]
SQL: SHOW COLUMNS FROM `wfx_shop_set` [ RunTime:0.0000s ]
SQL: SELECT * FROM `wfx_shop_set` LIMIT 1   [ RunTime:0.0000s ]
INFO: [ view_parse ] --START--
INFO: [ template_filter ] --START--
INFO: Run Behavior\ContentReplaceBehavior [ RunTime:0.000000s ]
INFO: [ template_filter ] --END-- [ RunTime:0.000000s ]
INFO: Run Behavior\ParseTemplateBehavior [ RunTime:0.015625s ]
INFO: [ view_parse ] --END-- [ RunTime:0.015625s ]
INFO: [ view_filter ] --START--
INFO: Run Behavior\WriteHtmlCacheBehavior [ RunTime:0.000000s ]
INFO: [ view_filter ] --END-- [ RunTime:0.000000s ]
SQL: SHOW COLUMNS FROM `wfx_employee` [ RunTime:0.0000s ]
SQL: SELECT * FROM `wfx_employee`  [ RunTime:0.0000s ]
SQL: SHOW COLUMNS FROM `wfx_vip` [ RunTime:0.0000s ]
NOTIC: [8] Undefined index: p E:\UPUPW\UPUPW_AP5.5_64\vhosts\wx.shikexu.com\Application\Admin\Controller\VipController.class.php 第 179 行.
SQL: SELECT * FROM `wfx_vip` WHERE `plv` = 1 AND `pid` = 0 AND `isfx` = 0 AND `total_xxlink` = 0 LIMIT 0,20   [ RunTime:0.0000s ]
SQL: SHOW COLUMNS FROM `wfx_vip_level` [ RunTime:0.0000s ]
SQL: SELECT `name` FROM `wfx_vip_level` WHERE ( id=1 ) LIMIT 1   [ RunTime:0.0000s ]
SQL: SELECT `name` FROM `wfx_vip_level` WHERE ( id=1 ) LIMIT 1   [ RunTime:0.0000s ]
SQL: SELECT `name` FROM `wfx_vip_level` WHERE ( id=1 ) LIMIT 1   [ RunTime:0.0000s ]
SQL: SELECT `name` FROM `wfx_vip_level` WHERE ( id=1 ) LIMIT 1   [ RunTime:0.0000s ]
SQL: SELECT `name` FROM `wfx_vip_level` WHERE ( id=1 ) LIMIT 1   [ RunTime:0.0000s ]
SQL: SELECT `name` FROM `wfx_vip_level` WHERE ( id=1 ) LIMIT 1   [ RunTime:0.0000s ]
SQL: SELECT `name` FROM `wfx_vip_level` WHERE ( id=1 ) LIMIT 1   [ RunTime:0.0000s ]
SQL: SELECT `name` FROM `wfx_vip_level` WHERE ( id=1 ) LIMIT 1   [ RunTime:0.0000s ]
SQL: SELECT `name` FROM `wfx_vip_level` WHERE ( id=1 ) LIMIT 1   [ RunTime:0.0000s ]
SQL: SELECT `name` FROM `wfx_vip_level` WHERE ( id=1 ) LIMIT 1   [ RunTime:0.0000s ]
SQL: SELECT `name` FROM `wfx_vip_level` WHERE ( id=1 ) LIMIT 1   [ RunTime:0.0000s ]
SQL: SELECT `name` FROM `wfx_vip_level` WHERE ( id=1 ) LIMIT 1   [ RunTime:0.0000s ]
SQL: SELECT `name` FROM `wfx_vip_level` WHERE ( id=1 ) LIMIT 1   [ RunTime:0.0000s ]
SQL: SELECT `name` FROM `wfx_vip_level` WHERE ( id=1 ) LIMIT 1   [ RunTime:0.0000s ]
SQL: SELECT `name` FROM `wfx_vip_level` WHERE ( id=1 ) LIMIT 1   [ RunTime:0.0000s ]
SQL: SELECT `name` FROM `wfx_vip_level` WHERE ( id=1 ) LIMIT 1   [ RunTime:0.0000s ]
SQL: SELECT `name` FROM `wfx_vip_level` WHERE ( id=1 ) LIMIT 1   [ RunTime:0.0000s ]
SQL: SELECT `name` FROM `wfx_vip_level` WHERE ( id=1 ) LIMIT 1   [ RunTime:0.0000s ]
SQL: SELECT `name` FROM `wfx_vip_level` WHERE ( id=1 ) LIMIT 1   [ RunTime:0.0000s ]
SQL: SELECT `name` FROM `wfx_vip_level` WHERE ( id=1 ) LIMIT 1   [ RunTime:0.0000s ]
SQL: SELECT COUNT(*) AS tp_count FROM `wfx_vip` WHERE `plv` = 1 AND `pid` = 0 AND `isfx` = 0 AND `total_xxlink` = 0 LIMIT 1   [ RunTime:0.0156s ]
NOTIC: [2] Missing argument 6 for Admin\Controller\BaseController::getPage(), called in E:\UPUPW\UPUPW_AP5.5_64\vhosts\wx.shikexu.com\Application\Admin\Controller\VipController.class.php on line 212 and defined E:\UPUPW\UPUPW_AP5.5_64\vhosts\wx.shikexu.com\Application\Admin\Controller\BaseController.class.php 第 91 行.
NOTIC: [8] Undefined variable: map E:\UPUPW\UPUPW_AP5.5_64\vhosts\wx.shikexu.com\Application\Admin\Controller\BaseController.class.php 第 103 行.
NOTIC: [8] Use of undefined constant 尾页 - assumed '尾页' E:\UPUPW\UPUPW_AP5.5_64\vhosts\wx.shikexu.com\ThinkPHP\Library\Util\Pagecms.class.php 第 118 行.
INFO: [ view_parse ] --START--
INFO: [ template_filter ] --START--
INFO: Run Behavior\ContentReplaceBehavior [ RunTime:0.000000s ]
INFO: [ template_filter ] --END-- [ RunTime:-0.031250s ]
INFO: Run Behavior\ParseTemplateBehavior [ RunTime:0.015625s ]
INFO: [ view_parse ] --END-- [ RunTime:-0.015625s ]
INFO: [ view_filter ] --START--
INFO: Run Behavior\WriteHtmlCacheBehavior [ RunTime:0.000000s ]
INFO: [ view_filter ] --END-- [ RunTime:-0.031250s ]
INFO: [ app_end ] --START--
INFO: Run Behavior\ShowPageTraceBehavior [ RunTime:0.000000s ]
INFO: [ app_end ] --END-- [ RunTime:0.000000s ]

[ 2017-09-13T11:44:10+08:00 ] 183.25.127.125 /Admin/Vip/vipAllocList
INFO: [ app_init ] --START--
INFO: Run Behavior\BuildLiteBehavior [ RunTime:0.000000s ]
INFO: [ app_init ] --END-- [ RunTime:0.000000s ]
INFO: [ app_begin ] --START--
INFO: Run Behavior\ReadHtmlCacheBehavior [ RunTime:0.015625s ]
INFO: [ app_begin ] --END-- [ RunTime:0.015625s ]
SQL: SHOW COLUMNS FROM `wfx_set` [ RunTime:0.0000s ]
SQL: SELECT * FROM `wfx_set` LIMIT 1   [ RunTime:0.0000s ]
SQL: SHOW COLUMNS FROM `wfx_cms_set` [ RunTime:0.0000s ]
SQL: SELECT * FROM `wfx_cms_set` LIMIT 1   [ RunTime:0.0000s ]
SQL: SHOW COLUMNS FROM `wfx_shop_set` [ RunTime:0.0000s ]
SQL: SELECT * FROM `wfx_shop_set` LIMIT 1   [ RunTime:0.0000s ]
INFO: [ view_parse ] --START--
INFO: [ template_filter ] --START--
INFO: Run Behavior\ContentReplaceBehavior [ RunTime:0.000000s ]
INFO: [ template_filter ] --END-- [ RunTime:0.000000s ]
INFO: Run Behavior\ParseTemplateBehavior [ RunTime:0.015625s ]
INFO: [ view_parse ] --END-- [ RunTime:0.015625s ]
INFO: [ view_filter ] --START--
INFO: Run Behavior\WriteHtmlCacheBehavior [ RunTime:0.000000s ]
INFO: [ view_filter ] --END-- [ RunTime:0.000000s ]
SQL: SHOW COLUMNS FROM `wfx_employee` [ RunTime:0.0000s ]
SQL: SELECT * FROM `wfx_employee`  [ RunTime:0.0000s ]
SQL: SHOW COLUMNS FROM `wfx_vip` [ RunTime:0.0000s ]
NOTIC: [8] Undefined index: p E:\UPUPW\UPUPW_AP5.5_64\vhosts\wx.shikexu.com\Application\Admin\Controller\VipController.class.php 第 267 行.
SQL: SELECT * FROM `wfx_vip` WHERE `plv` = 1 LIMIT 0,20   [ RunTime:0.0000s ]
SQL: SHOW COLUMNS FROM `wfx_vip_level` [ RunTime:0.0000s ]
SQL: SELECT `name` FROM `wfx_vip_level` WHERE ( id=1 ) LIMIT 1   [ RunTime:0.0000s ]
SQL: SELECT `name` FROM `wfx_vip_level` WHERE ( id=1 ) LIMIT 1   [ RunTime:0.0000s ]
SQL: SELECT `name` FROM `wfx_vip_level` WHERE ( id=1 ) LIMIT 1   [ RunTime:0.0000s ]
SQL: SELECT `name` FROM `wfx_vip_level` WHERE ( id=1 ) LIMIT 1   [ RunTime:0.0000s ]
SQL: SELECT `name` FROM `wfx_vip_level` WHERE ( id=1 ) LIMIT 1   [ RunTime:0.0000s ]
SQL: SELECT `name` FROM `wfx_vip_level` WHERE ( id=1 ) LIMIT 1   [ RunTime:0.0000s ]
SQL: SELECT `name` FROM `wfx_vip_level` WHERE ( id=1 ) LIMIT 1   [ RunTime:0.0000s ]
SQL: SELECT `name` FROM `wfx_vip_level` WHERE ( id=1 ) LIMIT 1   [ RunTime:0.0000s ]
SQL: SELECT `name` FROM `wfx_vip_level` WHERE ( id=1 ) LIMIT 1   [ RunTime:0.0000s ]
SQL: SELECT `name` FROM `wfx_vip_level` WHERE ( id=1 ) LIMIT 1   [ RunTime:0.0000s ]
SQL: SELECT `name` FROM `wfx_vip_level` WHERE ( id=1 ) LIMIT 1   [ RunTime:0.0000s ]
SQL: SELECT `name` FROM `wfx_vip_level` WHERE ( id=1 ) LIMIT 1   [ RunTime:0.0000s ]
SQL: SELECT `name` FROM `wfx_vip_level` WHERE ( id=1 ) LIMIT 1   [ RunTime:0.0000s ]
SQL: SELECT `name` FROM `wfx_vip_level` WHERE ( id=1 ) LIMIT 1   [ RunTime:0.0000s ]
SQL: SELECT `name` FROM `wfx_vip_level` WHERE ( id=1 ) LIMIT 1   [ RunTime:0.0000s ]
SQL: SELECT `name` FROM `wfx_vip_level` WHERE ( id=1 ) LIMIT 1   [ RunTime:0.0000s ]
SQL: SELECT `name` FROM `wfx_vip_level` WHERE ( id=1 ) LIMIT 1   [ RunTime:0.0000s ]
SQL: SELECT `name` FROM `wfx_vip_level` WHERE ( id=1 ) LIMIT 1   [ RunTime:0.0000s ]
SQL: SELECT `name` FROM `wfx_vip_level` WHERE ( id=1 ) LIMIT 1   [ RunTime:0.0000s ]
SQL: SELECT `name` FROM `wfx_vip_level` WHERE ( id=1 ) LIMIT 1   [ RunTime:0.0156s ]
SQL: SELECT COUNT(*) AS tp_count FROM `wfx_vip` WHERE `plv` = 1 LIMIT 1   [ RunTime:0.0000s ]
NOTIC: [2] Missing argument 6 for Admin\Controller\BaseController::getPage(), called in E:\UPUPW\UPUPW_AP5.5_64\vhosts\wx.shikexu.com\Application\Admin\Controller\VipController.class.php on line 299 and defined E:\UPUPW\UPUPW_AP5.5_64\vhosts\wx.shikexu.com\Application\Admin\Controller\BaseController.class.php 第 91 行.
NOTIC: [8] Undefined variable: map E:\UPUPW\UPUPW_AP5.5_64\vhosts\wx.shikexu.com\Application\Admin\Controller\BaseController.class.php 第 103 行.
NOTIC: [8] Use of undefined constant 尾页 - assumed '尾页' E:\UPUPW\UPUPW_AP5.5_64\vhosts\wx.shikexu.com\ThinkPHP\Library\Util\Pagecms.class.php 第 118 行.
INFO: [ view_parse ] --START--
INFO: [ template_filter ] --START--
INFO: Run Behavior\ContentReplaceBehavior [ RunTime:0.000000s ]
INFO: [ template_filter ] --END-- [ RunTime:-0.031250s ]
INFO: Run Behavior\ParseTemplateBehavior [ RunTime:0.000000s ]
INFO: [ view_parse ] --END-- [ RunTime:-0.015625s ]
INFO: [ view_filter ] --START--
INFO: Run Behavior\WriteHtmlCacheBehavior [ RunTime:0.000000s ]
INFO: [ view_filter ] --END-- [ RunTime:-0.015625s ]
INFO: [ app_end ] --START--
INFO: Run Behavior\ShowPageTraceBehavior [ RunTime:0.000000s ]
INFO: [ app_end ] --END-- [ RunTime:0.000000s ]

[ 2017-09-13T11:44:10+08:00 ] 183.25.127.125 /Admin/Vip/vipList
INFO: [ app_init ] --START--
INFO: Run Behavior\BuildLiteBehavior [ RunTime:0.000000s ]
INFO: [ app_init ] --END-- [ RunTime:0.000000s ]
INFO: [ app_begin ] --START--
INFO: Run Behavior\ReadHtmlCacheBehavior [ RunTime:0.000000s ]
INFO: [ app_begin ] --END-- [ RunTime:0.000000s ]
SQL: SHOW COLUMNS FROM `wfx_set` [ RunTime:0.0000s ]
SQL: SELECT * FROM `wfx_set` LIMIT 1   [ RunTime:0.0000s ]
SQL: SHOW COLUMNS FROM `wfx_cms_set` [ RunTime:0.0000s ]
SQL: SELECT * FROM `wfx_cms_set` LIMIT 1   [ RunTime:0.0000s ]
SQL: SHOW COLUMNS FROM `wfx_shop_set` [ RunTime:0.0156s ]
SQL: SELECT * FROM `wfx_shop_set` LIMIT 1   [ RunTime:0.0000s ]
INFO: [ view_parse ] --START--
INFO: [ template_filter ] --START--
INFO: Run Behavior\ContentReplaceBehavior [ RunTime:0.000000s ]
INFO: [ template_filter ] --END-- [ RunTime:0.000000s ]
INFO: Run Behavior\ParseTemplateBehavior [ RunTime:0.000000s ]
INFO: [ view_parse ] --END-- [ RunTime:0.000000s ]
INFO: [ view_filter ] --START--
INFO: Run Behavior\WriteHtmlCacheBehavior [ RunTime:0.015625s ]
INFO: [ view_filter ] --END-- [ RunTime:0.015625s ]
SQL: SHOW COLUMNS FROM `wfx_employee` [ RunTime:0.0000s ]
SQL: SELECT * FROM `wfx_employee`  [ RunTime:0.0000s ]
SQL: SHOW COLUMNS FROM `wfx_vip` [ RunTime:0.0000s ]
NOTIC: [8] Undefined index: p E:\UPUPW\UPUPW_AP5.5_64\vhosts\wx.shikexu.com\Application\Admin\Controller\VipController.class.php 第 327 行.
NOTIC: [8] Undefined variable: map E:\UPUPW\UPUPW_AP5.5_64\vhosts\wx.shikexu.com\Application\Admin\Controller\VipController.class.php 第 339 行.
SQL: SELECT * FROM `wfx_vip` LIMIT 0,20   [ RunTime:0.0000s ]
SQL: SHOW COLUMNS FROM `wfx_vip_level` [ RunTime:0.0000s ]
SQL: SELECT `name` FROM `wfx_vip_level` WHERE ( id=1 ) LIMIT 1   [ RunTime:0.0000s ]
SQL: SELECT `name` FROM `wfx_vip_level` WHERE ( id=1 ) LIMIT 1   [ RunTime:0.0000s ]
SQL: SELECT `name` FROM `wfx_vip_level` WHERE ( id=1 ) LIMIT 1   [ RunTime:0.0000s ]
SQL: SELECT `name` FROM `wfx_vip_level` WHERE ( id=1 ) LIMIT 1   [ RunTime:0.0000s ]
SQL: SELECT `name` FROM `wfx_vip_level` WHERE ( id=1 ) LIMIT 1   [ RunTime:0.0000s ]
SQL: SELECT `name` FROM `wfx_vip_level` WHERE ( id=1 ) LIMIT 1   [ RunTime:0.0000s ]
SQL: SELECT `name` FROM `wfx_vip_level` WHERE ( id=1 ) LIMIT 1   [ RunTime:0.0000s ]
SQL: SELECT `name` FROM `wfx_vip_level` WHERE ( id=1 ) LIMIT 1   [ RunTime:0.0000s ]
SQL: SELECT `name` FROM `wfx_vip_level` WHERE ( id=1 ) LIMIT 1   [ RunTime:0.0000s ]
SQL: SELECT `name` FROM `wfx_vip_level` WHERE ( id=1 ) LIMIT 1   [ RunTime:0.0000s ]
SQL: SELECT `name` FROM `wfx_vip_level` WHERE ( id=1 ) LIMIT 1   [ RunTime:0.0000s ]
SQL: SELECT `name` FROM `wfx_vip_level` WHERE ( id=1 ) LIMIT 1   [ RunTime:0.0000s ]
SQL: SELECT `name` FROM `wfx_vip_level` WHERE ( id=1 ) LIMIT 1   [ RunTime:0.0000s ]
SQL: SELECT `name` FROM `wfx_vip_level` WHERE ( id=1 ) LIMIT 1   [ RunTime:0.0000s ]
SQL: SELECT `name` FROM `wfx_vip_level` WHERE ( id=1 ) LIMIT 1   [ RunTime:0.0000s ]
SQL: SELECT `name` FROM `wfx_vip_level` WHERE ( id=1 ) LIMIT 1   [ RunTime:0.0000s ]
SQL: SELECT `name` FROM `wfx_vip_level` WHERE ( id=1 ) LIMIT 1   [ RunTime:0.0000s ]
SQL: SELECT `name` FROM `wfx_vip_level` WHERE ( id=1 ) LIMIT 1   [ RunTime:0.0000s ]
SQL: SELECT `name` FROM `wfx_vip_level` WHERE ( id=1 ) LIMIT 1   [ RunTime:0.0000s ]
SQL: SELECT `name` FROM `wfx_vip_level` WHERE ( id=1 ) LIMIT 1   [ RunTime:0.0000s ]
NOTIC: [8] Undefined variable: map E:\UPUPW\UPUPW_AP5.5_64\vhosts\wx.shikexu.com\Application\Admin\Controller\VipController.class.php 第 358 行.
SQL: SELECT COUNT(*) AS tp_count FROM `wfx_vip` LIMIT 1   [ RunTime:0.0000s ]
NOTIC: [2] Missing argument 6 for Admin\Controller\BaseController::getPage(), called in E:\UPUPW\UPUPW_AP5.5_64\vhosts\wx.shikexu.com\Application\Admin\Controller\VipController.class.php on line 359 and defined E:\UPUPW\UPUPW_AP5.5_64\vhosts\wx.shikexu.com\Application\Admin\Controller\BaseController.class.php 第 91 行.
NOTIC: [8] Undefined variable: map E:\UPUPW\UPUPW_AP5.5_64\vhosts\wx.shikexu.com\Application\Admin\Controller\BaseController.class.php 第 103 行.
NOTIC: [8] Use of undefined constant 尾页 - assumed '尾页' E:\UPUPW\UPUPW_AP5.5_64\vhosts\wx.shikexu.com\ThinkPHP\Library\Util\Pagecms.class.php 第 118 行.
INFO: [ view_parse ] --START--
INFO: [ template_filter ] --START--
INFO: Run Behavior\ContentReplaceBehavior [ RunTime:0.000000s ]
INFO: [ template_filter ] --END-- [ RunTime:-0.031250s ]
NOTIC: [8] Undefined variable: plv E:\UPUPW\UPUPW_AP5.5_64\vhosts\wx.shikexu.com\Application\Runtime\Cache\Admin\749beb32de2ab4786077c3e0cb80130c.php 第 33 行.
NOTIC: [8] Undefined variable: search E:\UPUPW\UPUPW_AP5.5_64\vhosts\wx.shikexu.com\Application\Runtime\Cache\Admin\749beb32de2ab4786077c3e0cb80130c.php 第 36 行.
INFO: Run Behavior\ParseTemplateBehavior [ RunTime:0.015625s ]
INFO: [ view_parse ] --END-- [ RunTime:-0.031250s ]
INFO: [ view_filter ] --START--
INFO: Run Behavior\WriteHtmlCacheBehavior [ RunTime:0.000000s ]
INFO: [ view_filter ] --END-- [ RunTime:-0.031250s ]
INFO: [ app_end ] --START--
INFO: Run Behavior\ShowPageTraceBehavior [ RunTime:0.000000s ]
INFO: [ app_end ] --END-- [ RunTime:0.000000s ]

[ 2017-09-13T11:44:10+08:00 ] 183.25.127.125 /Admin/Vip/message
INFO: [ app_init ] --START--
INFO: Run Behavior\BuildLiteBehavior [ RunTime:0.000000s ]
INFO: [ app_init ] --END-- [ RunTime:0.000000s ]
INFO: [ app_begin ] --START--
INFO: Run Behavior\ReadHtmlCacheBehavior [ RunTime:0.000000s ]
INFO: [ app_begin ] --END-- [ RunTime:0.000000s ]
SQL: SHOW COLUMNS FROM `wfx_set` [ RunTime:0.0000s ]
SQL: SELECT * FROM `wfx_set` LIMIT 1   [ RunTime:0.0000s ]
SQL: SHOW COLUMNS FROM `wfx_cms_set` [ RunTime:0.0000s ]
SQL: SELECT * FROM `wfx_cms_set` LIMIT 1   [ RunTime:0.0000s ]
SQL: SHOW COLUMNS FROM `wfx_shop_set` [ RunTime:0.0000s ]
SQL: SELECT * FROM `wfx_shop_set` LIMIT 1   [ RunTime:0.0000s ]
INFO: [ view_parse ] --START--
INFO: [ template_filter ] --START--
INFO: Run Behavior\ContentReplaceBehavior [ RunTime:0.000000s ]
INFO: [ template_filter ] --END-- [ RunTime:0.000000s ]
INFO: Run Behavior\ParseTemplateBehavior [ RunTime:0.015625s ]
INFO: [ view_parse ] --END-- [ RunTime:0.015625s ]
INFO: [ view_filter ] --START--
INFO: Run Behavior\WriteHtmlCacheBehavior [ RunTime:0.000000s ]
INFO: [ view_filter ] --END-- [ RunTime:0.000000s ]
SQL: SHOW COLUMNS FROM `wfx_vip_message` [ RunTime:0.0000s ]
NOTIC: [8] Undefined index: p E:\UPUPW\UPUPW_AP5.5_64\vhosts\wx.shikexu.com\Application\Admin\Controller\VipController.class.php 第 655 行.
NOTIC: [8] Undefined variable: map E:\UPUPW\UPUPW_AP5.5_64\vhosts\wx.shikexu.com\Application\Admin\Controller\VipController.class.php 第 662 行.
SQL: SELECT * FROM `wfx_vip_message` ORDER BY id desc LIMIT 0,20   [ RunTime:0.0000s ]
NOTIC: [8] Undefined variable: map E:\UPUPW\UPUPW_AP5.5_64\vhosts\wx.shikexu.com\Application\Admin\Controller\VipController.class.php 第 663 行.
SQL: SELECT COUNT(*) AS tp_count FROM `wfx_vip_message` LIMIT 1   [ RunTime:0.0000s ]
NOTIC: [2] Missing argument 6 for Admin\Controller\BaseController::getPage(), called in E:\UPUPW\UPUPW_AP5.5_64\vhosts\wx.shikexu.com\Application\Admin\Controller\VipController.class.php on line 664 and defined E:\UPUPW\UPUPW_AP5.5_64\vhosts\wx.shikexu.com\Application\Admin\Controller\BaseController.class.php 第 91 行.
NOTIC: [8] Undefined variable: map E:\UPUPW\UPUPW_AP5.5_64\vhosts\wx.shikexu.com\Application\Admin\Controller\BaseController.class.php 第 103 行.
INFO: [ view_parse ] --START--
INFO: [ template_filter ] --START--
INFO: Run Behavior\ContentReplaceBehavior [ RunTime:0.000000s ]
INFO: [ template_filter ] --END-- [ RunTime:-0.015625s ]
INFO: Run Behavior\ParseTemplateBehavior [ RunTime:0.015625s ]
INFO: [ view_parse ] --END-- [ RunTime:0.000000s ]
INFO: [ view_filter ] --START--
INFO: Run Behavior\WriteHtmlCacheBehavior [ RunTime:0.000000s ]
INFO: [ view_filter ] --END-- [ RunTime:-0.015625s ]
INFO: [ app_end ] --START--
INFO: Run Behavior\ShowPageTraceBehavior [ RunTime:0.000000s ]
INFO: [ app_end ] --END-- [ RunTime:0.000000s ]

[ 2017-09-13T11:44:11+08:00 ] 101.226.89.119 /Admin/Vip/vipTrack
INFO: [ app_init ] --START--
INFO: Run Behavior\BuildLiteBehavior [ RunTime:0.000000s ]
INFO: [ app_init ] --END-- [ RunTime:0.000000s ]
INFO: [ app_begin ] --START--
INFO: Run Behavior\ReadHtmlCacheBehavior [ RunTime:0.000000s ]
INFO: [ app_begin ] --END-- [ RunTime:0.000000s ]
SQL: SHOW COLUMNS FROM `wfx_set` [ RunTime:0.0000s ]
SQL: SELECT * FROM `wfx_set` LIMIT 1   [ RunTime:0.0000s ]
SQL: SHOW COLUMNS FROM `wfx_cms_set` [ RunTime:0.0000s ]
SQL: SELECT * FROM `wfx_cms_set` LIMIT 1   [ RunTime:0.0000s ]
SQL: SHOW COLUMNS FROM `wfx_shop_set` [ RunTime:0.0000s ]
SQL: SELECT * FROM `wfx_shop_set` LIMIT 1   [ RunTime:0.0000s ]

[ 2017-09-13T11:44:11+08:00 ] 101.226.89.119 /Admin/Public/login
INFO: [ app_init ] --START--
INFO: Run Behavior\BuildLiteBehavior [ RunTime:0.000000s ]
INFO: [ app_init ] --END-- [ RunTime:0.000000s ]
INFO: [ app_begin ] --START--
INFO: Run Behavior\ReadHtmlCacheBehavior [ RunTime:0.000000s ]
INFO: [ app_begin ] --END-- [ RunTime:0.000000s ]
SQL: SHOW COLUMNS FROM `wfx_set` [ RunTime:0.0000s ]
SQL: SELECT * FROM `wfx_set` LIMIT 1   [ RunTime:0.0000s ]
SQL: SHOW COLUMNS FROM `wfx_cms_set` [ RunTime:0.0000s ]
SQL: SELECT * FROM `wfx_cms_set` LIMIT 1   [ RunTime:0.0000s ]
SQL: SHOW COLUMNS FROM `wfx_shop_set` [ RunTime:0.0000s ]
SQL: SELECT * FROM `wfx_shop_set` LIMIT 1   [ RunTime:0.0000s ]
NOTIC: [8] Undefined index: uid E:\UPUPW\UPUPW_AP5.5_64\vhosts\wx.shikexu.com\Application\Admin\Controller\PublicController.class.php 第 49 行.
INFO: [ view_parse ] --START--
INFO: [ template_filter ] --START--
INFO: Run Behavior\ContentReplaceBehavior [ RunTime:0.000000s ]
INFO: [ template_filter ] --END-- [ RunTime:0.000000s ]
INFO: Run Behavior\ParseTemplateBehavior [ RunTime:0.015625s ]
INFO: [ view_parse ] --END-- [ RunTime:0.015625s ]
INFO: [ view_filter ] --START--
INFO: Run Behavior\WriteHtmlCacheBehavior [ RunTime:0.000000s ]
INFO: [ view_filter ] --END-- [ RunTime:0.000000s ]
INFO: [ app_end ] --START--
INFO: Run Behavior\ShowPageTraceBehavior [ RunTime:0.000000s ]
INFO: [ app_end ] --END-- [ RunTime:0.000000s ]

[ 2017-09-13T11:44:11+08:00 ] 183.25.127.125 /Admin/Wx/keyword
INFO: [ app_init ] --START--
INFO: Run Behavior\BuildLiteBehavior [ RunTime:0.000000s ]
INFO: [ app_init ] --END-- [ RunTime:0.000000s ]
INFO: [ app_begin ] --START--
INFO: Run Behavior\ReadHtmlCacheBehavior [ RunTime:0.000000s ]
INFO: [ app_begin ] --END-- [ RunTime:0.000000s ]
SQL: SHOW COLUMNS FROM `wfx_set` [ RunTime:0.0000s ]
SQL: SELECT * FROM `wfx_set` LIMIT 1   [ RunTime:0.0000s ]
SQL: SHOW COLUMNS FROM `wfx_cms_set` [ RunTime:0.0000s ]
SQL: SELECT * FROM `wfx_cms_set` LIMIT 1   [ RunTime:0.0000s ]
SQL: SHOW COLUMNS FROM `wfx_shop_set` [ RunTime:0.0000s ]
SQL: SELECT * FROM `wfx_shop_set` LIMIT 1   [ RunTime:0.0000s ]
INFO: [ view_parse ] --START--
INFO: [ template_filter ] --START--
INFO: Run Behavior\ContentReplaceBehavior [ RunTime:0.000000s ]
INFO: [ template_filter ] --END-- [ RunTime:0.000000s ]
INFO: Run Behavior\ParseTemplateBehavior [ RunTime:0.015625s ]
INFO: [ view_parse ] --END-- [ RunTime:0.015625s ]
INFO: [ view_filter ] --START--
INFO: Run Behavior\WriteHtmlCacheBehavior [ RunTime:0.000000s ]
INFO: [ view_filter ] --END-- [ RunTime:0.000000s ]
SQL: SHOW COLUMNS FROM `wfx_wx_keyword` [ RunTime:0.0000s ]
NOTIC: [8] Undefined index: p E:\UPUPW\UPUPW_AP5.5_64\vhosts\wx.shikexu.com\Application\Admin\Controller\WxController.class.php 第 88 行.
NOTIC: [8] Undefined variable: map E:\UPUPW\UPUPW_AP5.5_64\vhosts\wx.shikexu.com\Application\Admin\Controller\WxController.class.php 第 95 行.
SQL: SELECT * FROM `wfx_wx_keyword` LIMIT 0,20   [ RunTime:0.0000s ]
NOTIC: [8] Undefined variable: map E:\UPUPW\UPUPW_AP5.5_64\vhosts\wx.shikexu.com\Application\Admin\Controller\WxController.class.php 第 96 行.
SQL: SELECT COUNT(*) AS tp_count FROM `wfx_wx_keyword` LIMIT 1   [ RunTime:0.0000s ]
NOTIC: [2] Missing argument 6 for Admin\Controller\BaseController::getPage(), called in E:\UPUPW\UPUPW_AP5.5_64\vhosts\wx.shikexu.com\Application\Admin\Controller\WxController.class.php on line 97 and defined E:\UPUPW\UPUPW_AP5.5_64\vhosts\wx.shikexu.com\Application\Admin\Controller\BaseController.class.php 第 91 行.
NOTIC: [8] Undefined variable: map E:\UPUPW\UPUPW_AP5.5_64\vhosts\wx.shikexu.com\Application\Admin\Controller\BaseController.class.php 第 103 行.
INFO: [ view_parse ] --START--
INFO: [ template_filter ] --START--
INFO: Run Behavior\ContentReplaceBehavior [ RunTime:0.000000s ]
INFO: [ template_filter ] --END-- [ RunTime:-0.015625s ]
NOTIC: [8] Undefined variable: name E:\UPUPW\UPUPW_AP5.5_64\vhosts\wx.shikexu.com\Application\Runtime\Cache\Admin\7b16152e50fee5aadc318ad2f438664b.php 第 30 行.
INFO: Run Behavior\ParseTemplateBehavior [ RunTime:0.015625s ]
INFO: [ view_parse ] --END-- [ RunTime:0.000000s ]
INFO: [ view_filter ] --START--
INFO: Run Behavior\WriteHtmlCacheBehavior [ RunTime:0.000000s ]
INFO: [ view_filter ] --END-- [ RunTime:-0.015625s ]
INFO: [ app_end ] --START--
INFO: Run Behavior\ShowPageTraceBehavior [ RunTime:0.000000s ]
INFO: [ app_end ] --END-- [ RunTime:0.000000s ]

[ 2017-09-13T11:44:13+08:00 ] 61.151.226.189 /Admin/Vip/vipRebornList
INFO: [ app_init ] --START--
INFO: Run Behavior\BuildLiteBehavior [ RunTime:0.000000s ]
INFO: [ app_init ] --END-- [ RunTime:0.000000s ]
INFO: [ app_begin ] --START--
INFO: Run Behavior\ReadHtmlCacheBehavior [ RunTime:0.000000s ]
INFO: [ app_begin ] --END-- [ RunTime:0.000000s ]
SQL: SHOW COLUMNS FROM `wfx_set` [ RunTime:0.0000s ]
SQL: SELECT * FROM `wfx_set` LIMIT 1   [ RunTime:0.0000s ]
SQL: SHOW COLUMNS FROM `wfx_cms_set` [ RunTime:0.0000s ]
SQL: SELECT * FROM `wfx_cms_set` LIMIT 1   [ RunTime:0.0000s ]
SQL: SHOW COLUMNS FROM `wfx_shop_set` [ RunTime:0.0000s ]
SQL: SELECT * FROM `wfx_shop_set` LIMIT 1   [ RunTime:0.0000s ]

[ 2017-09-13T11:44:13+08:00 ] 61.151.226.189 /Admin/Public/login
INFO: [ app_init ] --START--
INFO: Run Behavior\BuildLiteBehavior [ RunTime:0.000000s ]
INFO: [ app_init ] --END-- [ RunTime:0.000000s ]
INFO: [ app_begin ] --START--
INFO: Run Behavior\ReadHtmlCacheBehavior [ RunTime:0.000000s ]
INFO: [ app_begin ] --END-- [ RunTime:0.000000s ]
SQL: SHOW COLUMNS FROM `wfx_set` [ RunTime:0.0000s ]
SQL: SELECT * FROM `wfx_set` LIMIT 1   [ RunTime:0.0000s ]
SQL: SHOW COLUMNS FROM `wfx_cms_set` [ RunTime:0.0000s ]
SQL: SELECT * FROM `wfx_cms_set` LIMIT 1   [ RunTime:0.0000s ]
SQL: SHOW COLUMNS FROM `wfx_shop_set` [ RunTime:0.0000s ]
SQL: SELECT * FROM `wfx_shop_set` LIMIT 1   [ RunTime:0.0000s ]
NOTIC: [8] Undefined index: uid E:\UPUPW\UPUPW_AP5.5_64\vhosts\wx.shikexu.com\Application\Admin\Controller\PublicController.class.php 第 49 行.
INFO: [ view_parse ] --START--
INFO: [ template_filter ] --START--
INFO: Run Behavior\ContentReplaceBehavior [ RunTime:0.000000s ]
INFO: [ template_filter ] --END-- [ RunTime:0.000000s ]
INFO: Run Behavior\ParseTemplateBehavior [ RunTime:0.000000s ]
INFO: [ view_parse ] --END-- [ RunTime:0.000000s ]
INFO: [ view_filter ] --START--
INFO: Run Behavior\WriteHtmlCacheBehavior [ RunTime:0.015625s ]
INFO: [ view_filter ] --END-- [ RunTime:0.015625s ]
INFO: [ app_end ] --START--
INFO: Run Behavior\ShowPageTraceBehavior [ RunTime:0.000000s ]
INFO: [ app_end ] --END-- [ RunTime:0.000000s ]

[ 2017-09-13T11:44:18+08:00 ] 183.25.127.125 /Admin/Wx/keywordDel/id/2,
INFO: [ app_init ] --START--
INFO: Run Behavior\BuildLiteBehavior [ RunTime:0.000000s ]
INFO: [ app_init ] --END-- [ RunTime:0.000000s ]
INFO: [ app_begin ] --START--
INFO: Run Behavior\ReadHtmlCacheBehavior [ RunTime:0.000000s ]
INFO: [ app_begin ] --END-- [ RunTime:0.000000s ]
SQL: SHOW COLUMNS FROM `wfx_set` [ RunTime:0.0000s ]
SQL: SELECT * FROM `wfx_set` LIMIT 1   [ RunTime:0.0000s ]
SQL: SHOW COLUMNS FROM `wfx_cms_set` [ RunTime:0.0000s ]
SQL: SELECT * FROM `wfx_cms_set` LIMIT 1   [ RunTime:0.0000s ]
SQL: SHOW COLUMNS FROM `wfx_shop_set` [ RunTime:0.0000s ]
SQL: SELECT * FROM `wfx_shop_set` LIMIT 1   [ RunTime:0.0000s ]
SQL: SHOW COLUMNS FROM `wfx_wx_keyword` [ RunTime:0.0000s ]
SQL: DELETE FROM `wfx_wx_keyword` WHERE `id` IN ('2','') [ RunTime:0.0000s ]

[ 2017-09-13T11:44:18+08:00 ] 183.25.127.125 /Admin/Index/index
INFO: [ app_init ] --START--
INFO: Run Behavior\BuildLiteBehavior [ RunTime:0.000000s ]
INFO: [ app_init ] --END-- [ RunTime:0.000000s ]
INFO: [ app_begin ] --START--
INFO: Run Behavior\ReadHtmlCacheBehavior [ RunTime:0.000000s ]
INFO: [ app_begin ] --END-- [ RunTime:0.000000s ]
SQL: SHOW COLUMNS FROM `wfx_set` [ RunTime:0.0000s ]
SQL: SELECT * FROM `wfx_set` LIMIT 1   [ RunTime:0.0000s ]
SQL: SHOW COLUMNS FROM `wfx_cms_set` [ RunTime:0.0000s ]
SQL: SELECT * FROM `wfx_cms_set` LIMIT 1   [ RunTime:0.0000s ]
SQL: SHOW COLUMNS FROM `wfx_shop_set` [ RunTime:0.0000s ]
SQL: SELECT * FROM `wfx_shop_set` LIMIT 1   [ RunTime:0.0000s ]
SQL: SHOW COLUMNS FROM `wfx_user_oath` [ RunTime:0.0000s ]
SQL: SELECT * FROM `wfx_user_oath`  [ RunTime:0.0000s ]
INFO: [ view_parse ] --START--
INFO: [ template_filter ] --START--
INFO: Run Behavior\ContentReplaceBehavior [ RunTime:0.000000s ]
INFO: [ template_filter ] --END-- [ RunTime:0.000000s ]
INFO: Run Behavior\ParseTemplateBehavior [ RunTime:0.031250s ]
INFO: [ view_parse ] --END-- [ RunTime:0.031250s ]
INFO: [ view_filter ] --START--
INFO: Run Behavior\WriteHtmlCacheBehavior [ RunTime:0.000000s ]
INFO: [ view_filter ] --END-- [ RunTime:0.000000s ]
INFO: [ app_end ] --START--
INFO: Run Behavior\ShowPageTraceBehavior [ RunTime:0.000000s ]
INFO: [ app_end ] --END-- [ RunTime:0.000000s ]

[ 2017-09-13T11:44:18+08:00 ] 183.25.127.125 /Admin/Wx/keyword
INFO: [ app_init ] --START--
INFO: Run Behavior\BuildLiteBehavior [ RunTime:0.000000s ]
INFO: [ app_init ] --END-- [ RunTime:0.000000s ]
INFO: [ app_begin ] --START--
INFO: Run Behavior\ReadHtmlCacheBehavior [ RunTime:0.000000s ]
INFO: [ app_begin ] --END-- [ RunTime:0.000000s ]
SQL: SHOW COLUMNS FROM `wfx_set` [ RunTime:0.0000s ]
SQL: SELECT * FROM `wfx_set` LIMIT 1   [ RunTime:0.0000s ]
SQL: SHOW COLUMNS FROM `wfx_cms_set` [ RunTime:0.0000s ]
SQL: SELECT * FROM `wfx_cms_set` LIMIT 1   [ RunTime:0.0000s ]
SQL: SHOW COLUMNS FROM `wfx_shop_set` [ RunTime:0.0000s ]
SQL: SELECT * FROM `wfx_shop_set` LIMIT 1   [ RunTime:0.0000s ]
INFO: [ view_parse ] --START--
INFO: [ template_filter ] --START--
INFO: Run Behavior\ContentReplaceBehavior [ RunTime:0.000000s ]
INFO: [ template_filter ] --END-- [ RunTime:0.000000s ]
INFO: Run Behavior\ParseTemplateBehavior [ RunTime:0.015625s ]
INFO: [ view_parse ] --END-- [ RunTime:0.015625s ]
INFO: [ view_filter ] --START--
INFO: Run Behavior\WriteHtmlCacheBehavior [ RunTime:0.000000s ]
INFO: [ view_filter ] --END-- [ RunTime:0.000000s ]
SQL: SHOW COLUMNS FROM `wfx_wx_keyword` [ RunTime:0.0000s ]
NOTIC: [8] Undefined index: p E:\UPUPW\UPUPW_AP5.5_64\vhosts\wx.shikexu.com\Application\Admin\Controller\WxController.class.php 第 88 行.
NOTIC: [8] Undefined variable: map E:\UPUPW\UPUPW_AP5.5_64\vhosts\wx.shikexu.com\Application\Admin\Controller\WxController.class.php 第 95 行.
SQL: SELECT * FROM `wfx_wx_keyword` LIMIT 0,20   [ RunTime:0.0000s ]
NOTIC: [8] Undefined variable: map E:\UPUPW\UPUPW_AP5.5_64\vhosts\wx.shikexu.com\Application\Admin\Controller\WxController.class.php 第 96 行.
SQL: SELECT COUNT(*) AS tp_count FROM `wfx_wx_keyword` LIMIT 1   [ RunTime:0.0000s ]
NOTIC: [2] Missing argument 6 for Admin\Controller\BaseController::getPage(), called in E:\UPUPW\UPUPW_AP5.5_64\vhosts\wx.shikexu.com\Application\Admin\Controller\WxController.class.php on line 97 and defined E:\UPUPW\UPUPW_AP5.5_64\vhosts\wx.shikexu.com\Application\Admin\Controller\BaseController.class.php 第 91 行.
NOTIC: [8] Undefined variable: map E:\UPUPW\UPUPW_AP5.5_64\vhosts\wx.shikexu.com\Application\Admin\Controller\BaseController.class.php 第 103 行.
INFO: [ view_parse ] --START--
INFO: [ template_filter ] --START--
INFO: Run Behavior\ContentReplaceBehavior [ RunTime:0.000000s ]
INFO: [ template_filter ] --END-- [ RunTime:-0.015625s ]
NOTIC: [8] Undefined variable: name E:\UPUPW\UPUPW_AP5.5_64\vhosts\wx.shikexu.com\Application\Runtime\Cache\Admin\7b16152e50fee5aadc318ad2f438664b.php 第 30 行.
INFO: Run Behavior\ParseTemplateBehavior [ RunTime:0.015625s ]
INFO: [ view_parse ] --END-- [ RunTime:0.000000s ]
INFO: [ view_filter ] --START--
INFO: Run Behavior\WriteHtmlCacheBehavior [ RunTime:0.000000s ]
INFO: [ view_filter ] --END-- [ RunTime:-0.015625s ]
INFO: [ app_end ] --START--
INFO: Run Behavior\ShowPageTraceBehavior [ RunTime:0.000000s ]
INFO: [ app_end ] --END-- [ RunTime:0.000000s ]

[ 2017-09-13T11:44:18+08:00 ] 101.226.33.202 /Admin/Vip/message
INFO: [ app_init ] --START--
INFO: Run Behavior\BuildLiteBehavior [ RunTime:0.000000s ]
INFO: [ app_init ] --END-- [ RunTime:0.000000s ]
INFO: [ app_begin ] --START--
INFO: Run Behavior\ReadHtmlCacheBehavior [ RunTime:0.000000s ]
INFO: [ app_begin ] --END-- [ RunTime:0.000000s ]
SQL: SHOW COLUMNS FROM `wfx_set` [ RunTime:0.0000s ]
SQL: SELECT * FROM `wfx_set` LIMIT 1   [ RunTime:0.0000s ]
SQL: SHOW COLUMNS FROM `wfx_cms_set` [ RunTime:0.0000s ]
SQL: SELECT * FROM `wfx_cms_set` LIMIT 1   [ RunTime:0.0000s ]
SQL: SHOW COLUMNS FROM `wfx_shop_set` [ RunTime:0.0156s ]
SQL: SELECT * FROM `wfx_shop_set` LIMIT 1   [ RunTime:0.0000s ]

[ 2017-09-13T11:44:20+08:00 ] 183.25.127.125 /Admin/Wx/keyword
INFO: [ app_init ] --START--
INFO: Run Behavior\BuildLiteBehavior [ RunTime:0.000000s ]
INFO: [ app_init ] --END-- [ RunTime:0.000000s ]
INFO: [ app_begin ] --START--
INFO: Run Behavior\ReadHtmlCacheBehavior [ RunTime:0.000000s ]
INFO: [ app_begin ] --END-- [ RunTime:0.000000s ]
SQL: SHOW COLUMNS FROM `wfx_set` [ RunTime:0.0000s ]
SQL: SELECT * FROM `wfx_set` LIMIT 1   [ RunTime:0.0000s ]
SQL: SHOW COLUMNS FROM `wfx_cms_set` [ RunTime:0.0000s ]
SQL: SELECT * FROM `wfx_cms_set` LIMIT 1   [ RunTime:0.0000s ]
SQL: SHOW COLUMNS FROM `wfx_shop_set` [ RunTime:0.0000s ]
SQL: SELECT * FROM `wfx_shop_set` LIMIT 1   [ RunTime:0.0000s ]
INFO: [ view_parse ] --START--
INFO: [ template_filter ] --START--
INFO: Run Behavior\ContentReplaceBehavior [ RunTime:0.000000s ]
INFO: [ template_filter ] --END-- [ RunTime:0.000000s ]
INFO: Run Behavior\ParseTemplateBehavior [ RunTime:0.000000s ]
INFO: [ view_parse ] --END-- [ RunTime:0.000000s ]
INFO: [ view_filter ] --START--
INFO: Run Behavior\WriteHtmlCacheBehavior [ RunTime:0.015625s ]
INFO: [ view_filter ] --END-- [ RunTime:0.015625s ]
SQL: SHOW COLUMNS FROM `wfx_wx_keyword` [ RunTime:0.0000s ]
NOTIC: [8] Undefined index: p E:\UPUPW\UPUPW_AP5.5_64\vhosts\wx.shikexu.com\Application\Admin\Controller\WxController.class.php 第 88 行.
NOTIC: [8] Undefined variable: map E:\UPUPW\UPUPW_AP5.5_64\vhosts\wx.shikexu.com\Application\Admin\Controller\WxController.class.php 第 95 行.
SQL: SELECT * FROM `wfx_wx_keyword` LIMIT 0,20   [ RunTime:0.0000s ]
NOTIC: [8] Undefined variable: map E:\UPUPW\UPUPW_AP5.5_64\vhosts\wx.shikexu.com\Application\Admin\Controller\WxController.class.php 第 96 行.
SQL: SELECT COUNT(*) AS tp_count FROM `wfx_wx_keyword` LIMIT 1   [ RunTime:0.0000s ]
NOTIC: [2] Missing argument 6 for Admin\Controller\BaseController::getPage(), called in E:\UPUPW\UPUPW_AP5.5_64\vhosts\wx.shikexu.com\Application\Admin\Controller\WxController.class.php on line 97 and defined E:\UPUPW\UPUPW_AP5.5_64\vhosts\wx.shikexu.com\Application\Admin\Controller\BaseController.class.php 第 91 行.
NOTIC: [8] Undefined variable: map E:\UPUPW\UPUPW_AP5.5_64\vhosts\wx.shikexu.com\Application\Admin\Controller\BaseController.class.php 第 103 行.
INFO: [ view_parse ] --START--
INFO: [ template_filter ] --START--
INFO: Run Behavior\ContentReplaceBehavior [ RunTime:0.000000s ]
INFO: [ template_filter ] --END-- [ RunTime:-0.015625s ]
NOTIC: [8] Undefined variable: name E:\UPUPW\UPUPW_AP5.5_64\vhosts\wx.shikexu.com\Application\Runtime\Cache\Admin\7b16152e50fee5aadc318ad2f438664b.php 第 30 行.
INFO: Run Behavior\ParseTemplateBehavior [ RunTime:0.000000s ]
INFO: [ view_parse ] --END-- [ RunTime:-0.015625s ]
INFO: [ view_filter ] --START--
INFO: Run Behavior\WriteHtmlCacheBehavior [ RunTime:0.000000s ]
INFO: [ view_filter ] --END-- [ RunTime:0.000000s ]
INFO: [ app_end ] --START--
INFO: Run Behavior\ShowPageTraceBehavior [ RunTime:0.000000s ]
INFO: [ app_end ] --END-- [ RunTime:0.000000s ]

[ 2017-09-13T11:44:21+08:00 ] 183.25.127.125 /Admin/Wx/menu
INFO: [ app_init ] --START--
INFO: Run Behavior\BuildLiteBehavior [ RunTime:0.000000s ]
INFO: [ app_init ] --END-- [ RunTime:0.000000s ]
INFO: [ app_begin ] --START--
INFO: Run Behavior\ReadHtmlCacheBehavior [ RunTime:0.000000s ]
INFO: [ app_begin ] --END-- [ RunTime:0.000000s ]
SQL: SHOW COLUMNS FROM `wfx_set` [ RunTime:0.0000s ]
SQL: SELECT * FROM `wfx_set` LIMIT 1   [ RunTime:0.0000s ]
SQL: SHOW COLUMNS FROM `wfx_cms_set` [ RunTime:0.0000s ]
SQL: SELECT * FROM `wfx_cms_set` LIMIT 1   [ RunTime:0.0000s ]
SQL: SHOW COLUMNS FROM `wfx_shop_set` [ RunTime:0.0000s ]
SQL: SELECT * FROM `wfx_shop_set` LIMIT 1   [ RunTime:0.0000s ]
INFO: [ view_parse ] --START--
INFO: [ template_filter ] --START--
INFO: Run Behavior\ContentReplaceBehavior [ RunTime:0.000000s ]
INFO: [ template_filter ] --END-- [ RunTime:0.000000s ]
INFO: Run Behavior\ParseTemplateBehavior [ RunTime:0.000000s ]
INFO: [ view_parse ] --END-- [ RunTime:0.000000s ]
INFO: [ view_filter ] --START--
INFO: Run Behavior\WriteHtmlCacheBehavior [ RunTime:0.000000s ]
INFO: [ view_filter ] --END-- [ RunTime:0.000000s ]
INFO: [ view_parse ] --START--
INFO: [ template_filter ] --START--
INFO: Run Behavior\ContentReplaceBehavior [ RunTime:0.000000s ]
INFO: [ template_filter ] --END-- [ RunTime:-0.218750s ]
NOTIC: [8] Undefined index: type E:\UPUPW\UPUPW_AP5.5_64\vhosts\wx.shikexu.com\Application\Runtime\Cache\Admin\5ea810711906b062bff57e80070424d2.php 第 289 行.
NOTIC: [8] Undefined index: url E:\UPUPW\UPUPW_AP5.5_64\vhosts\wx.shikexu.com\Application\Runtime\Cache\Admin\5ea810711906b062bff57e80070424d2.php 第 289 行.
NOTIC: [8] Undefined index: key E:\UPUPW\UPUPW_AP5.5_64\vhosts\wx.shikexu.com\Application\Runtime\Cache\Admin\5ea810711906b062bff57e80070424d2.php 第 289 行.
NOTIC: [8] Undefined index: key E:\UPUPW\UPUPW_AP5.5_64\vhosts\wx.shikexu.com\Application\Runtime\Cache\Admin\5ea810711906b062bff57e80070424d2.php 第 296 行.
NOTIC: [8] Undefined index: key E:\UPUPW\UPUPW_AP5.5_64\vhosts\wx.shikexu.com\Application\Runtime\Cache\Admin\5ea810711906b062bff57e80070424d2.php 第 296 行.
NOTIC: [8] Undefined index: key E:\UPUPW\UPUPW_AP5.5_64\vhosts\wx.shikexu.com\Application\Runtime\Cache\Admin\5ea810711906b062bff57e80070424d2.php 第 296 行.
NOTIC: [8] Undefined index: key E:\UPUPW\UPUPW_AP5.5_64\vhosts\wx.shikexu.com\Application\Runtime\Cache\Admin\5ea810711906b062bff57e80070424d2.php 第 296 行.
NOTIC: [8] Undefined index: type E:\UPUPW\UPUPW_AP5.5_64\vhosts\wx.shikexu.com\Application\Runtime\Cache\Admin\5ea810711906b062bff57e80070424d2.php 第 289 行.
NOTIC: [8] Undefined index: url E:\UPUPW\UPUPW_AP5.5_64\vhosts\wx.shikexu.com\Application\Runtime\Cache\Admin\5ea810711906b062bff57e80070424d2.php 第 289 行.
NOTIC: [8] Undefined index: key E:\UPUPW\UPUPW_AP5.5_64\vhosts\wx.shikexu.com\Application\Runtime\Cache\Admin\5ea810711906b062bff57e80070424d2.php 第 289 行.
NOTIC: [8] Undefined index: key E:\UPUPW\UPUPW_AP5.5_64\vhosts\wx.shikexu.com\Application\Runtime\Cache\Admin\5ea810711906b062bff57e80070424d2.php 第 296 行.
NOTIC: [8] Undefined index: key E:\UPUPW\UPUPW_AP5.5_64\vhosts\wx.shikexu.com\Application\Runtime\Cache\Admin\5ea810711906b062bff57e80070424d2.php 第 296 行.
NOTIC: [8] Undefined index: key E:\UPUPW\UPUPW_AP5.5_64\vhosts\wx.shikexu.com\Application\Runtime\Cache\Admin\5ea810711906b062bff57e80070424d2.php 第 296 行.
NOTIC: [8] Undefined index: key E:\UPUPW\UPUPW_AP5.5_64\vhosts\wx.shikexu.com\Application\Runtime\Cache\Admin\5ea810711906b062bff57e80070424d2.php 第 296 行.
NOTIC: [8] Undefined index: key E:\UPUPW\UPUPW_AP5.5_64\vhosts\wx.shikexu.com\Application\Runtime\Cache\Admin\5ea810711906b062bff57e80070424d2.php 第 296 行.
NOTIC: [8] Undefined index: type E:\UPUPW\UPUPW_AP5.5_64\vhosts\wx.shikexu.com\Application\Runtime\Cache\Admin\5ea810711906b062bff57e80070424d2.php 第 289 行.
NOTIC: [8] Undefined index: url E:\UPUPW\UPUPW_AP5.5_64\vhosts\wx.shikexu.com\Application\Runtime\Cache\Admin\5ea810711906b062bff57e80070424d2.php 第 289 行.
NOTIC: [8] Undefined index: key E:\UPUPW\UPUPW_AP5.5_64\vhosts\wx.shikexu.com\Application\Runtime\Cache\Admin\5ea810711906b062bff57e80070424d2.php 第 289 行.
NOTIC: [8] Undefined index: url E:\UPUPW\UPUPW_AP5.5_64\vhosts\wx.shikexu.com\Application\Runtime\Cache\Admin\5ea810711906b062bff57e80070424d2.php 第 296 行.
NOTIC: [8] Undefined index: key E:\UPUPW\UPUPW_AP5.5_64\vhosts\wx.shikexu.com\Application\Runtime\Cache\Admin\5ea810711906b062bff57e80070424d2.php 第 296 行.
NOTIC: [8] Undefined index: key E:\UPUPW\UPUPW_AP5.5_64\vhosts\wx.shikexu.com\Application\Runtime\Cache\Admin\5ea810711906b062bff57e80070424d2.php 第 296 行.
NOTIC: [8] Undefined index: key E:\UPUPW\UPUPW_AP5.5_64\vhosts\wx.shikexu.com\Application\Runtime\Cache\Admin\5ea810711906b062bff57e80070424d2.php 第 296 行.
NOTIC: [8] Undefined index: key E:\UPUPW\UPUPW_AP5.5_64\vhosts\wx.shikexu.com\Application\Runtime\Cache\Admin\5ea810711906b062bff57e80070424d2.php 第 296 行.
INFO: Run Behavior\ParseTemplateBehavior [ RunTime:0.015625s ]
INFO: [ view_parse ] --END-- [ RunTime:-0.218750s ]
INFO: [ view_filter ] --START--
INFO: Run Behavior\WriteHtmlCacheBehavior [ RunTime:0.000000s ]
INFO: [ view_filter ] --END-- [ RunTime:-0.234375s ]
INFO: [ app_end ] --START--
INFO: Run Behavior\ShowPageTraceBehavior [ RunTime:0.000000s ]
INFO: [ app_end ] --END-- [ RunTime:0.000000s ]

[ 2017-09-13T11:44:21+08:00 ] 101.226.33.202 /Admin/Public/login
INFO: [ app_init ] --START--
INFO: Run Behavior\BuildLiteBehavior [ RunTime:0.000000s ]
INFO: [ app_init ] --END-- [ RunTime:0.000000s ]
INFO: [ app_begin ] --START--
INFO: Run Behavior\ReadHtmlCacheBehavior [ RunTime:0.000000s ]
INFO: [ app_begin ] --END-- [ RunTime:0.000000s ]
SQL: SHOW COLUMNS FROM `wfx_set` [ RunTime:0.0000s ]
SQL: SELECT * FROM `wfx_set` LIMIT 1   [ RunTime:0.0000s ]
SQL: SHOW COLUMNS FROM `wfx_cms_set` [ RunTime:0.0000s ]
SQL: SELECT * FROM `wfx_cms_set` LIMIT 1   [ RunTime:0.0000s ]
SQL: SHOW COLUMNS FROM `wfx_shop_set` [ RunTime:0.0156s ]
SQL: SELECT * FROM `wfx_shop_set` LIMIT 1   [ RunTime:0.0000s ]
NOTIC: [8] Undefined index: uid E:\UPUPW\UPUPW_AP5.5_64\vhosts\wx.shikexu.com\Application\Admin\Controller\PublicController.class.php 第 49 行.
INFO: [ view_parse ] --START--
INFO: [ template_filter ] --START--
INFO: Run Behavior\ContentReplaceBehavior [ RunTime:0.000000s ]
INFO: [ template_filter ] --END-- [ RunTime:0.000000s ]
INFO: Run Behavior\ParseTemplateBehavior [ RunTime:0.000000s ]
INFO: [ view_parse ] --END-- [ RunTime:0.000000s ]
INFO: [ view_filter ] --START--
INFO: Run Behavior\WriteHtmlCacheBehavior [ RunTime:0.000000s ]
INFO: [ view_filter ] --END-- [ RunTime:0.000000s ]
INFO: [ app_end ] --START--
INFO: Run Behavior\ShowPageTraceBehavior [ RunTime:0.000000s ]
INFO: [ app_end ] --END-- [ RunTime:0.000000s ]

[ 2017-09-13T11:44:24+08:00 ] 183.25.127.125 /Admin/Wx/customer
INFO: [ app_init ] --START--
INFO: Run Behavior\BuildLiteBehavior [ RunTime:0.000000s ]
INFO: [ app_init ] --END-- [ RunTime:0.000000s ]
INFO: [ app_begin ] --START--
INFO: Run Behavior\ReadHtmlCacheBehavior [ RunTime:0.000000s ]
INFO: [ app_begin ] --END-- [ RunTime:0.000000s ]
SQL: SHOW COLUMNS FROM `wfx_set` [ RunTime:0.0000s ]
SQL: SELECT * FROM `wfx_set` LIMIT 1   [ RunTime:0.0000s ]
SQL: SHOW COLUMNS FROM `wfx_cms_set` [ RunTime:0.0000s ]
SQL: SELECT * FROM `wfx_cms_set` LIMIT 1   [ RunTime:0.0000s ]
SQL: SHOW COLUMNS FROM `wfx_shop_set` [ RunTime:0.0000s ]
SQL: SELECT * FROM `wfx_shop_set` LIMIT 1   [ RunTime:0.0000s ]
INFO: [ view_parse ] --START--
INFO: [ template_filter ] --START--
INFO: Run Behavior\ContentReplaceBehavior [ RunTime:0.000000s ]
INFO: [ template_filter ] --END-- [ RunTime:0.000000s ]
INFO: Run Behavior\ParseTemplateBehavior [ RunTime:0.015625s ]
INFO: [ view_parse ] --END-- [ RunTime:0.015625s ]
INFO: [ view_filter ] --START--
INFO: Run Behavior\WriteHtmlCacheBehavior [ RunTime:0.000000s ]
INFO: [ view_filter ] --END-- [ RunTime:0.000000s ]
SQL: SHOW COLUMNS FROM `wfx_wx_customer` [ RunTime:0.0000s ]
SQL: SELECT * FROM `wfx_wx_customer`  [ RunTime:0.0000s ]
INFO: [ view_parse ] --START--
INFO: [ template_filter ] --START--
INFO: Run Behavior\ContentReplaceBehavior [ RunTime:0.000000s ]
INFO: [ template_filter ] --END-- [ RunTime:-0.015625s ]
INFO: Run Behavior\ParseTemplateBehavior [ RunTime:0.015625s ]
INFO: [ view_parse ] --END-- [ RunTime:0.000000s ]
INFO: [ view_filter ] --START--
INFO: Run Behavior\WriteHtmlCacheBehavior [ RunTime:0.000000s ]
INFO: [ view_filter ] --END-- [ RunTime:-0.015625s ]
INFO: [ app_end ] --START--
INFO: Run Behavior\ShowPageTraceBehavior [ RunTime:0.000000s ]
INFO: [ app_end ] --END-- [ RunTime:0.000000s ]

[ 2017-09-13T11:44:25+08:00 ] 183.25.127.125 /Admin/Wx/template
INFO: [ app_init ] --START--
INFO: Run Behavior\BuildLiteBehavior [ RunTime:0.000000s ]
INFO: [ app_init ] --END-- [ RunTime:0.000000s ]
INFO: [ app_begin ] --START--
INFO: Run Behavior\ReadHtmlCacheBehavior [ RunTime:0.000000s ]
INFO: [ app_begin ] --END-- [ RunTime:0.000000s ]
SQL: SHOW COLUMNS FROM `wfx_set` [ RunTime:0.0000s ]
SQL: SELECT * FROM `wfx_set` LIMIT 1   [ RunTime:0.0000s ]
SQL: SHOW COLUMNS FROM `wfx_cms_set` [ RunTime:0.0000s ]
SQL: SELECT * FROM `wfx_cms_set` LIMIT 1   [ RunTime:0.0000s ]
SQL: SHOW COLUMNS FROM `wfx_shop_set` [ RunTime:0.0000s ]
SQL: SELECT * FROM `wfx_shop_set` LIMIT 1   [ RunTime:0.0000s ]
INFO: [ view_parse ] --START--
INFO: [ template_filter ] --START--
INFO: Run Behavior\ContentReplaceBehavior [ RunTime:0.000000s ]
INFO: [ template_filter ] --END-- [ RunTime:0.000000s ]
INFO: Run Behavior\ParseTemplateBehavior [ RunTime:0.015625s ]
INFO: [ view_parse ] --END-- [ RunTime:0.015625s ]
INFO: [ view_filter ] --START--
INFO: Run Behavior\WriteHtmlCacheBehavior [ RunTime:0.000000s ]
INFO: [ view_filter ] --END-- [ RunTime:0.000000s ]
SQL: SHOW COLUMNS FROM `wfx_wx_template` [ RunTime:0.0000s ]
SQL: SELECT * FROM `wfx_wx_template`  [ RunTime:0.0000s ]
INFO: [ view_parse ] --START--
INFO: [ template_filter ] --START--
INFO: Run Behavior\ContentReplaceBehavior [ RunTime:0.000000s ]
INFO: [ template_filter ] --END-- [ RunTime:0.000000s ]
INFO: Run Behavior\ParseTemplateBehavior [ RunTime:0.000000s ]
INFO: [ view_parse ] --END-- [ RunTime:0.000000s ]
INFO: [ view_filter ] --START--
INFO: Run Behavior\WriteHtmlCacheBehavior [ RunTime:0.000000s ]
INFO: [ view_filter ] --END-- [ RunTime:0.000000s ]
INFO: [ app_end ] --START--
INFO: Run Behavior\ShowPageTraceBehavior [ RunTime:0.000000s ]
INFO: [ app_end ] --END-- [ RunTime:0.000000s ]

[ 2017-09-13T11:44:26+08:00 ] 183.25.127.125 /Admin/Wx/menu
INFO: [ app_init ] --START--
INFO: Run Behavior\BuildLiteBehavior [ RunTime:0.000000s ]
INFO: [ app_init ] --END-- [ RunTime:0.000000s ]
INFO: [ app_begin ] --START--
INFO: Run Behavior\ReadHtmlCacheBehavior [ RunTime:0.000000s ]
INFO: [ app_begin ] --END-- [ RunTime:0.000000s ]
SQL: SHOW COLUMNS FROM `wfx_set` [ RunTime:0.0000s ]
SQL: SELECT * FROM `wfx_set` LIMIT 1   [ RunTime:0.0000s ]
SQL: SHOW COLUMNS FROM `wfx_cms_set` [ RunTime:0.0000s ]
SQL: SELECT * FROM `wfx_cms_set` LIMIT 1   [ RunTime:0.0000s ]
SQL: SHOW COLUMNS FROM `wfx_shop_set` [ RunTime:0.0000s ]
SQL: SELECT * FROM `wfx_shop_set` LIMIT 1   [ RunTime:0.0000s ]
INFO: [ view_parse ] --START--
INFO: [ template_filter ] --START--
INFO: Run Behavior\ContentReplaceBehavior [ RunTime:0.000000s ]
INFO: [ template_filter ] --END-- [ RunTime:0.000000s ]
INFO: Run Behavior\ParseTemplateBehavior [ RunTime:0.015625s ]
INFO: [ view_parse ] --END-- [ RunTime:0.015625s ]
INFO: [ view_filter ] --START--
INFO: Run Behavior\WriteHtmlCacheBehavior [ RunTime:0.000000s ]
INFO: [ view_filter ] --END-- [ RunTime:0.000000s ]
INFO: [ view_parse ] --START--
INFO: [ template_filter ] --START--
INFO: Run Behavior\ContentReplaceBehavior [ RunTime:0.000000s ]
INFO: [ template_filter ] --END-- [ RunTime:-0.187500s ]
NOTIC: [8] Undefined index: type E:\UPUPW\UPUPW_AP5.5_64\vhosts\wx.shikexu.com\Application\Runtime\Cache\Admin\5ea810711906b062bff57e80070424d2.php 第 289 行.
NOTIC: [8] Undefined index: url E:\UPUPW\UPUPW_AP5.5_64\vhosts\wx.shikexu.com\Application\Runtime\Cache\Admin\5ea810711906b062bff57e80070424d2.php 第 289 行.
NOTIC: [8] Undefined index: key E:\UPUPW\UPUPW_AP5.5_64\vhosts\wx.shikexu.com\Application\Runtime\Cache\Admin\5ea810711906b062bff57e80070424d2.php 第 289 行.
NOTIC: [8] Undefined index: key E:\UPUPW\UPUPW_AP5.5_64\vhosts\wx.shikexu.com\Application\Runtime\Cache\Admin\5ea810711906b062bff57e80070424d2.php 第 296 行.
NOTIC: [8] Undefined index: key E:\UPUPW\UPUPW_AP5.5_64\vhosts\wx.shikexu.com\Application\Runtime\Cache\Admin\5ea810711906b062bff57e80070424d2.php 第 296 行.
NOTIC: [8] Undefined index: key E:\UPUPW\UPUPW_AP5.5_64\vhosts\wx.shikexu.com\Application\Runtime\Cache\Admin\5ea810711906b062bff57e80070424d2.php 第 296 行.
NOTIC: [8] Undefined index: key E:\UPUPW\UPUPW_AP5.5_64\vhosts\wx.shikexu.com\Application\Runtime\Cache\Admin\5ea810711906b062bff57e80070424d2.php 第 296 行.
NOTIC: [8] Undefined index: type E:\UPUPW\UPUPW_AP5.5_64\vhosts\wx.shikexu.com\Application\Runtime\Cache\Admin\5ea810711906b062bff57e80070424d2.php 第 289 行.
NOTIC: [8] Undefined index: url E:\UPUPW\UPUPW_AP5.5_64\vhosts\wx.shikexu.com\Application\Runtime\Cache\Admin\5ea810711906b062bff57e80070424d2.php 第 289 行.
NOTIC: [8] Undefined index: key E:\UPUPW\UPUPW_AP5.5_64\vhosts\wx.shikexu.com\Application\Runtime\Cache\Admin\5ea810711906b062bff57e80070424d2.php 第 289 行.
NOTIC: [8] Undefined index: key E:\UPUPW\UPUPW_AP5.5_64\vhosts\wx.shikexu.com\Application\Runtime\Cache\Admin\5ea810711906b062bff57e80070424d2.php 第 296 行.
NOTIC: [8] Undefined index: key E:\UPUPW\UPUPW_AP5.5_64\vhosts\wx.shikexu.com\Application\Runtime\Cache\Admin\5ea810711906b062bff57e80070424d2.php 第 296 行.
NOTIC: [8] Undefined index: key E:\UPUPW\UPUPW_AP5.5_64\vhosts\wx.shikexu.com\Application\Runtime\Cache\Admin\5ea810711906b062bff57e80070424d2.php 第 296 行.
NOTIC: [8] Undefined index: key E:\UPUPW\UPUPW_AP5.5_64\vhosts\wx.shikexu.com\Application\Runtime\Cache\Admin\5ea810711906b062bff57e80070424d2.php 第 296 行.
NOTIC: [8] Undefined index: key E:\UPUPW\UPUPW_AP5.5_64\vhosts\wx.shikexu.com\Application\Runtime\Cache\Admin\5ea810711906b062bff57e80070424d2.php 第 296 行.
NOTIC: [8] Undefined index: type E:\UPUPW\UPUPW_AP5.5_64\vhosts\wx.shikexu.com\Application\Runtime\Cache\Admin\5ea810711906b062bff57e80070424d2.php 第 289 行.
NOTIC: [8] Undefined index: url E:\UPUPW\UPUPW_AP5.5_64\vhosts\wx.shikexu.com\Application\Runtime\Cache\Admin\5ea810711906b062bff57e80070424d2.php 第 289 行.
NOTIC: [8] Undefined index: key E:\UPUPW\UPUPW_AP5.5_64\vhosts\wx.shikexu.com\Application\Runtime\Cache\Admin\5ea810711906b062bff57e80070424d2.php 第 289 行.
NOTIC: [8] Undefined index: url E:\UPUPW\UPUPW_AP5.5_64\vhosts\wx.shikexu.com\Application\Runtime\Cache\Admin\5ea810711906b062bff57e80070424d2.php 第 296 行.
NOTIC: [8] Undefined index: key E:\UPUPW\UPUPW_AP5.5_64\vhosts\wx.shikexu.com\Application\Runtime\Cache\Admin\5ea810711906b062bff57e80070424d2.php 第 296 行.
NOTIC: [8] Undefined index: key E:\UPUPW\UPUPW_AP5.5_64\vhosts\wx.shikexu.com\Application\Runtime\Cache\Admin\5ea810711906b062bff57e80070424d2.php 第 296 行.
NOTIC: [8] Undefined index: key E:\UPUPW\UPUPW_AP5.5_64\vhosts\wx.shikexu.com\Application\Runtime\Cache\Admin\5ea810711906b062bff57e80070424d2.php 第 296 行.
NOTIC: [8] Undefined index: key E:\UPUPW\UPUPW_AP5.5_64\vhosts\wx.shikexu.com\Application\Runtime\Cache\Admin\5ea810711906b062bff57e80070424d2.php 第 296 行.
INFO: Run Behavior\ParseTemplateBehavior [ RunTime:0.015625s ]
INFO: [ view_parse ] --END-- [ RunTime:-0.171875s ]
INFO: [ view_filter ] --START--
INFO: Run Behavior\WriteHtmlCacheBehavior [ RunTime:0.000000s ]
INFO: [ view_filter ] --END-- [ RunTime:-0.187500s ]
INFO: [ app_end ] --START--
INFO: Run Behavior\ShowPageTraceBehavior [ RunTime:0.000000s ]
INFO: [ app_end ] --END-- [ RunTime:0.000000s ]

[ 2017-09-13T11:44:28+08:00 ] 183.25.127.125 /Admin/Wx/keyword
INFO: [ app_init ] --START--
INFO: Run Behavior\BuildLiteBehavior [ RunTime:0.000000s ]
INFO: [ app_init ] --END-- [ RunTime:0.000000s ]
INFO: [ app_begin ] --START--
INFO: Run Behavior\ReadHtmlCacheBehavior [ RunTime:0.000000s ]
INFO: [ app_begin ] --END-- [ RunTime:0.000000s ]
SQL: SHOW COLUMNS FROM `wfx_set` [ RunTime:0.0000s ]
SQL: SELECT * FROM `wfx_set` LIMIT 1   [ RunTime:0.0000s ]
SQL: SHOW COLUMNS FROM `wfx_cms_set` [ RunTime:0.0000s ]
SQL: SELECT * FROM `wfx_cms_set` LIMIT 1   [ RunTime:0.0000s ]
SQL: SHOW COLUMNS FROM `wfx_shop_set` [ RunTime:0.0000s ]
SQL: SELECT * FROM `wfx_shop_set` LIMIT 1   [ RunTime:0.0000s ]
INFO: [ view_parse ] --START--
INFO: [ template_filter ] --START--
INFO: Run Behavior\ContentReplaceBehavior [ RunTime:0.000000s ]
INFO: [ template_filter ] --END-- [ RunTime:0.000000s ]
INFO: Run Behavior\ParseTemplateBehavior [ RunTime:0.015625s ]
INFO: [ view_parse ] --END-- [ RunTime:0.015625s ]
INFO: [ view_filter ] --START--
INFO: Run Behavior\WriteHtmlCacheBehavior [ RunTime:0.000000s ]
INFO: [ view_filter ] --END-- [ RunTime:0.000000s ]
SQL: SHOW COLUMNS FROM `wfx_wx_keyword` [ RunTime:0.0000s ]
NOTIC: [8] Undefined index: p E:\UPUPW\UPUPW_AP5.5_64\vhosts\wx.shikexu.com\Application\Admin\Controller\WxController.class.php 第 88 行.
NOTIC: [8] Undefined variable: map E:\UPUPW\UPUPW_AP5.5_64\vhosts\wx.shikexu.com\Application\Admin\Controller\WxController.class.php 第 95 行.
SQL: SELECT * FROM `wfx_wx_keyword` LIMIT 0,20   [ RunTime:0.0000s ]
NOTIC: [8] Undefined variable: map E:\UPUPW\UPUPW_AP5.5_64\vhosts\wx.shikexu.com\Application\Admin\Controller\WxController.class.php 第 96 行.
SQL: SELECT COUNT(*) AS tp_count FROM `wfx_wx_keyword` LIMIT 1   [ RunTime:0.0000s ]
NOTIC: [2] Missing argument 6 for Admin\Controller\BaseController::getPage(), called in E:\UPUPW\UPUPW_AP5.5_64\vhosts\wx.shikexu.com\Application\Admin\Controller\WxController.class.php on line 97 and defined E:\UPUPW\UPUPW_AP5.5_64\vhosts\wx.shikexu.com\Application\Admin\Controller\BaseController.class.php 第 91 行.
NOTIC: [8] Undefined variable: map E:\UPUPW\UPUPW_AP5.5_64\vhosts\wx.shikexu.com\Application\Admin\Controller\BaseController.class.php 第 103 行.
INFO: [ view_parse ] --START--
INFO: [ template_filter ] --START--
INFO: Run Behavior\ContentReplaceBehavior [ RunTime:0.000000s ]
INFO: [ template_filter ] --END-- [ RunTime:-0.015625s ]
NOTIC: [8] Undefined variable: name E:\UPUPW\UPUPW_AP5.5_64\vhosts\wx.shikexu.com\Application\Runtime\Cache\Admin\7b16152e50fee5aadc318ad2f438664b.php 第 30 行.
INFO: Run Behavior\ParseTemplateBehavior [ RunTime:0.015625s ]
INFO: [ view_parse ] --END-- [ RunTime:0.000000s ]
INFO: [ view_filter ] --START--
INFO: Run Behavior\WriteHtmlCacheBehavior [ RunTime:0.000000s ]
INFO: [ view_filter ] --END-- [ RunTime:-0.015625s ]
INFO: [ app_end ] --START--
INFO: Run Behavior\ShowPageTraceBehavior [ RunTime:0.000000s ]
INFO: [ app_end ] --END-- [ RunTime:0.000000s ]

[ 2017-09-13T11:44:35+08:00 ] 61.151.228.22 /Admin/Wx/template
INFO: [ app_init ] --START--
INFO: Run Behavior\BuildLiteBehavior [ RunTime:0.000000s ]
INFO: [ app_init ] --END-- [ RunTime:0.000000s ]
INFO: [ app_begin ] --START--
INFO: Run Behavior\ReadHtmlCacheBehavior [ RunTime:0.000000s ]
INFO: [ app_begin ] --END-- [ RunTime:0.000000s ]
SQL: SHOW COLUMNS FROM `wfx_set` [ RunTime:0.0000s ]
SQL: SELECT * FROM `wfx_set` LIMIT 1   [ RunTime:0.0000s ]
SQL: SHOW COLUMNS FROM `wfx_cms_set` [ RunTime:0.0000s ]
SQL: SELECT * FROM `wfx_cms_set` LIMIT 1   [ RunTime:0.0000s ]
SQL: SHOW COLUMNS FROM `wfx_shop_set` [ RunTime:0.0000s ]
SQL: SELECT * FROM `wfx_shop_set` LIMIT 1   [ RunTime:0.0000s ]

[ 2017-09-13T11:44:35+08:00 ] 61.151.228.22 /Admin/Public/login
INFO: [ app_init ] --START--
INFO: Run Behavior\BuildLiteBehavior [ RunTime:0.000000s ]
INFO: [ app_init ] --END-- [ RunTime:0.000000s ]
INFO: [ app_begin ] --START--
INFO: Run Behavior\ReadHtmlCacheBehavior [ RunTime:0.015625s ]
INFO: [ app_begin ] --END-- [ RunTime:0.015625s ]
SQL: SHOW COLUMNS FROM `wfx_set` [ RunTime:0.0000s ]
SQL: SELECT * FROM `wfx_set` LIMIT 1   [ RunTime:0.0000s ]
SQL: SHOW COLUMNS FROM `wfx_cms_set` [ RunTime:0.0000s ]
SQL: SELECT * FROM `wfx_cms_set` LIMIT 1   [ RunTime:0.0000s ]
SQL: SHOW COLUMNS FROM `wfx_shop_set` [ RunTime:0.0000s ]
SQL: SELECT * FROM `wfx_shop_set` LIMIT 1   [ RunTime:0.0000s ]
NOTIC: [8] Undefined index: uid E:\UPUPW\UPUPW_AP5.5_64\vhosts\wx.shikexu.com\Application\Admin\Controller\PublicController.class.php 第 49 行.
INFO: [ view_parse ] --START--
INFO: [ template_filter ] --START--
INFO: Run Behavior\ContentReplaceBehavior [ RunTime:0.000000s ]
INFO: [ template_filter ] --END-- [ RunTime:0.000000s ]
INFO: Run Behavior\ParseTemplateBehavior [ RunTime:0.015625s ]
INFO: [ view_parse ] --END-- [ RunTime:0.015625s ]
INFO: [ view_filter ] --START--
INFO: Run Behavior\WriteHtmlCacheBehavior [ RunTime:0.000000s ]
INFO: [ view_filter ] --END-- [ RunTime:0.000000s ]
INFO: [ app_end ] --START--
INFO: Run Behavior\ShowPageTraceBehavior [ RunTime:0.000000s ]
INFO: [ app_end ] --END-- [ RunTime:0.000000s ]

[ 2017-09-13T16:42:23+08:00 ] 106.11.242.6 /
INFO: [ app_init ] --START--
INFO: Run Behavior\BuildLiteBehavior [ RunTime:0.000000s ]
INFO: [ app_init ] --END-- [ RunTime:0.000000s ]
INFO: [ app_begin ] --START--
INFO: Run Behavior\ReadHtmlCacheBehavior [ RunTime:0.000000s ]
INFO: [ app_begin ] --END-- [ RunTime:0.000000s ]
SQL: SHOW COLUMNS FROM `wfx_set` [ RunTime:0.0000s ]
SQL: SELECT * FROM `wfx_set` LIMIT 1   [ RunTime:0.0000s ]
SQL: SHOW COLUMNS FROM `wfx_cms_set` [ RunTime:0.0000s ]
SQL: SELECT * FROM `wfx_cms_set` LIMIT 1   [ RunTime:0.0000s ]
SQL: SHOW COLUMNS FROM `wfx_shop_set` [ RunTime:0.0156s ]
SQL: SELECT * FROM `wfx_shop_set` LIMIT 1   [ RunTime:0.0000s ]

[ 2017-09-13T16:42:23+08:00 ] 106.11.242.6 /Admin/Public/login
INFO: [ app_init ] --START--
INFO: Run Behavior\BuildLiteBehavior [ RunTime:0.000000s ]
INFO: [ app_init ] --END-- [ RunTime:0.000000s ]
INFO: [ app_begin ] --START--
INFO: Run Behavior\ReadHtmlCacheBehavior [ RunTime:0.015625s ]
INFO: [ app_begin ] --END-- [ RunTime:0.015625s ]
SQL: SHOW COLUMNS FROM `wfx_set` [ RunTime:0.0000s ]
SQL: SELECT * FROM `wfx_set` LIMIT 1   [ RunTime:0.0000s ]
SQL: SHOW COLUMNS FROM `wfx_cms_set` [ RunTime:0.0000s ]
SQL: SELECT * FROM `wfx_cms_set` LIMIT 1   [ RunTime:0.0000s ]
SQL: SHOW COLUMNS FROM `wfx_shop_set` [ RunTime:0.0000s ]
SQL: SELECT * FROM `wfx_shop_set` LIMIT 1   [ RunTime:0.0000s ]
NOTIC: [8] Undefined index: uid E:\UPUPW\UPUPW_AP5.5_64\vhosts\wx.shikexu.com\Application\Admin\Controller\PublicController.class.php 第 49 行.
INFO: [ view_parse ] --START--
INFO: [ template_filter ] --START--
INFO: Run Behavior\ContentReplaceBehavior [ RunTime:0.000000s ]
INFO: [ template_filter ] --END-- [ RunTime:0.000000s ]
INFO: Run Behavior\ParseTemplateBehavior [ RunTime:0.000000s ]
INFO: [ view_parse ] --END-- [ RunTime:0.000000s ]
INFO: [ view_filter ] --START--
INFO: Run Behavior\WriteHtmlCacheBehavior [ RunTime:0.015625s ]
INFO: [ view_filter ] --END-- [ RunTime:0.015625s ]
INFO: [ app_end ] --START--
INFO: Run Behavior\ShowPageTraceBehavior [ RunTime:0.000000s ]
INFO: [ app_end ] --END-- [ RunTime:0.000000s ]

