[ 2017-09-22T09:28:04+08:00 ] 183.25.126.109 /
INFO: [ app_init ] --START--
INFO: Run Behavior\BuildLiteBehavior [ RunTime:0.000000s ]
INFO: [ app_init ] --END-- [ RunTime:0.000000s ]
INFO: [ app_begin ] --START--
INFO: Run Behavior\ReadHtmlCacheBehavior [ RunTime:0.000000s ]
INFO: [ app_begin ] --END-- [ RunTime:0.000000s ]
SQL: SHOW COLUMNS FROM `wfx_set` [ RunTime:0.0000s ]
SQL: SELECT * FROM `wfx_set` LIMIT 1   [ RunTime:0.0000s ]
SQL: SHOW COLUMNS FROM `wfx_cms_set` [ RunTime:0.0000s ]
SQL: SELECT * FROM `wfx_cms_set` LIMIT 1   [ RunTime:0.0000s ]
SQL: SHOW COLUMNS FROM `wfx_shop_set` [ RunTime:0.0000s ]
SQL: SELECT * FROM `wfx_shop_set` LIMIT 1   [ RunTime:0.0000s ]

[ 2017-09-22T09:28:04+08:00 ] 183.25.126.109 /Admin/Public/login
INFO: [ app_init ] --START--
INFO: Run Behavior\BuildLiteBehavior [ RunTime:0.000000s ]
INFO: [ app_init ] --END-- [ RunTime:0.000000s ]
INFO: [ app_begin ] --START--
INFO: Run Behavior\ReadHtmlCacheBehavior [ RunTime:0.000000s ]
INFO: [ app_begin ] --END-- [ RunTime:0.000000s ]
SQL: SHOW COLUMNS FROM `wfx_set` [ RunTime:0.0000s ]
SQL: SELECT * FROM `wfx_set` LIMIT 1   [ RunTime:0.0000s ]
SQL: SHOW COLUMNS FROM `wfx_cms_set` [ RunTime:0.0156s ]
SQL: SELECT * FROM `wfx_cms_set` LIMIT 1   [ RunTime:0.0000s ]
SQL: SHOW COLUMNS FROM `wfx_shop_set` [ RunTime:0.0000s ]
SQL: SELECT * FROM `wfx_shop_set` LIMIT 1   [ RunTime:0.0000s ]
NOTIC: [8] Undefined index: uid E:\UPUPW\UPUPW_AP5.5_64\vhosts\wx.shikexu.com\Application\Admin\Controller\PublicController.class.php 第 49 行.
INFO: [ view_parse ] --START--
INFO: [ template_filter ] --START--
INFO: Run Behavior\ContentReplaceBehavior [ RunTime:0.000000s ]
INFO: [ template_filter ] --END-- [ RunTime:0.000000s ]
INFO: Run Behavior\ParseTemplateBehavior [ RunTime:0.000000s ]
INFO: [ view_parse ] --END-- [ RunTime:0.000000s ]
INFO: [ view_filter ] --START--
INFO: Run Behavior\WriteHtmlCacheBehavior [ RunTime:0.000000s ]
INFO: [ view_filter ] --END-- [ RunTime:0.000000s ]
INFO: [ app_end ] --START--
INFO: Run Behavior\ShowPageTraceBehavior [ RunTime:0.000000s ]
INFO: [ app_end ] --END-- [ RunTime:0.000000s ]

[ 2017-09-22T09:28:04+08:00 ] 183.25.126.109 /Admin/Public/verify
INFO: [ app_init ] --START--
INFO: Run Behavior\BuildLiteBehavior [ RunTime:0.000000s ]
INFO: [ app_init ] --END-- [ RunTime:0.000000s ]
INFO: [ app_begin ] --START--
INFO: Run Behavior\ReadHtmlCacheBehavior [ RunTime:0.015625s ]
INFO: [ app_begin ] --END-- [ RunTime:0.015625s ]
SQL: SHOW COLUMNS FROM `wfx_set` [ RunTime:0.0000s ]
SQL: SELECT * FROM `wfx_set` LIMIT 1   [ RunTime:0.0000s ]
SQL: SHOW COLUMNS FROM `wfx_cms_set` [ RunTime:0.0000s ]
SQL: SELECT * FROM `wfx_cms_set` LIMIT 1   [ RunTime:0.0000s ]
SQL: SHOW COLUMNS FROM `wfx_shop_set` [ RunTime:0.0000s ]
SQL: SELECT * FROM `wfx_shop_set` LIMIT 1   [ RunTime:0.0000s ]
INFO: [ app_end ] --START--
INFO: Run Behavior\ShowPageTraceBehavior [ RunTime:0.000000s ]
INFO: [ app_end ] --END-- [ RunTime:0.000000s ]

[ 2017-09-22T09:28:06+08:00 ] 183.25.126.109 /
INFO: [ app_init ] --START--
INFO: Run Behavior\BuildLiteBehavior [ RunTime:0.000000s ]
INFO: [ app_init ] --END-- [ RunTime:0.000000s ]
INFO: [ app_begin ] --START--
INFO: Run Behavior\ReadHtmlCacheBehavior [ RunTime:0.000000s ]
INFO: [ app_begin ] --END-- [ RunTime:0.000000s ]
SQL: SHOW COLUMNS FROM `wfx_set` [ RunTime:0.0000s ]
SQL: SELECT * FROM `wfx_set` LIMIT 1   [ RunTime:0.0000s ]
SQL: SHOW COLUMNS FROM `wfx_cms_set` [ RunTime:0.0000s ]
SQL: SELECT * FROM `wfx_cms_set` LIMIT 1   [ RunTime:0.0000s ]
SQL: SHOW COLUMNS FROM `wfx_shop_set` [ RunTime:0.0000s ]
SQL: SELECT * FROM `wfx_shop_set` LIMIT 1   [ RunTime:0.0000s ]

[ 2017-09-22T09:28:06+08:00 ] 183.25.126.109 /Admin/Public/login
INFO: [ app_init ] --START--
INFO: Run Behavior\BuildLiteBehavior [ RunTime:0.000000s ]
INFO: [ app_init ] --END-- [ RunTime:0.000000s ]
INFO: [ app_begin ] --START--
INFO: Run Behavior\ReadHtmlCacheBehavior [ RunTime:0.000000s ]
INFO: [ app_begin ] --END-- [ RunTime:0.000000s ]
SQL: SHOW COLUMNS FROM `wfx_set` [ RunTime:0.0000s ]
SQL: SELECT * FROM `wfx_set` LIMIT 1   [ RunTime:0.0000s ]
SQL: SHOW COLUMNS FROM `wfx_cms_set` [ RunTime:0.0000s ]
SQL: SELECT * FROM `wfx_cms_set` LIMIT 1   [ RunTime:0.0000s ]
SQL: SHOW COLUMNS FROM `wfx_shop_set` [ RunTime:0.0000s ]
SQL: SELECT * FROM `wfx_shop_set` LIMIT 1   [ RunTime:0.0000s ]
NOTIC: [8] Undefined index: uid E:\UPUPW\UPUPW_AP5.5_64\vhosts\wx.shikexu.com\Application\Admin\Controller\PublicController.class.php 第 49 行.
INFO: [ view_parse ] --START--
INFO: [ template_filter ] --START--
INFO: Run Behavior\ContentReplaceBehavior [ RunTime:0.000000s ]
INFO: [ template_filter ] --END-- [ RunTime:0.000000s ]
INFO: Run Behavior\ParseTemplateBehavior [ RunTime:0.000000s ]
INFO: [ view_parse ] --END-- [ RunTime:0.000000s ]
INFO: [ view_filter ] --START--
INFO: Run Behavior\WriteHtmlCacheBehavior [ RunTime:0.015625s ]
INFO: [ view_filter ] --END-- [ RunTime:0.015625s ]
INFO: [ app_end ] --START--
INFO: Run Behavior\ShowPageTraceBehavior [ RunTime:0.000000s ]
INFO: [ app_end ] --END-- [ RunTime:0.000000s ]

[ 2017-09-22T09:28:06+08:00 ] 183.25.126.109 /Admin/Public/verify
INFO: [ app_init ] --START--
INFO: Run Behavior\BuildLiteBehavior [ RunTime:0.000000s ]
INFO: [ app_init ] --END-- [ RunTime:0.000000s ]
INFO: [ app_begin ] --START--
INFO: Run Behavior\ReadHtmlCacheBehavior [ RunTime:0.000000s ]
INFO: [ app_begin ] --END-- [ RunTime:0.000000s ]
SQL: SHOW COLUMNS FROM `wfx_set` [ RunTime:0.0000s ]
SQL: SELECT * FROM `wfx_set` LIMIT 1   [ RunTime:0.0000s ]
SQL: SHOW COLUMNS FROM `wfx_cms_set` [ RunTime:0.0000s ]
SQL: SELECT * FROM `wfx_cms_set` LIMIT 1   [ RunTime:0.0000s ]
SQL: SHOW COLUMNS FROM `wfx_shop_set` [ RunTime:0.0000s ]
SQL: SELECT * FROM `wfx_shop_set` LIMIT 1   [ RunTime:0.0000s ]
INFO: [ app_end ] --START--
INFO: Run Behavior\ShowPageTraceBehavior [ RunTime:0.000000s ]
INFO: [ app_end ] --END-- [ RunTime:0.000000s ]

[ 2017-09-22T09:28:14+08:00 ] 180.163.2.117 /
INFO: [ app_init ] --START--
INFO: Run Behavior\BuildLiteBehavior [ RunTime:0.000000s ]
INFO: [ app_init ] --END-- [ RunTime:0.000000s ]
INFO: [ app_begin ] --START--
INFO: Run Behavior\ReadHtmlCacheBehavior [ RunTime:0.000000s ]
INFO: [ app_begin ] --END-- [ RunTime:0.000000s ]
SQL: SHOW COLUMNS FROM `wfx_set` [ RunTime:0.0000s ]
SQL: SELECT * FROM `wfx_set` LIMIT 1   [ RunTime:0.0000s ]
SQL: SHOW COLUMNS FROM `wfx_cms_set` [ RunTime:0.0000s ]
SQL: SELECT * FROM `wfx_cms_set` LIMIT 1   [ RunTime:0.0000s ]
SQL: SHOW COLUMNS FROM `wfx_shop_set` [ RunTime:0.0000s ]
SQL: SELECT * FROM `wfx_shop_set` LIMIT 1   [ RunTime:0.0000s ]

[ 2017-09-22T09:28:14+08:00 ] 180.163.2.117 /Admin/Public/login
INFO: [ app_init ] --START--
INFO: Run Behavior\BuildLiteBehavior [ RunTime:0.000000s ]
INFO: [ app_init ] --END-- [ RunTime:0.000000s ]
INFO: [ app_begin ] --START--
INFO: Run Behavior\ReadHtmlCacheBehavior [ RunTime:0.015625s ]
INFO: [ app_begin ] --END-- [ RunTime:0.015625s ]
SQL: SHOW COLUMNS FROM `wfx_set` [ RunTime:0.0000s ]
SQL: SELECT * FROM `wfx_set` LIMIT 1   [ RunTime:0.0000s ]
SQL: SHOW COLUMNS FROM `wfx_cms_set` [ RunTime:0.0000s ]
SQL: SELECT * FROM `wfx_cms_set` LIMIT 1   [ RunTime:0.0000s ]
SQL: SHOW COLUMNS FROM `wfx_shop_set` [ RunTime:0.0000s ]
SQL: SELECT * FROM `wfx_shop_set` LIMIT 1   [ RunTime:0.0000s ]
NOTIC: [8] Undefined index: uid E:\UPUPW\UPUPW_AP5.5_64\vhosts\wx.shikexu.com\Application\Admin\Controller\PublicController.class.php 第 49 行.
INFO: [ view_parse ] --START--
INFO: [ template_filter ] --START--
INFO: Run Behavior\ContentReplaceBehavior [ RunTime:0.000000s ]
INFO: [ template_filter ] --END-- [ RunTime:0.000000s ]
INFO: Run Behavior\ParseTemplateBehavior [ RunTime:0.000000s ]
INFO: [ view_parse ] --END-- [ RunTime:0.000000s ]
INFO: [ view_filter ] --START--
INFO: Run Behavior\WriteHtmlCacheBehavior [ RunTime:0.000000s ]
INFO: [ view_filter ] --END-- [ RunTime:0.000000s ]
INFO: [ app_end ] --START--
INFO: Run Behavior\ShowPageTraceBehavior [ RunTime:0.000000s ]
INFO: [ app_end ] --END-- [ RunTime:0.000000s ]

[ 2017-09-22T09:29:40+08:00 ] 101.226.33.220 /Admin/Public/login
INFO: [ app_init ] --START--
INFO: Run Behavior\BuildLiteBehavior [ RunTime:0.000000s ]
INFO: [ app_init ] --END-- [ RunTime:0.000000s ]
INFO: [ app_begin ] --START--
INFO: Run Behavior\ReadHtmlCacheBehavior [ RunTime:0.000000s ]
INFO: [ app_begin ] --END-- [ RunTime:0.000000s ]
SQL: SHOW COLUMNS FROM `wfx_set` [ RunTime:0.0000s ]
SQL: SELECT * FROM `wfx_set` LIMIT 1   [ RunTime:0.0000s ]
SQL: SHOW COLUMNS FROM `wfx_cms_set` [ RunTime:0.0000s ]
SQL: SELECT * FROM `wfx_cms_set` LIMIT 1   [ RunTime:0.0000s ]
SQL: SHOW COLUMNS FROM `wfx_shop_set` [ RunTime:0.0000s ]
SQL: SELECT * FROM `wfx_shop_set` LIMIT 1   [ RunTime:0.0000s ]
NOTIC: [8] Undefined index: uid E:\UPUPW\UPUPW_AP5.5_64\vhosts\wx.shikexu.com\Application\Admin\Controller\PublicController.class.php 第 49 行.
INFO: [ view_parse ] --START--
INFO: [ template_filter ] --START--
INFO: Run Behavior\ContentReplaceBehavior [ RunTime:0.000000s ]
INFO: [ template_filter ] --END-- [ RunTime:0.000000s ]
INFO: Run Behavior\ParseTemplateBehavior [ RunTime:0.015625s ]
INFO: [ view_parse ] --END-- [ RunTime:0.015625s ]
INFO: [ view_filter ] --START--
INFO: Run Behavior\WriteHtmlCacheBehavior [ RunTime:0.000000s ]
INFO: [ view_filter ] --END-- [ RunTime:0.000000s ]
INFO: [ app_end ] --START--
INFO: Run Behavior\ShowPageTraceBehavior [ RunTime:0.000000s ]
INFO: [ app_end ] --END-- [ RunTime:0.000000s ]

[ 2017-09-22T16:21:41+08:00 ] 106.11.227.206 /
INFO: [ app_init ] --START--
INFO: Run Behavior\BuildLiteBehavior [ RunTime:0.000000s ]
INFO: [ app_init ] --END-- [ RunTime:0.000000s ]
INFO: [ app_begin ] --START--
INFO: Run Behavior\ReadHtmlCacheBehavior [ RunTime:0.000000s ]
INFO: [ app_begin ] --END-- [ RunTime:0.000000s ]
SQL: SHOW COLUMNS FROM `wfx_set` [ RunTime:0.0000s ]
SQL: SELECT * FROM `wfx_set` LIMIT 1   [ RunTime:0.0000s ]
SQL: SHOW COLUMNS FROM `wfx_cms_set` [ RunTime:0.0000s ]
SQL: SELECT * FROM `wfx_cms_set` LIMIT 1   [ RunTime:0.0000s ]
SQL: SHOW COLUMNS FROM `wfx_shop_set` [ RunTime:0.0000s ]
SQL: SELECT * FROM `wfx_shop_set` LIMIT 1   [ RunTime:0.0000s ]

[ 2017-09-22T16:21:41+08:00 ] 106.11.227.206 /Admin/Public/login
INFO: [ app_init ] --START--
INFO: Run Behavior\BuildLiteBehavior [ RunTime:0.000000s ]
INFO: [ app_init ] --END-- [ RunTime:0.000000s ]
INFO: [ app_begin ] --START--
INFO: Run Behavior\ReadHtmlCacheBehavior [ RunTime:0.000000s ]
INFO: [ app_begin ] --END-- [ RunTime:0.000000s ]
SQL: SHOW COLUMNS FROM `wfx_set` [ RunTime:0.0000s ]
SQL: SELECT * FROM `wfx_set` LIMIT 1   [ RunTime:0.0000s ]
SQL: SHOW COLUMNS FROM `wfx_cms_set` [ RunTime:0.0000s ]
SQL: SELECT * FROM `wfx_cms_set` LIMIT 1   [ RunTime:0.0000s ]
SQL: SHOW COLUMNS FROM `wfx_shop_set` [ RunTime:0.0000s ]
SQL: SELECT * FROM `wfx_shop_set` LIMIT 1   [ RunTime:0.0000s ]
NOTIC: [8] Undefined index: uid E:\UPUPW\UPUPW_AP5.5_64\vhosts\wx.shikexu.com\Application\Admin\Controller\PublicController.class.php 第 49 行.
INFO: [ view_parse ] --START--
INFO: [ template_filter ] --START--
INFO: Run Behavior\ContentReplaceBehavior [ RunTime:0.000000s ]
INFO: [ template_filter ] --END-- [ RunTime:0.000000s ]
INFO: Run Behavior\ParseTemplateBehavior [ RunTime:0.015625s ]
INFO: [ view_parse ] --END-- [ RunTime:0.015625s ]
INFO: [ view_filter ] --START--
INFO: Run Behavior\WriteHtmlCacheBehavior [ RunTime:0.000000s ]
INFO: [ view_filter ] --END-- [ RunTime:0.000000s ]
INFO: [ app_end ] --START--
INFO: Run Behavior\ShowPageTraceBehavior [ RunTime:0.000000s ]
INFO: [ app_end ] --END-- [ RunTime:0.000000s ]

